<?xml version='1.0' encoding='UTF-8'?>
<SpRL>
    <SCENE>
        <DOCNO>annotations/01/1060.eng</DOCNO>
        <IMAGE>images/01/1060.jpg</IMAGE>
        <SENTENCE id="s601" start="0" end="88"><TEXT>behind it a bar with chairs and two people , and a bench with one person lying on it .</TEXT><SPATIALINDICATOR id="S3" start="79" end="81" text="on"/><TRAJECTOR id="T3" start="62" end="72" text="one person"/><TRAJECTOR id="T4" start="49" end="56" text="a bench"/><LANDMARK id="L5" start="82" end="84" text="it"/><RELATION id="SR1" trajector_id="T3" landmark_id="L5" spatial_indicator_id="S3" general_type="" specific_type="" RCC8_value="" FoR=""/><RELATION id="SR2" trajector_id="T4" landmark_id="L5" spatial_indicator_id="S3" general_type="" specific_type="" RCC8_value="" FoR=""/></SENTENCE><SENTENCE id="s602" start="88" end="130"><TEXT>upper level with doors and a blue rail .</TEXT></SENTENCE></SCENE>
    <SCENE>
        <DOCNO>annotations/01/1069.eng</DOCNO>
        <IMAGE>images/01/1069.jpg</IMAGE>
        <SENTENCE id="s603" start="130" end="344"><TEXT>Interior view of a room with a large bed with red bedcovers , a white wooden desk and chair below a TV fixed in the corner , a white fridge and a glass door with a wooden frame leading onto a veranda and garden .</TEXT><SPATIALINDICATOR id="S9" start="109" end="111" text="in"/><TRAJECTOR id="T9" start="98" end="102" text="a TV"/><TRAJECTOR id="T10" start="144" end="156" text="a glass door"/><TRAJECTOR id="T11" start="125" end="139" text="a white fridge"/><LANDMARK id="L12" start="112" end="122" text="the corner"/><RELATION id="SR6" trajector_id="T9" landmark_id="L12" spatial_indicator_id="S9" general_type="" specific_type="" RCC8_value="" FoR=""/><RELATION id="SR7" trajector_id="T10" landmark_id="L12" spatial_indicator_id="S9" general_type="" specific_type="" RCC8_value="" FoR=""/><RELATION id="SR8" trajector_id="T11" landmark_id="L12" spatial_indicator_id="S9" general_type="" specific_type="" RCC8_value="" FoR=""/><SPATIALINDICATOR id="S13" start="92" end="97" text="below"/><TRAJECTOR id="T13" start="62" end="81" text="a white wooden desk"/><TRAJECTOR id="T14" start="86" end="91" text="chair"/><LANDMARK id="L15" start="98" end="102" text="a TV"/><LANDMARK id="L16" start="144" end="156" text="a glass door"/><LANDMARK id="L17" start="125" end="139" text="a white fridge"/><RELATION id="SR10" trajector_id="T13" landmark_id="L15" spatial_indicator_id="S13" general_type="" specific_type="" RCC8_value="" FoR=""/><RELATION id="SR11" trajector_id="T13" landmark_id="L16" spatial_indicator_id="S13" general_type="" specific_type="" RCC8_value="" FoR=""/><RELATION id="SR12" trajector_id="T13" landmark_id="L17" spatial_indicator_id="S13" general_type="" specific_type="" RCC8_value="" FoR=""/><RELATION id="SR13" trajector_id="T14" landmark_id="L15" spatial_indicator_id="S13" general_type="" specific_type="" RCC8_value="" FoR=""/><RELATION id="SR14" trajector_id="T14" landmark_id="L16" spatial_indicator_id="S13" general_type="" specific_type="" RCC8_value="" FoR=""/><RELATION id="SR15" trajector_id="T14" landmark_id="L17" spatial_indicator_id="S13" general_type="" specific_type="" RCC8_value="" FoR=""/></SENTENCE></SCENE>
    <SCENE>
        <DOCNO>annotations/01/1071.eng</DOCNO>
        <IMAGE>images/01/1071.jpg</IMAGE>
        <SENTENCE id="s604" start="344" end="486"><TEXT>a white bungalow with big windows , stairs to the left and the right , a neat lawn and flowers in front of the house and trees at the back .</TEXT><SPATIALINDICATOR id="S22" start="95" end="106" text="in front of"/><TRAJECTOR id="T22" start="87" end="94" text="flowers"/><LANDMARK id="L22" start="107" end="116" text="the house"/><LANDMARK id="L23" start="121" end="126" text="trees"/><RELATION id="SR18" trajector_id="T22" landmark_id="L22" spatial_indicator_id="S22" general_type="" specific_type="" RCC8_value="" FoR=""/><RELATION id="SR19" trajector_id="T22" landmark_id="L23" spatial_indicator_id="S22" general_type="" specific_type="" RCC8_value="" FoR=""/></SENTENCE><SENTENCE id="s605" start="486" end="516"><TEXT>blue sky in the background .</TEXT><SPATIALINDICATOR id="S26" start="9" end="11" text="in"/><TRAJECTOR id="T26" start="0" end="8" text="blue sky"/><LANDMARK id="L26" start="12" end="26" text="the background"/><RELATION id="SR22" trajector_id="T26" landmark_id="L26" spatial_indicator_id="S26" general_type="" specific_type="" RCC8_value="" FoR=""/></SENTENCE></SCENE>
    <SCENE>
        <DOCNO>annotations/01/1072.eng</DOCNO>
        <IMAGE>images/01/1072.jpg</IMAGE>
        <SENTENCE id="s606" start="516" end="614"><TEXT>a white hostel with a large tree to its left and a gravel road in front of the wooden entrance .</TEXT><SPATIALINDICATOR id="S29" start="63" end="74" text="in front of"/><TRAJECTOR id="T29" start="49" end="62" text="a gravel road"/><LANDMARK id="L29" start="75" end="94" text="the wooden entrance"/><RELATION id="SR25" trajector_id="T29" landmark_id="L29" spatial_indicator_id="S29" general_type="" specific_type="" RCC8_value="" FoR=""/></SENTENCE></SCENE>
    <SCENE>
        <DOCNO>annotations/01/1074.eng</DOCNO>
        <IMAGE>images/01/1074.jpg</IMAGE>
        <SENTENCE id="s607" start="614" end="721"><TEXT>photo of an inner courtyard under a transparent roof , with a lawn and a large flower pot in the centre .</TEXT><SPATIALINDICATOR id="S32" start="28" end="33" text="under"/><TRAJECTOR id="T32" start="0" end="27" text="photo of an inner courtyard"/><LANDMARK id="L32" start="34" end="52" text="a transparent roof"/><RELATION id="SR28" trajector_id="T32" landmark_id="L32" spatial_indicator_id="S32" general_type="" specific_type="" RCC8_value="" FoR=""/><SPATIALINDICATOR id="S33" start="90" end="92" text="in"/><TRAJECTOR id="T33" start="71" end="89" text="a large flower pot"/><LANDMARK id="L33" start="93" end="103" text="the centre"/><RELATION id="SR30" trajector_id="T33" landmark_id="L33" spatial_indicator_id="S33" general_type="" specific_type="" RCC8_value="" FoR=""/></SENTENCE></SCENE>
    <SCENE>
        <DOCNO>annotations/01/1075.eng</DOCNO>
        <IMAGE>images/01/1075.jpg</IMAGE>
        <SENTENCE id="s608" start="721" end="919"><TEXT>interior view of a room containing a double bed with a blue and white chequered bedcover and a single bed with a brownish green bedcover , with a wooden night table and a bedside lamp in between .</TEXT></SENTENCE><SENTENCE id="s609" start="919" end="962"><TEXT>light and dark brown tiles on the floor .</TEXT><SPATIALINDICATOR id="S38" start="27" end="29" text="on"/><TRAJECTOR id="T38" start="15" end="26" text="brown tiles"/><LANDMARK id="L38" start="30" end="39" text="the floor"/><RELATION id="SR34" trajector_id="T38" landmark_id="L38" spatial_indicator_id="S38" general_type="" specific_type="" RCC8_value="" FoR=""/></SENTENCE></SCENE>
    <SCENE>
        <DOCNO>annotations/01/1079.eng</DOCNO>
        <IMAGE>images/01/1079.jpg</IMAGE>
        <SENTENCE id="s610" start="962" end="1115"><TEXT>a green , three story building ( the upper two levels are fully visible ) with a cross on the flat roof and small windows with a white , wooden frame .</TEXT><SPATIALINDICATOR id="S42" start="87" end="89" text="on"/><TRAJECTOR id="T42" start="79" end="86" text="a cross"/><LANDMARK id="L42" start="108" end="121" text="small windows"/><LANDMARK id="L43" start="90" end="103" text="the flat roof"/><RELATION id="SR37" trajector_id="T42" landmark_id="L42" spatial_indicator_id="S42" general_type="" specific_type="" RCC8_value="" FoR=""/><RELATION id="SR38" trajector_id="T42" landmark_id="L43" spatial_indicator_id="S42" general_type="" specific_type="" RCC8_value="" FoR=""/></SENTENCE><SENTENCE id="s611" start="1115" end="1163"><TEXT>small red canopy above ground floor entrance .</TEXT><SPATIALINDICATOR id="S46" start="17" end="22" text="above"/><TRAJECTOR id="T46" start="0" end="16" text="small red canopy"/><LANDMARK id="L46" start="23" end="44" text="ground floor entrance"/><RELATION id="SR41" trajector_id="T46" landmark_id="L46" spatial_indicator_id="S46" general_type="" specific_type="" RCC8_value="" FoR=""/></SENTENCE></SCENE>
    <SCENE>
        <DOCNO>annotations/01/1081.eng</DOCNO>
        <IMAGE>images/01/1081.jpg</IMAGE>
        <SENTENCE id="s612" start="1163" end="1271"><TEXT>Aerial view of seven light brown houses with black roofs on a grassy slope , connected by paved pathways .</TEXT><SPATIALINDICATOR id="S50" start="57" end="59" text="on"/><TRAJECTOR id="T50" start="45" end="56" text="black roofs"/><TRAJECTOR id="T51" start="0" end="39" text="Aerial view of seven light brown houses"/><LANDMARK id="L52" start="60" end="74" text="a grassy slope"/><RELATION id="SR44" trajector_id="T50" landmark_id="L52" spatial_indicator_id="S50" general_type="" specific_type="" RCC8_value="" FoR=""/><RELATION id="SR45" trajector_id="T51" landmark_id="L52" spatial_indicator_id="S50" general_type="" specific_type="" RCC8_value="" FoR=""/><SPATIALINDICATOR id="S53" start="87" end="89" text="by"/><TRAJECTOR id="T53" start="60" end="74" text="a grassy slope"/><LANDMARK id="L53" start="90" end="104" text="paved pathways"/><RELATION id="SR47" trajector_id="T53" landmark_id="L53" spatial_indicator_id="S53" general_type="" specific_type="" RCC8_value="" FoR=""/></SENTENCE><SENTENCE id="s613" start="1271" end="1298"><TEXT>trees in the background .</TEXT><SPATIALINDICATOR id="S55" start="6" end="8" text="in"/><TRAJECTOR id="T55" start="0" end="5" text="trees"/><LANDMARK id="L55" start="9" end="23" text="the background"/><RELATION id="SR50" trajector_id="T55" landmark_id="L55" spatial_indicator_id="S55" general_type="" specific_type="" RCC8_value="" FoR=""/></SENTENCE></SCENE>
    <SCENE>
        <DOCNO>annotations/01/1084.eng</DOCNO>
        <IMAGE>images/01/1084.jpg</IMAGE>
        <SENTENCE id="s614" start="1298" end="1390"><TEXT>Interior view of a room with white walls , divided into two parts by a small wooden rail .</TEXT><SPATIALINDICATOR id="S60" start="66" end="68" text="by"/><TRAJECTOR id="T60" start="56" end="65" text="two parts"/><LANDMARK id="L60" start="69" end="88" text="a small wooden rail"/><RELATION id="SR53" trajector_id="T60" landmark_id="L60" spatial_indicator_id="S60" general_type="" specific_type="" RCC8_value="" FoR=""/></SENTENCE><SENTENCE id="s615" start="1390" end="1464"><TEXT>there is a double bed , a night table and a bed lamp in the foreground .</TEXT><SPATIALINDICATOR id="S62" start="53" end="55" text="in"/><TRAJECTOR id="T62" start="9" end="21" text="a double bed"/><TRAJECTOR id="T63" start="24" end="37" text="a night table"/><TRAJECTOR id="T64" start="42" end="52" text="a bed lamp"/><LANDMARK id="L65" start="56" end="70" text="the foreground"/><RELATION id="SR56" trajector_id="T62" landmark_id="L65" spatial_indicator_id="S62" general_type="" specific_type="" RCC8_value="" FoR=""/><RELATION id="SR57" trajector_id="T63" landmark_id="L65" spatial_indicator_id="S62" general_type="" specific_type="" RCC8_value="" FoR=""/><RELATION id="SR58" trajector_id="T64" landmark_id="L65" spatial_indicator_id="S62" general_type="" specific_type="" RCC8_value="" FoR=""/></SENTENCE><SENTENCE id="s616" start="1464" end="1576"><TEXT>there is a coffee table with a sofa and chairs around and pictures are hanging on the wall in the background .</TEXT><SPATIALINDICATOR id="S67" start="91" end="93" text="in"/><TRAJECTOR id="T67" start="82" end="90" text="the wall"/><LANDMARK id="L67" start="94" end="108" text="the background"/><RELATION id="SR61" trajector_id="T67" landmark_id="L67" spatial_indicator_id="S67" general_type="" specific_type="" RCC8_value="" FoR=""/><SPATIALINDICATOR id="S68" start="47" end="53" text="around"/><TRAJECTOR id="T68" start="40" end="46" text="chairs"/><LANDMARK id="L68" start="58" end="66" text="pictures"/><RELATION id="SR63" trajector_id="T68" landmark_id="L68" spatial_indicator_id="S68" general_type="" specific_type="" RCC8_value="" FoR=""/><LANDMARK id="L69" start="82" end="90" text="the wall"/><SPATIALINDICATOR id="S69" start="79" end="81" text="on"/><TRAJECTOR id="T69" start="40" end="46" text="chairs"/><TRAJECTOR id="T70" start="58" end="66" text="pictures"/><TRAJECTOR id="T71" start="29" end="35" text="a sofa"/><TRAJECTOR id="T72" start="9" end="23" text="a coffee table"/><RELATION id="SR65" trajector_id="T69" landmark_id="L69" spatial_indicator_id="S69" general_type="" specific_type="" RCC8_value="" FoR=""/><RELATION id="SR66" trajector_id="T70" landmark_id="L69" spatial_indicator_id="S69" general_type="" specific_type="" RCC8_value="" FoR=""/><RELATION id="SR67" trajector_id="T71" landmark_id="L69" spatial_indicator_id="S69" general_type="" specific_type="" RCC8_value="" FoR=""/><RELATION id="SR68" trajector_id="T72" landmark_id="L69" spatial_indicator_id="S69" general_type="" specific_type="" RCC8_value="" FoR=""/></SENTENCE></SCENE>
    <SCENE>
        <DOCNO>annotations/01/1085.eng</DOCNO>
        <IMAGE>images/01/1085.jpg</IMAGE>
        <SENTENCE id="s617" start="1576" end="1673"><TEXT>a room with white walls , two single beds , a glass door with a wooden frame and red curtains .</TEXT></SENTENCE><SENTENCE id="s618" start="1673" end="1721"><TEXT>there is a picture above the bed on the wall .</TEXT><SPATIALINDICATOR id="S78" start="33" end="35" text="on"/><TRAJECTOR id="T78" start="25" end="32" text="the bed"/><LANDMARK id="L78" start="36" end="44" text="the wall"/><RELATION id="SR73" trajector_id="T78" landmark_id="L78" spatial_indicator_id="S78" general_type="" specific_type="" RCC8_value="" FoR=""/><SPATIALINDICATOR id="S79" start="19" end="24" text="above"/><TRAJECTOR id="T79" start="9" end="18" text="a picture"/><LANDMARK id="L79" start="25" end="32" text="the bed"/><RELATION id="SR75" trajector_id="T79" landmark_id="L79" spatial_indicator_id="S79" general_type="" specific_type="" RCC8_value="" FoR=""/></SENTENCE></SCENE>
    <SCENE>
        <DOCNO>annotations/01/1086.eng</DOCNO>
        <IMAGE>images/01/1086.jpg</IMAGE>
        <SENTENCE id="s619" start="1721" end="1777"><TEXT>a room with two single beds and a lamp above one bed .</TEXT><SPATIALINDICATOR id="S85" start="39" end="44" text="above"/><TRAJECTOR id="T85" start="32" end="38" text="a lamp"/><LANDMARK id="L85" start="45" end="52" text="one bed"/><RELATION id="SR78" trajector_id="T85" landmark_id="L85" spatial_indicator_id="S85" general_type="" specific_type="" RCC8_value="" FoR=""/></SENTENCE><SENTENCE id="s620" start="1777" end="1817"><TEXT>half of the walls is covered by wood .</TEXT><LANDMARK id="L87" start="32" end="36" text="wood"/><SPATIALINDICATOR id="S87" start="29" end="31" text="by"/><TRAJECTOR id="T87" start="8" end="17" text="the walls"/><RELATION id="SR81" trajector_id="T87" landmark_id="L87" spatial_indicator_id="S87" general_type="" specific_type="" RCC8_value="" FoR=""/></SENTENCE><SENTENCE id="s621" start="1817" end="1877"><TEXT>a table with two chairs at the back ( next to a window ) .</TEXT></SENTENCE><SENTENCE id="s622" start="1877" end="1913"><TEXT>a vase with flowers on the table :</TEXT><SPATIALINDICATOR id="S90" start="20" end="22" text="on"/><TRAJECTOR id="T90" start="12" end="19" text="flowers"/><TRAJECTOR id="T91" start="0" end="6" text="a vase"/><LANDMARK id="L92" start="23" end="32" text="the table"/><RELATION id="SR86" trajector_id="T90" landmark_id="L92" spatial_indicator_id="S90" general_type="" specific_type="" RCC8_value="" FoR=""/><RELATION id="SR87" trajector_id="T91" landmark_id="L92" spatial_indicator_id="S90" general_type="" specific_type="" RCC8_value="" FoR=""/></SENTENCE></SCENE>
    <SCENE>
        <DOCNO>annotations/01/1087.eng</DOCNO>
        <IMAGE>images/01/1087.jpg</IMAGE>
        <SENTENCE id="s623" start="1913" end="1993"><TEXT>a room with white walls , two single beds with a night table in between them .</TEXT><SPATIALINDICATOR id="S97" start="61" end="71" text="in between"/><TRAJECTOR id="T97" start="47" end="60" text="a night table"/><TRAJECTOR id="T98" start="26" end="41" text="two single beds"/><LANDMARK id="L99" start="72" end="76" text="them"/><RELATION id="SR90" trajector_id="T97" landmark_id="L99" spatial_indicator_id="S97" general_type="" specific_type="" RCC8_value="" FoR=""/><RELATION id="SR91" trajector_id="T98" landmark_id="L99" spatial_indicator_id="S97" general_type="" specific_type="" RCC8_value="" FoR=""/></SENTENCE><SENTENCE id="s624" start="1993" end="2099"><TEXT>there is a lamp on the wall above one bed , a light switch next to it , and a phone on the night table .</TEXT><SPATIALINDICATOR id="S101" start="28" end="33" text="above"/><TRAJECTOR id="T101" start="19" end="27" text="the wall"/><LANDMARK id="L101" start="34" end="41" text="one bed"/><RELATION id="SR94" trajector_id="T101" landmark_id="L101" spatial_indicator_id="S101" general_type="" specific_type="" RCC8_value="" FoR=""/><SPATIALINDICATOR id="S102" start="84" end="86" text="on"/><TRAJECTOR id="T102" start="76" end="83" text="a phone"/><LANDMARK id="L102" start="87" end="102" text="the night table"/><RELATION id="SR96" trajector_id="T102" landmark_id="L102" spatial_indicator_id="S102" general_type="" specific_type="" RCC8_value="" FoR=""/><SPATIALINDICATOR id="S103" start="16" end="18" text="on"/><TRAJECTOR id="T103" start="76" end="83" text="a phone"/><TRAJECTOR id="T104" start="9" end="15" text="a lamp"/><LANDMARK id="L105" start="19" end="27" text="the wall"/><RELATION id="SR98" trajector_id="T103" landmark_id="L105" spatial_indicator_id="S103" general_type="" specific_type="" RCC8_value="" FoR=""/><RELATION id="SR99" trajector_id="T104" landmark_id="L105" spatial_indicator_id="S103" general_type="" specific_type="" RCC8_value="" FoR=""/></SENTENCE><SENTENCE id="s625" start="2099" end="2175"><TEXT>further , there is a window with closed curtains at the back of the room .</TEXT></SENTENCE></SCENE>
    <SCENE>
        <DOCNO>annotations/01/1088.eng</DOCNO>
        <IMAGE>images/01/1088.jpg</IMAGE>
        <SENTENCE id="s626" start="2175" end="2302"><TEXT>a photo of a room with white walls , two single beds with a night table in between and a picture on the wall above the beds .</TEXT><SPATIALINDICATOR id="S109" start="97" end="99" text="on"/><TRAJECTOR id="T109" start="87" end="96" text="a picture"/><LANDMARK id="L109" start="100" end="108" text="the wall"/><RELATION id="SR103" trajector_id="T109" landmark_id="L109" spatial_indicator_id="S109" general_type="" specific_type="" RCC8_value="" FoR=""/><SPATIALINDICATOR id="S110" start="109" end="114" text="above"/><TRAJECTOR id="T110" start="100" end="108" text="the wall"/><LANDMARK id="L110" start="115" end="123" text="the beds"/><RELATION id="SR105" trajector_id="T110" landmark_id="L110" spatial_indicator_id="S110" general_type="" specific_type="" RCC8_value="" FoR=""/><SPATIALINDICATOR id="S111" start="72" end="82" text="in between"/><TRAJECTOR id="T111" start="37" end="52" text="two single beds"/><TRAJECTOR id="T112" start="58" end="71" text="a night table"/><LANDMARK id="L113" start="87" end="96" text="a picture"/><RELATION id="SR107" trajector_id="T111" landmark_id="L113" spatial_indicator_id="S111" general_type="" specific_type="" RCC8_value="" FoR=""/><RELATION id="SR108" trajector_id="T112" landmark_id="L113" spatial_indicator_id="S111" general_type="" specific_type="" RCC8_value="" FoR=""/></SENTENCE></SCENE>
    <SCENE>
        <DOCNO>annotations/01/1089.eng</DOCNO>
        <IMAGE>images/01/1089.jpg</IMAGE>
        <SENTENCE id="s627" start="2302" end="2351"><TEXT>a bungalow made of red bricks with a red roof .</TEXT></SENTENCE><SENTENCE id="s628" start="2351" end="2439"><TEXT>a neat lawn in front of the house , and lots of trees , bushes and flowers around it .</TEXT><SPATIALINDICATOR id="S119" start="12" end="23" text="in front of"/><TRAJECTOR id="T119" start="40" end="53" text="lots of trees"/><TRAJECTOR id="T120" start="0" end="11" text="a neat lawn"/><LANDMARK id="L121" start="24" end="33" text="the house"/><RELATION id="SR112" trajector_id="T119" landmark_id="L121" spatial_indicator_id="S119" general_type="" specific_type="" RCC8_value="" FoR=""/><RELATION id="SR113" trajector_id="T120" landmark_id="L121" spatial_indicator_id="S119" general_type="" specific_type="" RCC8_value="" FoR=""/><SPATIALINDICATOR id="S122" start="75" end="81" text="around"/><TRAJECTOR id="T122" start="56" end="62" text="bushes"/><TRAJECTOR id="T123" start="40" end="53" text="lots of trees"/><TRAJECTOR id="T124" start="67" end="74" text="flowers"/><LANDMARK id="L125" start="82" end="84" text="it"/><RELATION id="SR115" trajector_id="T122" landmark_id="L125" spatial_indicator_id="S122" general_type="" specific_type="" RCC8_value="" FoR=""/><RELATION id="SR116" trajector_id="T123" landmark_id="L125" spatial_indicator_id="S122" general_type="" specific_type="" RCC8_value="" FoR=""/><RELATION id="SR117" trajector_id="T124" landmark_id="L125" spatial_indicator_id="S122" general_type="" specific_type="" RCC8_value="" FoR=""/></SENTENCE><SENTENCE id="s629" start="2439" end="2469"><TEXT>a forest in the background .</TEXT><SPATIALINDICATOR id="S127" start="9" end="11" text="in"/><TRAJECTOR id="T127" start="0" end="8" text="a forest"/><LANDMARK id="L127" start="12" end="26" text="the background"/><RELATION id="SR120" trajector_id="T127" landmark_id="L127" spatial_indicator_id="S127" general_type="" specific_type="" RCC8_value="" FoR=""/></SENTENCE></SCENE>
    <SCENE>
        <DOCNO>annotations/01/1090.eng</DOCNO>
        <IMAGE>images/01/1090.jpg</IMAGE>
        <SENTENCE id="s630" start="2469" end="2512"><TEXT>exterior view of a three story building .</TEXT></SENTENCE><SENTENCE id="s631" start="2512" end="2686"><TEXT>entrance and arched windows on ground floor , a coop with a rail , a balcony with several arches and columns on the second floor , balcony with columns on the third floor .</TEXT><SPATIALINDICATOR id="S132" start="152" end="154" text="on"/><TRAJECTOR id="T132" start="131" end="138" text="balcony"/><TRAJECTOR id="T133" start="144" end="151" text="columns"/><LANDMARK id="L134" start="155" end="170" text="the third floor"/><RELATION id="SR124" trajector_id="T132" landmark_id="L134" spatial_indicator_id="S132" general_type="" specific_type="" RCC8_value="" FoR=""/><RELATION id="SR125" trajector_id="T133" landmark_id="L134" spatial_indicator_id="S132" general_type="" specific_type="" RCC8_value="" FoR=""/><SPATIALINDICATOR id="S135" start="28" end="30" text="on"/><TRAJECTOR id="T135" start="0" end="27" text="entrance and arched windows"/><LANDMARK id="L135" start="31" end="43" text="ground floor"/><RELATION id="SR127" trajector_id="T135" landmark_id="L135" spatial_indicator_id="S135" general_type="" specific_type="" RCC8_value="" FoR=""/><SPATIALINDICATOR id="S136" start="109" end="111" text="on"/><TRAJECTOR id="T136" start="101" end="108" text="columns"/><LANDMARK id="L136" start="112" end="128" text="the second floor"/><RELATION id="SR129" trajector_id="T136" landmark_id="L136" spatial_indicator_id="S136" general_type="" specific_type="" RCC8_value="" FoR=""/></SENTENCE></SCENE>
    <SCENE>
        <DOCNO>annotations/01/1091.eng</DOCNO>
        <IMAGE>images/01/1091.jpg</IMAGE>
        <SENTENCE id="s632" start="2686" end="2777"><TEXT>Exterior view of a four story building , with large windows and a balcony at each level .</TEXT><SPATIALINDICATOR id="S139" start="74" end="76" text="at"/><TRAJECTOR id="T139" start="64" end="73" text="a balcony"/><LANDMARK id="L139" start="77" end="87" text="each level"/><RELATION id="SR132" trajector_id="T139" landmark_id="L139" spatial_indicator_id="S139" general_type="" specific_type="" RCC8_value="" FoR=""/></SENTENCE></SCENE>
    <SCENE>
        <DOCNO>annotations/01/1092.eng</DOCNO>
        <IMAGE>images/01/1092.jpg</IMAGE>
        <SENTENCE id="s633" start="2777" end="2951"><TEXT>front view of a brown , three story building with arches on ground level , large windows on the second level and three little towers with a window each on the third level .</TEXT><SPATIALINDICATOR id="S142" start="57" end="59" text="on"/><TRAJECTOR id="T142" start="50" end="56" text="arches"/><LANDMARK id="L142" start="60" end="72" text="ground level"/><RELATION id="SR135" trajector_id="T142" landmark_id="L142" spatial_indicator_id="S142" general_type="" specific_type="" RCC8_value="" FoR=""/><SPATIALINDICATOR id="S143" start="89" end="91" text="on"/><TRAJECTOR id="T143" start="75" end="88" text="large windows"/><LANDMARK id="L143" start="92" end="108" text="the second level"/><RELATION id="SR137" trajector_id="T143" landmark_id="L143" spatial_indicator_id="S143" general_type="" specific_type="" RCC8_value="" FoR=""/><SPATIALINDICATOR id="S144" start="152" end="154" text="on"/><TRAJECTOR id="T144" start="138" end="146" text="a window"/><TRAJECTOR id="T145" start="113" end="132" text="three little towers"/><LANDMARK id="L146" start="155" end="170" text="the third level"/><RELATION id="SR139" trajector_id="T144" landmark_id="L146" spatial_indicator_id="S144" general_type="" specific_type="" RCC8_value="" FoR=""/><RELATION id="SR140" trajector_id="T145" landmark_id="L146" spatial_indicator_id="S144" general_type="" specific_type="" RCC8_value="" FoR=""/></SENTENCE></SCENE>
    <SCENE>
        <DOCNO>annotations/01/1094.eng</DOCNO>
        <IMAGE>images/01/1094.jpg</IMAGE>
        <SENTENCE id="s634" start="2951" end="3087"><TEXT>Front view of a light khaki house with two small windows , a huge painting on the left and an entrance on the right ( in the shade ) .</TEXT><SPATIALINDICATOR id="S151" start="75" end="86" text="on the left"/><TRAJECTOR id="T151" start="59" end="74" text="a huge painting"/><TRAJECTOR id="T152" start="91" end="102" text="an entrance"/><LANDMARK id="L153" start="-1" end="-1"/><RELATION id="SR143" trajector_id="T151" landmark_id="L153" spatial_indicator_id="S151" general_type="" specific_type="" RCC8_value="" FoR=""/><RELATION id="SR144" trajector_id="T152" landmark_id="L153" spatial_indicator_id="S151" general_type="" specific_type="" RCC8_value="" FoR=""/><SPATIALINDICATOR id="S154" start="103" end="115" text="on the right"/><TRAJECTOR id="T154" start="91" end="102" text="an entrance"/><LANDMARK id="L154" start="-1" end="-1"/><RELATION id="SR146" trajector_id="T154" landmark_id="L154" spatial_indicator_id="S154" general_type="" specific_type="" RCC8_value="" FoR=""/></SENTENCE><SENTENCE id="s635" start="3087" end="3158"><TEXT>one person sitting on a bench in front of the house ( on the left ) .</TEXT><SPATIALINDICATOR id="S156" start="30" end="41" text="in front of"/><TRAJECTOR id="T156" start="22" end="29" text="a bench"/><LANDMARK id="L156" start="42" end="51" text="the house"/><RELATION id="SR149" trajector_id="T156" landmark_id="L156" spatial_indicator_id="S156" general_type="" specific_type="" RCC8_value="" FoR=""/><SPATIALINDICATOR id="S157" start="54" end="65" text="on the left"/><TRAJECTOR id="T157" start="42" end="51" text="the house"/><LANDMARK id="L157" start="-1" end="-1"/><RELATION id="SR151" trajector_id="T157" landmark_id="L157" spatial_indicator_id="S157" general_type="" specific_type="" RCC8_value="" FoR=""/><LANDMARK id="L158" start="22" end="29" text="a bench"/><SPATIALINDICATOR id="S158" start="19" end="21" text="on"/><TRAJECTOR id="T158" start="0" end="10" text="one person"/><RELATION id="SR153" trajector_id="T158" landmark_id="L158" spatial_indicator_id="S158" general_type="" specific_type="" RCC8_value="" FoR=""/></SENTENCE><SENTENCE id="s636" start="3158" end="3195"><TEXT>large mountains in the background .</TEXT><SPATIALINDICATOR id="S160" start="16" end="18" text="in"/><TRAJECTOR id="T160" start="0" end="15" text="large mountains"/><LANDMARK id="L160" start="19" end="33" text="the background"/><RELATION id="SR157" trajector_id="T160" landmark_id="L160" spatial_indicator_id="S160" general_type="" specific_type="" RCC8_value="" FoR=""/></SENTENCE></SCENE>
    <SCENE>
        <DOCNO>annotations/01/1096.eng</DOCNO>
        <IMAGE>images/01/1096.jpg</IMAGE>
        <SENTENCE id="s637" start="3195" end="3276"><TEXT>white hostal with three levels and two large palm trees in front of the house .</TEXT><SPATIALINDICATOR id="S165" start="56" end="67" text="in front of"/><TRAJECTOR id="T165" start="35" end="55" text="two large palm trees"/><LANDMARK id="L165" start="68" end="77" text="the house"/><RELATION id="SR160" trajector_id="T165" landmark_id="L165" spatial_indicator_id="S165" general_type="" specific_type="" RCC8_value="" FoR=""/></SENTENCE><SENTENCE id="s638" start="3276" end="3338"><TEXT>sunchairs and umbrellas on the balcony of the second floor .</TEXT><SPATIALINDICATOR id="S167" start="24" end="26" text="on"/><TRAJECTOR id="T167" start="0" end="9" text="sunchairs"/><TRAJECTOR id="T168" start="14" end="23" text="umbrellas"/><LANDMARK id="L169" start="27" end="58" text="the balcony of the second floor"/><RELATION id="SR163" trajector_id="T167" landmark_id="L169" spatial_indicator_id="S167" general_type="" specific_type="" RCC8_value="" FoR=""/><RELATION id="SR164" trajector_id="T168" landmark_id="L169" spatial_indicator_id="S167" general_type="" specific_type="" RCC8_value="" FoR=""/></SENTENCE><SENTENCE id="s639" start="3338" end="3392"><TEXT>white wall in front of the house with an iron gate .</TEXT><SPATIALINDICATOR id="S171" start="11" end="22" text="in front of"/><TRAJECTOR id="T171" start="0" end="10" text="white wall"/><LANDMARK id="L171" start="23" end="32" text="the house"/><RELATION id="SR167" trajector_id="T171" landmark_id="L171" spatial_indicator_id="S171" general_type="" specific_type="" RCC8_value="" FoR=""/></SENTENCE></SCENE>
    <SCENE>
        <DOCNO>annotations/01/1098.eng</DOCNO>
        <IMAGE>images/01/1098.jpg</IMAGE>
        <SENTENCE id="s640" start="3392" end="3491"><TEXT>a man in a black jacket and brown pants shovelling snow from the entrance ( with a red shovel ) .</TEXT><SPATIALINDICATOR id="S175" start="6" end="8" text="in"/><TRAJECTOR id="T175" start="0" end="5" text="a man"/><LANDMARK id="L175" start="9" end="23" text="a black jacket"/><LANDMARK id="L176" start="28" end="39" text="brown pants"/><RELATION id="SR170" trajector_id="T175" landmark_id="L175" spatial_indicator_id="S175" general_type="" specific_type="" RCC8_value="" FoR=""/><RELATION id="SR171" trajector_id="T175" landmark_id="L176" spatial_indicator_id="S175" general_type="" specific_type="" RCC8_value="" FoR=""/><LANDMARK id="L178" start="61" end="73" text="the entrance"/><SPATIALINDICATOR id="S178" start="56" end="60" text="from"/><TRAJECTOR id="T178" start="51" end="55" text="snow"/><RELATION id="SR173" trajector_id="T178" landmark_id="L178" spatial_indicator_id="S178" general_type="" specific_type="" RCC8_value="" FoR=""/></SENTENCE><SENTENCE id="s641" start="3491" end="3535"><TEXT>behind him a white door , a large window .</TEXT></SENTENCE></SCENE>
    <SCENE>
        <DOCNO>annotations/01/1099.eng</DOCNO>
        <IMAGE>images/01/1099.jpg</IMAGE>
        <SENTENCE id="s642" start="3535" end="3574"><TEXT>two story building with white walls .</TEXT></SENTENCE><SENTENCE id="s643" start="3574" end="3698"><TEXT>three large window ( with hammocks in front of each the windows ) and large wooden doors next to them on the first floor .</TEXT><SPATIALINDICATOR id="S185" start="35" end="46" text="in front of"/><TRAJECTOR id="T185" start="26" end="34" text="hammocks"/><LANDMARK id="L185" start="52" end="63" text="the windows"/><RELATION id="SR179" trajector_id="T185" landmark_id="L185" spatial_indicator_id="S185" general_type="" specific_type="" RCC8_value="" FoR=""/><SPATIALINDICATOR id="S186" start="89" end="96" text="next to"/><TRAJECTOR id="T186" start="70" end="88" text="large wooden doors"/><LANDMARK id="L186" start="97" end="101" text="them"/><RELATION id="SR181" trajector_id="T186" landmark_id="L186" spatial_indicator_id="S186" general_type="" specific_type="" RCC8_value="" FoR=""/><SPATIALINDICATOR id="S187" start="102" end="104" text="on"/><TRAJECTOR id="T187" start="97" end="101" text="them"/><LANDMARK id="L187" start="105" end="120" text="the first floor"/><RELATION id="SR183" trajector_id="T187" landmark_id="L187" spatial_indicator_id="S187" general_type="" specific_type="" RCC8_value="" FoR=""/></SENTENCE><SENTENCE id="s644" start="3698" end="3785"><TEXT>large windows and doors on the second floor too , with a wooden rail on the balcony .</TEXT><SPATIALINDICATOR id="S189" start="69" end="71" text="on"/><TRAJECTOR id="T189" start="55" end="68" text="a wooden rail"/><LANDMARK id="L189" start="72" end="83" text="the balcony"/><RELATION id="SR186" trajector_id="T189" landmark_id="L189" spatial_indicator_id="S189" general_type="" specific_type="" RCC8_value="" FoR=""/><SPATIALINDICATOR id="S190" start="24" end="26" text="on"/><TRAJECTOR id="T190" start="18" end="23" text="doors"/><TRAJECTOR id="T191" start="0" end="13" text="large windows"/><LANDMARK id="L192" start="27" end="43" text="the second floor"/><RELATION id="SR188" trajector_id="T190" landmark_id="L192" spatial_indicator_id="S190" general_type="" specific_type="" RCC8_value="" FoR=""/><RELATION id="SR189" trajector_id="T191" landmark_id="L192" spatial_indicator_id="S190" general_type="" specific_type="" RCC8_value="" FoR=""/></SENTENCE></SCENE>
    <SCENE>
        <DOCNO>annotations/01/1100.eng</DOCNO>
        <IMAGE>images/01/1100.jpg</IMAGE>
        <SENTENCE id="s645" start="3785" end="3938"><TEXT>a room with white walls , two wooden single beds , one with a blue blanket , the other one with a green , light pink and light purple striped blanket .</TEXT></SENTENCE><SENTENCE id="s646" start="3938" end="3992"><TEXT>wooden door at the back , and a poster on the wall .</TEXT><SPATIALINDICATOR id="S197" start="39" end="41" text="on"/><TRAJECTOR id="T197" start="30" end="38" text="a poster"/><LANDMARK id="L197" start="42" end="50" text="the wall"/><RELATION id="SR193" trajector_id="T197" landmark_id="L197" spatial_indicator_id="S197" general_type="" specific_type="" RCC8_value="" FoR=""/></SENTENCE></SCENE>
    <SCENE>
        <DOCNO>annotations/01/1101.eng</DOCNO>
        <IMAGE>images/01/1101.jpg</IMAGE>
        <SENTENCE id="s647" start="3992" end="4043"><TEXT>a king size bed with a night table on each side .</TEXT><SPATIALINDICATOR id="S202" start="35" end="37" text="on"/><TRAJECTOR id="T202" start="21" end="34" text="a night table"/><TRAJECTOR id="T203" start="0" end="15" text="a king size bed"/><LANDMARK id="L204" start="38" end="47" text="each side"/><RELATION id="SR196" trajector_id="T202" landmark_id="L204" spatial_indicator_id="S202" general_type="" specific_type="" RCC8_value="" FoR=""/><RELATION id="SR197" trajector_id="T203" landmark_id="L204" spatial_indicator_id="S202" general_type="" specific_type="" RCC8_value="" FoR=""/></SENTENCE><SENTENCE id="s648" start="4043" end="4128"><TEXT>phone on the right table , phone books ( yellow and white pages ) below the table .</TEXT><SPATIALINDICATOR id="S206" start="66" end="71" text="below"/><TRAJECTOR id="T206" start="58" end="63" text="pages"/><LANDMARK id="L206" start="72" end="81" text="the table"/><RELATION id="SR200" trajector_id="T206" landmark_id="L206" spatial_indicator_id="S206" general_type="" specific_type="" RCC8_value="" FoR=""/><SPATIALINDICATOR id="S207" start="6" end="18" text="on the right"/><TRAJECTOR id="T207" start="0" end="5" text="phone"/><LANDMARK id="L207" start="-1" end="-1"/><RELATION id="SR202" trajector_id="T207" landmark_id="L207" spatial_indicator_id="S207" general_type="" specific_type="" RCC8_value="" FoR=""/></SENTENCE><SENTENCE id="s649" start="4128" end="4179"><TEXT>picture and two lamps on the wall above the bed .</TEXT><SPATIALINDICATOR id="S209" start="34" end="39" text="above"/><TRAJECTOR id="T209" start="25" end="33" text="the wall"/><LANDMARK id="L209" start="40" end="47" text="the bed"/><RELATION id="SR205" trajector_id="T209" landmark_id="L209" spatial_indicator_id="S209" general_type="" specific_type="" RCC8_value="" FoR=""/><SPATIALINDICATOR id="S210" start="22" end="24" text="on"/><TRAJECTOR id="T210" start="12" end="21" text="two lamps"/><TRAJECTOR id="T211" start="0" end="7" text="picture"/><LANDMARK id="L212" start="25" end="33" text="the wall"/><RELATION id="SR207" trajector_id="T210" landmark_id="L212" spatial_indicator_id="S210" general_type="" specific_type="" RCC8_value="" FoR=""/><RELATION id="SR208" trajector_id="T211" landmark_id="L212" spatial_indicator_id="S210" general_type="" specific_type="" RCC8_value="" FoR=""/></SENTENCE></SCENE>
    <SCENE>
        <DOCNO>annotations/01/1103.eng</DOCNO>
        <IMAGE>images/01/1103.jpg</IMAGE>
        <SENTENCE id="s650" start="4179" end="4277"><TEXT>a large wooden king-size bed with a white bedcover and a wooden night table with a phone on it .</TEXT><SPATIALINDICATOR id="S216" start="89" end="91" text="on"/><TRAJECTOR id="T216" start="55" end="75" text="a wooden night table"/><TRAJECTOR id="T217" start="81" end="88" text="a phone"/><LANDMARK id="L218" start="92" end="94" text="it"/><RELATION id="SR211" trajector_id="T216" landmark_id="L218" spatial_indicator_id="S216" general_type="" specific_type="" RCC8_value="" FoR=""/><RELATION id="SR212" trajector_id="T217" landmark_id="L218" spatial_indicator_id="S216" general_type="" specific_type="" RCC8_value="" FoR=""/></SENTENCE><SENTENCE id="s651" start="4277" end="4315"><TEXT>almost closed curtains at the back .</TEXT></SENTENCE></SCENE>
    <SCENE>
        <DOCNO>annotations/01/1106.eng</DOCNO>
        <IMAGE>images/01/1106.jpg</IMAGE>
        <SENTENCE id="s652" start="4315" end="4360"><TEXT>Exterior shot of a large , brownish hotel .</TEXT></SENTENCE></SCENE>
    <SCENE>
        <DOCNO>annotations/01/1107.eng</DOCNO>
        <IMAGE>images/01/1107.jpg</IMAGE>
        <SENTENCE id="s653" start="4360" end="4394"><TEXT>King-size bed with two pillows .</TEXT></SENTENCE><SENTENCE id="s654" start="4394" end="4433"><TEXT>night table with a lamp next to bed .</TEXT></SENTENCE><SENTENCE id="s655" start="4433" end="4464"><TEXT>a chair in front of the bed .</TEXT><SPATIALINDICATOR id="S229" start="8" end="19" text="in front of"/><TRAJECTOR id="T229" start="0" end="7" text="a chair"/><LANDMARK id="L229" start="20" end="27" text="the bed"/><RELATION id="SR219" trajector_id="T229" landmark_id="L229" spatial_indicator_id="S229" general_type="" specific_type="" RCC8_value="" FoR=""/></SENTENCE><SENTENCE id="s656" start="4464" end="4491"><TEXT>curtains and a painting .</TEXT></SENTENCE></SCENE>
    <SCENE>
        <DOCNO>annotations/01/1108.eng</DOCNO>
        <IMAGE>images/01/1108.jpg</IMAGE>
        <SENTENCE id="s657" start="4491" end="4526"><TEXT>Corner view of a large building .</TEXT></SENTENCE><SENTENCE id="s658" start="4526" end="4559"><TEXT>front is mainly made of glass .</TEXT></SENTENCE></SCENE>
    <SCENE>
        <DOCNO>annotations/01/1109.eng</DOCNO>
        <IMAGE>images/01/1109.jpg</IMAGE>
        <SENTENCE id="s659" start="4559" end="4611"><TEXT>a room with a king-size bed with purple bedcover .</TEXT></SENTENCE><SENTENCE id="s660" start="4611" end="4652"><TEXT>window and white curtains on the left .</TEXT><SPATIALINDICATOR id="S239" start="26" end="37" text="on the left"/><TRAJECTOR id="T239" start="0" end="25" text="window and white curtains"/><LANDMARK id="L239" start="-1" end="-1"/><RELATION id="SR226" trajector_id="T239" landmark_id="L239" spatial_indicator_id="S239" general_type="" specific_type="" RCC8_value="" FoR=""/></SENTENCE></SCENE>
    <SCENE>
        <DOCNO>annotations/01/1110.eng</DOCNO>
        <IMAGE>images/01/1110.jpg</IMAGE>
        <SENTENCE id="s661" start="4652" end="4697"><TEXT>Front view of a grey , ten story building .</TEXT></SENTENCE></SCENE>
    <SCENE>
        <DOCNO>annotations/01/1111.eng</DOCNO>
        <IMAGE>images/01/1111.jpg</IMAGE>
        <SENTENCE id="s662" start="4697" end="4796"><TEXT>a room with white walls , a wooden bed with a light brown blanket , bedside lamps on both sides .</TEXT><SPATIALINDICATOR id="S246" start="82" end="84" text="on"/><TRAJECTOR id="T246" start="68" end="81" text="bedside lamps"/><LANDMARK id="L246" start="85" end="95" text="both sides"/><RELATION id="SR230" trajector_id="T246" landmark_id="L246" spatial_indicator_id="S246" general_type="" specific_type="" RCC8_value="" FoR=""/></SENTENCE><SENTENCE id="s663" start="4796" end="4843"><TEXT>a table with a flower pot in the foreground .</TEXT><SPATIALINDICATOR id="S248" start="26" end="28" text="in"/><TRAJECTOR id="T248" start="0" end="7" text="a table"/><TRAJECTOR id="T249" start="13" end="25" text="a flower pot"/><LANDMARK id="L250" start="29" end="43" text="the foreground"/><RELATION id="SR233" trajector_id="T248" landmark_id="L250" spatial_indicator_id="S248" general_type="" specific_type="" RCC8_value="" FoR=""/><RELATION id="SR234" trajector_id="T249" landmark_id="L250" spatial_indicator_id="S248" general_type="" specific_type="" RCC8_value="" FoR=""/></SENTENCE><SENTENCE id="s664" start="4843" end="4885"><TEXT>window with curtains in the background .</TEXT><SPATIALINDICATOR id="S252" start="21" end="23" text="in"/><TRAJECTOR id="T252" start="12" end="20" text="curtains"/><TRAJECTOR id="T253" start="0" end="6" text="window"/><LANDMARK id="L254" start="24" end="38" text="the background"/><RELATION id="SR237" trajector_id="T252" landmark_id="L254" spatial_indicator_id="S252" general_type="" specific_type="" RCC8_value="" FoR=""/><RELATION id="SR238" trajector_id="T253" landmark_id="L254" spatial_indicator_id="S252" general_type="" specific_type="" RCC8_value="" FoR=""/></SENTENCE></SCENE>
    <SCENE>
        <DOCNO>annotations/01/1113.eng</DOCNO>
        <IMAGE>images/01/1113.jpg</IMAGE>
        <SENTENCE id="s665" start="4885" end="4937"><TEXT>narrow , multi-story building made of red bricks .</TEXT></SENTENCE><SENTENCE id="s666" start="4937" end="4970"><TEXT>green plants on the balconies .</TEXT><SPATIALINDICATOR id="S260" start="13" end="15" text="on"/><TRAJECTOR id="T260" start="0" end="12" text="green plants"/><LANDMARK id="L260" start="16" end="29" text="the balconies"/><RELATION id="SR242" trajector_id="T260" landmark_id="L260" spatial_indicator_id="S260" general_type="" specific_type="" RCC8_value="" FoR=""/></SENTENCE><SENTENCE id="s667" start="4970" end="5010"><TEXT>Argentinian flags above the entrance .</TEXT><SPATIALINDICATOR id="S262" start="18" end="23" text="above"/><TRAJECTOR id="T262" start="0" end="17" text="Argentinian flags"/><LANDMARK id="L262" start="24" end="36" text="the entrance"/><RELATION id="SR245" trajector_id="T262" landmark_id="L262" spatial_indicator_id="S262" general_type="" specific_type="" RCC8_value="" FoR=""/></SENTENCE></SCENE>
    <SCENE>
        <DOCNO>annotations/01/1114.eng</DOCNO>
        <IMAGE>images/01/1114.jpg</IMAGE>
        <SENTENCE id="s668" start="5010" end="5038"><TEXT>a room with yellow walls .</TEXT></SENTENCE><SENTENCE id="s669" start="5038" end="5124"><TEXT>a double-bed made of iron with a dark-yellow bedcover and two dark-yellow cushions .</TEXT></SENTENCE><SENTENCE id="s670" start="5124" end="5175"><TEXT>a night table with a bedside lamp on both sides .</TEXT><SPATIALINDICATOR id="S272" start="34" end="36" text="on"/><TRAJECTOR id="T272" start="19" end="33" text="a bedside lamp"/><TRAJECTOR id="T273" start="0" end="13" text="a night table"/><LANDMARK id="L274" start="37" end="47" text="both sides"/><RELATION id="SR250" trajector_id="T272" landmark_id="L274" spatial_indicator_id="S272" general_type="" specific_type="" RCC8_value="" FoR=""/><RELATION id="SR251" trajector_id="T273" landmark_id="L274" spatial_indicator_id="S272" general_type="" specific_type="" RCC8_value="" FoR=""/></SENTENCE><SENTENCE id="s671" start="5175" end="5228"><TEXT>there is a window with curtains in the background .</TEXT><SPATIALINDICATOR id="S276" start="32" end="34" text="in"/><TRAJECTOR id="T276" start="9" end="17" text="a window"/><LANDMARK id="L276" start="35" end="49" text="the background"/><RELATION id="SR254" trajector_id="T276" landmark_id="L276" spatial_indicator_id="S276" general_type="" specific_type="" RCC8_value="" FoR=""/></SENTENCE><SENTENCE id="s672" start="5228" end="5242"><TEXT>red carpet .</TEXT></SENTENCE><SENTENCE id="s673" start="5242" end="5274"><TEXT>oval table in the foreground .</TEXT><SPATIALINDICATOR id="S279" start="11" end="13" text="in"/><TRAJECTOR id="T279" start="0" end="10" text="oval table"/><LANDMARK id="L279" start="14" end="28" text="the foreground"/><RELATION id="SR258" trajector_id="T279" landmark_id="L279" spatial_indicator_id="S279" general_type="" specific_type="" RCC8_value="" FoR=""/></SENTENCE></SCENE>
    <SCENE>
        <DOCNO>annotations/01/1115.eng</DOCNO>
        <IMAGE>images/01/1115.jpg</IMAGE>
        <SENTENCE id="s674" start="5274" end="5384"><TEXT>a grey and brown terraced house with a large , ornate entrance and two cars that are parked in front of it .</TEXT><LANDMARK id="L282" start="104" end="106" text="it"/><SPATIALINDICATOR id="S282" start="92" end="103" text="in front of"/><TRAJECTOR id="T282" start="67" end="75" text="two cars"/><RELATION id="SR261" trajector_id="T282" landmark_id="L282" spatial_indicator_id="S282" general_type="" specific_type="" RCC8_value="" FoR=""/></SENTENCE></SCENE>
    <SCENE>
        <DOCNO>annotations/01/1116.eng</DOCNO>
        <IMAGE>images/01/1116.jpg</IMAGE>
        <SENTENCE id="s675" start="5384" end="5411"><TEXT>a room with beige walls .</TEXT></SENTENCE><SENTENCE id="s676" start="5411" end="5479"><TEXT>two single beds with a white bedcover , a pillow and a lamp each .</TEXT></SENTENCE><SENTENCE id="s677" start="5479" end="5575"><TEXT>there is a mirrow on the left , between the beds and on the left there is a of a night table .</TEXT><SPATIALINDICATOR id="S290" start="18" end="29" text="on the left"/><TRAJECTOR id="T290" start="9" end="17" text="a mirrow"/><LANDMARK id="L290" start="-1" end="-1"/><RELATION id="SR267" trajector_id="T290" landmark_id="L290" spatial_indicator_id="S290" general_type="" specific_type="" RCC8_value="" FoR=""/><SPATIALINDICATOR id="S291" start="53" end="64" text="on the left"/><TRAJECTOR id="T291" start="40" end="48" text="the beds"/><TRAJECTOR id="T292" start="71" end="73" text="is"/><LANDMARK id="L293" start="-1" end="-1"/><RELATION id="SR269" trajector_id="T291" landmark_id="L293" spatial_indicator_id="S291" general_type="" specific_type="" RCC8_value="" FoR=""/><RELATION id="SR270" trajector_id="T292" landmark_id="L293" spatial_indicator_id="S291" general_type="" specific_type="" RCC8_value="" FoR=""/></SENTENCE><SENTENCE id="s678" start="5575" end="5651"><TEXT>and in the background on the right there is a window with white curtains .</TEXT><SPATIALINDICATOR id="S295" start="22" end="34" text="on the right"/><TRAJECTOR id="T295" start="7" end="21" text="the background"/><LANDMARK id="L295" start="-1" end="-1"/><RELATION id="SR273" trajector_id="T295" landmark_id="L295" spatial_indicator_id="S295" general_type="" specific_type="" RCC8_value="" FoR=""/></SENTENCE></SCENE>
    <SCENE>
        <DOCNO>annotations/01/1117.eng</DOCNO>
        <IMAGE>images/01/1117.jpg</IMAGE>
        <SENTENCE id="s679" start="5651" end="5742"><TEXT>a grey , multistorey building with arced windows and an entrance decorated with flowers .</TEXT></SENTENCE></SCENE>
    <SCENE>
        <DOCNO>annotations/01/1118.eng</DOCNO>
        <IMAGE>images/01/1118.jpg</IMAGE>
        <SENTENCE id="s680" start="5742" end="5800"><TEXT>two bunk beds made of wood with multicoloured bedcover .</TEXT></SENTENCE><SENTENCE id="s681" start="5800" end="5841"><TEXT>there is a blue cupboard between them .</TEXT><SPATIALINDICATOR id="S303" start="25" end="32" text="between"/><TRAJECTOR id="T303" start="9" end="24" text="a blue cupboard"/><LANDMARK id="L303" start="33" end="37" text="them"/><RELATION id="SR278" trajector_id="T303" landmark_id="L303" spatial_indicator_id="S303" general_type="" specific_type="" RCC8_value="" FoR=""/></SENTENCE><SENTENCE id="s682" start="5841" end="5912"><TEXT>in the background on the right there is a window with blue curtains .</TEXT><SPATIALINDICATOR id="S305" start="18" end="30" text="on the right"/><TRAJECTOR id="T305" start="3" end="17" text="the background"/><LANDMARK id="L305" start="-1" end="-1"/><RELATION id="SR281" trajector_id="T305" landmark_id="L305" spatial_indicator_id="S305" general_type="" specific_type="" RCC8_value="" FoR=""/></SENTENCE></SCENE>
    <SCENE>
        <DOCNO>annotations/01/1119.eng</DOCNO>
        <IMAGE>images/01/1119.jpg</IMAGE>
        <SENTENCE id="s683" start="5912" end="6015"><TEXT>a house with blue tiles , iron bars in front of the entrance and a large window on the second floor .</TEXT><SPATIALINDICATOR id="S309" start="80" end="82" text="on"/><TRAJECTOR id="T309" start="65" end="79" text="a large window"/><LANDMARK id="L309" start="83" end="99" text="the second floor"/><RELATION id="SR284" trajector_id="T309" landmark_id="L309" spatial_indicator_id="S309" general_type="" specific_type="" RCC8_value="" FoR=""/><SPATIALINDICATOR id="S310" start="36" end="47" text="in front of"/><TRAJECTOR id="T310" start="26" end="35" text="iron bars"/><LANDMARK id="L310" start="48" end="60" text="the entrance"/><RELATION id="SR286" trajector_id="T310" landmark_id="L310" spatial_indicator_id="S310" general_type="" specific_type="" RCC8_value="" FoR=""/></SENTENCE><SENTENCE id="s684" start="6015" end="6053"><TEXT>there is a supermarket on the left .</TEXT><SPATIALINDICATOR id="S312" start="23" end="34" text="on the left"/><TRAJECTOR id="T312" start="9" end="22" text="a supermarket"/><LANDMARK id="L312" start="-1" end="-1"/><RELATION id="SR289" trajector_id="T312" landmark_id="L312" spatial_indicator_id="S312" general_type="" specific_type="" RCC8_value="" FoR=""/></SENTENCE></SCENE>
    <SCENE>
        <DOCNO>annotations/01/1121.eng</DOCNO>
        <IMAGE>images/01/1121.jpg</IMAGE>
        <SENTENCE id="s685" start="6053" end="6159"><TEXT>View of the courtyard of a brown house with white window frames and an iron rail and two angel statues .</TEXT></SENTENCE><SENTENCE id="s686" start="6159" end="6208"><TEXT>there are canes in the foreground on the left .</TEXT><SPATIALINDICATOR id="S318" start="16" end="18" text="in"/><TRAJECTOR id="T318" start="10" end="15" text="canes"/><LANDMARK id="L318" start="19" end="33" text="the foreground"/><RELATION id="SR293" trajector_id="T318" landmark_id="L318" spatial_indicator_id="S318" general_type="" specific_type="" RCC8_value="" FoR=""/><SPATIALINDICATOR id="S319" start="34" end="45" text="on the left"/><TRAJECTOR id="T319" start="19" end="33" text="the foreground"/><LANDMARK id="L319" start="-1" end="-1"/><RELATION id="SR295" trajector_id="T319" landmark_id="L319" spatial_indicator_id="S319" general_type="" specific_type="" RCC8_value="" FoR=""/></SENTENCE><SENTENCE id="s687" start="6208" end="6254"><TEXT>a man is sitting at a table on the balcony .</TEXT><SPATIALINDICATOR id="S321" start="28" end="30" text="on"/><TRAJECTOR id="T321" start="20" end="27" text="a table"/><LANDMARK id="L321" start="31" end="42" text="the balcony"/><RELATION id="SR298" trajector_id="T321" landmark_id="L321" spatial_indicator_id="S321" general_type="" specific_type="" RCC8_value="" FoR=""/><LANDMARK id="L322" start="20" end="27" text="a table"/><SPATIALINDICATOR id="S322" start="17" end="19" text="at"/><TRAJECTOR id="T322" start="0" end="5" text="a man"/><RELATION id="SR300" trajector_id="T322" landmark_id="L322" spatial_indicator_id="S322" general_type="" specific_type="" RCC8_value="" FoR=""/></SENTENCE></SCENE>
    <SCENE>
        <DOCNO>annotations/01/1122.eng</DOCNO>
        <IMAGE>images/01/1122.jpg</IMAGE>
        <SENTENCE id="s688" start="6254" end="6313"><TEXT>a room with white and orange walls and a brown ornament .</TEXT></SENTENCE><SENTENCE id="s689" start="6313" end="6401"><TEXT>there is a double bed made of iron , light brown pillows , white bedcover and towels .</TEXT></SENTENCE><SENTENCE id="s690" start="6401" end="6463"><TEXT>a night table with a bedside lamp and a phone on the right .</TEXT><SPATIALINDICATOR id="S330" start="46" end="58" text="on the right"/><TRAJECTOR id="T330" start="38" end="45" text="a phone"/><LANDMARK id="L330" start="-1" end="-1"/><RELATION id="SR306" trajector_id="T330" landmark_id="L330" spatial_indicator_id="S330" general_type="" specific_type="" RCC8_value="" FoR=""/></SENTENCE><SENTENCE id="s691" start="6463" end="6517"><TEXT>and a window with white curtains on the very right .</TEXT></SENTENCE></SCENE>
    <SCENE>
        <DOCNO>annotations/01/1123.eng</DOCNO>
        <IMAGE>images/01/1123.jpg</IMAGE>
        <SENTENCE id="s692" start="6517" end="6586"><TEXT>a house made of grey bricks with wooden pillars and red rooftiles .</TEXT></SENTENCE><SENTENCE id="s693" start="6586" end="6669"><TEXT>there are trees on the left and right side in both the fore- and the background .</TEXT><SPATIALINDICATOR id="S336" start="43" end="45" text="in"/><TRAJECTOR id="T336" start="32" end="42" text="right side"/><LANDMARK id="L336" start="51" end="59" text="the fore"/><RELATION id="SR311" trajector_id="T336" landmark_id="L336" spatial_indicator_id="S336" general_type="" specific_type="" RCC8_value="" FoR=""/><SPATIALINDICATOR id="S337" start="16" end="27" text="on the left"/><TRAJECTOR id="T337" start="32" end="42" text="right side"/><TRAJECTOR id="T338" start="10" end="15" text="trees"/><LANDMARK id="L339" start="-1" end="-1"/><RELATION id="SR313" trajector_id="T337" landmark_id="L339" spatial_indicator_id="S337" general_type="" specific_type="" RCC8_value="" FoR=""/><RELATION id="SR314" trajector_id="T338" landmark_id="L339" spatial_indicator_id="S337" general_type="" specific_type="" RCC8_value="" FoR=""/></SENTENCE></SCENE>
    <SCENE>
        <DOCNO>annotations/01/1124.eng</DOCNO>
        <IMAGE>images/01/1124.jpg</IMAGE>
        <SENTENCE id="s694" start="6669" end="6754"><TEXT>a room with walls made of wood and a double bed with a colourful-striped bedcover .</TEXT></SENTENCE><SENTENCE id="s695" start="6754" end="6874"><TEXT>there is a night table with a bedside lamp on the right , and a window with multicoloured curtains on the very right .</TEXT><SPATIALINDICATOR id="S344" start="43" end="55" text="on the right"/><TRAJECTOR id="T344" start="9" end="22" text="a night table"/><TRAJECTOR id="T345" start="28" end="42" text="a bedside lamp"/><LANDMARK id="L346" start="-1" end="-1"/><RELATION id="SR318" trajector_id="T344" landmark_id="L346" spatial_indicator_id="S344" general_type="" specific_type="" RCC8_value="" FoR=""/><RELATION id="SR319" trajector_id="T345" landmark_id="L346" spatial_indicator_id="S344" general_type="" specific_type="" RCC8_value="" FoR=""/></SENTENCE></SCENE>
    <SCENE>
        <DOCNO>annotations/01/1125.eng</DOCNO>
        <IMAGE>images/01/1125.jpg</IMAGE>
        <SENTENCE id="s696" start="6874" end="7011"><TEXT>a wooden house with green window frames , a small balcony on the left and a green Unmittelbare Treffer corrugated sheet roof above it .</TEXT><SPATIALINDICATOR id="S350" start="125" end="130" text="above"/><TRAJECTOR id="T350" start="82" end="94" text="Unmittelbare"/><TRAJECTOR id="T351" start="95" end="124" text="Treffer corrugated sheet roof"/><LANDMARK id="L352" start="131" end="133" text="it"/><RELATION id="SR322" trajector_id="T350" landmark_id="L352" spatial_indicator_id="S350" general_type="" specific_type="" RCC8_value="" FoR=""/><RELATION id="SR323" trajector_id="T351" landmark_id="L352" spatial_indicator_id="S350" general_type="" specific_type="" RCC8_value="" FoR=""/><SPATIALINDICATOR id="S353" start="58" end="69" text="on the left"/><TRAJECTOR id="T353" start="42" end="57" text="a small balcony"/><LANDMARK id="L353" start="-1" end="-1"/><RELATION id="SR325" trajector_id="T353" landmark_id="L353" spatial_indicator_id="S353" general_type="" specific_type="" RCC8_value="" FoR=""/></SENTENCE><SENTENCE id="s697" start="7011" end="7073"><TEXT>there are plants in front of the house and trees behind it .</TEXT><SPATIALINDICATOR id="S355" start="49" end="55" text="behind"/><TRAJECTOR id="T355" start="43" end="48" text="trees"/><LANDMARK id="L355" start="56" end="58" text="it"/><RELATION id="SR328" trajector_id="T355" landmark_id="L355" spatial_indicator_id="S355" general_type="" specific_type="" RCC8_value="" FoR=""/><SPATIALINDICATOR id="S356" start="17" end="28" text="in front of"/><TRAJECTOR id="T356" start="10" end="16" text="plants"/><LANDMARK id="L356" start="43" end="48" text="trees"/><LANDMARK id="L357" start="29" end="38" text="the house"/><RELATION id="SR330" trajector_id="T356" landmark_id="L356" spatial_indicator_id="S356" general_type="" specific_type="" RCC8_value="" FoR=""/><RELATION id="SR331" trajector_id="T356" landmark_id="L357" spatial_indicator_id="S356" general_type="" specific_type="" RCC8_value="" FoR=""/></SENTENCE></SCENE>
    <SCENE>
        <DOCNO>annotations/01/1126.eng</DOCNO>
        <IMAGE>images/01/1126.jpg</IMAGE>
        <SENTENCE id="s698" start="7073" end="7158"><TEXT>a room with walls made of wood and a large window with white curtains on the left .</TEXT><SPATIALINDICATOR id="S362" start="70" end="81" text="on the left"/><TRAJECTOR id="T362" start="35" end="49" text="a large window"/><TRAJECTOR id="T363" start="55" end="69" text="white curtains"/><LANDMARK id="L364" start="-1" end="-1"/><RELATION id="SR334" trajector_id="T362" landmark_id="L364" spatial_indicator_id="S362" general_type="" specific_type="" RCC8_value="" FoR=""/><RELATION id="SR335" trajector_id="T363" landmark_id="L364" spatial_indicator_id="S362" general_type="" specific_type="" RCC8_value="" FoR=""/></SENTENCE><SENTENCE id="s699" start="7158" end="7256"><TEXT>there is a double bed with a red bedcover in the centre , with an orange mosquito net above it .</TEXT><SPATIALINDICATOR id="S366" start="86" end="91" text="above"/><TRAJECTOR id="T366" start="63" end="85" text="an orange mosquito net"/><LANDMARK id="L366" start="92" end="94" text="it"/><RELATION id="SR338" trajector_id="T366" landmark_id="L366" spatial_indicator_id="S366" general_type="" specific_type="" RCC8_value="" FoR=""/><SPATIALINDICATOR id="S367" start="42" end="44" text="in"/><TRAJECTOR id="T367" start="9" end="21" text="a double bed"/><LANDMARK id="L367" start="45" end="55" text="the centre"/><RELATION id="SR340" trajector_id="T367" landmark_id="L367" spatial_indicator_id="S367" general_type="" specific_type="" RCC8_value="" FoR=""/></SENTENCE></SCENE>
    <SCENE>
        <DOCNO>annotations/01/1127.eng</DOCNO>
        <IMAGE>images/01/1127.jpg</IMAGE>
        <SENTENCE id="s700" start="7256" end="7351"><TEXT>a white house with a thatched roof and a garden with a lot of vegetation behind a grey wall .</TEXT><SPATIALINDICATOR id="S370" start="73" end="79" text="behind"/><TRAJECTOR id="T370" start="53" end="72" text="a lot of vegetation"/><TRAJECTOR id="T371" start="39" end="47" text="a garden"/><LANDMARK id="L372" start="80" end="91" text="a grey wall"/><RELATION id="SR343" trajector_id="T370" landmark_id="L372" spatial_indicator_id="S370" general_type="" specific_type="" RCC8_value="" FoR=""/><RELATION id="SR344" trajector_id="T371" landmark_id="L372" spatial_indicator_id="S370" general_type="" specific_type="" RCC8_value="" FoR=""/></SENTENCE></SCENE>
    <SCENE>
        <DOCNO>annotations/01/1128.eng</DOCNO>
        <IMAGE>images/01/1128.jpg</IMAGE>
        <SENTENCE id="s701" start="7351" end="7379"><TEXT>a room with wooden walls .</TEXT></SENTENCE><SENTENCE id="s702" start="7379" end="7519"><TEXT>in the corner on the right there is a bunk bed made of wood , another single bed made of wood on the left , and a night table in between .</TEXT><SPATIALINDICATOR id="S377" start="94" end="105" text="on the left"/><TRAJECTOR id="T377" start="89" end="93" text="wood"/><LANDMARK id="L377" start="-1" end="-1"/><RELATION id="SR348" trajector_id="T377" landmark_id="L377" spatial_indicator_id="S377" general_type="" specific_type="" RCC8_value="" FoR=""/><SPATIALINDICATOR id="S378" start="14" end="26" text="on the right"/><TRAJECTOR id="T378" start="3" end="13" text="the corner"/><LANDMARK id="L378" start="-1" end="-1"/><RELATION id="SR350" trajector_id="T378" landmark_id="L378" spatial_indicator_id="S378" general_type="" specific_type="" RCC8_value="" FoR=""/></SENTENCE></SCENE>
    <SCENE>
        <DOCNO>annotations/01/1129.eng</DOCNO>
        <IMAGE>images/01/1129.jpg</IMAGE>
        <SENTENCE id="s703" start="7519" end="7631"><TEXT>a roofed terrace with hammocks , wooden pillars , a wooden rail and a view onto the jungle in the background .</TEXT><SPATIALINDICATOR id="S381" start="91" end="93" text="in"/><TRAJECTOR id="T381" start="80" end="90" text="the jungle"/><LANDMARK id="L381" start="94" end="108" text="the background"/><RELATION id="SR353" trajector_id="T381" landmark_id="L381" spatial_indicator_id="S381" general_type="" specific_type="" RCC8_value="" FoR=""/></SENTENCE></SCENE>
    <SCENE>
        <DOCNO>annotations/01/1131.eng</DOCNO>
        <IMAGE>images/01/1131.jpg</IMAGE>
        <SENTENCE id="s704" start="7631" end="7717"><TEXT>a room with white walls , a single bed made of wood with white and violet bedcover .</TEXT></SENTENCE><SENTENCE id="s705" start="7717" end="7798"><TEXT>on the left and on the right there is a window with white and violet curtains .</TEXT></SENTENCE></SCENE>
    <SCENE>
        <DOCNO>annotations/01/1132.eng</DOCNO>
        <IMAGE>images/01/1132.jpg</IMAGE>
        <SENTENCE id="s706" start="7798" end="7866"><TEXT>a white , two-storey house with a big , blue Hotel Plaza writing .</TEXT></SENTENCE><SENTENCE id="s707" start="7866" end="7937"><TEXT>there is an iron fence in front of the hous and a tree on the right .</TEXT><SPATIALINDICATOR id="S390" start="23" end="34" text="in front of"/><TRAJECTOR id="T390" start="9" end="22" text="an iron fence"/><LANDMARK id="L390" start="35" end="43" text="the hous"/><RELATION id="SR359" trajector_id="T390" landmark_id="L390" spatial_indicator_id="S390" general_type="" specific_type="" RCC8_value="" FoR=""/><SPATIALINDICATOR id="S391" start="55" end="67" text="on the right"/><TRAJECTOR id="T391" start="48" end="54" text="a tree"/><LANDMARK id="L391" start="-1" end="-1"/><RELATION id="SR361" trajector_id="T391" landmark_id="L391" spatial_indicator_id="S391" general_type="" specific_type="" RCC8_value="" FoR=""/></SENTENCE></SCENE>
    <SCENE>
        <DOCNO>annotations/01/1133.eng</DOCNO>
        <IMAGE>images/01/1133.jpg</IMAGE>
        <SENTENCE id="s708" start="7937" end="8049"><TEXT>a room made of wood with two king-size beds and a wooden night table in between with a burning lamp above it .</TEXT><SPATIALINDICATOR id="S395" start="69" end="79" text="in between"/><TRAJECTOR id="T395" start="48" end="68" text="a wooden night table"/><TRAJECTOR id="T396" start="15" end="19" text="wood"/><TRAJECTOR id="T397" start="25" end="43" text="two king-size beds"/><LANDMARK id="L398" start="85" end="99" text="a burning lamp"/><RELATION id="SR364" trajector_id="T395" landmark_id="L398" spatial_indicator_id="S395" general_type="" specific_type="" RCC8_value="" FoR=""/><RELATION id="SR365" trajector_id="T396" landmark_id="L398" spatial_indicator_id="S395" general_type="" specific_type="" RCC8_value="" FoR=""/><RELATION id="SR366" trajector_id="T397" landmark_id="L398" spatial_indicator_id="S395" general_type="" specific_type="" RCC8_value="" FoR=""/><SPATIALINDICATOR id="S399" start="100" end="105" text="above"/><TRAJECTOR id="T399" start="85" end="99" text="a burning lamp"/><LANDMARK id="L399" start="106" end="108" text="it"/><RELATION id="SR368" trajector_id="T399" landmark_id="L399" spatial_indicator_id="S399" general_type="" specific_type="" RCC8_value="" FoR=""/></SENTENCE><SENTENCE id="s709" start="8049" end="8058"><TEXT>droop .</TEXT></SENTENCE></SCENE>
    <SCENE>
        <DOCNO>annotations/01/1134.eng</DOCNO>
        <IMAGE>images/01/1134.jpg</IMAGE>
        <SENTENCE id="s710" start="8058" end="8110"><TEXT>a red house with a courtyard and a thatched roof .</TEXT></SENTENCE><SENTENCE id="s711" start="8110" end="8220"><TEXT>there is a wooden fence , horses and grass in front of it and a snowcovered peak in the distant background .</TEXT><SPATIALINDICATOR id="S405" start="81" end="83" text="in"/><TRAJECTOR id="T405" start="62" end="80" text="a snowcovered peak"/><LANDMARK id="L405" start="84" end="106" text="the distant background"/><RELATION id="SR373" trajector_id="T405" landmark_id="L405" spatial_indicator_id="S405" general_type="" specific_type="" RCC8_value="" FoR=""/><SPATIALINDICATOR id="S406" start="43" end="54" text="in front of"/><TRAJECTOR id="T406" start="37" end="42" text="grass"/><LANDMARK id="L406" start="55" end="57" text="it"/><RELATION id="SR375" trajector_id="T406" landmark_id="L406" spatial_indicator_id="S406" general_type="" specific_type="" RCC8_value="" FoR=""/></SENTENCE></SCENE>
    <SCENE>
        <DOCNO>annotations/01/1136.eng</DOCNO>
        <IMAGE>images/01/1136.jpg</IMAGE>
        <SENTENCE id="s712" start="8220" end="8312"><TEXT>a white house with brown rooftiles , a lot of glass on the right and on the second floor .</TEXT><SPATIALINDICATOR id="S410" start="52" end="64" text="on the right"/><TRAJECTOR id="T410" start="37" end="51" text="a lot of glass"/><LANDMARK id="L410" start="-1" end="-1"/><RELATION id="SR378" trajector_id="T410" landmark_id="L410" spatial_indicator_id="S410" general_type="" specific_type="" RCC8_value="" FoR=""/></SENTENCE><SENTENCE id="s713" start="8312" end="8346"><TEXT>there are cactuses on the left .</TEXT><SPATIALINDICATOR id="S412" start="19" end="30" text="on the left"/><TRAJECTOR id="T412" start="10" end="18" text="cactuses"/><LANDMARK id="L412" start="-1" end="-1"/><RELATION id="SR381" trajector_id="T412" landmark_id="L412" spatial_indicator_id="S412" general_type="" specific_type="" RCC8_value="" FoR=""/></SENTENCE></SCENE>
    <SCENE>
        <DOCNO>annotations/01/1137.eng</DOCNO>
        <IMAGE>images/01/1137.jpg</IMAGE>
        <SENTENCE id="s714" start="8346" end="8493"><TEXT>a room with an orange and a white wall , two single beds made of wood with a multicoloured bedcover , white towels and a night table in between .</TEXT></SENTENCE><SENTENCE id="s715" start="8493" end="8631"><TEXT>there is a couch chair and another night table with a lamp and a phone on the left , and a window with closed curtains behind the beds .</TEXT><SPATIALINDICATOR id="S417" start="119" end="125" text="behind"/><TRAJECTOR id="T417" start="89" end="97" text="a window"/><TRAJECTOR id="T418" start="103" end="118" text="closed curtains"/><LANDMARK id="L419" start="126" end="134" text="the beds"/><RELATION id="SR385" trajector_id="T417" landmark_id="L419" spatial_indicator_id="S417" general_type="" specific_type="" RCC8_value="" FoR=""/><RELATION id="SR386" trajector_id="T418" landmark_id="L419" spatial_indicator_id="S417" general_type="" specific_type="" RCC8_value="" FoR=""/><SPATIALINDICATOR id="S420" start="71" end="82" text="on the left"/><TRAJECTOR id="T420" start="63" end="70" text="a phone"/><LANDMARK id="L420" start="-1" end="-1"/><RELATION id="SR388" trajector_id="T420" landmark_id="L420" spatial_indicator_id="S420" general_type="" specific_type="" RCC8_value="" FoR=""/></SENTENCE></SCENE>
    <SCENE>
        <DOCNO>annotations/01/1138.eng</DOCNO>
        <IMAGE>images/01/1138.jpg</IMAGE>
        <SENTENCE id="s716" start="8631" end="8809"><TEXT>the courtyard of a two-storey building made of red bricks , brown wooden doors and red rooftiles , a swimming pool in the centre with canvas chairs , chairs and potted plants .</TEXT></SENTENCE><SENTENCE id="s717" start="8809" end="8863"><TEXT>there are palm leafs in the foreground on the left .</TEXT><SPATIALINDICATOR id="S425" start="21" end="23" text="in"/><TRAJECTOR id="T425" start="10" end="20" text="palm leafs"/><LANDMARK id="L425" start="24" end="38" text="the foreground"/><RELATION id="SR392" trajector_id="T425" landmark_id="L425" spatial_indicator_id="S425" general_type="" specific_type="" RCC8_value="" FoR=""/><SPATIALINDICATOR id="S426" start="39" end="50" text="on the left"/><TRAJECTOR id="T426" start="24" end="38" text="the foreground"/><LANDMARK id="L426" start="-1" end="-1"/><RELATION id="SR394" trajector_id="T426" landmark_id="L426" spatial_indicator_id="S426" general_type="" specific_type="" RCC8_value="" FoR=""/></SENTENCE></SCENE>
    <SCENE>
        <DOCNO>annotations/01/1139.eng</DOCNO>
        <IMAGE>images/01/1139.jpg</IMAGE>
        <SENTENCE id="s718" start="8863" end="8996"><TEXT>a room with white walls , two single beds made of wood and with golden bedcover , a night table in between and two lamps above it .</TEXT><SPATIALINDICATOR id="S430" start="121" end="126" text="above"/><TRAJECTOR id="T430" start="111" end="120" text="two lamps"/><LANDMARK id="L430" start="127" end="129" text="it"/><RELATION id="SR397" trajector_id="T430" landmark_id="L430" spatial_indicator_id="S430" general_type="" specific_type="" RCC8_value="" FoR=""/></SENTENCE><SENTENCE id="s719" start="8996" end="9112"><TEXT>there are a commode , a mirror and a chair in the front on the left , and behind it a window with brown curtains .</TEXT><SPATIALINDICATOR id="S432" start="43" end="45" text="in"/><TRAJECTOR id="T432" start="35" end="42" text="a chair"/><TRAJECTOR id="T433" start="10" end="19" text="a commode"/><TRAJECTOR id="T434" start="22" end="30" text="a mirror"/><LANDMARK id="L435" start="46" end="55" text="the front"/><RELATION id="SR400" trajector_id="T432" landmark_id="L435" spatial_indicator_id="S432" general_type="" specific_type="" RCC8_value="" FoR=""/><RELATION id="SR401" trajector_id="T433" landmark_id="L435" spatial_indicator_id="S432" general_type="" specific_type="" RCC8_value="" FoR=""/><RELATION id="SR402" trajector_id="T434" landmark_id="L435" spatial_indicator_id="S432" general_type="" specific_type="" RCC8_value="" FoR=""/><SPATIALINDICATOR id="S436" start="56" end="67" text="on the left"/><TRAJECTOR id="T436" start="46" end="55" text="the front"/><LANDMARK id="L436" start="-1" end="-1"/><RELATION id="SR404" trajector_id="T436" landmark_id="L436" spatial_indicator_id="S436" general_type="" specific_type="" RCC8_value="" FoR=""/></SENTENCE></SCENE>
    <SCENE>
        <DOCNO>annotations/01/1140.eng</DOCNO>
        <IMAGE>images/01/1140.jpg</IMAGE>
        <SENTENCE id="s720" start="9112" end="9187"><TEXT>a courtyard of a white building with a stone fountain and potted plants .</TEXT></SENTENCE></SCENE>
    <SCENE>
        <DOCNO>annotations/01/1142.eng</DOCNO>
        <IMAGE>images/01/1142.jpg</IMAGE>
        <SENTENCE id="s721" start="9187" end="9361"><TEXT>a room with two single beds made of wood , a colourfully chequered bedcover , in between a night table with a phone and an alarm clock and a painting on the wall above it .</TEXT><SPATIALINDICATOR id="S441" start="150" end="152" text="on"/><TRAJECTOR id="T441" start="139" end="149" text="a painting"/><TRAJECTOR id="T442" start="120" end="134" text="an alarm clock"/><LANDMARK id="L443" start="153" end="161" text="the wall"/><RELATION id="SR408" trajector_id="T441" landmark_id="L443" spatial_indicator_id="S441" general_type="" specific_type="" RCC8_value="" FoR=""/><RELATION id="SR409" trajector_id="T442" landmark_id="L443" spatial_indicator_id="S441" general_type="" specific_type="" RCC8_value="" FoR=""/><SPATIALINDICATOR id="S444" start="162" end="167" text="above"/><TRAJECTOR id="T444" start="153" end="161" text="the wall"/><LANDMARK id="L444" start="168" end="170" text="it"/><RELATION id="SR411" trajector_id="T444" landmark_id="L444" spatial_indicator_id="S444" general_type="" specific_type="" RCC8_value="" FoR=""/><LANDMARK id="L445" start="89" end="102" text="a night table"/><SPATIALINDICATOR id="S445" start="78" end="88" text="in between"/><TRAJECTOR id="T445" start="43" end="75" text="a colourfully chequered bedcover"/><TRAJECTOR id="T446" start="36" end="40" text="wood"/><RELATION id="SR413" trajector_id="T445" landmark_id="L445" spatial_indicator_id="S445" general_type="" specific_type="" RCC8_value="" FoR=""/><RELATION id="SR414" trajector_id="T446" landmark_id="L445" spatial_indicator_id="S445" general_type="" specific_type="" RCC8_value="" FoR=""/></SENTENCE></SCENE>
    <SCENE>
        <DOCNO>annotations/01/1143.eng</DOCNO>
        <IMAGE>images/01/1143.jpg</IMAGE>
        <SENTENCE id="s722" start="9361" end="9457"><TEXT>a white , five-storey building with greenish windows and a large Hotel Continental Park sign .</TEXT></SENTENCE><SENTENCE id="s723" start="9457" end="9504"><TEXT>there is a penthouse on top of the building .</TEXT><SPATIALINDICATOR id="S453" start="21" end="30" text="on top of"/><TRAJECTOR id="T453" start="9" end="20" text="a penthouse"/><LANDMARK id="L453" start="31" end="43" text="the building"/><RELATION id="SR419" trajector_id="T453" landmark_id="L453" spatial_indicator_id="S453" general_type="" specific_type="" RCC8_value="" FoR=""/></SENTENCE><SENTENCE id="s724" start="9504" end="9554"><TEXT>and there are a couple of trees in front of it .</TEXT><SPATIALINDICATOR id="S455" start="32" end="43" text="in front of"/><TRAJECTOR id="T455" start="14" end="31" text="a couple of trees"/><LANDMARK id="L455" start="44" end="46" text="it"/><RELATION id="SR422" trajector_id="T455" landmark_id="L455" spatial_indicator_id="S455" general_type="" specific_type="" RCC8_value="" FoR=""/></SENTENCE></SCENE>
    <SCENE>
        <DOCNO>annotations/01/1144.eng</DOCNO>
        <IMAGE>images/01/1144.jpg</IMAGE>
        <SENTENCE id="s725" start="9554" end="9663"><TEXT>a room with white walls , a double bed made of wood with a blue and yellow chequered bedcover and pillows .</TEXT></SENTENCE><SENTENCE id="s726" start="9663" end="9776"><TEXT>there is a carpet , a table and a night table with a lamp and a phone on the left , and a window on the right .</TEXT><SPATIALINDICATOR id="S460" start="70" end="81" text="on the left"/><TRAJECTOR id="T460" start="62" end="69" text="a phone"/><LANDMARK id="L460" start="-1" end="-1"/><RELATION id="SR426" trajector_id="T460" landmark_id="L460" spatial_indicator_id="S460" general_type="" specific_type="" RCC8_value="" FoR=""/><SPATIALINDICATOR id="S461" start="97" end="109" text="on the right"/><TRAJECTOR id="T461" start="88" end="96" text="a window"/><LANDMARK id="L461" start="-1" end="-1"/><RELATION id="SR428" trajector_id="T461" landmark_id="L461" spatial_indicator_id="S461" general_type="" specific_type="" RCC8_value="" FoR=""/></SENTENCE></SCENE>
    <SCENE>
        <DOCNO>annotations/01/1145.eng</DOCNO>
        <IMAGE>images/01/1145.jpg</IMAGE>
        <SENTENCE id="s727" start="9776" end="9934"><TEXT>a courtyard with stairs on the left , a big palm tree in the centre , a few tables and chairs and a light brown house with red rooftiles in the background .</TEXT><SPATIALINDICATOR id="S464" start="54" end="56" text="in"/><TRAJECTOR id="T464" start="38" end="53" text="a big palm tree"/><LANDMARK id="L464" start="57" end="67" text="the centre"/><RELATION id="SR431" trajector_id="T464" landmark_id="L464" spatial_indicator_id="S464" general_type="" specific_type="" RCC8_value="" FoR=""/><SPATIALINDICATOR id="S465" start="24" end="35" text="on the left"/><TRAJECTOR id="T465" start="17" end="23" text="stairs"/><TRAJECTOR id="T466" start="0" end="11" text="a courtyard"/><LANDMARK id="L467" start="-1" end="-1"/><RELATION id="SR433" trajector_id="T465" landmark_id="L467" spatial_indicator_id="S465" general_type="" specific_type="" RCC8_value="" FoR=""/><RELATION id="SR434" trajector_id="T466" landmark_id="L467" spatial_indicator_id="S465" general_type="" specific_type="" RCC8_value="" FoR=""/></SENTENCE></SCENE>
    <SCENE>
        <DOCNO>annotations/01/1146.eng</DOCNO>
        <IMAGE>images/01/1146.jpg</IMAGE>
        <SENTENCE id="s728" start="9934" end="10070"><TEXT>a room with two single beds made of wood and green , white and red bedcover , with a night table with a lamp on the left of each bed .</TEXT></SENTENCE><SENTENCE id="s729" start="10070" end="10099"><TEXT>curtains on the very left .</TEXT></SENTENCE></SCENE>
    <SCENE>
        <DOCNO>annotations/01/1147.eng</DOCNO>
        <IMAGE>images/01/1147.jpg</IMAGE>
        <SENTENCE id="s730" start="10099" end="10220"><TEXT>A waiting hall with a green couch , black couch chairs , red columns , light and dark brown walls and red door frames .</TEXT></SENTENCE></SCENE>
    <SCENE>
        <DOCNO>annotations/01/1148.eng</DOCNO>
        <IMAGE>images/01/1148.jpg</IMAGE>
        <SENTENCE id="s731" start="10220" end="10290"><TEXT>a room with white walls and a double bed with a dark blue bedcover .</TEXT></SENTENCE><SENTENCE id="s732" start="10290" end="10355"><TEXT>there is a black night table with burning lamps on both sides .</TEXT><SPATIALINDICATOR id="S479" start="48" end="50" text="on"/><TRAJECTOR id="T479" start="42" end="47" text="lamps"/><LANDMARK id="L479" start="51" end="61" text="both sides"/><RELATION id="SR441" trajector_id="T479" landmark_id="L479" spatial_indicator_id="S479" general_type="" specific_type="" RCC8_value="" FoR=""/></SENTENCE><SENTENCE id="s733" start="10355" end="10422"><TEXT>there is also a telephone on the right and a closet on the left .</TEXT><SPATIALINDICATOR id="S481" start="52" end="63" text="on the left"/><TRAJECTOR id="T481" start="43" end="51" text="a closet"/><LANDMARK id="L481" start="-1" end="-1"/><RELATION id="SR444" trajector_id="T481" landmark_id="L481" spatial_indicator_id="S481" general_type="" specific_type="" RCC8_value="" FoR=""/><SPATIALINDICATOR id="S482" start="26" end="38" text="on the right"/><TRAJECTOR id="T482" start="14" end="25" text="a telephone"/><LANDMARK id="L482" start="-1" end="-1"/><RELATION id="SR446" trajector_id="T482" landmark_id="L482" spatial_indicator_id="S482" general_type="" specific_type="" RCC8_value="" FoR=""/></SENTENCE></SCENE>
    <SCENE>
        <DOCNO>annotations/01/1149.eng</DOCNO>
        <IMAGE>images/01/1149.jpg</IMAGE>
        <SENTENCE id="s734" start="10422" end="10493"><TEXT>a white house with arches , columns and flower pots at the entrance .</TEXT><SPATIALINDICATOR id="S486" start="52" end="54" text="at"/><TRAJECTOR id="T486" start="40" end="51" text="flower pots"/><TRAJECTOR id="T487" start="28" end="35" text="columns"/><LANDMARK id="L488" start="55" end="67" text="the entrance"/><RELATION id="SR449" trajector_id="T486" landmark_id="L488" spatial_indicator_id="S486" general_type="" specific_type="" RCC8_value="" FoR=""/><RELATION id="SR450" trajector_id="T487" landmark_id="L488" spatial_indicator_id="S486" general_type="" specific_type="" RCC8_value="" FoR=""/></SENTENCE><SENTENCE id="s735" start="10493" end="10603"><TEXT>there is another arched gate in red colour behind it , and an iron rail on the balcony of the second floor .</TEXT><SPATIALINDICATOR id="S490" start="72" end="74" text="on"/><TRAJECTOR id="T490" start="59" end="71" text="an iron rail"/><LANDMARK id="L490" start="75" end="106" text="the balcony of the second floor"/><RELATION id="SR453" trajector_id="T490" landmark_id="L490" spatial_indicator_id="S490" general_type="" specific_type="" RCC8_value="" FoR=""/><SPATIALINDICATOR id="S491" start="43" end="49" text="behind"/><TRAJECTOR id="T491" start="32" end="42" text="red colour"/><LANDMARK id="L491" start="50" end="52" text="it"/><RELATION id="SR455" trajector_id="T491" landmark_id="L491" spatial_indicator_id="S491" general_type="" specific_type="" RCC8_value="" FoR=""/><SPATIALINDICATOR id="S492" start="29" end="31" text="in"/><TRAJECTOR id="T492" start="9" end="28" text="another arched gate"/><LANDMARK id="L492" start="32" end="42" text="red colour"/><RELATION id="SR457" trajector_id="T492" landmark_id="L492" spatial_indicator_id="S492" general_type="" specific_type="" RCC8_value="" FoR=""/></SENTENCE></SCENE>
    <SCENE>
        <DOCNO>annotations/01/1152.eng</DOCNO>
        <IMAGE>images/01/1152.jpg</IMAGE>
        <SENTENCE id="s736" start="10603" end="10763"><TEXT>a room with white walls , a double bed made of wood with a green bedcover with black and white decoration and night tables with a bedside lamp on both sides .</TEXT></SENTENCE></SCENE>
    <SCENE>
        <DOCNO>annotations/01/1153.eng</DOCNO>
        <IMAGE>images/01/1153.jpg</IMAGE>
        <SENTENCE id="s737" start="10763" end="10873"><TEXT>a room with white walls , a double bed made of iron and with a red bedcover and a striped blanket above it .</TEXT></SENTENCE><SENTENCE id="s738" start="10873" end="10954"><TEXT>night tables on both sides and with a phone and a plastic bottle on the right .</TEXT><SPATIALINDICATOR id="S499" start="13" end="15" text="on"/><TRAJECTOR id="T499" start="0" end="12" text="night tables"/><LANDMARK id="L499" start="36" end="43" text="a phone"/><LANDMARK id="L500" start="16" end="26" text="both sides"/><RELATION id="SR462" trajector_id="T499" landmark_id="L499" spatial_indicator_id="S499" general_type="" specific_type="" RCC8_value="" FoR=""/><RELATION id="SR463" trajector_id="T499" landmark_id="L500" spatial_indicator_id="S499" general_type="" specific_type="" RCC8_value="" FoR=""/><SPATIALINDICATOR id="S502" start="65" end="77" text="on the right"/><TRAJECTOR id="T502" start="48" end="64" text="a plastic bottle"/><LANDMARK id="L502" start="-1" end="-1"/><RELATION id="SR465" trajector_id="T502" landmark_id="L502" spatial_indicator_id="S502" general_type="" specific_type="" RCC8_value="" FoR=""/></SENTENCE></SCENE>
    <SCENE>
        <DOCNO>annotations/01/1154.eng</DOCNO>
        <IMAGE>images/01/1154.jpg</IMAGE>
        <SENTENCE id="s739" start="10954" end="11047"><TEXT>a white house with black window frames , stairs with iron rails and a few creeping plants .</TEXT></SENTENCE></SCENE>
    <SCENE>
        <DOCNO>annotations/01/1155.eng</DOCNO>
        <IMAGE>images/01/1155.jpg</IMAGE>
        <SENTENCE id="s740" start="11047" end="11142"><TEXT>a very large room with a double bed made of wood with a night table and lamps on both sides .</TEXT><SPATIALINDICATOR id="S509" start="78" end="80" text="on"/><TRAJECTOR id="T509" start="54" end="67" text="a night table"/><TRAJECTOR id="T510" start="44" end="48" text="wood"/><TRAJECTOR id="T511" start="72" end="77" text="lamps"/><LANDMARK id="L512" start="81" end="91" text="both sides"/><RELATION id="SR469" trajector_id="T509" landmark_id="L512" spatial_indicator_id="S509" general_type="" specific_type="" RCC8_value="" FoR=""/><RELATION id="SR470" trajector_id="T510" landmark_id="L512" spatial_indicator_id="S509" general_type="" specific_type="" RCC8_value="" FoR=""/><RELATION id="SR471" trajector_id="T511" landmark_id="L512" spatial_indicator_id="S509" general_type="" specific_type="" RCC8_value="" FoR=""/></SENTENCE><SENTENCE id="s741" start="11142" end="11267"><TEXT>there is a brown couch in the foreground , behind it a TV , a commode and in the far corner a round table with two chairs .</TEXT><SPATIALINDICATOR id="S514" start="74" end="76" text="in"/><TRAJECTOR id="T514" start="60" end="69" text="a commode"/><TRAJECTOR id="T515" start="53" end="57" text="a TV"/><TRAJECTOR id="T516" start="77" end="91" text="the far corner"/><LANDMARK id="L517" start="77" end="91" text="the far corner"/><RELATION id="SR474" trajector_id="T514" landmark_id="L517" spatial_indicator_id="S514" general_type="" specific_type="" RCC8_value="" FoR=""/><RELATION id="SR475" trajector_id="T515" landmark_id="L517" spatial_indicator_id="S514" general_type="" specific_type="" RCC8_value="" FoR=""/><RELATION id="SR476" trajector_id="T516" landmark_id="L517" spatial_indicator_id="S514" general_type="" specific_type="" RCC8_value="" FoR=""/><SPATIALINDICATOR id="S518" start="43" end="49" text="behind"/><TRAJECTOR id="T518" start="26" end="40" text="the foreground"/><LANDMARK id="L518" start="50" end="52" text="it"/><RELATION id="SR478" trajector_id="T518" landmark_id="L518" spatial_indicator_id="S518" general_type="" specific_type="" RCC8_value="" FoR=""/><SPATIALINDICATOR id="S519" start="23" end="25" text="in"/><TRAJECTOR id="T519" start="9" end="22" text="a brown couch"/><LANDMARK id="L519" start="26" end="40" text="the foreground"/><RELATION id="SR480" trajector_id="T519" landmark_id="L519" spatial_indicator_id="S519" general_type="" specific_type="" RCC8_value="" FoR=""/></SENTENCE><SENTENCE id="s742" start="11267" end="11368"><TEXT>there is also a window with white curtains in the background , and there are pictures on the wall .</TEXT><SPATIALINDICATOR id="S521" start="43" end="45" text="in"/><TRAJECTOR id="T521" start="14" end="22" text="a window"/><LANDMARK id="L521" start="46" end="60" text="the background"/><RELATION id="SR483" trajector_id="T521" landmark_id="L521" spatial_indicator_id="S521" general_type="" specific_type="" RCC8_value="" FoR=""/><SPATIALINDICATOR id="S522" start="86" end="88" text="on"/><TRAJECTOR id="T522" start="77" end="85" text="pictures"/><LANDMARK id="L522" start="89" end="97" text="the wall"/><RELATION id="SR485" trajector_id="T522" landmark_id="L522" spatial_indicator_id="S522" general_type="" specific_type="" RCC8_value="" FoR=""/></SENTENCE></SCENE>
    <SCENE>
        <DOCNO>annotations/01/1156.eng</DOCNO>
        <IMAGE>images/01/1156.jpg</IMAGE>
        <SENTENCE id="s743" start="11368" end="11486"><TEXT>a white two-storey building with a lot of columns , red rooftiles and a big swimming pool and a spa in front of it .</TEXT><SPATIALINDICATOR id="S526" start="100" end="111" text="in front of"/><TRAJECTOR id="T526" start="94" end="99" text="a spa"/><TRAJECTOR id="T527" start="70" end="89" text="a big swimming pool"/><TRAJECTOR id="T528" start="52" end="65" text="red rooftiles"/><LANDMARK id="L529" start="112" end="114" text="it"/><RELATION id="SR488" trajector_id="T526" landmark_id="L529" spatial_indicator_id="S526" general_type="" specific_type="" RCC8_value="" FoR=""/><RELATION id="SR489" trajector_id="T527" landmark_id="L529" spatial_indicator_id="S526" general_type="" specific_type="" RCC8_value="" FoR=""/><RELATION id="SR490" trajector_id="T528" landmark_id="L529" spatial_indicator_id="S526" general_type="" specific_type="" RCC8_value="" FoR=""/></SENTENCE><SENTENCE id="s744" start="11486" end="11540"><TEXT>there is a lawn on the right with large palm leafs .</TEXT><SPATIALINDICATOR id="S531" start="16" end="28" text="on the right"/><TRAJECTOR id="T531" start="9" end="15" text="a lawn"/><LANDMARK id="L531" start="-1" end="-1"/><RELATION id="SR493" trajector_id="T531" landmark_id="L531" spatial_indicator_id="S531" general_type="" specific_type="" RCC8_value="" FoR=""/></SENTENCE></SCENE>
    <SCENE>
        <DOCNO>annotations/01/1157.eng</DOCNO>
        <IMAGE>images/01/1157.jpg</IMAGE>
        <SENTENCE id="s745" start="11540" end="11574"><TEXT>a large room with yellow walls .</TEXT></SENTENCE><SENTENCE id="s746" start="11574" end="11675"><TEXT>there are two single beds with light blue bedcovers on the left , and two arm chairs on the right .</TEXT><SPATIALINDICATOR id="S537" start="52" end="63" text="on the left"/><TRAJECTOR id="T537" start="31" end="51" text="light blue bedcovers"/><TRAJECTOR id="T538" start="10" end="25" text="two single beds"/><LANDMARK id="L539" start="-1" end="-1"/><RELATION id="SR497" trajector_id="T537" landmark_id="L539" spatial_indicator_id="S537" general_type="" specific_type="" RCC8_value="" FoR=""/><RELATION id="SR498" trajector_id="T538" landmark_id="L539" spatial_indicator_id="S537" general_type="" specific_type="" RCC8_value="" FoR=""/><SPATIALINDICATOR id="S540" start="85" end="97" text="on the right"/><TRAJECTOR id="T540" start="70" end="84" text="two arm chairs"/><LANDMARK id="L540" start="-1" end="-1"/><RELATION id="SR500" trajector_id="T540" landmark_id="L540" spatial_indicator_id="S540" general_type="" specific_type="" RCC8_value="" FoR=""/></SENTENCE><SENTENCE id="s747" start="11675" end="11784"><TEXT>the are a table , two red chairs , a potted plant and a window with light blue curtains in the background .</TEXT><SPATIALINDICATOR id="S542" start="88" end="90" text="in"/><TRAJECTOR id="T542" start="68" end="87" text="light blue curtains"/><LANDMARK id="L542" start="91" end="105" text="the background"/><RELATION id="SR503" trajector_id="T542" landmark_id="L542" spatial_indicator_id="S542" general_type="" specific_type="" RCC8_value="" FoR=""/></SENTENCE></SCENE>
    <SCENE>
        <DOCNO>annotations/01/1158.eng</DOCNO>
        <IMAGE>images/01/1158.jpg</IMAGE>
        <SENTENCE id="s748" start="11784" end="11866"><TEXT>the waiting hall of a yellow three-storey building with a lot of potted plants .</TEXT></SENTENCE><SENTENCE id="s749" start="11866" end="12039"><TEXT>the single rooms are on the left , there is a table with lots of arm chairs around it , and behind it a fountain with even more plants , and glass wall in the background .</TEXT><SPATIALINDICATOR id="S547" start="152" end="154" text="in"/><TRAJECTOR id="T547" start="141" end="151" text="glass wall"/><LANDMARK id="L547" start="155" end="169" text="the background"/><RELATION id="SR507" trajector_id="T547" landmark_id="L547" spatial_indicator_id="S547" general_type="" specific_type="" RCC8_value="" FoR=""/><SPATIALINDICATOR id="S548" start="76" end="82" text="around"/><TRAJECTOR id="T548" start="44" end="51" text="a table"/><TRAJECTOR id="T549" start="57" end="75" text="lots of arm chairs"/><LANDMARK id="L550" start="83" end="85" text="it"/><RELATION id="SR509" trajector_id="T548" landmark_id="L550" spatial_indicator_id="S548" general_type="" specific_type="" RCC8_value="" FoR=""/><RELATION id="SR510" trajector_id="T549" landmark_id="L550" spatial_indicator_id="S548" general_type="" specific_type="" RCC8_value="" FoR=""/><SPATIALINDICATOR id="S551" start="92" end="98" text="behind"/><TRAJECTOR id="T551" start="83" end="85" text="it"/><LANDMARK id="L551" start="99" end="101" text="it"/><RELATION id="SR512" trajector_id="T551" landmark_id="L551" spatial_indicator_id="S551" general_type="" specific_type="" RCC8_value="" FoR=""/><SPATIALINDICATOR id="S552" start="21" end="32" text="on the left"/><TRAJECTOR id="T552" start="0" end="16" text="the single rooms"/><LANDMARK id="L552" start="-1" end="-1"/><RELATION id="SR514" trajector_id="T552" landmark_id="L552" spatial_indicator_id="S552" general_type="" specific_type="" RCC8_value="" FoR=""/></SENTENCE></SCENE>
    <SCENE>
        <DOCNO>annotations/01/1159.eng</DOCNO>
        <IMAGE>images/01/1159.jpg</IMAGE>
        <SENTENCE id="s750" start="12039" end="12169"><TEXT>a room with white walls , a double bed made of wood with an orange and blue bedcover and a night table with a lamp to the left .</TEXT></SENTENCE><SENTENCE id="s751" start="12169" end="12258"><TEXT>there is also a window with a wooden frame and a light brown curtain on the very left .</TEXT></SENTENCE></SCENE>
    <SCENE>
        <DOCNO>annotations/01/1160.eng</DOCNO>
        <IMAGE>images/01/1160.jpg</IMAGE>
        <SENTENCE id="s752" start="12258" end="12338"><TEXT>a white one-storey terraced house with windows behind bars and red rooftiles .</TEXT><SPATIALINDICATOR id="S560" start="47" end="53" text="behind"/><TRAJECTOR id="T560" start="39" end="46" text="windows"/><TRAJECTOR id="T561" start="2" end="33" text="white one-storey terraced house"/><LANDMARK id="L562" start="54" end="58" text="bars"/><LANDMARK id="L563" start="63" end="76" text="red rooftiles"/><RELATION id="SR519" trajector_id="T560" landmark_id="L562" spatial_indicator_id="S560" general_type="" specific_type="" RCC8_value="" FoR=""/><RELATION id="SR520" trajector_id="T560" landmark_id="L563" spatial_indicator_id="S560" general_type="" specific_type="" RCC8_value="" FoR=""/><RELATION id="SR521" trajector_id="T561" landmark_id="L562" spatial_indicator_id="S560" general_type="" specific_type="" RCC8_value="" FoR=""/><RELATION id="SR522" trajector_id="T561" landmark_id="L563" spatial_indicator_id="S560" general_type="" specific_type="" RCC8_value="" FoR=""/></SENTENCE><SENTENCE id="s753" start="12338" end="12398"><TEXT>there is a tree behind a brownish red fence on the right .</TEXT><SPATIALINDICATOR id="S566" start="16" end="22" text="behind"/><TRAJECTOR id="T566" start="9" end="15" text="a tree"/><LANDMARK id="L566" start="23" end="43" text="a brownish red fence"/><RELATION id="SR525" trajector_id="T566" landmark_id="L566" spatial_indicator_id="S566" general_type="" specific_type="" RCC8_value="" FoR=""/><SPATIALINDICATOR id="S567" start="44" end="56" text="on the right"/><TRAJECTOR id="T567" start="23" end="43" text="a brownish red fence"/><LANDMARK id="L567" start="-1" end="-1"/><RELATION id="SR527" trajector_id="T567" landmark_id="L567" spatial_indicator_id="S567" general_type="" specific_type="" RCC8_value="" FoR=""/></SENTENCE></SCENE>
    <SCENE>
        <DOCNO>annotations/01/1166.eng</DOCNO>
        <IMAGE>images/01/1166.jpg</IMAGE>
        <SENTENCE id="s754" start="12398" end="12515"><TEXT>a room with light yellow walls and two single beds made of wood in a row , with different multicoloured bedcovers .</TEXT><LANDMARK id="L570" start="67" end="72" text="a row"/><SPATIALINDICATOR id="S570" start="64" end="66" text="in"/><TRAJECTOR id="T570" start="59" end="63" text="wood"/><RELATION id="SR530" trajector_id="T570" landmark_id="L570" spatial_indicator_id="S570" general_type="" specific_type="" RCC8_value="" FoR=""/></SENTENCE></SCENE>
    <SCENE>
        <DOCNO>annotations/01/1167.eng</DOCNO>
        <IMAGE>images/01/1167.jpg</IMAGE>
        <SENTENCE id="s755" start="12515" end="12642"><TEXT>a table with four chairs around it on a couryard of a light yellow house plastered with red bricks and with a lot of plants .</TEXT><SPATIALINDICATOR id="S574" start="25" end="31" text="around"/><TRAJECTOR id="T574" start="0" end="7" text="a table"/><TRAJECTOR id="T575" start="13" end="24" text="four chairs"/><LANDMARK id="L576" start="32" end="34" text="it"/><RELATION id="SR534" trajector_id="T574" landmark_id="L576" spatial_indicator_id="S574" general_type="" specific_type="" RCC8_value="" FoR=""/><RELATION id="SR535" trajector_id="T575" landmark_id="L576" spatial_indicator_id="S574" general_type="" specific_type="" RCC8_value="" FoR=""/><SPATIALINDICATOR id="S577" start="35" end="37" text="on"/><TRAJECTOR id="T577" start="32" end="34" text="it"/><LANDMARK id="L577" start="38" end="72" text="a couryard of a light yellow house"/><LANDMARK id="L578" start="108" end="123" text="a lot of plants"/><RELATION id="SR537" trajector_id="T577" landmark_id="L577" spatial_indicator_id="S577" general_type="" specific_type="" RCC8_value="" FoR=""/><RELATION id="SR538" trajector_id="T577" landmark_id="L578" spatial_indicator_id="S577" general_type="" specific_type="" RCC8_value="" FoR=""/></SENTENCE><SENTENCE id="s756" start="12642" end="12700"><TEXT>there is a pink hammock in the background on the right .</TEXT><SPATIALINDICATOR id="S581" start="24" end="26" text="in"/><TRAJECTOR id="T581" start="9" end="23" text="a pink hammock"/><LANDMARK id="L581" start="27" end="41" text="the background"/><RELATION id="SR541" trajector_id="T581" landmark_id="L581" spatial_indicator_id="S581" general_type="" specific_type="" RCC8_value="" FoR=""/><SPATIALINDICATOR id="S582" start="42" end="54" text="on the right"/><TRAJECTOR id="T582" start="27" end="41" text="the background"/><LANDMARK id="L582" start="-1" end="-1"/><RELATION id="SR543" trajector_id="T582" landmark_id="L582" spatial_indicator_id="S582" general_type="" specific_type="" RCC8_value="" FoR=""/></SENTENCE></SCENE>
    <SCENE>
        <DOCNO>annotations/01/1168.eng</DOCNO>
        <IMAGE>images/01/1168.jpg</IMAGE>
        <SENTENCE id="s757" start="12700" end="12832"><TEXT>a room with white walls and a single bed made of wood and with a night table on both sides , and an additional phone on the left .</TEXT><SPATIALINDICATOR id="S586" start="117" end="128" text="on the left"/><TRAJECTOR id="T586" start="97" end="116" text="an additional phone"/><LANDMARK id="L586" start="-1" end="-1"/><RELATION id="SR546" trajector_id="T586" landmark_id="L586" spatial_indicator_id="S586" general_type="" specific_type="" RCC8_value="" FoR=""/><LANDMARK id="L587" start="80" end="90" text="both sides"/><SPATIALINDICATOR id="S587" start="77" end="79" text="on"/><TRAJECTOR id="T587" start="63" end="76" text="a night table"/><TRAJECTOR id="T588" start="49" end="53" text="wood"/><RELATION id="SR548" trajector_id="T587" landmark_id="L587" spatial_indicator_id="S587" general_type="" specific_type="" RCC8_value="" FoR=""/><RELATION id="SR549" trajector_id="T588" landmark_id="L587" spatial_indicator_id="S587" general_type="" specific_type="" RCC8_value="" FoR=""/></SENTENCE><SENTENCE id="s758" start="12832" end="12929"><TEXT>there is a green bedcover with white flowers on the bed , and a pink curtain on the very left .</TEXT><SPATIALINDICATOR id="S591" start="45" end="47" text="on"/><TRAJECTOR id="T591" start="9" end="25" text="a green bedcover"/><LANDMARK id="L591" start="48" end="55" text="the bed"/><RELATION id="SR553" trajector_id="T591" landmark_id="L591" spatial_indicator_id="S591" general_type="" specific_type="" RCC8_value="" FoR=""/></SENTENCE></SCENE>
    <SCENE>
        <DOCNO>annotations/01/1169.eng</DOCNO>
        <IMAGE>images/01/1169.jpg</IMAGE>
        <SENTENCE id="s759" start="12929" end="12989"><TEXT>a four-storey building with arched windows and balconies .</TEXT></SENTENCE><SENTENCE id="s760" start="12989" end="13109"><TEXT>there are cars parking in front of the house , and behind it there is another two-storey building with red rooftiles .</TEXT><SPATIALINDICATOR id="S596" start="51" end="57" text="behind"/><TRAJECTOR id="T596" start="35" end="44" text="the house"/><LANDMARK id="L596" start="58" end="60" text="it"/><RELATION id="SR557" trajector_id="T596" landmark_id="L596" spatial_indicator_id="S596" general_type="" specific_type="" RCC8_value="" FoR=""/><SPATIALINDICATOR id="S597" start="23" end="34" text="in front of"/><TRAJECTOR id="T597" start="10" end="22" text="cars parking"/><LANDMARK id="L597" start="35" end="44" text="the house"/><RELATION id="SR559" trajector_id="T597" landmark_id="L597" spatial_indicator_id="S597" general_type="" specific_type="" RCC8_value="" FoR=""/></SENTENCE></SCENE>
    <SCENE>
        <DOCNO>annotations/01/1170.eng</DOCNO>
        <IMAGE>images/01/1170.jpg</IMAGE>
        <SENTENCE id="s761" start="13109" end="13228"><TEXT>a room with white walls ( that are supported by wooden pillars ) and a multicoloured curtain in front of the window .</TEXT><SPATIALINDICATOR id="S601" start="93" end="104" text="in front of"/><TRAJECTOR id="T601" start="69" end="92" text="a multicoloured curtain"/><LANDMARK id="L601" start="105" end="115" text="the window"/><RELATION id="SR562" trajector_id="T601" landmark_id="L601" spatial_indicator_id="S601" general_type="" specific_type="" RCC8_value="" FoR=""/></SENTENCE><SENTENCE id="s762" start="13228" end="13371"><TEXT>there is a single bed made of wood with a light blue blanket and a green mosquito net at the bed-head , and an open wooden door on the left .</TEXT><SPATIALINDICATOR id="S603" start="86" end="88" text="at"/><TRAJECTOR id="T603" start="65" end="85" text="a green mosquito net"/><TRAJECTOR id="T604" start="40" end="60" text="a light blue blanket"/><TRAJECTOR id="T605" start="30" end="34" text="wood"/><LANDMARK id="L606" start="89" end="101" text="the bed-head"/><RELATION id="SR565" trajector_id="T603" landmark_id="L606" spatial_indicator_id="S603" general_type="" specific_type="" RCC8_value="" FoR=""/><RELATION id="SR566" trajector_id="T604" landmark_id="L606" spatial_indicator_id="S603" general_type="" specific_type="" RCC8_value="" FoR=""/><RELATION id="SR567" trajector_id="T605" landmark_id="L606" spatial_indicator_id="S603" general_type="" specific_type="" RCC8_value="" FoR=""/><SPATIALINDICATOR id="S607" start="128" end="139" text="on the left"/><TRAJECTOR id="T607" start="108" end="127" text="an open wooden door"/><LANDMARK id="L607" start="-1" end="-1"/><RELATION id="SR569" trajector_id="T607" landmark_id="L607" spatial_indicator_id="S607" general_type="" specific_type="" RCC8_value="" FoR=""/></SENTENCE></SCENE>
    <SCENE>
        <DOCNO>annotations/01/1171.eng</DOCNO>
        <IMAGE>images/01/1171.jpg</IMAGE>
        <SENTENCE id="s763" start="13371" end="13489"><TEXT>a two-storey house made of wood and with a thatched roof , with balconies on both levels , wooden rails and stairs .</TEXT></SENTENCE><SENTENCE id="s764" start="13489" end="13605"><TEXT>there is a little table with chairs , an canvas chair and lots of plants around it in the foreground on the left .</TEXT><SPATIALINDICATOR id="S612" start="73" end="79" text="around"/><TRAJECTOR id="T612" start="58" end="72" text="lots of plants"/><TRAJECTOR id="T613" start="38" end="53" text="an canvas chair"/><LANDMARK id="L614" start="80" end="82" text="it"/><RELATION id="SR573" trajector_id="T612" landmark_id="L614" spatial_indicator_id="S612" general_type="" specific_type="" RCC8_value="" FoR=""/><RELATION id="SR574" trajector_id="T613" landmark_id="L614" spatial_indicator_id="S612" general_type="" specific_type="" RCC8_value="" FoR=""/><SPATIALINDICATOR id="S615" start="83" end="85" text="in"/><TRAJECTOR id="T615" start="80" end="82" text="it"/><LANDMARK id="L615" start="86" end="100" text="the foreground"/><RELATION id="SR576" trajector_id="T615" landmark_id="L615" spatial_indicator_id="S615" general_type="" specific_type="" RCC8_value="" FoR=""/><SPATIALINDICATOR id="S616" start="101" end="112" text="on the left"/><TRAJECTOR id="T616" start="86" end="100" text="the foreground"/><LANDMARK id="L616" start="-1" end="-1"/><RELATION id="SR578" trajector_id="T616" landmark_id="L616" spatial_indicator_id="S616" general_type="" specific_type="" RCC8_value="" FoR=""/></SENTENCE></SCENE>
    <SCENE>
        <DOCNO>annotations/01/1172.eng</DOCNO>
        <IMAGE>images/01/1172.jpg</IMAGE>
        <SENTENCE id="s765" start="13605" end="13757"><TEXT>a room with a grey and turquoise wall and a single bed on the left and on the right , with a white mattress and a blue and grey blanket on top of it .</TEXT><SPATIALINDICATOR id="S621" start="136" end="145" text="on top of"/><TRAJECTOR id="T621" start="114" end="135" text="blue and grey blanket"/><LANDMARK id="L621" start="146" end="148" text="it"/><RELATION id="SR581" trajector_id="T621" landmark_id="L621" spatial_indicator_id="S621" general_type="" specific_type="" RCC8_value="" FoR=""/><SPATIALINDICATOR id="S622" start="55" end="66" text="on the left"/><TRAJECTOR id="T622" start="42" end="54" text="a single bed"/><LANDMARK id="L622" start="-1" end="-1"/><RELATION id="SR583" trajector_id="T622" landmark_id="L622" spatial_indicator_id="S622" general_type="" specific_type="" RCC8_value="" FoR=""/></SENTENCE><SENTENCE id="s766" start="13757" end="13838"><TEXT>there is also a sleeping bag on the bed on the left and a backpack next to it .</TEXT><SPATIALINDICATOR id="S624" start="29" end="31" text="on"/><TRAJECTOR id="T624" start="14" end="28" text="a sleeping bag"/><LANDMARK id="L624" start="32" end="39" text="the bed"/><RELATION id="SR586" trajector_id="T624" landmark_id="L624" spatial_indicator_id="S624" general_type="" specific_type="" RCC8_value="" FoR=""/><SPATIALINDICATOR id="S625" start="40" end="51" text="on the left"/><TRAJECTOR id="T625" start="32" end="39" text="the bed"/><LANDMARK id="L625" start="-1" end="-1"/><RELATION id="SR588" trajector_id="T625" landmark_id="L625" spatial_indicator_id="S625" general_type="" specific_type="" RCC8_value="" FoR=""/></SENTENCE><SENTENCE id="s767" start="13838" end="13887"><TEXT>there is a fireplace with some ash in between .</TEXT></SENTENCE></SCENE>
    <SCENE>
        <DOCNO>annotations/01/1175.eng</DOCNO>
        <IMAGE>images/01/1175.jpg</IMAGE>
        <SENTENCE id="s768" start="13887" end="14041"><TEXT>a room with light pink walls , a double bed made of wood with a white bedcover with orange and pink squares , and a black and red carpet over the bead .</TEXT></SENTENCE><SENTENCE id="s769" start="14041" end="14127"><TEXT>there is a door to the bathroom on the right , and before it a light brown commode .</TEXT><SPATIALINDICATOR id="S631" start="32" end="44" text="on the right"/><TRAJECTOR id="T631" start="19" end="31" text="the bathroom"/><LANDMARK id="L631" start="-1" end="-1"/><RELATION id="SR593" trajector_id="T631" landmark_id="L631" spatial_indicator_id="S631" general_type="" specific_type="" RCC8_value="" FoR=""/></SENTENCE></SCENE>
    <SCENE>
        <DOCNO>annotations/01/1176.eng</DOCNO>
        <IMAGE>images/01/1176.jpg</IMAGE>
        <SENTENCE id="s770" start="14127" end="14299"><TEXT>view of a white two- and three-storey building , with many columns , tables and potted plants on the ground level and turquoise rails on the balcony on the second floor .</TEXT><SPATIALINDICATOR id="S634" start="149" end="151" text="on"/><TRAJECTOR id="T634" start="137" end="148" text="the balcony"/><LANDMARK id="L634" start="152" end="168" text="the second floor"/><RELATION id="SR596" trajector_id="T634" landmark_id="L634" spatial_indicator_id="S634" general_type="" specific_type="" RCC8_value="" FoR=""/><SPATIALINDICATOR id="S635" start="134" end="136" text="on"/><TRAJECTOR id="T635" start="118" end="133" text="turquoise rails"/><LANDMARK id="L635" start="137" end="148" text="the balcony"/><RELATION id="SR598" trajector_id="T635" landmark_id="L635" spatial_indicator_id="S635" general_type="" specific_type="" RCC8_value="" FoR=""/><SPATIALINDICATOR id="S636" start="94" end="96" text="on"/><TRAJECTOR id="T636" start="69" end="75" text="tables"/><TRAJECTOR id="T637" start="80" end="93" text="potted plants"/><LANDMARK id="L638" start="118" end="133" text="turquoise rails"/><LANDMARK id="L639" start="97" end="113" text="the ground level"/><RELATION id="SR600" trajector_id="T636" landmark_id="L638" spatial_indicator_id="S636" general_type="" specific_type="" RCC8_value="" FoR=""/><RELATION id="SR601" trajector_id="T636" landmark_id="L639" spatial_indicator_id="S636" general_type="" specific_type="" RCC8_value="" FoR=""/><RELATION id="SR602" trajector_id="T637" landmark_id="L638" spatial_indicator_id="S636" general_type="" specific_type="" RCC8_value="" FoR=""/><RELATION id="SR603" trajector_id="T637" landmark_id="L639" spatial_indicator_id="S636" general_type="" specific_type="" RCC8_value="" FoR=""/></SENTENCE></SCENE>
    <SCENE>
        <DOCNO>annotations/01/1177.eng</DOCNO>
        <IMAGE>images/01/1177.jpg</IMAGE>
        <SENTENCE id="s771" start="14299" end="14390"><TEXT>there are cars at the roofed entrance of a grey hotel with the writing Hilton Colon Quito</TEXT><SPATIALINDICATOR id="S643" start="15" end="17" text="at"/><TRAJECTOR id="T643" start="10" end="14" text="cars"/><LANDMARK id="L643" start="18" end="53" text="the roofed entrance of a grey hotel"/><RELATION id="SR606" trajector_id="T643" landmark_id="L643" spatial_indicator_id="S643" general_type="" specific_type="" RCC8_value="" FoR=""/></SENTENCE></SCENE>
    <SCENE>
        <DOCNO>annotations/01/1179.eng</DOCNO>
        <IMAGE>images/01/1179.jpg</IMAGE>
        <SENTENCE id="s772" start="14390" end="14525"><TEXT>a very big , longish room with light blue walls , a double bed made of wood , with a night table and a ventilator in the background .</TEXT></SENTENCE><SENTENCE id="s773" start="14525" end="14642"><TEXT>there are also two windows in the background , and two arm chairs , a coffee table and a mirrow in the foreground .</TEXT><SPATIALINDICATOR id="S648" start="96" end="98" text="in"/><TRAJECTOR id="T648" start="51" end="65" text="two arm chairs"/><TRAJECTOR id="T649" start="87" end="95" text="a mirrow"/><TRAJECTOR id="T650" start="68" end="82" text="a coffee table"/><LANDMARK id="L651" start="99" end="113" text="the foreground"/><RELATION id="SR610" trajector_id="T648" landmark_id="L651" spatial_indicator_id="S648" general_type="" specific_type="" RCC8_value="" FoR=""/><RELATION id="SR611" trajector_id="T649" landmark_id="L651" spatial_indicator_id="S648" general_type="" specific_type="" RCC8_value="" FoR=""/><RELATION id="SR612" trajector_id="T650" landmark_id="L651" spatial_indicator_id="S648" general_type="" specific_type="" RCC8_value="" FoR=""/><SPATIALINDICATOR id="S652" start="27" end="29" text="in"/><TRAJECTOR id="T652" start="15" end="26" text="two windows"/><LANDMARK id="L652" start="30" end="44" text="the background"/><RELATION id="SR614" trajector_id="T652" landmark_id="L652" spatial_indicator_id="S652" general_type="" specific_type="" RCC8_value="" FoR=""/></SENTENCE></SCENE>
    <SCENE>
        <DOCNO>annotations/01/1183.eng</DOCNO>
        <IMAGE>images/01/1183.jpg</IMAGE>
        <SENTENCE id="s774" start="14642" end="14791"><TEXT>a room with white walls , a double bed made of wood with a multicoloured bedcover and a night table on both sides , each having a lamp above them .</TEXT><SPATIALINDICATOR id="S656" start="100" end="102" text="on"/><TRAJECTOR id="T656" start="47" end="51" text="wood"/><TRAJECTOR id="T657" start="86" end="99" text="a night table"/><TRAJECTOR id="T658" start="57" end="81" text="a multicoloured bedcover"/><LANDMARK id="L659" start="103" end="113" text="both sides"/><RELATION id="SR617" trajector_id="T656" landmark_id="L659" spatial_indicator_id="S656" general_type="" specific_type="" RCC8_value="" FoR=""/><RELATION id="SR618" trajector_id="T657" landmark_id="L659" spatial_indicator_id="S656" general_type="" specific_type="" RCC8_value="" FoR=""/><RELATION id="SR619" trajector_id="T658" landmark_id="L659" spatial_indicator_id="S656" general_type="" specific_type="" RCC8_value="" FoR=""/><SPATIALINDICATOR id="S660" start="135" end="140" text="above"/><TRAJECTOR id="T660" start="128" end="134" text="a lamp"/><LANDMARK id="L660" start="141" end="145" text="them"/><RELATION id="SR621" trajector_id="T660" landmark_id="L660" spatial_indicator_id="S660" general_type="" specific_type="" RCC8_value="" FoR=""/></SENTENCE><SENTENCE id="s775" start="14791" end="14817"><TEXT>a parquet made of wood .</TEXT></SENTENCE></SCENE>
    <SCENE>
        <DOCNO>annotations/01/1184.eng</DOCNO>
        <IMAGE>images/01/1184.jpg</IMAGE>
        <SENTENCE id="s776" start="14817" end="14924"><TEXT>a dark red house with lots of arches and columns , and red rails and a few potted plants in front of it .</TEXT><SPATIALINDICATOR id="S664" start="89" end="100" text="in front of"/><TRAJECTOR id="T664" start="55" end="64" text="red rails"/><TRAJECTOR id="T665" start="69" end="88" text="a few potted plants"/><LANDMARK id="L666" start="101" end="103" text="it"/><RELATION id="SR625" trajector_id="T664" landmark_id="L666" spatial_indicator_id="S664" general_type="" specific_type="" RCC8_value="" FoR=""/><RELATION id="SR626" trajector_id="T665" landmark_id="L666" spatial_indicator_id="S664" general_type="" specific_type="" RCC8_value="" FoR=""/></SENTENCE></SCENE>
    <SCENE>
        <DOCNO>annotations/01/1185.eng</DOCNO>
        <IMAGE>images/01/1185.jpg</IMAGE>
        <SENTENCE id="s777" start="14924" end="15013"><TEXT>a swimming pool with white canvas chairs and palm trees in the background on the left .</TEXT><SPATIALINDICATOR id="S669" start="56" end="58" text="in"/><TRAJECTOR id="T669" start="45" end="55" text="palm trees"/><LANDMARK id="L669" start="59" end="73" text="the background"/><RELATION id="SR629" trajector_id="T669" landmark_id="L669" spatial_indicator_id="S669" general_type="" specific_type="" RCC8_value="" FoR=""/><SPATIALINDICATOR id="S670" start="74" end="85" text="on the left"/><TRAJECTOR id="T670" start="59" end="73" text="the background"/><LANDMARK id="L670" start="-1" end="-1"/><RELATION id="SR631" trajector_id="T670" landmark_id="L670" spatial_indicator_id="S670" general_type="" specific_type="" RCC8_value="" FoR=""/></SENTENCE></SCENE>
    <SCENE>
        <DOCNO>annotations/01/1187.eng</DOCNO>
        <IMAGE>images/01/1187.jpg</IMAGE>
        <SENTENCE id="s778" start="15013" end="15157"><TEXT>a room with white walls , a double bed with a yellow and red chequered bedcover , a night table of both sides and a burning lamp on the left .</TEXT><SPATIALINDICATOR id="S674" start="129" end="140" text="on the left"/><TRAJECTOR id="T674" start="82" end="109" text="a night table of both sides"/><TRAJECTOR id="T675" start="114" end="128" text="a burning lamp"/><LANDMARK id="L676" start="-1" end="-1"/><RELATION id="SR634" trajector_id="T674" landmark_id="L676" spatial_indicator_id="S674" general_type="" specific_type="" RCC8_value="" FoR=""/><RELATION id="SR635" trajector_id="T675" landmark_id="L676" spatial_indicator_id="S674" general_type="" specific_type="" RCC8_value="" FoR=""/></SENTENCE><SENTENCE id="s779" start="15157" end="15261"><TEXT>there is also a wooden table and chair in the background and a fridge in the foreground on the right .</TEXT><SPATIALINDICATOR id="S678" start="70" end="72" text="in"/><TRAJECTOR id="T678" start="61" end="69" text="a fridge"/><LANDMARK id="L678" start="73" end="87" text="the foreground"/><RELATION id="SR638" trajector_id="T678" landmark_id="L678" spatial_indicator_id="S678" general_type="" specific_type="" RCC8_value="" FoR=""/><SPATIALINDICATOR id="S679" start="39" end="41" text="in"/><TRAJECTOR id="T679" start="14" end="28" text="a wooden table"/><TRAJECTOR id="T680" start="33" end="38" text="chair"/><LANDMARK id="L681" start="42" end="56" text="the background"/><LANDMARK id="L682" start="61" end="69" text="a fridge"/><RELATION id="SR640" trajector_id="T679" landmark_id="L681" spatial_indicator_id="S679" general_type="" specific_type="" RCC8_value="" FoR=""/><RELATION id="SR641" trajector_id="T679" landmark_id="L682" spatial_indicator_id="S679" general_type="" specific_type="" RCC8_value="" FoR=""/><RELATION id="SR642" trajector_id="T680" landmark_id="L681" spatial_indicator_id="S679" general_type="" specific_type="" RCC8_value="" FoR=""/><RELATION id="SR643" trajector_id="T680" landmark_id="L682" spatial_indicator_id="S679" general_type="" specific_type="" RCC8_value="" FoR=""/><SPATIALINDICATOR id="S684" start="88" end="100" text="on the right"/><TRAJECTOR id="T684" start="73" end="87" text="the foreground"/><LANDMARK id="L684" start="-1" end="-1"/><RELATION id="SR645" trajector_id="T684" landmark_id="L684" spatial_indicator_id="S684" general_type="" specific_type="" RCC8_value="" FoR=""/></SENTENCE></SCENE>
    <SCENE>
        <DOCNO>annotations/01/1188.eng</DOCNO>
        <IMAGE>images/01/1188.jpg</IMAGE>
        <SENTENCE id="s780" start="15261" end="15336"><TEXT>a white house with stairs , arches and columns in front of the entrance .</TEXT><SPATIALINDICATOR id="S688" start="47" end="58" text="in front of"/><TRAJECTOR id="T688" start="39" end="46" text="columns"/><TRAJECTOR id="T689" start="28" end="34" text="arches"/><LANDMARK id="L690" start="59" end="71" text="the entrance"/><RELATION id="SR648" trajector_id="T688" landmark_id="L690" spatial_indicator_id="S688" general_type="" specific_type="" RCC8_value="" FoR=""/><RELATION id="SR649" trajector_id="T689" landmark_id="L690" spatial_indicator_id="S688" general_type="" specific_type="" RCC8_value="" FoR=""/></SENTENCE><SENTENCE id="s781" start="15336" end="15413"><TEXT>there is a garden on the left with a lawn , flowers and little palm trees .</TEXT><SPATIALINDICATOR id="S692" start="18" end="29" text="on the left"/><TRAJECTOR id="T692" start="9" end="17" text="a garden"/><LANDMARK id="L692" start="-1" end="-1"/><RELATION id="SR652" trajector_id="T692" landmark_id="L692" spatial_indicator_id="S692" general_type="" specific_type="" RCC8_value="" FoR=""/></SENTENCE></SCENE>
    <SCENE>
        <DOCNO>annotations/01/1189.eng</DOCNO>
        <IMAGE>images/01/1189.jpg</IMAGE>
        <SENTENCE id="s782" start="15413" end="15487"><TEXT>a room with a single bed , a white bedcover and multicoloured blankets .</TEXT></SENTENCE><SENTENCE id="s783" start="15487" end="15672"><TEXT>there is a green bench on the left , a wooden table with a TV in front of a window with light brown curtains on the right , and a wooden door with glass and blinds in the background .</TEXT><SPATIALINDICATOR id="S697" start="62" end="73" text="in front of"/><TRAJECTOR id="T697" start="57" end="61" text="a TV"/><TRAJECTOR id="T698" start="37" end="51" text="a wooden table"/><LANDMARK id="L699" start="74" end="82" text="a window"/><RELATION id="SR656" trajector_id="T697" landmark_id="L699" spatial_indicator_id="S697" general_type="" specific_type="" RCC8_value="" FoR=""/><RELATION id="SR657" trajector_id="T698" landmark_id="L699" spatial_indicator_id="S697" general_type="" specific_type="" RCC8_value="" FoR=""/><SPATIALINDICATOR id="S700" start="164" end="166" text="in"/><TRAJECTOR id="T700" start="157" end="163" text="blinds"/><LANDMARK id="L700" start="167" end="181" text="the background"/><RELATION id="SR659" trajector_id="T700" landmark_id="L700" spatial_indicator_id="S700" general_type="" specific_type="" RCC8_value="" FoR=""/><SPATIALINDICATOR id="S701" start="23" end="34" text="on the left"/><TRAJECTOR id="T701" start="128" end="141" text="a wooden door"/><TRAJECTOR id="T702" start="9" end="22" text="a green bench"/><TRAJECTOR id="T703" start="37" end="51" text="a wooden table"/><LANDMARK id="L704" start="-1" end="-1"/><RELATION id="SR661" trajector_id="T701" landmark_id="L704" spatial_indicator_id="S701" general_type="" specific_type="" RCC8_value="" FoR=""/><RELATION id="SR662" trajector_id="T702" landmark_id="L704" spatial_indicator_id="S701" general_type="" specific_type="" RCC8_value="" FoR=""/><RELATION id="SR663" trajector_id="T703" landmark_id="L704" spatial_indicator_id="S701" general_type="" specific_type="" RCC8_value="" FoR=""/><SPATIALINDICATOR id="S705" start="109" end="121" text="on the right"/><TRAJECTOR id="T705" start="88" end="108" text="light brown curtains"/><LANDMARK id="L705" start="-1" end="-1"/><RELATION id="SR665" trajector_id="T705" landmark_id="L705" spatial_indicator_id="S705" general_type="" specific_type="" RCC8_value="" FoR=""/></SENTENCE></SCENE>
    <SCENE>
        <DOCNO>annotations/01/1190.eng</DOCNO>
        <IMAGE>images/01/1190.jpg</IMAGE>
        <SENTENCE id="s784" start="15672" end="15840"><TEXT>a light orange three-storey building with blue windows , a garden that is surrounded by an iron fence and white columns , and people walking on a pavement before it .</TEXT><SPATIALINDICATOR id="S708" start="155" end="161" text="before"/><TRAJECTOR id="T708" start="144" end="154" text="a pavement"/><LANDMARK id="L708" start="162" end="164" text="it"/><RELATION id="SR668" trajector_id="T708" landmark_id="L708" spatial_indicator_id="S708" general_type="" specific_type="" RCC8_value="" FoR=""/><LANDMARK id="L709" start="88" end="101" text="an iron fence"/><SPATIALINDICATOR id="S709" start="85" end="87" text="by"/><TRAJECTOR id="T709" start="57" end="65" text="a garden"/><RELATION id="SR671" trajector_id="T709" landmark_id="L709" spatial_indicator_id="S709" general_type="" specific_type="" RCC8_value="" FoR=""/><LANDMARK id="L710" start="144" end="154" text="a pavement"/><SPATIALINDICATOR id="S710" start="141" end="143" text="on"/><TRAJECTOR id="T710" start="126" end="132" text="people"/><RELATION id="SR674" trajector_id="T710" landmark_id="L710" spatial_indicator_id="S710" general_type="" specific_type="" RCC8_value="" FoR=""/></SENTENCE></SCENE>
    <SCENE>
        <DOCNO>annotations/01/1191.eng</DOCNO>
        <IMAGE>images/01/1191.jpg</IMAGE>
        <SENTENCE id="s785" start="15840" end="15999"><TEXT>a room with a double bed and a single bed made of wood , with green , yellow and blue bedcovers and a night table with a lamp and an alarm clock in between .</TEXT></SENTENCE></SCENE>
    <SCENE>
        <DOCNO>annotations/01/1192.eng</DOCNO>
        <IMAGE>images/01/1192.jpg</IMAGE>
        <SENTENCE id="s786" start="15999" end="16125"><TEXT>a room with green and yellow walls , two single beds with multicoloured bedcovers and a night table with a lamp in between .</TEXT></SENTENCE><SENTENCE id="s787" start="16125" end="16251"><TEXT>there is a wooden door that has been painted white on the left , and a big window with open , orange curtains on the right .</TEXT><SPATIALINDICATOR id="S717" start="110" end="122" text="on the right"/><TRAJECTOR id="T717" start="69" end="81" text="a big window"/><TRAJECTOR id="T718" start="87" end="109" text="open , orange curtains"/><LANDMARK id="L719" start="-1" end="-1"/><RELATION id="SR680" trajector_id="T717" landmark_id="L719" spatial_indicator_id="S717" general_type="" specific_type="" RCC8_value="" FoR=""/><RELATION id="SR681" trajector_id="T718" landmark_id="L719" spatial_indicator_id="S717" general_type="" specific_type="" RCC8_value="" FoR=""/></SENTENCE></SCENE>
    <SCENE>
        <DOCNO>annotations/01/1193.eng</DOCNO>
        <IMAGE>images/01/1193.jpg</IMAGE>
        <SENTENCE id="s788" start="16251" end="16351"><TEXT>a car is parking in front of a white , three-storey building with big windows and brown curtains .</TEXT><SPATIALINDICATOR id="S723" start="17" end="28" text="in front of"/><TRAJECTOR id="T723" start="0" end="5" text="a car"/><TRAJECTOR id="T724" start="9" end="16" text="parking"/><LANDMARK id="L725" start="31" end="60" text="white , three-storey building"/><RELATION id="SR684" trajector_id="T723" landmark_id="L725" spatial_indicator_id="S723" general_type="" specific_type="" RCC8_value="" FoR=""/><RELATION id="SR685" trajector_id="T724" landmark_id="L725" spatial_indicator_id="S723" general_type="" specific_type="" RCC8_value="" FoR=""/></SENTENCE><SENTENCE id="s789" start="16351" end="16403"><TEXT>there is also a power line in front of the house .</TEXT><SPATIALINDICATOR id="S727" start="27" end="38" text="in front of"/><TRAJECTOR id="T727" start="14" end="26" text="a power line"/><LANDMARK id="L727" start="39" end="48" text="the house"/><RELATION id="SR688" trajector_id="T727" landmark_id="L727" spatial_indicator_id="S727" general_type="" specific_type="" RCC8_value="" FoR=""/></SENTENCE></SCENE>
    <SCENE>
        <DOCNO>annotations/01/1194.eng</DOCNO>
        <IMAGE>images/01/1194.jpg</IMAGE>
        <SENTENCE id="s790" start="16403" end="16492"><TEXT>a room with light orange walls , a single bed with a violet bedcover and white towels .</TEXT></SENTENCE><SENTENCE id="s791" start="16492" end="16586"><TEXT>there is a night table with a lamp on the right and a white and yellow curtain on the left .</TEXT><SPATIALINDICATOR id="S732" start="79" end="90" text="on the left"/><TRAJECTOR id="T732" start="54" end="78" text="white and yellow curtain"/><LANDMARK id="L732" start="-1" end="-1"/><RELATION id="SR692" trajector_id="T732" landmark_id="L732" spatial_indicator_id="S732" general_type="" specific_type="" RCC8_value="" FoR=""/><SPATIALINDICATOR id="S733" start="35" end="47" text="on the right"/><TRAJECTOR id="T733" start="28" end="34" text="a lamp"/><TRAJECTOR id="T734" start="9" end="22" text="a night table"/><TRAJECTOR id="T735" start="54" end="78" text="white and yellow curtain"/><LANDMARK id="L736" start="-1" end="-1"/><RELATION id="SR694" trajector_id="T733" landmark_id="L736" spatial_indicator_id="S733" general_type="" specific_type="" RCC8_value="" FoR=""/><RELATION id="SR695" trajector_id="T734" landmark_id="L736" spatial_indicator_id="S733" general_type="" specific_type="" RCC8_value="" FoR=""/><RELATION id="SR696" trajector_id="T735" landmark_id="L736" spatial_indicator_id="S733" general_type="" specific_type="" RCC8_value="" FoR=""/></SENTENCE></SCENE>
    <SCENE>
        <DOCNO>annotations/01/1195.eng</DOCNO>
        <IMAGE>images/01/1195.jpg</IMAGE>
        <SENTENCE id="s792" start="16586" end="16763"><TEXT>a swimming pool with a blue edge , blue canvas chairs and a blue sunshade on the left , behind it a pink house surround by palm trees , and a big sand dune in the background .</TEXT><SPATIALINDICATOR id="S739" start="156" end="158" text="in"/><TRAJECTOR id="T739" start="140" end="155" text="a big sand dune"/><LANDMARK id="L739" start="159" end="173" text="the background"/><RELATION id="SR699" trajector_id="T739" landmark_id="L739" spatial_indicator_id="S739" general_type="" specific_type="" RCC8_value="" FoR=""/><SPATIALINDICATOR id="S740" start="74" end="85" text="on the left"/><TRAJECTOR id="T740" start="58" end="73" text="a blue sunshade"/><TRAJECTOR id="T741" start="35" end="53" text="blue canvas chairs"/><LANDMARK id="L742" start="-1" end="-1"/><RELATION id="SR701" trajector_id="T740" landmark_id="L742" spatial_indicator_id="S740" general_type="" specific_type="" RCC8_value="" FoR=""/><RELATION id="SR702" trajector_id="T741" landmark_id="L742" spatial_indicator_id="S740" general_type="" specific_type="" RCC8_value="" FoR=""/><LANDMARK id="L743" start="123" end="133" text="palm trees"/><SPATIALINDICATOR id="S743" start="120" end="122" text="by"/><TRAJECTOR id="T743" start="98" end="110" text="a pink house"/><RELATION id="SR704" trajector_id="T743" landmark_id="L743" spatial_indicator_id="S743" general_type="" specific_type="" RCC8_value="" FoR=""/></SENTENCE></SCENE>
    <SCENE>
        <DOCNO>annotations/01/1196.eng</DOCNO>
        <IMAGE>images/01/1196.jpg</IMAGE>
        <SENTENCE id="s793" start="16763" end="16872"><TEXT>a room with a wall made of red bricks ( on the left ) and a white wall with two pictures ( on the right ) .</TEXT><SPATIALINDICATOR id="S748" start="40" end="51" text="on the left"/><TRAJECTOR id="T748" start="27" end="37" text="red bricks"/><TRAJECTOR id="T749" start="58" end="70" text="a white wall"/><LANDMARK id="L750" start="-1" end="-1"/><RELATION id="SR708" trajector_id="T748" landmark_id="L750" spatial_indicator_id="S748" general_type="" specific_type="" RCC8_value="" FoR=""/><RELATION id="SR709" trajector_id="T749" landmark_id="L750" spatial_indicator_id="S748" general_type="" specific_type="" RCC8_value="" FoR=""/></SENTENCE><SENTENCE id="s794" start="16872" end="16961"><TEXT>there are two single beds with brown blankets and a night table and a lamp in between .</TEXT></SENTENCE><SENTENCE id="s795" start="16961" end="17020"><TEXT>there is also a window with purple curtains on the left .</TEXT><SPATIALINDICATOR id="S753" start="44" end="55" text="on the left"/><TRAJECTOR id="T753" start="28" end="43" text="purple curtains"/><TRAJECTOR id="T754" start="14" end="22" text="a window"/><LANDMARK id="L755" start="-1" end="-1"/><RELATION id="SR713" trajector_id="T753" landmark_id="L755" spatial_indicator_id="S753" general_type="" specific_type="" RCC8_value="" FoR=""/><RELATION id="SR714" trajector_id="T754" landmark_id="L755" spatial_indicator_id="S753" general_type="" specific_type="" RCC8_value="" FoR=""/></SENTENCE></SCENE>
    <SCENE>
        <DOCNO>annotations/01/1197.eng</DOCNO>
        <IMAGE>images/01/1197.jpg</IMAGE>
        <SENTENCE id="s796" start="17020" end="17143"><TEXT>a three-storey house made of red bricks with green ornaments and a yellow corner with a sign saying La Posada del Conde .</TEXT></SENTENCE><SENTENCE id="s797" start="17143" end="17177"><TEXT>all levels have arched windows .</TEXT></SENTENCE><SENTENCE id="s798" start="17177" end="17230"><TEXT>there is a jeep in front of the house on the left .</TEXT><SPATIALINDICATOR id="S762" start="16" end="27" text="in front of"/><TRAJECTOR id="T762" start="9" end="15" text="a jeep"/><LANDMARK id="L762" start="28" end="37" text="the house"/><RELATION id="SR719" trajector_id="T762" landmark_id="L762" spatial_indicator_id="S762" general_type="" specific_type="" RCC8_value="" FoR=""/><SPATIALINDICATOR id="S763" start="38" end="49" text="on the left"/><TRAJECTOR id="T763" start="28" end="37" text="the house"/><LANDMARK id="L763" start="-1" end="-1"/><RELATION id="SR721" trajector_id="T763" landmark_id="L763" spatial_indicator_id="S763" general_type="" specific_type="" RCC8_value="" FoR=""/></SENTENCE></SCENE>
    <SCENE>
        <DOCNO>annotations/01/1199.eng</DOCNO>
        <IMAGE>images/01/1199.jpg</IMAGE>
        <SENTENCE id="s799" start="17230" end="17271"><TEXT>a white ship in full speed on the sea .</TEXT><SPATIALINDICATOR id="S767" start="13" end="15" text="in"/><TRAJECTOR id="T767" start="0" end="12" text="a white ship"/><LANDMARK id="L767" start="16" end="26" text="full speed"/><RELATION id="SR724" trajector_id="T767" landmark_id="L767" spatial_indicator_id="S767" general_type="" specific_type="" RCC8_value="" FoR=""/><SPATIALINDICATOR id="S768" start="27" end="29" text="on"/><TRAJECTOR id="T768" start="16" end="26" text="full speed"/><LANDMARK id="L768" start="30" end="37" text="the sea"/><RELATION id="SR726" trajector_id="T768" landmark_id="L768" spatial_indicator_id="S768" general_type="" specific_type="" RCC8_value="" FoR=""/></SENTENCE><SENTENCE id="s800" start="17271" end="17303"><TEXT>a blue sky in the background .</TEXT><SPATIALINDICATOR id="S770" start="11" end="13" text="in"/><TRAJECTOR id="T770" start="0" end="10" text="a blue sky"/><LANDMARK id="L770" start="14" end="28" text="the background"/><RELATION id="SR729" trajector_id="T770" landmark_id="L770" spatial_indicator_id="S770" general_type="" specific_type="" RCC8_value="" FoR=""/></SENTENCE></SCENE>
    <SCENE>
        <DOCNO>annotations/01/1200.eng</DOCNO>
        <IMAGE>images/01/1200.jpg</IMAGE>
        <SENTENCE id="s801" start="17303" end="17408"><TEXT>a room with blue walls , two single beds made of wood with a phone in between and a painting above it .</TEXT><SPATIALINDICATOR id="S774" start="93" end="98" text="above"/><TRAJECTOR id="T774" start="82" end="92" text="a painting"/><LANDMARK id="L774" start="99" end="101" text="it"/><RELATION id="SR732" trajector_id="T774" landmark_id="L774" spatial_indicator_id="S774" general_type="" specific_type="" RCC8_value="" FoR=""/><LANDMARK id="L775" start="82" end="92" text="a painting"/><SPATIALINDICATOR id="S775" start="67" end="77" text="in between"/><TRAJECTOR id="T775" start="49" end="53" text="wood"/><TRAJECTOR id="T776" start="59" end="66" text="a phone"/><RELATION id="SR734" trajector_id="T775" landmark_id="L775" spatial_indicator_id="S775" general_type="" specific_type="" RCC8_value="" FoR=""/><RELATION id="SR735" trajector_id="T776" landmark_id="L775" spatial_indicator_id="S775" general_type="" specific_type="" RCC8_value="" FoR=""/></SENTENCE><SENTENCE id="s802" start="17408" end="17501"><TEXT>the bedcover of the bed in the front is purple and green , the other one is multicoloured .</TEXT><SPATIALINDICATOR id="S779" start="24" end="26" text="in"/><TRAJECTOR id="T779" start="0" end="23" text="the bedcover of the bed"/><LANDMARK id="L779" start="27" end="36" text="the front"/><RELATION id="SR739" trajector_id="T779" landmark_id="L779" spatial_indicator_id="S779" general_type="" specific_type="" RCC8_value="" FoR=""/></SENTENCE></SCENE>
    <SCENE>
        <DOCNO>annotations/01/1201.eng</DOCNO>
        <IMAGE>images/01/1201.jpg</IMAGE>
        <SENTENCE id="s803" start="17501" end="17627"><TEXT>a grey and brown building with a bright blue entrance and a blue writing Alameda del Peregrino on a bright blue background .</TEXT><SPATIALINDICATOR id="S782" start="95" end="97" text="on"/><TRAJECTOR id="T782" start="65" end="94" text="writing Alameda del Peregrino"/><LANDMARK id="L782" start="98" end="122" text="a bright blue background"/><RELATION id="SR742" trajector_id="T782" landmark_id="L782" spatial_indicator_id="S782" general_type="" specific_type="" RCC8_value="" FoR=""/></SENTENCE></SCENE>
    <SCENE>
        <DOCNO>annotations/01/1202.eng</DOCNO>
        <IMAGE>images/01/1202.jpg</IMAGE>
        <SENTENCE id="s804" start="17627" end="17678"><TEXT>a king-sized bed with a white and grey bedcover .</TEXT></SENTENCE><SENTENCE id="s805" start="17678" end="17815"><TEXT>there is a night table to the left and a chair in front of a mirror on the right , and a painting of a half-naked woman above the bed .</TEXT><SPATIALINDICATOR id="S787" start="47" end="58" text="in front of"/><TRAJECTOR id="T787" start="39" end="46" text="a chair"/><LANDMARK id="L787" start="59" end="67" text="a mirror"/><RELATION id="SR746" trajector_id="T787" landmark_id="L787" spatial_indicator_id="S787" general_type="" specific_type="" RCC8_value="" FoR=""/><SPATIALINDICATOR id="S788" start="120" end="125" text="above"/><TRAJECTOR id="T788" start="87" end="119" text="a painting of a half-naked woman"/><LANDMARK id="L788" start="126" end="133" text="the bed"/><RELATION id="SR748" trajector_id="T788" landmark_id="L788" spatial_indicator_id="S788" general_type="" specific_type="" RCC8_value="" FoR=""/><SPATIALINDICATOR id="S789" start="68" end="80" text="on the right"/><TRAJECTOR id="T789" start="59" end="67" text="a mirror"/><LANDMARK id="L789" start="-1" end="-1"/><RELATION id="SR750" trajector_id="T789" landmark_id="L789" spatial_indicator_id="S789" general_type="" specific_type="" RCC8_value="" FoR=""/></SENTENCE></SCENE>
    <SCENE>
        <DOCNO>annotations/01/1203.eng</DOCNO>
        <IMAGE>images/01/1203.jpg</IMAGE>
        <SENTENCE id="s806" start="17815" end="17842"><TEXT>the entrance of a hotel .</TEXT></SENTENCE><SENTENCE id="s807" start="17842" end="17997"><TEXT>there is a lamp on the left and on the right , an ornament above the entrance , a man on the way to the stairs next to a flower pot behind the entrance ,</TEXT><SPATIALINDICATOR id="S794" start="59" end="64" text="above"/><TRAJECTOR id="T794" start="47" end="58" text="an ornament"/><LANDMARK id="L794" start="65" end="77" text="the entrance"/><RELATION id="SR754" trajector_id="T794" landmark_id="L794" spatial_indicator_id="S794" general_type="" specific_type="" RCC8_value="" FoR=""/><SPATIALINDICATOR id="S795" start="86" end="88" text="on"/><TRAJECTOR id="T795" start="80" end="85" text="a man"/><LANDMARK id="L795" start="89" end="96" text="the way"/><RELATION id="SR756" trajector_id="T795" landmark_id="L795" spatial_indicator_id="S795" general_type="" specific_type="" RCC8_value="" FoR=""/><SPATIALINDICATOR id="S796" start="132" end="138" text="behind"/><TRAJECTOR id="T796" start="119" end="131" text="a flower pot"/><LANDMARK id="L796" start="139" end="151" text="the entrance"/><RELATION id="SR758" trajector_id="T796" landmark_id="L796" spatial_indicator_id="S796" general_type="" specific_type="" RCC8_value="" FoR=""/><SPATIALINDICATOR id="S797" start="111" end="118" text="next to"/><TRAJECTOR id="T797" start="100" end="110" text="the stairs"/><LANDMARK id="L797" start="119" end="131" text="a flower pot"/><RELATION id="SR760" trajector_id="T797" landmark_id="L797" spatial_indicator_id="S797" general_type="" specific_type="" RCC8_value="" FoR=""/><SPATIALINDICATOR id="S798" start="16" end="27" text="on the left"/><TRAJECTOR id="T798" start="9" end="15" text="a lamp"/><LANDMARK id="L798" start="-1" end="-1"/><RELATION id="SR762" trajector_id="T798" landmark_id="L798" spatial_indicator_id="S798" general_type="" specific_type="" RCC8_value="" FoR=""/></SENTENCE></SCENE>
    <SCENE>
        <DOCNO>annotations/01/1204.eng</DOCNO>
        <IMAGE>images/01/1204.jpg</IMAGE>
        <SENTENCE id="s808" start="17997" end="18178"><TEXT>a room with light blue walls , a double bed made of wood with a purple bedcover , a night table with a phone , remote controls and a lamp on the right , and a fridge on the left .</TEXT><SPATIALINDICATOR id="S801" start="166" end="177" text="on the left"/><TRAJECTOR id="T801" start="157" end="165" text="a fridge"/><LANDMARK id="L801" start="-1" end="-1"/><RELATION id="SR765" trajector_id="T801" landmark_id="L801" spatial_indicator_id="S801" general_type="" specific_type="" RCC8_value="" FoR=""/><SPATIALINDICATOR id="S802" start="138" end="150" text="on the right"/><TRAJECTOR id="T802" start="131" end="137" text="a lamp"/><TRAJECTOR id="T803" start="111" end="126" text="remote controls"/><LANDMARK id="L804" start="-1" end="-1"/><RELATION id="SR767" trajector_id="T802" landmark_id="L804" spatial_indicator_id="S802" general_type="" specific_type="" RCC8_value="" FoR=""/><RELATION id="SR768" trajector_id="T803" landmark_id="L804" spatial_indicator_id="S802" general_type="" specific_type="" RCC8_value="" FoR=""/></SENTENCE></SCENE>
    <SCENE>
        <DOCNO>annotations/01/1205.eng</DOCNO>
        <IMAGE>images/01/1205.jpg</IMAGE>
        <SENTENCE id="s809" start="18178" end="18283"><TEXT>a brown house with large windows and flags above the entrance , and the white writing Hotel Peregrino .</TEXT><SPATIALINDICATOR id="S807" start="43" end="48" text="above"/><TRAJECTOR id="T807" start="37" end="42" text="flags"/><LANDMARK id="L807" start="49" end="61" text="the entrance"/><RELATION id="SR771" trajector_id="T807" landmark_id="L807" spatial_indicator_id="S807" general_type="" specific_type="" RCC8_value="" FoR=""/></SENTENCE></SCENE>
    <SCENE>
        <DOCNO>annotations/01/1206.eng</DOCNO>
        <IMAGE>images/01/1206.jpg</IMAGE>
        <SENTENCE id="s810" start="18283" end="18479"><TEXT>a room with light and dark brown walls , a double bed made of wood with a multicolour-striped bedcover , an arm chair and a plant at a window with orange curtains in the background on the left .</TEXT><SPATIALINDICATOR id="S810" start="163" end="165" text="in"/><TRAJECTOR id="T810" start="147" end="162" text="orange curtains"/><LANDMARK id="L810" start="166" end="180" text="the background"/><RELATION id="SR774" trajector_id="T810" landmark_id="L810" spatial_indicator_id="S810" general_type="" specific_type="" RCC8_value="" FoR=""/><SPATIALINDICATOR id="S811" start="181" end="192" text="on the left"/><TRAJECTOR id="T811" start="166" end="180" text="the background"/><LANDMARK id="L811" start="-1" end="-1"/><RELATION id="SR776" trajector_id="T811" landmark_id="L811" spatial_indicator_id="S811" general_type="" specific_type="" RCC8_value="" FoR=""/></SENTENCE></SCENE>
    <SCENE>
        <DOCNO>annotations/01/1207.eng</DOCNO>
        <IMAGE>images/01/1207.jpg</IMAGE>
        <SENTENCE id="s811" start="18479" end="18534"><TEXT>view of a brown house with grey and brown rooftiles .</TEXT></SENTENCE><SENTENCE id="s812" start="18534" end="18655"><TEXT>there is a meadow with flowers in front of the house and a couple of trees behind it , and a canyon in the background .</TEXT><SPATIALINDICATOR id="S816" start="100" end="102" text="in"/><TRAJECTOR id="T816" start="91" end="99" text="a canyon"/><LANDMARK id="L816" start="103" end="117" text="the background"/><RELATION id="SR780" trajector_id="T816" landmark_id="L816" spatial_indicator_id="S816" general_type="" specific_type="" RCC8_value="" FoR=""/><SPATIALINDICATOR id="S817" start="75" end="81" text="behind"/><TRAJECTOR id="T817" start="57" end="74" text="a couple of trees"/><LANDMARK id="L817" start="82" end="84" text="it"/><RELATION id="SR782" trajector_id="T817" landmark_id="L817" spatial_indicator_id="S817" general_type="" specific_type="" RCC8_value="" FoR=""/><SPATIALINDICATOR id="S818" start="31" end="42" text="in front of"/><TRAJECTOR id="T818" start="9" end="17" text="a meadow"/><LANDMARK id="L818" start="43" end="52" text="the house"/><RELATION id="SR784" trajector_id="T818" landmark_id="L818" spatial_indicator_id="S818" general_type="" specific_type="" RCC8_value="" FoR=""/></SENTENCE></SCENE>
    <SCENE>
        <DOCNO>annotations/01/1208.eng</DOCNO>
        <IMAGE>images/01/1208.jpg</IMAGE>
        <SENTENCE id="s813" start="18655" end="18810"><TEXT>a room with white walls , a double bed made of wood , a light blue and white chequered bedcover and white towels and a black chimney in the back corner .</TEXT></SENTENCE></SCENE>
    <SCENE>
        <DOCNO>annotations/01/1209.eng</DOCNO>
        <IMAGE>images/01/1209.jpg</IMAGE>
        <SENTENCE id="s814" start="18810" end="18881"><TEXT>an orange house with three small windows and stones set in concrete .</TEXT><LANDMARK id="L824" start="59" end="67" text="concrete"/><SPATIALINDICATOR id="S824" start="56" end="58" text="in"/><TRAJECTOR id="T824" start="45" end="51" text="stones"/><RELATION id="SR788" trajector_id="T824" landmark_id="L824" spatial_indicator_id="S824" general_type="" specific_type="" RCC8_value="" FoR=""/></SENTENCE><SENTENCE id="s815" start="18881" end="18989"><TEXT>there is a dense vegetation with bushes , trees and potted plants in front of the house of the neighbour .</TEXT><SPATIALINDICATOR id="S826" start="66" end="77" text="in front of"/><TRAJECTOR id="T826" start="42" end="47" text="trees"/><TRAJECTOR id="T827" start="52" end="65" text="potted plants"/><LANDMARK id="L828" start="78" end="104" text="the house of the neighbour"/><RELATION id="SR792" trajector_id="T826" landmark_id="L828" spatial_indicator_id="S826" general_type="" specific_type="" RCC8_value="" FoR=""/><RELATION id="SR793" trajector_id="T827" landmark_id="L828" spatial_indicator_id="S826" general_type="" specific_type="" RCC8_value="" FoR=""/></SENTENCE></SCENE>
    <SCENE>
        <DOCNO>annotations/01/1210.eng</DOCNO>
        <IMAGE>images/01/1210.jpg</IMAGE>
        <SENTENCE id="s816" start="18989" end="19195"><TEXT>a room with white walls and a crate behind the two single beds made of wood with a multicoloured bedcover , white towels and a night table with a lamp and a phone in between them and a painting above it .</TEXT><SPATIALINDICATOR id="S832" start="36" end="42" text="behind"/><TRAJECTOR id="T832" start="28" end="35" text="a crate"/><LANDMARK id="L832" start="43" end="62" text="the two single beds"/><RELATION id="SR796" trajector_id="T832" landmark_id="L832" spatial_indicator_id="S832" general_type="" specific_type="" RCC8_value="" FoR=""/><SPATIALINDICATOR id="S833" start="163" end="173" text="in between"/><TRAJECTOR id="T833" start="155" end="162" text="a phone"/><LANDMARK id="L833" start="174" end="178" text="them"/><RELATION id="SR798" trajector_id="T833" landmark_id="L833" spatial_indicator_id="S833" general_type="" specific_type="" RCC8_value="" FoR=""/><SPATIALINDICATOR id="S834" start="194" end="199" text="above"/><TRAJECTOR id="T834" start="183" end="193" text="a painting"/><LANDMARK id="L834" start="200" end="202" text="it"/><RELATION id="SR800" trajector_id="T834" landmark_id="L834" spatial_indicator_id="S834" general_type="" specific_type="" RCC8_value="" FoR=""/></SENTENCE><SENTENCE id="s817" start="19195" end="19253"><TEXT>there is a white closet in the background on the right .</TEXT><SPATIALINDICATOR id="S836" start="24" end="26" text="in"/><TRAJECTOR id="T836" start="9" end="23" text="a white closet"/><LANDMARK id="L836" start="27" end="41" text="the background"/><RELATION id="SR803" trajector_id="T836" landmark_id="L836" spatial_indicator_id="S836" general_type="" specific_type="" RCC8_value="" FoR=""/><SPATIALINDICATOR id="S837" start="42" end="54" text="on the right"/><TRAJECTOR id="T837" start="27" end="41" text="the background"/><LANDMARK id="L837" start="-1" end="-1"/><RELATION id="SR805" trajector_id="T837" landmark_id="L837" spatial_indicator_id="S837" general_type="" specific_type="" RCC8_value="" FoR=""/></SENTENCE></SCENE>
    <SCENE>
        <DOCNO>annotations/01/1211.eng</DOCNO>
        <IMAGE>images/01/1211.jpg</IMAGE>
        <SENTENCE id="s818" start="19253" end="19358"><TEXT>a ranch with yellow sunshades , red walls , white columns , flags , palm trees , a fountain , a hedge .</TEXT></SENTENCE><SENTENCE id="s819" start="19358" end="19397"><TEXT>there is a forest in the background .</TEXT><SPATIALINDICATOR id="S842" start="18" end="20" text="in"/><TRAJECTOR id="T842" start="9" end="17" text="a forest"/><LANDMARK id="L842" start="21" end="35" text="the background"/><RELATION id="SR809" trajector_id="T842" landmark_id="L842" spatial_indicator_id="S842" general_type="" specific_type="" RCC8_value="" FoR=""/></SENTENCE></SCENE>
    <SCENE>
        <DOCNO>annotations/01/1212.eng</DOCNO>
        <IMAGE>images/01/1212.jpg</IMAGE>
        <SENTENCE id="s820" start="19397" end="19563"><TEXT>a room with light yellow walls , two wooden ornamental strips , a double bed with a blue and brown striped bedcover , a night table with a red lamp and an ashtray .</TEXT></SENTENCE></SCENE>
    <SCENE>
        <DOCNO>annotations/01/1213.eng</DOCNO>
        <IMAGE>images/01/1213.jpg</IMAGE>
        <SENTENCE id="s821" start="19563" end="19692"><TEXT>a courtyard of a white , two-storey building with a lot of brownish red wood ( doors , timber and balcony ) and red rooftiles .</TEXT></SENTENCE><SENTENCE id="s822" start="19692" end="19753"><TEXT>a swimming pool with a blue and white sunshade next to it .</TEXT><SPATIALINDICATOR id="S849" start="47" end="54" text="next to"/><TRAJECTOR id="T849" start="23" end="46" text="blue and white sunshade"/><LANDMARK id="L849" start="55" end="57" text="it"/><RELATION id="SR814" trajector_id="T849" landmark_id="L849" spatial_indicator_id="S849" general_type="" specific_type="" RCC8_value="" FoR=""/></SENTENCE></SCENE>
    <SCENE>
        <DOCNO>annotations/01/1214.eng</DOCNO>
        <IMAGE>images/01/1214.jpg</IMAGE>
        <SENTENCE id="s823" start="19753" end="19873"><TEXT>a gravel road with an reddish-brown house on the left , a pavilion on the right and a wooded slope in the background .</TEXT><SPATIALINDICATOR id="S852" start="99" end="101" text="in"/><TRAJECTOR id="T852" start="84" end="98" text="a wooded slope"/><LANDMARK id="L852" start="102" end="116" text="the background"/><RELATION id="SR817" trajector_id="T852" landmark_id="L852" spatial_indicator_id="S852" general_type="" specific_type="" RCC8_value="" FoR=""/><SPATIALINDICATOR id="S853" start="42" end="53" text="on the left"/><TRAJECTOR id="T853" start="19" end="41" text="an reddish-brown house"/><TRAJECTOR id="T854" start="0" end="13" text="a gravel road"/><TRAJECTOR id="T855" start="56" end="66" text="a pavilion"/><TRAJECTOR id="T856" start="84" end="98" text="a wooded slope"/><LANDMARK id="L857" start="-1" end="-1"/><RELATION id="SR819" trajector_id="T853" landmark_id="L857" spatial_indicator_id="S853" general_type="" specific_type="" RCC8_value="" FoR=""/><RELATION id="SR820" trajector_id="T854" landmark_id="L857" spatial_indicator_id="S853" general_type="" specific_type="" RCC8_value="" FoR=""/><RELATION id="SR821" trajector_id="T855" landmark_id="L857" spatial_indicator_id="S853" general_type="" specific_type="" RCC8_value="" FoR=""/><RELATION id="SR822" trajector_id="T856" landmark_id="L857" spatial_indicator_id="S853" general_type="" specific_type="" RCC8_value="" FoR=""/><SPATIALINDICATOR id="S858" start="67" end="79" text="on the right"/><TRAJECTOR id="T858" start="56" end="66" text="a pavilion"/><LANDMARK id="L858" start="-1" end="-1"/><RELATION id="SR824" trajector_id="T858" landmark_id="L858" spatial_indicator_id="S858" general_type="" specific_type="" RCC8_value="" FoR=""/></SENTENCE></SCENE>
    <SCENE>
        <DOCNO>annotations/01/1215.eng</DOCNO>
        <IMAGE>images/01/1215.jpg</IMAGE>
        <SENTENCE id="s824" start="19873" end="19992"><TEXT>a room with white walls , ( red with blue squares behind the ) two single beds with white and blue striped bedcover .</TEXT><SPATIALINDICATOR id="S861" start="50" end="56" text="behind"/><TRAJECTOR id="T861" start="37" end="49" text="blue squares"/><LANDMARK id="L861" start="63" end="78" text="two single beds"/><RELATION id="SR827" trajector_id="T861" landmark_id="L861" spatial_indicator_id="S861" general_type="" specific_type="" RCC8_value="" FoR=""/></SENTENCE></SCENE>
    <SCENE>
        <DOCNO>annotations/01/1216.eng</DOCNO>
        <IMAGE>images/01/1216.jpg</IMAGE>
        <SENTENCE id="s825" start="19992" end="20074"><TEXT>a bungalow with two hammocks in front of the entrance and two trees next to it .</TEXT><SPATIALINDICATOR id="S865" start="29" end="40" text="in front of"/><TRAJECTOR id="T865" start="16" end="28" text="two hammocks"/><TRAJECTOR id="T866" start="0" end="10" text="a bungalow"/><LANDMARK id="L867" start="41" end="53" text="the entrance"/><LANDMARK id="L868" start="58" end="67" text="two trees"/><RELATION id="SR830" trajector_id="T865" landmark_id="L867" spatial_indicator_id="S865" general_type="" specific_type="" RCC8_value="" FoR=""/><RELATION id="SR831" trajector_id="T865" landmark_id="L868" spatial_indicator_id="S865" general_type="" specific_type="" RCC8_value="" FoR=""/><RELATION id="SR832" trajector_id="T866" landmark_id="L867" spatial_indicator_id="S865" general_type="" specific_type="" RCC8_value="" FoR=""/><RELATION id="SR833" trajector_id="T866" landmark_id="L868" spatial_indicator_id="S865" general_type="" specific_type="" RCC8_value="" FoR=""/><SPATIALINDICATOR id="S870" start="68" end="75" text="next to"/><TRAJECTOR id="T870" start="58" end="67" text="two trees"/><LANDMARK id="L870" start="76" end="78" text="it"/><RELATION id="SR835" trajector_id="T870" landmark_id="L870" spatial_indicator_id="S870" general_type="" specific_type="" RCC8_value="" FoR=""/></SENTENCE><SENTENCE id="s826" start="20074" end="20156"><TEXT>there are people at the entrance , and a meadow and a forest in the background .</TEXT><SPATIALINDICATOR id="S872" start="61" end="63" text="in"/><TRAJECTOR id="T872" start="52" end="60" text="a forest"/><TRAJECTOR id="T873" start="39" end="47" text="a meadow"/><LANDMARK id="L874" start="64" end="78" text="the background"/><RELATION id="SR838" trajector_id="T872" landmark_id="L874" spatial_indicator_id="S872" general_type="" specific_type="" RCC8_value="" FoR=""/><RELATION id="SR839" trajector_id="T873" landmark_id="L874" spatial_indicator_id="S872" general_type="" specific_type="" RCC8_value="" FoR=""/><SPATIALINDICATOR id="S875" start="17" end="19" text="at"/><TRAJECTOR id="T875" start="10" end="16" text="people"/><LANDMARK id="L875" start="20" end="32" text="the entrance"/><RELATION id="SR841" trajector_id="T875" landmark_id="L875" spatial_indicator_id="S875" general_type="" specific_type="" RCC8_value="" FoR=""/></SENTENCE></SCENE>
    <SCENE>
        <DOCNO>annotations/01/1217.eng</DOCNO>
        <IMAGE>images/01/1217.jpg</IMAGE>
        <SENTENCE id="s827" start="20156" end="20390"><TEXT>a room with light blue walls , two single beds ( one of it is fully visible ) made of wood and a night table with a lamp , a phone and a phone book in between , above it a painting , and a curtain in front of a window on the right .</TEXT><SPATIALINDICATOR id="S878" start="197" end="208" text="in front of"/><TRAJECTOR id="T878" start="187" end="196" text="a curtain"/><LANDMARK id="L878" start="209" end="217" text="a window"/><RELATION id="SR844" trajector_id="T878" landmark_id="L878" spatial_indicator_id="S878" general_type="" specific_type="" RCC8_value="" FoR=""/><SPATIALINDICATOR id="S879" start="218" end="230" text="on the right"/><TRAJECTOR id="T879" start="209" end="217" text="a window"/><LANDMARK id="L879" start="-1" end="-1"/><RELATION id="SR846" trajector_id="T879" landmark_id="L879" spatial_indicator_id="S879" general_type="" specific_type="" RCC8_value="" FoR=""/></SENTENCE></SCENE>
    <SCENE>
        <DOCNO>annotations/01/1220.eng</DOCNO>
        <IMAGE>images/01/1220.jpg</IMAGE>
        <SENTENCE id="s828" start="20390" end="20506"><TEXT>a white , brown and green four-storey building with a Peruvian flag and the writing Hotel San Miguel on the roof .</TEXT><SPATIALINDICATOR id="S883" start="101" end="103" text="on"/><TRAJECTOR id="T883" start="76" end="100" text="writing Hotel San Miguel"/><LANDMARK id="L883" start="104" end="112" text="the roof"/><RELATION id="SR849" trajector_id="T883" landmark_id="L883" spatial_indicator_id="S883" general_type="" specific_type="" RCC8_value="" FoR=""/></SENTENCE><SENTENCE id="s829" start="20506" end="20581"><TEXT>there are two street lamps and three small palm trees in the foreground .</TEXT><SPATIALINDICATOR id="S885" start="54" end="56" text="in"/><TRAJECTOR id="T885" start="10" end="26" text="two street lamps"/><TRAJECTOR id="T886" start="31" end="53" text="three small palm trees"/><LANDMARK id="L887" start="57" end="71" text="the foreground"/><RELATION id="SR852" trajector_id="T885" landmark_id="L887" spatial_indicator_id="S885" general_type="" specific_type="" RCC8_value="" FoR=""/><RELATION id="SR853" trajector_id="T886" landmark_id="L887" spatial_indicator_id="S885" general_type="" specific_type="" RCC8_value="" FoR=""/></SENTENCE></SCENE>
    <SCENE>
        <DOCNO>annotations/01/1221.eng</DOCNO>
        <IMAGE>images/01/1221.jpg</IMAGE>
        <SENTENCE id="s830" start="20581" end="20769"><TEXT>a room with walls that are wallpapered in grey and brown and a double bed with a multicoloured bedcover , night tables on both sides , an iron ornament behind it and two lamps above it .</TEXT><SPATIALINDICATOR id="S891" start="152" end="158" text="behind"/><TRAJECTOR id="T891" start="135" end="151" text="an iron ornament"/><LANDMARK id="L891" start="159" end="161" text="it"/><LANDMARK id="L892" start="166" end="175" text="two lamps"/><RELATION id="SR856" trajector_id="T891" landmark_id="L891" spatial_indicator_id="S891" general_type="" specific_type="" RCC8_value="" FoR=""/><RELATION id="SR857" trajector_id="T891" landmark_id="L892" spatial_indicator_id="S891" general_type="" specific_type="" RCC8_value="" FoR=""/><SPATIALINDICATOR id="S894" start="119" end="121" text="on"/><TRAJECTOR id="T894" start="106" end="118" text="night tables"/><LANDMARK id="L894" start="122" end="132" text="both sides"/><RELATION id="SR859" trajector_id="T894" landmark_id="L894" spatial_indicator_id="S894" general_type="" specific_type="" RCC8_value="" FoR=""/><SPATIALINDICATOR id="S895" start="176" end="181" text="above"/><TRAJECTOR id="T895" start="166" end="175" text="two lamps"/><LANDMARK id="L895" start="182" end="184" text="it"/><RELATION id="SR861" trajector_id="T895" landmark_id="L895" spatial_indicator_id="S895" general_type="" specific_type="" RCC8_value="" FoR=""/></SENTENCE><SENTENCE id="s831" start="20769" end="20826"><TEXT>there is also a window with curtains on the very left .</TEXT></SENTENCE></SCENE>
    <SCENE>
        <DOCNO>annotations/01/1222.eng</DOCNO>
        <IMAGE>images/01/1222.jpg</IMAGE>
        <SENTENCE id="s832" start="20826" end="21008"><TEXT>two dark yellow car in front of a light yellow , two-storey house with white columns , window frames and ornaments , and the Peruvian flag with two other flags above the entrance .</TEXT><SPATIALINDICATOR id="S899" start="20" end="31" text="in front of"/><TRAJECTOR id="T899" start="0" end="19" text="two dark yellow car"/><TRAJECTOR id="T900" start="121" end="138" text="the Peruvian flag"/><LANDMARK id="L901" start="40" end="65" text="yellow , two-storey house"/><RELATION id="SR865" trajector_id="T899" landmark_id="L901" spatial_indicator_id="S899" general_type="" specific_type="" RCC8_value="" FoR=""/><RELATION id="SR866" trajector_id="T900" landmark_id="L901" spatial_indicator_id="S899" general_type="" specific_type="" RCC8_value="" FoR=""/><SPATIALINDICATOR id="S902" start="160" end="165" text="above"/><TRAJECTOR id="T902" start="121" end="138" text="the Peruvian flag"/><TRAJECTOR id="T903" start="144" end="159" text="two other flags"/><LANDMARK id="L904" start="166" end="178" text="the entrance"/><RELATION id="SR868" trajector_id="T902" landmark_id="L904" spatial_indicator_id="S902" general_type="" specific_type="" RCC8_value="" FoR=""/><RELATION id="SR869" trajector_id="T903" landmark_id="L904" spatial_indicator_id="S902" general_type="" specific_type="" RCC8_value="" FoR=""/></SENTENCE></SCENE>
    <SCENE>
        <DOCNO>annotations/01/1223.eng</DOCNO>
        <IMAGE>images/01/1223.jpg</IMAGE>
        <SENTENCE id="s833" start="21008" end="21140"><TEXT>the view into a the courtyard of a dark yellow building with white doors and grey gates , and a trunk of a palm tree on the left .</TEXT><SPATIALINDICATOR id="S907" start="117" end="128" text="on the left"/><TRAJECTOR id="T907" start="94" end="116" text="a trunk of a palm tree"/><LANDMARK id="L907" start="-1" end="-1"/><RELATION id="SR872" trajector_id="T907" landmark_id="L907" spatial_indicator_id="S907" general_type="" specific_type="" RCC8_value="" FoR=""/></SENTENCE></SCENE>
    <SCENE>
        <DOCNO>annotations/01/1224.eng</DOCNO>
        <IMAGE>images/01/1224.jpg</IMAGE>
        <SENTENCE id="s834" start="21140" end="21279"><TEXT>a room with a grey wall and two single beds with multicoloured bedcovers , a night table with a phone in between and two lamps above it .</TEXT><SPATIALINDICATOR id="S911" start="102" end="112" text="in between"/><TRAJECTOR id="T911" start="75" end="88" text="a night table"/><TRAJECTOR id="T912" start="94" end="101" text="a phone"/><LANDMARK id="L913" start="117" end="126" text="two lamps"/><RELATION id="SR875" trajector_id="T911" landmark_id="L913" spatial_indicator_id="S911" general_type="" specific_type="" RCC8_value="" FoR=""/><RELATION id="SR876" trajector_id="T912" landmark_id="L913" spatial_indicator_id="S911" general_type="" specific_type="" RCC8_value="" FoR=""/><SPATIALINDICATOR id="S914" start="127" end="132" text="above"/><TRAJECTOR id="T914" start="117" end="126" text="two lamps"/><LANDMARK id="L914" start="133" end="135" text="it"/><RELATION id="SR878" trajector_id="T914" landmark_id="L914" spatial_indicator_id="S914" general_type="" specific_type="" RCC8_value="" FoR=""/></SENTENCE><SENTENCE id="s835" start="21279" end="21359"><TEXT>there are white curtains in front of a window in the background on the right .</TEXT><SPATIALINDICATOR id="S916" start="46" end="48" text="in"/><TRAJECTOR id="T916" start="37" end="45" text="a window"/><LANDMARK id="L916" start="49" end="63" text="the background"/><RELATION id="SR881" trajector_id="T916" landmark_id="L916" spatial_indicator_id="S916" general_type="" specific_type="" RCC8_value="" FoR=""/><SPATIALINDICATOR id="S917" start="25" end="36" text="in front of"/><TRAJECTOR id="T917" start="10" end="24" text="white curtains"/><LANDMARK id="L917" start="37" end="45" text="a window"/><RELATION id="SR883" trajector_id="T917" landmark_id="L917" spatial_indicator_id="S917" general_type="" specific_type="" RCC8_value="" FoR=""/><SPATIALINDICATOR id="S918" start="64" end="76" text="on the right"/><TRAJECTOR id="T918" start="49" end="63" text="the background"/><LANDMARK id="L918" start="-1" end="-1"/><RELATION id="SR885" trajector_id="T918" landmark_id="L918" spatial_indicator_id="S918" general_type="" specific_type="" RCC8_value="" FoR=""/></SENTENCE></SCENE>
    <SCENE>
        <DOCNO>annotations/01/1225.eng</DOCNO>
        <IMAGE>images/01/1225.jpg</IMAGE>
        <SENTENCE id="s836" start="21359" end="21444"><TEXT>front view of a grey and white building , with a few men in front of the entrance .</TEXT><SPATIALINDICATOR id="S921" start="57" end="68" text="in front of"/><TRAJECTOR id="T921" start="47" end="56" text="a few men"/><LANDMARK id="L921" start="69" end="81" text="the entrance"/><RELATION id="SR888" trajector_id="T921" landmark_id="L921" spatial_indicator_id="S921" general_type="" specific_type="" RCC8_value="" FoR=""/></SENTENCE></SCENE>
    <SCENE>
        <DOCNO>annotations/01/1226.eng</DOCNO>
        <IMAGE>images/01/1226.jpg</IMAGE>
        <SENTENCE id="s837" start="21444" end="21530"><TEXT>a room with grey walls , two single beds made of wood and yellow and blue bedcover .</TEXT></SENTENCE><SENTENCE id="s838" start="21530" end="21604"><TEXT>there are night tables with burning bedside lamps on each of the sides .</TEXT><SPATIALINDICATOR id="S927" start="50" end="52" text="on"/><TRAJECTOR id="T927" start="36" end="49" text="bedside lamps"/><LANDMARK id="L927" start="61" end="70" text="the sides"/><RELATION id="SR892" trajector_id="T927" landmark_id="L927" spatial_indicator_id="S927" general_type="" specific_type="" RCC8_value="" FoR=""/></SENTENCE><SENTENCE id="s839" start="21604" end="21712"><TEXT>there is a white , wooden door in the background on the right , and a painting on the wall above the bed .</TEXT><SPATIALINDICATOR id="S929" start="79" end="81" text="on"/><TRAJECTOR id="T929" start="68" end="78" text="a painting"/><LANDMARK id="L929" start="82" end="90" text="the wall"/><RELATION id="SR895" trajector_id="T929" landmark_id="L929" spatial_indicator_id="S929" general_type="" specific_type="" RCC8_value="" FoR=""/><SPATIALINDICATOR id="S930" start="91" end="96" text="above"/><TRAJECTOR id="T930" start="82" end="90" text="the wall"/><LANDMARK id="L930" start="97" end="104" text="the bed"/><RELATION id="SR897" trajector_id="T930" landmark_id="L930" spatial_indicator_id="S930" general_type="" specific_type="" RCC8_value="" FoR=""/><SPATIALINDICATOR id="S931" start="31" end="33" text="in"/><TRAJECTOR id="T931" start="11" end="30" text="white , wooden door"/><LANDMARK id="L931" start="34" end="48" text="the background"/><RELATION id="SR899" trajector_id="T931" landmark_id="L931" spatial_indicator_id="S931" general_type="" specific_type="" RCC8_value="" FoR=""/><SPATIALINDICATOR id="S932" start="49" end="61" text="on the right"/><TRAJECTOR id="T932" start="34" end="48" text="the background"/><LANDMARK id="L932" start="-1" end="-1"/><RELATION id="SR901" trajector_id="T932" landmark_id="L932" spatial_indicator_id="S932" general_type="" specific_type="" RCC8_value="" FoR=""/></SENTENCE></SCENE>
    <SCENE>
        <DOCNO>annotations/01/1227.eng</DOCNO>
        <IMAGE>images/01/1227.jpg</IMAGE>
        <SENTENCE id="s840" start="21712" end="21811"><TEXT>a room with brown-greyish walls , two single beds made of wood with bluish bedcover and pillows .</TEXT></SENTENCE><SENTENCE id="s841" start="21811" end="21955"><TEXT>there is a night table between the beds , a lamp above each of the beds and a window with light green curtains in the background on the left .</TEXT><SPATIALINDICATOR id="S937" start="111" end="113" text="in"/><TRAJECTOR id="T937" start="90" end="110" text="light green curtains"/><TRAJECTOR id="T938" start="76" end="84" text="a window"/><LANDMARK id="L939" start="114" end="128" text="the background"/><RELATION id="SR905" trajector_id="T937" landmark_id="L939" spatial_indicator_id="S937" general_type="" specific_type="" RCC8_value="" FoR=""/><RELATION id="SR906" trajector_id="T938" landmark_id="L939" spatial_indicator_id="S937" general_type="" specific_type="" RCC8_value="" FoR=""/><SPATIALINDICATOR id="S940" start="49" end="54" text="above"/><TRAJECTOR id="T940" start="76" end="84" text="a window"/><TRAJECTOR id="T941" start="42" end="48" text="a lamp"/><LANDMARK id="L942" start="63" end="71" text="the beds"/><RELATION id="SR908" trajector_id="T940" landmark_id="L942" spatial_indicator_id="S940" general_type="" specific_type="" RCC8_value="" FoR=""/><RELATION id="SR909" trajector_id="T941" landmark_id="L942" spatial_indicator_id="S940" general_type="" specific_type="" RCC8_value="" FoR=""/><SPATIALINDICATOR id="S943" start="23" end="30" text="between"/><TRAJECTOR id="T943" start="9" end="22" text="a night table"/><LANDMARK id="L943" start="31" end="39" text="the beds"/><RELATION id="SR911" trajector_id="T943" landmark_id="L943" spatial_indicator_id="S943" general_type="" specific_type="" RCC8_value="" FoR=""/><SPATIALINDICATOR id="S944" start="129" end="140" text="on the left"/><TRAJECTOR id="T944" start="114" end="128" text="the background"/><LANDMARK id="L944" start="-1" end="-1"/><RELATION id="SR913" trajector_id="T944" landmark_id="L944" spatial_indicator_id="S944" general_type="" specific_type="" RCC8_value="" FoR=""/></SENTENCE></SCENE>
    <SCENE>
        <DOCNO>annotations/01/1228.eng</DOCNO>
        <IMAGE>images/01/1228.jpg</IMAGE>
        <SENTENCE id="s842" start="21955" end="22035"><TEXT>a swimming pool with canvas chairs , chairs , tables and sunshades behind it .</TEXT><SPATIALINDICATOR id="S948" start="67" end="73" text="behind"/><TRAJECTOR id="T948" start="37" end="43" text="chairs"/><TRAJECTOR id="T949" start="46" end="52" text="tables"/><TRAJECTOR id="T950" start="57" end="66" text="sunshades"/><LANDMARK id="L951" start="74" end="76" text="it"/><RELATION id="SR916" trajector_id="T948" landmark_id="L951" spatial_indicator_id="S948" general_type="" specific_type="" RCC8_value="" FoR=""/><RELATION id="SR917" trajector_id="T949" landmark_id="L951" spatial_indicator_id="S948" general_type="" specific_type="" RCC8_value="" FoR=""/><RELATION id="SR918" trajector_id="T950" landmark_id="L951" spatial_indicator_id="S948" general_type="" specific_type="" RCC8_value="" FoR=""/></SENTENCE><SENTENCE id="s843" start="22035" end="22078"><TEXT>palm trees and bushed in the background .</TEXT></SENTENCE></SCENE>
    <SCENE>
        <DOCNO>annotations/01/1229.eng</DOCNO>
        <IMAGE>images/01/1229.jpg</IMAGE>
        <SENTENCE id="s844" start="22078" end="22157"><TEXT>a room with yellow walls with a painting and some parts with natural stones .</TEXT></SENTENCE><SENTENCE id="s845" start="22157" end="22284"><TEXT>there is a king-sized bed made of wood with light-pinkish bedcover and two white towels , a bedside lamp and a wooden chair .</TEXT></SENTENCE></SCENE>
    <SCENE>
        <DOCNO>annotations/01/1230.eng</DOCNO>
        <IMAGE>images/01/1230.jpg</IMAGE>
        <SENTENCE id="s846" start="22284" end="22392"><TEXT>a courtyard with tables , wooden chairs , a fountain on the right , several arches and columns and a bar .</TEXT><SPATIALINDICATOR id="S960" start="53" end="65" text="on the right"/><TRAJECTOR id="T960" start="26" end="39" text="wooden chairs"/><TRAJECTOR id="T961" start="42" end="52" text="a fountain"/><LANDMARK id="L962" start="-1" end="-1"/><RELATION id="SR924" trajector_id="T960" landmark_id="L962" spatial_indicator_id="S960" general_type="" specific_type="" RCC8_value="" FoR=""/><RELATION id="SR925" trajector_id="T961" landmark_id="L962" spatial_indicator_id="S960" general_type="" specific_type="" RCC8_value="" FoR=""/></SENTENCE><SENTENCE id="s847" start="22392" end="22470"><TEXT>there are potted plants and green rails on the balcony of the second floor .</TEXT><SPATIALINDICATOR id="S964" start="40" end="42" text="on"/><TRAJECTOR id="T964" start="10" end="23" text="potted plants"/><TRAJECTOR id="T965" start="28" end="39" text="green rails"/><LANDMARK id="L966" start="43" end="74" text="the balcony of the second floor"/><RELATION id="SR928" trajector_id="T964" landmark_id="L966" spatial_indicator_id="S964" general_type="" specific_type="" RCC8_value="" FoR=""/><RELATION id="SR929" trajector_id="T965" landmark_id="L966" spatial_indicator_id="S964" general_type="" specific_type="" RCC8_value="" FoR=""/></SENTENCE></SCENE>
    <SCENE>
        <DOCNO>annotations/01/1231.eng</DOCNO>
        <IMAGE>images/01/1231.jpg</IMAGE>
        <SENTENCE id="s848" start="22470" end="22592"><TEXT>room with light blue walls and two single bed made of wood right next to each other with light and dark blue bedcovers .</TEXT><SPATIALINDICATOR id="S970" start="65" end="72" text="next to"/><TRAJECTOR id="T970" start="54" end="58" text="wood"/><TRAJECTOR id="T971" start="59" end="64" text="right"/></SENTENCE><SENTENCE id="s849" start="22592" end="22706"><TEXT>there is a night table with bedside lamp on the right , and a window with curtains behind the beds on the left .</TEXT><SPATIALINDICATOR id="S974" start="83" end="89" text="behind"/><TRAJECTOR id="T974" start="74" end="82" text="curtains"/><TRAJECTOR id="T975" start="60" end="68" text="a window"/><LANDMARK id="L976" start="90" end="98" text="the beds"/><RELATION id="SR935" trajector_id="T974" landmark_id="L976" spatial_indicator_id="S974" general_type="" specific_type="" RCC8_value="" FoR=""/><RELATION id="SR936" trajector_id="T975" landmark_id="L976" spatial_indicator_id="S974" general_type="" specific_type="" RCC8_value="" FoR=""/><SPATIALINDICATOR id="S977" start="41" end="53" text="on the right"/><TRAJECTOR id="T977" start="9" end="22" text="a night table"/><TRAJECTOR id="T978" start="28" end="40" text="bedside lamp"/><LANDMARK id="L979" start="-1" end="-1"/><RELATION id="SR938" trajector_id="T977" landmark_id="L979" spatial_indicator_id="S977" general_type="" specific_type="" RCC8_value="" FoR=""/><RELATION id="SR939" trajector_id="T978" landmark_id="L979" spatial_indicator_id="S977" general_type="" specific_type="" RCC8_value="" FoR=""/><SPATIALINDICATOR id="S980" start="99" end="110" text="on the left"/><TRAJECTOR id="T980" start="90" end="98" text="the beds"/><LANDMARK id="L980" start="-1" end="-1"/><RELATION id="SR941" trajector_id="T980" landmark_id="L980" spatial_indicator_id="S980" general_type="" specific_type="" RCC8_value="" FoR=""/></SENTENCE></SCENE>
    <SCENE>
        <DOCNO>annotations/01/1232.eng</DOCNO>
        <IMAGE>images/01/1232.jpg</IMAGE>
        <SENTENCE id="s850" start="22706" end="22792"><TEXT>a light brown house with a garden with a thatched roof and white chairs and tables .</TEXT></SENTENCE></SCENE>
    <SCENE>
        <DOCNO>annotations/01/1233.eng</DOCNO>
        <IMAGE>images/01/1233.jpg</IMAGE>
        <SENTENCE id="s851" start="22792" end="22924"><TEXT>room with grey walls , two single beds with yellow and blue chequered bedcovers and a night table with a bedside lamp in between .</TEXT></SENTENCE><SENTENCE id="s852" start="22924" end="22986"><TEXT>there is also a wooden door in the background on the right .</TEXT><SPATIALINDICATOR id="S987" start="28" end="30" text="in"/><TRAJECTOR id="T987" start="14" end="27" text="a wooden door"/><LANDMARK id="L987" start="31" end="45" text="the background"/><RELATION id="SR946" trajector_id="T987" landmark_id="L987" spatial_indicator_id="S987" general_type="" specific_type="" RCC8_value="" FoR=""/><SPATIALINDICATOR id="S988" start="46" end="58" text="on the right"/><TRAJECTOR id="T988" start="31" end="45" text="the background"/><LANDMARK id="L988" start="-1" end="-1"/><RELATION id="SR948" trajector_id="T988" landmark_id="L988" spatial_indicator_id="S988" general_type="" specific_type="" RCC8_value="" FoR=""/></SENTENCE></SCENE>
    <SCENE>
        <DOCNO>annotations/01/1234.eng</DOCNO>
        <IMAGE>images/01/1234.jpg</IMAGE>
        <SENTENCE id="s853" start="22986" end="23052"><TEXT>a swimming pool with an artificial peninsula and a plant on it .</TEXT><SPATIALINDICATOR id="S993" start="57" end="59" text="on"/><TRAJECTOR id="T993" start="49" end="56" text="a plant"/><LANDMARK id="L993" start="60" end="62" text="it"/><RELATION id="SR951" trajector_id="T993" landmark_id="L993" spatial_indicator_id="S993" general_type="" specific_type="" RCC8_value="" FoR=""/></SENTENCE><SENTENCE id="s854" start="23052" end="23200"><TEXT>there are white canvas chairs , a table with four normal chairs , a thatched roof over a walk and a white house with a lot of timber on the left .</TEXT><SPATIALINDICATOR id="S995" start="82" end="86" text="over"/><TRAJECTOR id="T995" start="98" end="111" text="a white house"/><TRAJECTOR id="T996" start="66" end="81" text="a thatched roof"/><LANDMARK id="L997" start="87" end="93" text="a walk"/><RELATION id="SR954" trajector_id="T995" landmark_id="L997" spatial_indicator_id="S995" general_type="" specific_type="" RCC8_value="" FoR=""/><RELATION id="SR955" trajector_id="T996" landmark_id="L997" spatial_indicator_id="S995" general_type="" specific_type="" RCC8_value="" FoR=""/><SPATIALINDICATOR id="S998" start="133" end="144" text="on the left"/><TRAJECTOR id="T998" start="98" end="111" text="a white house"/><TRAJECTOR id="T999" start="117" end="132" text="a lot of timber"/><LANDMARK id="L1000" start="-1" end="-1"/><RELATION id="SR957" trajector_id="T998" landmark_id="L1000" spatial_indicator_id="S998" general_type="" specific_type="" RCC8_value="" FoR=""/><RELATION id="SR958" trajector_id="T999" landmark_id="L1000" spatial_indicator_id="S998" general_type="" specific_type="" RCC8_value="" FoR=""/></SENTENCE><SENTENCE id="s855" start="23200" end="23263"><TEXT>there are also palm leafs and other trees in the background .</TEXT><SPATIALINDICATOR id="S1002" start="42" end="44" text="in"/><TRAJECTOR id="T1002" start="30" end="41" text="other trees"/><TRAJECTOR id="T1003" start="15" end="25" text="palm leafs"/><LANDMARK id="L1004" start="45" end="59" text="the background"/><RELATION id="SR961" trajector_id="T1002" landmark_id="L1004" spatial_indicator_id="S1002" general_type="" specific_type="" RCC8_value="" FoR=""/><RELATION id="SR962" trajector_id="T1003" landmark_id="L1004" spatial_indicator_id="S1002" general_type="" specific_type="" RCC8_value="" FoR=""/></SENTENCE></SCENE>
    <SCENE>
        <DOCNO>annotations/01/1235.eng</DOCNO>
        <IMAGE>images/01/1235.jpg</IMAGE>
        <SENTENCE id="s856" start="23263" end="23373"><TEXT>a room with grey walls , a single bed with green , yellow and purple stripes and a bed table on both sides .</TEXT><SPATIALINDICATOR id="S1007" start="93" end="95" text="on"/><TRAJECTOR id="T1007" start="81" end="92" text="a bed table"/><LANDMARK id="L1007" start="96" end="106" text="both sides"/><RELATION id="SR965" trajector_id="T1007" landmark_id="L1007" spatial_indicator_id="S1007" general_type="" specific_type="" RCC8_value="" FoR=""/></SENTENCE></SCENE>
    <SCENE>
        <DOCNO>annotations/01/1236.eng</DOCNO>
        <IMAGE>images/01/1236.jpg</IMAGE>
        <SENTENCE id="s857" start="23373" end="23476"><TEXT>a sandy beach with a palm tree and a roofed picnic area made of wood with benches in the foreground .</TEXT><LANDMARK id="L1011" start="85" end="99" text="the foreground"/><SPATIALINDICATOR id="S1011" start="82" end="84" text="in"/><TRAJECTOR id="T1011" start="64" end="68" text="wood"/><TRAJECTOR id="T1012" start="74" end="81" text="benches"/><RELATION id="SR968" trajector_id="T1011" landmark_id="L1011" spatial_indicator_id="S1011" general_type="" specific_type="" RCC8_value="" FoR=""/><RELATION id="SR969" trajector_id="T1012" landmark_id="L1011" spatial_indicator_id="S1011" general_type="" specific_type="" RCC8_value="" FoR=""/></SENTENCE><SENTENCE id="s858" start="23476" end="23549"><TEXT>there are more palm trees and houses behind a hedge in the background .</TEXT><SPATIALINDICATOR id="S1015" start="52" end="54" text="in"/><TRAJECTOR id="T1015" start="44" end="51" text="a hedge"/><LANDMARK id="L1015" start="55" end="69" text="the background"/><RELATION id="SR973" trajector_id="T1015" landmark_id="L1015" spatial_indicator_id="S1015" general_type="" specific_type="" RCC8_value="" FoR=""/><SPATIALINDICATOR id="S1016" start="37" end="43" text="behind"/><TRAJECTOR id="T1016" start="10" end="25" text="more palm trees"/><TRAJECTOR id="T1017" start="30" end="36" text="houses"/><LANDMARK id="L1018" start="44" end="51" text="a hedge"/><RELATION id="SR975" trajector_id="T1016" landmark_id="L1018" spatial_indicator_id="S1016" general_type="" specific_type="" RCC8_value="" FoR=""/><RELATION id="SR976" trajector_id="T1017" landmark_id="L1018" spatial_indicator_id="S1016" general_type="" specific_type="" RCC8_value="" FoR=""/></SENTENCE></SCENE>
    <SCENE>
        <DOCNO>annotations/01/1237.eng</DOCNO>
        <IMAGE>images/01/1237.jpg</IMAGE>
        <SENTENCE id="s859" start="23549" end="23657"><TEXT>a room with a wooden king-sized bed , somewhat pale bedcovers and a large door with curtains on the left .</TEXT></SENTENCE><SENTENCE id="s860" start="23657" end="23698"><TEXT>palms and the sea are visible outside .</TEXT></SENTENCE></SCENE>
    <SCENE>
        <DOCNO>annotations/01/1238.eng</DOCNO>
        <IMAGE>images/01/1238.jpg</IMAGE>
        <SENTENCE id="s861" start="23698" end="23868"><TEXT>a palm tree in the foreground on the right , behind it a grey wall with a hedge and an entrance gate made of pillars to a garden with more palm trees and a pink house .</TEXT><SPATIALINDICATOR id="S1025" start="12" end="14" text="in"/><TRAJECTOR id="T1025" start="0" end="11" text="a palm tree"/><LANDMARK id="L1025" start="15" end="29" text="the foreground"/><RELATION id="SR981" trajector_id="T1025" landmark_id="L1025" spatial_indicator_id="S1025" general_type="" specific_type="" RCC8_value="" FoR=""/><SPATIALINDICATOR id="S1026" start="30" end="42" text="on the right"/><TRAJECTOR id="T1026" start="15" end="29" text="the foreground"/><LANDMARK id="L1026" start="-1" end="-1"/><RELATION id="SR983" trajector_id="T1026" landmark_id="L1026" spatial_indicator_id="S1026" general_type="" specific_type="" RCC8_value="" FoR=""/><LANDMARK id="L1027" start="120" end="128" text="a garden"/><SPATIALINDICATOR id="S1027" start="117" end="119" text="to"/><TRAJECTOR id="T1027" start="109" end="116" text="pillars"/><RELATION id="SR985" trajector_id="T1027" landmark_id="L1027" spatial_indicator_id="S1027" general_type="" specific_type="" RCC8_value="" FoR=""/></SENTENCE></SCENE>
    <SCENE>
        <DOCNO>annotations/01/1239.eng</DOCNO>
        <IMAGE>images/01/1239.jpg</IMAGE>
        <SENTENCE id="s862" start="23868" end="24006"><TEXT>a room with grey walls and a single bed made of wood , a night table with a bedside lamp and a window with closed curtains on the left .</TEXT><SPATIALINDICATOR id="S1030" start="123" end="134" text="on the left"/><TRAJECTOR id="T1030" start="93" end="101" text="a window"/><TRAJECTOR id="T1031" start="107" end="122" text="closed curtains"/><LANDMARK id="L1032" start="-1" end="-1"/><RELATION id="SR989" trajector_id="T1030" landmark_id="L1032" spatial_indicator_id="S1030" general_type="" specific_type="" RCC8_value="" FoR=""/><RELATION id="SR990" trajector_id="T1031" landmark_id="L1032" spatial_indicator_id="S1030" general_type="" specific_type="" RCC8_value="" FoR=""/></SENTENCE></SCENE>
    <SCENE>
        <DOCNO>annotations/01/1241.eng</DOCNO>
        <IMAGE>images/01/1241.jpg</IMAGE>
        <SENTENCE id="s863" start="24006" end="24136"><TEXT>a room with white walls , a king-sized bed with red bedcover and pillows and a large window with open blinds in the background .</TEXT><SPATIALINDICATOR id="S1035" start="109" end="111" text="in"/><TRAJECTOR id="T1035" start="97" end="108" text="open blinds"/><TRAJECTOR id="T1036" start="65" end="72" text="pillows"/><TRAJECTOR id="T1037" start="77" end="91" text="a large window"/><LANDMARK id="L1038" start="112" end="126" text="the background"/><RELATION id="SR993" trajector_id="T1035" landmark_id="L1038" spatial_indicator_id="S1035" general_type="" specific_type="" RCC8_value="" FoR=""/><RELATION id="SR994" trajector_id="T1036" landmark_id="L1038" spatial_indicator_id="S1035" general_type="" specific_type="" RCC8_value="" FoR=""/><RELATION id="SR995" trajector_id="T1037" landmark_id="L1038" spatial_indicator_id="S1035" general_type="" specific_type="" RCC8_value="" FoR=""/></SENTENCE></SCENE>
    <SCENE>
        <DOCNO>annotations/01/1242.eng</DOCNO>
        <IMAGE>images/01/1242.jpg</IMAGE>
        <SENTENCE id="s864" start="24136" end="24195"><TEXT>small palm trees along a footpath next to a gravel area .</TEXT><SPATIALINDICATOR id="S1042" start="34" end="41" text="next to"/><TRAJECTOR id="T1042" start="23" end="33" text="a footpath"/><LANDMARK id="L1042" start="42" end="55" text="a gravel area"/><RELATION id="SR998" trajector_id="T1042" landmark_id="L1042" spatial_indicator_id="S1042" general_type="" specific_type="" RCC8_value="" FoR=""/><SPATIALINDICATOR id="S1043" start="17" end="22" text="along"/><TRAJECTOR id="T1043" start="0" end="16" text="small palm trees"/><LANDMARK id="L1043" start="23" end="33" text="a footpath"/><RELATION id="SR1000" trajector_id="T1043" landmark_id="L1043" spatial_indicator_id="S1043" general_type="" specific_type="" RCC8_value="" FoR=""/></SENTENCE><SENTENCE id="s865" start="24195" end="24275"><TEXT>there is a dark brown house , a swimming pool and a forest in the background .</TEXT><SPATIALINDICATOR id="S1045" start="59" end="61" text="in"/><TRAJECTOR id="T1045" start="9" end="27" text="a dark brown house"/><TRAJECTOR id="T1046" start="30" end="45" text="a swimming pool"/><TRAJECTOR id="T1047" start="50" end="58" text="a forest"/><LANDMARK id="L1048" start="62" end="76" text="the background"/><RELATION id="SR1003" trajector_id="T1045" landmark_id="L1048" spatial_indicator_id="S1045" general_type="" specific_type="" RCC8_value="" FoR=""/><RELATION id="SR1004" trajector_id="T1046" landmark_id="L1048" spatial_indicator_id="S1045" general_type="" specific_type="" RCC8_value="" FoR=""/><RELATION id="SR1005" trajector_id="T1047" landmark_id="L1048" spatial_indicator_id="S1045" general_type="" specific_type="" RCC8_value="" FoR=""/></SENTENCE></SCENE>
    <SCENE>
        <DOCNO>annotations/01/1243.eng</DOCNO>
        <IMAGE>images/01/1243.jpg</IMAGE>
        <SENTENCE id="s866" start="24275" end="24423"><TEXT>a room with beige walls , two single beds made of wood with orange-brownish bedcovers and in between a night table with a lamp and a phone on it .</TEXT><SPATIALINDICATOR id="S1052" start="139" end="141" text="on"/><TRAJECTOR id="T1052" start="131" end="138" text="a phone"/><LANDMARK id="L1052" start="142" end="144" text="it"/><RELATION id="SR1008" trajector_id="T1052" landmark_id="L1052" spatial_indicator_id="S1052" general_type="" specific_type="" RCC8_value="" FoR=""/><LANDMARK id="L1053" start="101" end="114" text="a night table"/><SPATIALINDICATOR id="S1053" start="90" end="100" text="in between"/><TRAJECTOR id="T1053" start="60" end="85" text="orange-brownish bedcovers"/><TRAJECTOR id="T1054" start="50" end="54" text="wood"/><RELATION id="SR1010" trajector_id="T1053" landmark_id="L1053" spatial_indicator_id="S1053" general_type="" specific_type="" RCC8_value="" FoR=""/><RELATION id="SR1011" trajector_id="T1054" landmark_id="L1053" spatial_indicator_id="S1053" general_type="" specific_type="" RCC8_value="" FoR=""/></SENTENCE><SENTENCE id="s867" start="24423" end="24469"><TEXT>there is also a large painting on the wall .</TEXT><SPATIALINDICATOR id="S1057" start="31" end="33" text="on"/><TRAJECTOR id="T1057" start="14" end="30" text="a large painting"/><LANDMARK id="L1057" start="34" end="42" text="the wall"/><RELATION id="SR1015" trajector_id="T1057" landmark_id="L1057" spatial_indicator_id="S1057" general_type="" specific_type="" RCC8_value="" FoR=""/></SENTENCE></SCENE>
    <SCENE>
        <DOCNO>annotations/01/1244.eng</DOCNO>
        <IMAGE>images/01/1244.jpg</IMAGE>
        <SENTENCE id="s868" start="24469" end="24624"><TEXT>the courtyard of an orange , two-storey building with a footpath to a swimming pool in the shape of an eight and small palm trees to the left and right .</TEXT><SPATIALINDICATOR id="S1060" start="84" end="86" text="in"/><TRAJECTOR id="T1060" start="68" end="83" text="a swimming pool"/><LANDMARK id="L1060" start="87" end="96" text="the shape"/><RELATION id="SR1018" trajector_id="T1060" landmark_id="L1060" spatial_indicator_id="S1060" general_type="" specific_type="" RCC8_value="" FoR=""/></SENTENCE></SCENE>
    <SCENE>
        <DOCNO>annotations/01/1245.eng</DOCNO>
        <IMAGE>images/01/1245.jpg</IMAGE>
        <SENTENCE id="s869" start="24624" end="24762"><TEXT>a simple room with white walls and a single bed with a light blue bedcover , a white and blue striped pillow and a curtain on the left .</TEXT><SPATIALINDICATOR id="S1063" start="123" end="134" text="on the left"/><TRAJECTOR id="T1063" start="94" end="108" text="striped pillow"/><TRAJECTOR id="T1064" start="113" end="122" text="a curtain"/><LANDMARK id="L1065" start="-1" end="-1"/><RELATION id="SR1021" trajector_id="T1063" landmark_id="L1065" spatial_indicator_id="S1063" general_type="" specific_type="" RCC8_value="" FoR=""/><RELATION id="SR1022" trajector_id="T1064" landmark_id="L1065" spatial_indicator_id="S1063" general_type="" specific_type="" RCC8_value="" FoR=""/></SENTENCE></SCENE>
    <SCENE>
        <DOCNO>annotations/01/1246.eng</DOCNO>
        <IMAGE>images/01/1246.jpg</IMAGE>
        <SENTENCE id="s870" start="24762" end="24888"><TEXT>an open square with a swimming pool , a red building with arched doors and a steep hill wit a lighthouse in the background .</TEXT><SPATIALINDICATOR id="S1068" start="105" end="107" text="in"/><TRAJECTOR id="T1068" start="75" end="91" text="a steep hill wit"/><TRAJECTOR id="T1069" start="92" end="104" text="a lighthouse"/><LANDMARK id="L1070" start="108" end="122" text="the background"/><RELATION id="SR1025" trajector_id="T1068" landmark_id="L1070" spatial_indicator_id="S1068" general_type="" specific_type="" RCC8_value="" FoR=""/><RELATION id="SR1026" trajector_id="T1069" landmark_id="L1070" spatial_indicator_id="S1068" general_type="" specific_type="" RCC8_value="" FoR=""/></SENTENCE></SCENE>
    <SCENE>
        <DOCNO>annotations/01/1248.eng</DOCNO>
        <IMAGE>images/01/1248.jpg</IMAGE>
        <SENTENCE id="s871" start="24888" end="24974"><TEXT>turquoise beach canvas chairs and sunshades in front of a wall made of grey stones .</TEXT><SPATIALINDICATOR id="S1074" start="44" end="55" text="in front of"/><TRAJECTOR id="T1074" start="0" end="29" text="turquoise beach canvas chairs"/><TRAJECTOR id="T1075" start="34" end="43" text="sunshades"/><LANDMARK id="L1076" start="56" end="62" text="a wall"/><RELATION id="SR1029" trajector_id="T1074" landmark_id="L1076" spatial_indicator_id="S1074" general_type="" specific_type="" RCC8_value="" FoR=""/><RELATION id="SR1030" trajector_id="T1075" landmark_id="L1076" spatial_indicator_id="S1074" general_type="" specific_type="" RCC8_value="" FoR=""/></SENTENCE><SENTENCE id="s872" start="24974" end="25023"><TEXT>palm trees and a few houses in the background .</TEXT><SPATIALINDICATOR id="S1078" start="28" end="30" text="in"/><TRAJECTOR id="T1078" start="0" end="10" text="palm trees"/><TRAJECTOR id="T1079" start="15" end="27" text="a few houses"/><LANDMARK id="L1080" start="31" end="45" text="the background"/><RELATION id="SR1033" trajector_id="T1078" landmark_id="L1080" spatial_indicator_id="S1078" general_type="" specific_type="" RCC8_value="" FoR=""/><RELATION id="SR1034" trajector_id="T1079" landmark_id="L1080" spatial_indicator_id="S1078" general_type="" specific_type="" RCC8_value="" FoR=""/></SENTENCE></SCENE>
    <SCENE>
        <DOCNO>annotations/01/1251.eng</DOCNO>
        <IMAGE>images/01/1251.jpg</IMAGE>
        <SENTENCE id="s873" start="25023" end="25141"><TEXT>a room with white walls , a king-sized bade made of wood , white and blue chequered bedcover and two satin pillows .</TEXT></SENTENCE><SENTENCE id="s874" start="25141" end="25255"><TEXT>there is a night table with a lamp on the left , a large painting above the bed and a small window on the left .</TEXT><SPATIALINDICATOR id="S1085" start="66" end="71" text="above"/><TRAJECTOR id="T1085" start="49" end="65" text="a large painting"/><LANDMARK id="L1085" start="72" end="79" text="the bed"/><RELATION id="SR1038" trajector_id="T1085" landmark_id="L1085" spatial_indicator_id="S1085" general_type="" specific_type="" RCC8_value="" FoR=""/><SPATIALINDICATOR id="S1086" start="99" end="110" text="on the left"/><TRAJECTOR id="T1086" start="84" end="98" text="a small window"/><LANDMARK id="L1086" start="-1" end="-1"/><RELATION id="SR1040" trajector_id="T1086" landmark_id="L1086" spatial_indicator_id="S1086" general_type="" specific_type="" RCC8_value="" FoR=""/><SPATIALINDICATOR id="S1087" start="35" end="46" text="on the left"/><TRAJECTOR id="T1087" start="9" end="22" text="a night table"/><TRAJECTOR id="T1088" start="84" end="98" text="a small window"/><TRAJECTOR id="T1089" start="49" end="65" text="a large painting"/><TRAJECTOR id="T1090" start="28" end="34" text="a lamp"/><LANDMARK id="L1091" start="-1" end="-1"/><RELATION id="SR1042" trajector_id="T1087" landmark_id="L1091" spatial_indicator_id="S1087" general_type="" specific_type="" RCC8_value="" FoR=""/><RELATION id="SR1043" trajector_id="T1088" landmark_id="L1091" spatial_indicator_id="S1087" general_type="" specific_type="" RCC8_value="" FoR=""/><RELATION id="SR1044" trajector_id="T1089" landmark_id="L1091" spatial_indicator_id="S1087" general_type="" specific_type="" RCC8_value="" FoR=""/><RELATION id="SR1045" trajector_id="T1090" landmark_id="L1091" spatial_indicator_id="S1087" general_type="" specific_type="" RCC8_value="" FoR=""/></SENTENCE></SCENE>
    <SCENE>
        <DOCNO>annotations/01/1252.eng</DOCNO>
        <IMAGE>images/01/1252.jpg</IMAGE>
        <SENTENCE id="s875" start="25255" end="25407"><TEXT>palm trees with hammocks in between , a slope , sunshades with a thatched roof and white sand in the foreground , and a few houses in the background .</TEXT><SPATIALINDICATOR id="S1094" start="94" end="96" text="in"/><TRAJECTOR id="T1094" start="83" end="93" text="white sand"/><LANDMARK id="L1094" start="97" end="111" text="the foreground"/><RELATION id="SR1048" trajector_id="T1094" landmark_id="L1094" spatial_indicator_id="S1094" general_type="" specific_type="" RCC8_value="" FoR=""/><SPATIALINDICATOR id="S1095" start="131" end="133" text="in"/><TRAJECTOR id="T1095" start="118" end="130" text="a few houses"/><LANDMARK id="L1095" start="134" end="148" text="the background"/><RELATION id="SR1050" trajector_id="T1095" landmark_id="L1095" spatial_indicator_id="S1095" general_type="" specific_type="" RCC8_value="" FoR=""/><SPATIALINDICATOR id="S1096" start="25" end="35" text="in between"/><TRAJECTOR id="T1096" start="0" end="10" text="palm trees"/><TRAJECTOR id="T1097" start="118" end="130" text="a few houses"/><TRAJECTOR id="T1098" start="48" end="57" text="sunshades"/><TRAJECTOR id="T1099" start="16" end="24" text="hammocks"/><LANDMARK id="L1100" start="38" end="45" text="a slope"/><RELATION id="SR1052" trajector_id="T1096" landmark_id="L1100" spatial_indicator_id="S1096" general_type="" specific_type="" RCC8_value="" FoR=""/><RELATION id="SR1053" trajector_id="T1097" landmark_id="L1100" spatial_indicator_id="S1096" general_type="" specific_type="" RCC8_value="" FoR=""/><RELATION id="SR1054" trajector_id="T1098" landmark_id="L1100" spatial_indicator_id="S1096" general_type="" specific_type="" RCC8_value="" FoR=""/><RELATION id="SR1055" trajector_id="T1099" landmark_id="L1100" spatial_indicator_id="S1096" general_type="" specific_type="" RCC8_value="" FoR=""/></SENTENCE></SCENE>
    <SCENE>
        <DOCNO>annotations/01/1253.eng</DOCNO>
        <IMAGE>images/01/1253.jpg</IMAGE>
        <SENTENCE id="s876" start="25407" end="25504"><TEXT>a room with a king-sized bed made of wood , blue and red chequered bedcover and white pillows .</TEXT></SENTENCE><SENTENCE id="s877" start="25504" end="25542"><TEXT>night table with lamp on the right .</TEXT><SPATIALINDICATOR id="S1106" start="22" end="34" text="on the right"/><TRAJECTOR id="T1106" start="17" end="21" text="lamp"/><TRAJECTOR id="T1107" start="0" end="11" text="night table"/><LANDMARK id="L1108" start="-1" end="-1"/><RELATION id="SR1059" trajector_id="T1106" landmark_id="L1108" spatial_indicator_id="S1106" general_type="" specific_type="" RCC8_value="" FoR=""/><RELATION id="SR1060" trajector_id="T1107" landmark_id="L1108" spatial_indicator_id="S1106" general_type="" specific_type="" RCC8_value="" FoR=""/></SENTENCE><SENTENCE id="s878" start="25542" end="25572"><TEXT>window with white curtains .</TEXT></SENTENCE></SCENE>
    <SCENE>
        <DOCNO>annotations/01/1254.eng</DOCNO>
        <IMAGE>images/01/1254.jpg</IMAGE>
        <SENTENCE id="s879" start="25572" end="25650"><TEXT>a swimming pool with blue and white canvas chairs and palm trees around it .</TEXT><SPATIALINDICATOR id="S1113" start="65" end="71" text="around"/><TRAJECTOR id="T1113" start="54" end="64" text="palm trees"/><LANDMARK id="L1113" start="72" end="74" text="it"/><RELATION id="SR1064" trajector_id="T1113" landmark_id="L1113" spatial_indicator_id="S1113" general_type="" specific_type="" RCC8_value="" FoR=""/></SENTENCE><SENTENCE id="s880" start="25650" end="25714"><TEXT>there is a white house with lots of timber in the background .</TEXT><SPATIALINDICATOR id="S1115" start="43" end="45" text="in"/><TRAJECTOR id="T1115" start="9" end="22" text="a white house"/><LANDMARK id="L1115" start="46" end="60" text="the background"/><RELATION id="SR1067" trajector_id="T1115" landmark_id="L1115" spatial_indicator_id="S1115" general_type="" specific_type="" RCC8_value="" FoR=""/></SENTENCE></SCENE>
    <SCENE>
        <DOCNO>annotations/01/1255.eng</DOCNO>
        <IMAGE>images/01/1255.jpg</IMAGE>
        <SENTENCE id="s881" start="25714" end="25819"><TEXT>a room with white walls , a king-sized bed made of wood , bluish bedcover and white towels on the bed .</TEXT><SPATIALINDICATOR id="S1119" start="91" end="93" text="on"/><TRAJECTOR id="T1119" start="78" end="90" text="white towels"/><TRAJECTOR id="T1120" start="51" end="55" text="wood"/><TRAJECTOR id="T1121" start="58" end="73" text="bluish bedcover"/><LANDMARK id="L1122" start="94" end="101" text="the bed"/><RELATION id="SR1070" trajector_id="T1119" landmark_id="L1122" spatial_indicator_id="S1119" general_type="" specific_type="" RCC8_value="" FoR=""/><RELATION id="SR1071" trajector_id="T1120" landmark_id="L1122" spatial_indicator_id="S1119" general_type="" specific_type="" RCC8_value="" FoR=""/><RELATION id="SR1072" trajector_id="T1121" landmark_id="L1122" spatial_indicator_id="S1119" general_type="" specific_type="" RCC8_value="" FoR=""/></SENTENCE><SENTENCE id="s882" start="25819" end="25887"><TEXT>there is a night table on the right and a painting above the bed .</TEXT><SPATIALINDICATOR id="S1124" start="51" end="56" text="above"/><TRAJECTOR id="T1124" start="40" end="50" text="a painting"/><LANDMARK id="L1124" start="57" end="64" text="the bed"/><RELATION id="SR1075" trajector_id="T1124" landmark_id="L1124" spatial_indicator_id="S1124" general_type="" specific_type="" RCC8_value="" FoR=""/><SPATIALINDICATOR id="S1125" start="23" end="35" text="on the right"/><TRAJECTOR id="T1125" start="9" end="22" text="a night table"/><LANDMARK id="L1125" start="-1" end="-1"/><RELATION id="SR1077" trajector_id="T1125" landmark_id="L1125" spatial_indicator_id="S1125" general_type="" specific_type="" RCC8_value="" FoR=""/></SENTENCE></SCENE>
    <SCENE>
        <DOCNO>annotations/01/1256.eng</DOCNO>
        <IMAGE>images/01/1256.jpg</IMAGE>
        <SENTENCE id="s883" start="25887" end="25984"><TEXT>a swimming pool with three palm trees , three burning lamps and a few canvas chairs around it .</TEXT><SPATIALINDICATOR id="S1129" start="84" end="90" text="around"/><TRAJECTOR id="T1129" start="64" end="83" text="a few canvas chairs"/><TRAJECTOR id="T1130" start="40" end="59" text="three burning lamps"/><LANDMARK id="L1131" start="91" end="93" text="it"/><RELATION id="SR1080" trajector_id="T1129" landmark_id="L1131" spatial_indicator_id="S1129" general_type="" specific_type="" RCC8_value="" FoR=""/><RELATION id="SR1081" trajector_id="T1130" landmark_id="L1131" spatial_indicator_id="S1129" general_type="" specific_type="" RCC8_value="" FoR=""/></SENTENCE><SENTENCE id="s884" start="25984" end="26079"><TEXT>there is a balcony with flowers and wooden rails on the right and the sea in the background .</TEXT><SPATIALINDICATOR id="S1133" start="74" end="76" text="in"/><TRAJECTOR id="T1133" start="66" end="73" text="the sea"/><LANDMARK id="L1133" start="77" end="91" text="the background"/><RELATION id="SR1084" trajector_id="T1133" landmark_id="L1133" spatial_indicator_id="S1133" general_type="" specific_type="" RCC8_value="" FoR=""/><SPATIALINDICATOR id="S1134" start="49" end="61" text="on the right"/><TRAJECTOR id="T1134" start="36" end="48" text="wooden rails"/><LANDMARK id="L1134" start="-1" end="-1"/><RELATION id="SR1086" trajector_id="T1134" landmark_id="L1134" spatial_indicator_id="S1134" general_type="" specific_type="" RCC8_value="" FoR=""/></SENTENCE></SCENE>
    <SCENE>
        <DOCNO>annotations/01/1258.eng</DOCNO>
        <IMAGE>images/01/1258.jpg</IMAGE>
        <SENTENCE id="s885" start="26079" end="26196"><TEXT>a room with white walls , a king-sized bed made of wood , a bedside lamp on the left and a painting above the bed .</TEXT></SENTENCE></SCENE>
    <SCENE>
        <DOCNO>annotations/01/1259.eng</DOCNO>
        <IMAGE>images/01/1259.jpg</IMAGE>
        <SENTENCE id="s886" start="26196" end="26279"><TEXT>wooden rails and a wooden table with an ash tray on a balcony in the foreground .</TEXT><SPATIALINDICATOR id="S1140" start="62" end="64" text="in"/><TRAJECTOR id="T1140" start="52" end="61" text="a balcony"/><LANDMARK id="L1140" start="65" end="79" text="the foreground"/><RELATION id="SR1090" trajector_id="T1140" landmark_id="L1140" spatial_indicator_id="S1140" general_type="" specific_type="" RCC8_value="" FoR=""/><SPATIALINDICATOR id="S1141" start="49" end="51" text="on"/><TRAJECTOR id="T1141" start="37" end="48" text="an ash tray"/><TRAJECTOR id="T1142" start="0" end="12" text="wooden rails"/><TRAJECTOR id="T1143" start="17" end="31" text="a wooden table"/><LANDMARK id="L1144" start="52" end="61" text="a balcony"/><RELATION id="SR1092" trajector_id="T1141" landmark_id="L1144" spatial_indicator_id="S1141" general_type="" specific_type="" RCC8_value="" FoR=""/><RELATION id="SR1093" trajector_id="T1142" landmark_id="L1144" spatial_indicator_id="S1141" general_type="" specific_type="" RCC8_value="" FoR=""/><RELATION id="SR1094" trajector_id="T1143" landmark_id="L1144" spatial_indicator_id="S1141" general_type="" specific_type="" RCC8_value="" FoR=""/></SENTENCE><SENTENCE id="s887" start="26279" end="26375"><TEXT>behind it a swimming pool with palm trees , and a sandy beach with the sea in the background .</TEXT><SPATIALINDICATOR id="S1146" start="75" end="77" text="in"/><TRAJECTOR id="T1146" start="67" end="74" text="the sea"/><TRAJECTOR id="T1147" start="48" end="61" text="a sandy beach"/><LANDMARK id="L1148" start="78" end="92" text="the background"/><RELATION id="SR1097" trajector_id="T1146" landmark_id="L1148" spatial_indicator_id="S1146" general_type="" specific_type="" RCC8_value="" FoR=""/><RELATION id="SR1098" trajector_id="T1147" landmark_id="L1148" spatial_indicator_id="S1146" general_type="" specific_type="" RCC8_value="" FoR=""/></SENTENCE></SCENE>
    <SCENE>
        <DOCNO>annotations/01/1261.eng</DOCNO>
        <IMAGE>images/01/1261.jpg</IMAGE>
        <SENTENCE id="s888" start="26375" end="26493"><TEXT>view from a wooden balcony with round , wooden rails and a palm tree in front of it onto a sandy beach and the sea .</TEXT><SPATIALINDICATOR id="S1151" start="32" end="37" text="round"/><TRAJECTOR id="T1151" start="10" end="26" text="a wooden balcony"/><LANDMARK id="L1151" start="40" end="52" text="wooden rails"/><RELATION id="SR1101" trajector_id="T1151" landmark_id="L1151" spatial_indicator_id="S1151" general_type="" specific_type="" RCC8_value="" FoR=""/><SPATIALINDICATOR id="S1152" start="69" end="80" text="in front of"/><TRAJECTOR id="T1152" start="57" end="68" text="a palm tree"/><TRAJECTOR id="T1153" start="40" end="52" text="wooden rails"/><LANDMARK id="L1154" start="81" end="83" text="it"/><RELATION id="SR1103" trajector_id="T1152" landmark_id="L1154" spatial_indicator_id="S1152" general_type="" specific_type="" RCC8_value="" FoR=""/><RELATION id="SR1104" trajector_id="T1153" landmark_id="L1154" spatial_indicator_id="S1152" general_type="" specific_type="" RCC8_value="" FoR=""/></SENTENCE></SCENE>
    <SCENE>
        <DOCNO>annotations/01/1262.eng</DOCNO>
        <IMAGE>images/01/1262.jpg</IMAGE>
        <SENTENCE id="s889" start="26493" end="26670"><TEXT>a room with blue and white walls , a king-sized bed made of wood , colourful bedcovers , a night table with a lamp on the left and the door to the bathroom in the background .</TEXT><SPATIALINDICATOR id="S1157" start="156" end="158" text="in"/><TRAJECTOR id="T1157" start="143" end="155" text="the bathroom"/><LANDMARK id="L1157" start="159" end="173" text="the background"/><RELATION id="SR1107" trajector_id="T1157" landmark_id="L1157" spatial_indicator_id="S1157" general_type="" specific_type="" RCC8_value="" FoR=""/></SENTENCE></SCENE>
    <SCENE>
        <DOCNO>annotations/01/1263.eng</DOCNO>
        <IMAGE>images/01/1263.jpg</IMAGE>
        <SENTENCE id="s890" start="26670" end="26845"><TEXT>a swimming pool in the foreground , with a sunshade , tables and chairs on the left and above it a light brown house with several storeys and wooden rails on the balconies .</TEXT><SPATIALINDICATOR id="S1161" start="16" end="18" text="in"/><TRAJECTOR id="T1161" start="0" end="15" text="a swimming pool"/><LANDMARK id="L1161" start="19" end="33" text="the foreground"/><RELATION id="SR1110" trajector_id="T1161" landmark_id="L1161" spatial_indicator_id="S1161" general_type="" specific_type="" RCC8_value="" FoR=""/><SPATIALINDICATOR id="S1162" start="155" end="157" text="on"/><TRAJECTOR id="T1162" start="142" end="154" text="wooden rails"/><LANDMARK id="L1162" start="158" end="171" text="the balconies"/><RELATION id="SR1112" trajector_id="T1162" landmark_id="L1162" spatial_indicator_id="S1162" general_type="" specific_type="" RCC8_value="" FoR=""/><SPATIALINDICATOR id="S1163" start="72" end="83" text="on the left"/><TRAJECTOR id="T1163" start="65" end="71" text="chairs"/><TRAJECTOR id="T1164" start="54" end="60" text="tables"/><LANDMARK id="L1165" start="-1" end="-1"/><RELATION id="SR1114" trajector_id="T1163" landmark_id="L1165" spatial_indicator_id="S1163" general_type="" specific_type="" RCC8_value="" FoR=""/><RELATION id="SR1115" trajector_id="T1164" landmark_id="L1165" spatial_indicator_id="S1163" general_type="" specific_type="" RCC8_value="" FoR=""/></SENTENCE><SENTENCE id="s891" start="26845" end="26949"><TEXT>there is another house in the background on the right with a thatched roof and a woman in the garden .</TEXT><SPATIALINDICATOR id="S1167" start="87" end="89" text="in"/><TRAJECTOR id="T1167" start="79" end="86" text="a woman"/><LANDMARK id="L1167" start="90" end="100" text="the garden"/><RELATION id="SR1118" trajector_id="T1167" landmark_id="L1167" spatial_indicator_id="S1167" general_type="" specific_type="" RCC8_value="" FoR=""/><SPATIALINDICATOR id="S1168" start="23" end="25" text="in"/><TRAJECTOR id="T1168" start="9" end="22" text="another house"/><LANDMARK id="L1168" start="26" end="40" text="the background"/><RELATION id="SR1120" trajector_id="T1168" landmark_id="L1168" spatial_indicator_id="S1168" general_type="" specific_type="" RCC8_value="" FoR=""/><SPATIALINDICATOR id="S1169" start="41" end="53" text="on the right"/><TRAJECTOR id="T1169" start="26" end="40" text="the background"/><LANDMARK id="L1169" start="-1" end="-1"/><RELATION id="SR1122" trajector_id="T1169" landmark_id="L1169" spatial_indicator_id="S1169" general_type="" specific_type="" RCC8_value="" FoR=""/></SENTENCE></SCENE>
    <SCENE>
        <DOCNO>annotations/01/1270.eng</DOCNO>
        <IMAGE>images/01/1270.jpg</IMAGE>
        <SENTENCE id="s892" start="26949" end="27084"><TEXT>a white high-rise building ( the middle rows are red ) with large windows ( especialy at the corners ) and flags above the entrance .</TEXT><SPATIALINDICATOR id="S1172" start="113" end="118" text="above"/><TRAJECTOR id="T1172" start="107" end="112" text="flags"/><LANDMARK id="L1172" start="119" end="131" text="the entrance"/><RELATION id="SR1125" trajector_id="T1172" landmark_id="L1172" spatial_indicator_id="S1172" general_type="" specific_type="" RCC8_value="" FoR=""/><SPATIALINDICATOR id="S1173" start="86" end="88" text="at"/><TRAJECTOR id="T1173" start="107" end="112" text="flags"/><TRAJECTOR id="T1174" start="60" end="73" text="large windows"/><LANDMARK id="L1175" start="89" end="100" text="the corners"/><RELATION id="SR1127" trajector_id="T1173" landmark_id="L1175" spatial_indicator_id="S1173" general_type="" specific_type="" RCC8_value="" FoR=""/><RELATION id="SR1128" trajector_id="T1174" landmark_id="L1175" spatial_indicator_id="S1173" general_type="" specific_type="" RCC8_value="" FoR=""/></SENTENCE></SCENE>
    <SCENE>
        <DOCNO>annotations/01/1271.eng</DOCNO>
        <IMAGE>images/01/1271.jpg</IMAGE>
        <SENTENCE id="s893" start="27084" end="27194"><TEXT>a yellow , two-storey building with a red roof and a grey wall in front of it and a yellow wall next to it .</TEXT><SPATIALINDICATOR id="S1179" start="63" end="74" text="in front of"/><TRAJECTOR id="T1179" start="51" end="62" text="a grey wall"/><LANDMARK id="L1179" start="75" end="77" text="it"/><RELATION id="SR1131" trajector_id="T1179" landmark_id="L1179" spatial_indicator_id="S1179" general_type="" specific_type="" RCC8_value="" FoR=""/><SPATIALINDICATOR id="S1180" start="96" end="103" text="next to"/><TRAJECTOR id="T1180" start="82" end="95" text="a yellow wall"/><LANDMARK id="L1180" start="104" end="106" text="it"/><RELATION id="SR1133" trajector_id="T1180" landmark_id="L1180" spatial_indicator_id="S1180" general_type="" specific_type="" RCC8_value="" FoR=""/></SENTENCE><SENTENCE id="s894" start="27194" end="27276"><TEXT>there is some water in the foreground and brown , bald hills in the background .</TEXT><SPATIALINDICATOR id="S1182" start="61" end="63" text="in"/><TRAJECTOR id="T1182" start="42" end="60" text="brown , bald hills"/><LANDMARK id="L1182" start="64" end="78" text="the background"/><RELATION id="SR1136" trajector_id="T1182" landmark_id="L1182" spatial_indicator_id="S1182" general_type="" specific_type="" RCC8_value="" FoR=""/><SPATIALINDICATOR id="S1183" start="20" end="22" text="in"/><TRAJECTOR id="T1183" start="9" end="19" text="some water"/><LANDMARK id="L1183" start="42" end="60" text="brown , bald hills"/><LANDMARK id="L1184" start="23" end="37" text="the foreground"/><RELATION id="SR1138" trajector_id="T1183" landmark_id="L1183" spatial_indicator_id="S1183" general_type="" specific_type="" RCC8_value="" FoR=""/><RELATION id="SR1139" trajector_id="T1183" landmark_id="L1184" spatial_indicator_id="S1183" general_type="" specific_type="" RCC8_value="" FoR=""/></SENTENCE></SCENE>
    <SCENE>
        <DOCNO>annotations/01/1272.eng</DOCNO>
        <IMAGE>images/01/1272.jpg</IMAGE>
        <SENTENCE id="s895" start="27276" end="27336"><TEXT>a room with beige walls , some parts with natural stones .</TEXT></SENTENCE><SENTENCE id="s896" start="27336" end="27444"><TEXT>two single beds with a gold and blue bedcover , burning lamps on each side and a painting above the beds .</TEXT><SPATIALINDICATOR id="S1190" start="90" end="95" text="above"/><TRAJECTOR id="T1190" start="79" end="89" text="a painting"/><LANDMARK id="L1190" start="96" end="104" text="the beds"/><RELATION id="SR1143" trajector_id="T1190" landmark_id="L1190" spatial_indicator_id="S1190" general_type="" specific_type="" RCC8_value="" FoR=""/><SPATIALINDICATOR id="S1191" start="62" end="64" text="on"/><TRAJECTOR id="T1191" start="48" end="61" text="burning lamps"/><TRAJECTOR id="T1192" start="79" end="89" text="a painting"/><LANDMARK id="L1193" start="65" end="74" text="each side"/><RELATION id="SR1145" trajector_id="T1191" landmark_id="L1193" spatial_indicator_id="S1191" general_type="" specific_type="" RCC8_value="" FoR=""/><RELATION id="SR1146" trajector_id="T1192" landmark_id="L1193" spatial_indicator_id="S1191" general_type="" specific_type="" RCC8_value="" FoR=""/></SENTENCE></SCENE>
    <SCENE>
        <DOCNO>annotations/01/1273.eng</DOCNO>
        <IMAGE>images/01/1273.jpg</IMAGE>
        <SENTENCE id="s897" start="27444" end="27583"><TEXT>a large room with yellow-brownish walls , a king-sized bed made of wood , carpets , a TV , and a window with curtains in the background .</TEXT></SENTENCE></SCENE>
    <SCENE>
        <DOCNO>annotations/01/1274.eng</DOCNO>
        <IMAGE>images/01/1274.jpg</IMAGE>
        <SENTENCE id="s898" start="27583" end="27699"><TEXT>the entrance of a high , black , grey and yellow building with a white limousine and a white flag in front of it .</TEXT><SPATIALINDICATOR id="S1199" start="98" end="109" text="in front of"/><TRAJECTOR id="T1199" start="85" end="97" text="a white flag"/><LANDMARK id="L1199" start="110" end="112" text="it"/><RELATION id="SR1150" trajector_id="T1199" landmark_id="L1199" spatial_indicator_id="S1199" general_type="" specific_type="" RCC8_value="" FoR=""/></SENTENCE><SENTENCE id="s899" start="27699" end="27753"><TEXT>there is also a tree in the foreground on the left .</TEXT><SPATIALINDICATOR id="S1201" start="21" end="23" text="in"/><TRAJECTOR id="T1201" start="14" end="20" text="a tree"/><LANDMARK id="L1201" start="24" end="38" text="the foreground"/><RELATION id="SR1153" trajector_id="T1201" landmark_id="L1201" spatial_indicator_id="S1201" general_type="" specific_type="" RCC8_value="" FoR=""/><SPATIALINDICATOR id="S1202" start="39" end="50" text="on the left"/><TRAJECTOR id="T1202" start="24" end="38" text="the foreground"/><LANDMARK id="L1202" start="-1" end="-1"/><RELATION id="SR1155" trajector_id="T1202" landmark_id="L1202" spatial_indicator_id="S1202" general_type="" specific_type="" RCC8_value="" FoR=""/></SENTENCE></SCENE>
    <SCENE>
        <DOCNO>annotations/01/1275.eng</DOCNO>
        <IMAGE>images/01/1275.jpg</IMAGE>
        <SENTENCE id="s900" start="27753" end="27878"><TEXT>a room with yellow walls , green wooden beds , chequered bedcovers and a green wooden night table in between with a phone .</TEXT><SPATIALINDICATOR id="S1206" start="98" end="108" text="in between"/><TRAJECTOR id="T1206" start="73" end="97" text="green wooden night table"/><LANDMARK id="L1206" start="114" end="121" text="a phone"/><RELATION id="SR1158" trajector_id="T1206" landmark_id="L1206" spatial_indicator_id="S1206" general_type="" specific_type="" RCC8_value="" FoR=""/></SENTENCE><SENTENCE id="s901" start="27878" end="27947"><TEXT>a window with curtains , a table and two chairs in the background .</TEXT><SPATIALINDICATOR id="S1208" start="48" end="50" text="in"/><TRAJECTOR id="T1208" start="25" end="32" text="a table"/><TRAJECTOR id="T1209" start="37" end="47" text="two chairs"/><LANDMARK id="L1210" start="51" end="65" text="the background"/><RELATION id="SR1161" trajector_id="T1208" landmark_id="L1210" spatial_indicator_id="S1208" general_type="" specific_type="" RCC8_value="" FoR=""/><RELATION id="SR1162" trajector_id="T1209" landmark_id="L1210" spatial_indicator_id="S1208" general_type="" specific_type="" RCC8_value="" FoR=""/></SENTENCE></SCENE>
    <SCENE>
        <DOCNO>annotations/01/1276.eng</DOCNO>
        <IMAGE>images/01/1276.jpg</IMAGE>
        <SENTENCE id="s902" start="27947" end="28088"><TEXT>a room with light-pink walls , a bed made of wood , white towels , a night table with a lamp on both sides , and a painting above the bed .</TEXT><SPATIALINDICATOR id="S1213" start="124" end="129" text="above"/><TRAJECTOR id="T1213" start="113" end="123" text="a painting"/><LANDMARK id="L1213" start="130" end="137" text="the bed"/><RELATION id="SR1165" trajector_id="T1213" landmark_id="L1213" spatial_indicator_id="S1213" general_type="" specific_type="" RCC8_value="" FoR=""/></SENTENCE></SCENE>
    <SCENE>
        <DOCNO>annotations/01/1277.eng</DOCNO>
        <IMAGE>images/01/1277.jpg</IMAGE>
        <SENTENCE id="s903" start="28088" end="28245"><TEXT>a room with walls made of orange bricks , two single beds made of wood with light bedcover , a night table with a lamp in between and a painting above it .</TEXT><SPATIALINDICATOR id="S1216" start="145" end="150" text="above"/><TRAJECTOR id="T1216" start="134" end="144" text="a painting"/><LANDMARK id="L1216" start="151" end="153" text="it"/><RELATION id="SR1168" trajector_id="T1216" landmark_id="L1216" spatial_indicator_id="S1216" general_type="" specific_type="" RCC8_value="" FoR=""/></SENTENCE></SCENE>
    <SCENE>
        <DOCNO>annotations/01/1278.eng</DOCNO>
        <IMAGE>images/01/1278.jpg</IMAGE>
        <SENTENCE id="s904" start="28245" end="28389"><TEXT>a grey car , a large green tree and a smaller tree blooming in purple and also a lot of potted plants in front of a one-storey , white house .</TEXT><SPATIALINDICATOR id="S1220" start="102" end="113" text="in front of"/><TRAJECTOR id="T1220" start="79" end="101" text="a lot of potted plants"/><LANDMARK id="L1220" start="116" end="140" text="one-storey , white house"/><RELATION id="SR1171" trajector_id="T1220" landmark_id="L1220" spatial_indicator_id="S1220" general_type="" specific_type="" RCC8_value="" FoR=""/></SENTENCE><SENTENCE id="s905" start="28389" end="28431"><TEXT>there is cobblestone in the foreground .</TEXT><SPATIALINDICATOR id="S1222" start="21" end="23" text="in"/><TRAJECTOR id="T1222" start="9" end="20" text="cobblestone"/><LANDMARK id="L1222" start="24" end="38" text="the foreground"/><RELATION id="SR1174" trajector_id="T1222" landmark_id="L1222" spatial_indicator_id="S1222" general_type="" specific_type="" RCC8_value="" FoR=""/></SENTENCE></SCENE>
    <SCENE>
        <DOCNO>annotations/01/1289.eng</DOCNO>
        <IMAGE>images/01/1289.jpg</IMAGE>
        <SENTENCE id="s906" start="28431" end="28508"><TEXT>a white house with a brown thatched roof and with a corrugated sheet roof .</TEXT></SENTENCE><SENTENCE id="s907" start="28508" end="28620"><TEXT>there is an earth wall in the foreground and a brown , bald hill with further small houses in the background .</TEXT><SPATIALINDICATOR id="S1227" start="91" end="93" text="in"/><TRAJECTOR id="T1227" start="47" end="64" text="brown , bald hill"/><TRAJECTOR id="T1228" start="70" end="90" text="further small houses"/><LANDMARK id="L1229" start="94" end="108" text="the background"/><RELATION id="SR1178" trajector_id="T1227" landmark_id="L1229" spatial_indicator_id="S1227" general_type="" specific_type="" RCC8_value="" FoR=""/><RELATION id="SR1179" trajector_id="T1228" landmark_id="L1229" spatial_indicator_id="S1227" general_type="" specific_type="" RCC8_value="" FoR=""/><SPATIALINDICATOR id="S1230" start="23" end="25" text="in"/><TRAJECTOR id="T1230" start="9" end="22" text="an earth wall"/><LANDMARK id="L1230" start="47" end="64" text="brown , bald hill"/><LANDMARK id="L1231" start="26" end="40" text="the foreground"/><RELATION id="SR1181" trajector_id="T1230" landmark_id="L1230" spatial_indicator_id="S1230" general_type="" specific_type="" RCC8_value="" FoR=""/><RELATION id="SR1182" trajector_id="T1230" landmark_id="L1231" spatial_indicator_id="S1230" general_type="" specific_type="" RCC8_value="" FoR=""/></SENTENCE></SCENE>
    <SCENE>
        <DOCNO>annotations/01/1290.eng</DOCNO>
        <IMAGE>images/01/1290.jpg</IMAGE>
        <SENTENCE id="s908" start="28620" end="28679"><TEXT>a wooden bulk bed with grey mattresses and red curtains .</TEXT></SENTENCE></SCENE>
    <SCENE>
        <DOCNO>annotations/01/1291.eng</DOCNO>
        <IMAGE>images/01/1291.jpg</IMAGE>
        <SENTENCE id="s909" start="28679" end="28746"><TEXT>a red , blue and white cargo ship in the water ( in a harbour   )</TEXT><SPATIALINDICATOR id="S1237" start="34" end="36" text="in"/><TRAJECTOR id="T1237" start="23" end="33" text="cargo ship"/><LANDMARK id="L1237" start="37" end="46" text="the water"/><RELATION id="SR1186" trajector_id="T1237" landmark_id="L1237" spatial_indicator_id="S1237" general_type="" specific_type="" RCC8_value="" FoR=""/><SPATIALINDICATOR id="S1238" start="49" end="51" text="in"/><TRAJECTOR id="T1238" start="37" end="46" text="the water"/><LANDMARK id="L1238" start="52" end="61" text="a harbour"/><RELATION id="SR1188" trajector_id="T1238" landmark_id="L1238" spatial_indicator_id="S1238" general_type="" specific_type="" RCC8_value="" FoR=""/></SENTENCE></SCENE>
    <SCENE>
        <DOCNO>annotations/01/1292.eng</DOCNO>
        <IMAGE>images/01/1292.jpg</IMAGE>
        <SENTENCE id="s910" start="28746" end="28797"><TEXT>a house in the middle of a forest and on a lake .</TEXT><SPATIALINDICATOR id="S1243" start="8" end="24" text="in the middle of"/><TRAJECTOR id="T1243" start="0" end="7" text="a house"/><LANDMARK id="L1243" start="25" end="33" text="a forest"/><RELATION id="SR1191" trajector_id="T1243" landmark_id="L1243" spatial_indicator_id="S1243" general_type="" specific_type="" RCC8_value="" FoR=""/><SPATIALINDICATOR id="S1244" start="38" end="40" text="on"/><TRAJECTOR id="T1244" start="25" end="33" text="a forest"/><LANDMARK id="L1244" start="41" end="47" text="a lake"/><RELATION id="SR1193" trajector_id="T1244" landmark_id="L1244" spatial_indicator_id="S1244" general_type="" specific_type="" RCC8_value="" FoR=""/></SENTENCE><SENTENCE id="s911" start="28797" end="28829"><TEXT>there is a road on the right .</TEXT><SPATIALINDICATOR id="S1246" start="16" end="28" text="on the right"/><TRAJECTOR id="T1246" start="9" end="15" text="a road"/><LANDMARK id="L1246" start="-1" end="-1"/><RELATION id="SR1196" trajector_id="T1246" landmark_id="L1246" spatial_indicator_id="S1246" general_type="" specific_type="" RCC8_value="" FoR=""/></SENTENCE><SENTENCE id="s912" start="28829" end="28896"><TEXT>there are wooded slopes and snowcovered peaks in the background .</TEXT><SPATIALINDICATOR id="S1248" start="46" end="48" text="in"/><TRAJECTOR id="T1248" start="28" end="45" text="snowcovered peaks"/><TRAJECTOR id="T1249" start="10" end="23" text="wooded slopes"/><LANDMARK id="L1250" start="49" end="63" text="the background"/><RELATION id="SR1199" trajector_id="T1248" landmark_id="L1250" spatial_indicator_id="S1248" general_type="" specific_type="" RCC8_value="" FoR=""/><RELATION id="SR1200" trajector_id="T1249" landmark_id="L1250" spatial_indicator_id="S1248" general_type="" specific_type="" RCC8_value="" FoR=""/></SENTENCE></SCENE>
    <SCENE>
        <DOCNO>annotations/01/1294.eng</DOCNO>
        <IMAGE>images/01/1294.jpg</IMAGE>
        <SENTENCE id="s913" start="28896" end="28958"><TEXT>an access gravel road to green houses with dark grey roofs .</TEXT></SENTENCE><SENTENCE id="s914" start="28958" end="29038"><TEXT>there is a wooden fence on the left , and there are cars parked on the right .</TEXT><SPATIALINDICATOR id="S1257" start="24" end="35" text="on the left"/><TRAJECTOR id="T1257" start="9" end="23" text="a wooden fence"/><LANDMARK id="L1257" start="-1" end="-1"/><RELATION id="SR1204" trajector_id="T1257" landmark_id="L1257" spatial_indicator_id="S1257" general_type="" specific_type="" RCC8_value="" FoR=""/></SENTENCE><SENTENCE id="s915" start="29038" end="29095"><TEXT>a small township with many dark green trees behind it .</TEXT><SPATIALINDICATOR id="S1259" start="44" end="50" text="behind"/><TRAJECTOR id="T1259" start="0" end="16" text="a small township"/><TRAJECTOR id="T1260" start="22" end="43" text="many dark green trees"/><LANDMARK id="L1261" start="51" end="53" text="it"/><RELATION id="SR1207" trajector_id="T1259" landmark_id="L1261" spatial_indicator_id="S1259" general_type="" specific_type="" RCC8_value="" FoR=""/><RELATION id="SR1208" trajector_id="T1260" landmark_id="L1261" spatial_indicator_id="S1259" general_type="" specific_type="" RCC8_value="" FoR=""/></SENTENCE><SENTENCE id="s916" start="29095" end="29191"><TEXT>and in the distant background a lake , an island and a mountain range with snowcovered peaks .</TEXT></SENTENCE></SCENE>
    <SCENE>
        <DOCNO>annotations/01/1299.eng</DOCNO>
        <IMAGE>images/01/1299.jpg</IMAGE>
        <SENTENCE id="s917" start="29191" end="29238"><TEXT>two men are standing on a cobbled foot path .</TEXT><LANDMARK id="L1266" start="24" end="43" text="a cobbled foot path"/><SPATIALINDICATOR id="S1266" start="21" end="23" text="on"/><TRAJECTOR id="T1266" start="0" end="7" text="two men"/><RELATION id="SR1212" trajector_id="T1266" landmark_id="L1266" spatial_indicator_id="S1266" general_type="" specific_type="" RCC8_value="" FoR=""/></SENTENCE><SENTENCE id="s918" start="29238" end="29390"><TEXT>there are trees , a Welcome Nancy Hospedaje sign and an iron fence on the right , and white houses with dark grey roofs or reddish roofs on the left .</TEXT><SPATIALINDICATOR id="S1268" start="67" end="79" text="on the right"/><TRAJECTOR id="T1268" start="53" end="66" text="an iron fence"/><TRAJECTOR id="T1269" start="20" end="48" text="Welcome Nancy Hospedaje sign"/><LANDMARK id="L1270" start="-1" end="-1"/><RELATION id="SR1216" trajector_id="T1268" landmark_id="L1270" spatial_indicator_id="S1268" general_type="" specific_type="" RCC8_value="" FoR=""/><RELATION id="SR1217" trajector_id="T1269" landmark_id="L1270" spatial_indicator_id="S1268" general_type="" specific_type="" RCC8_value="" FoR=""/><SPATIALINDICATOR id="S1271" start="137" end="148" text="on the left"/><TRAJECTOR id="T1271" start="123" end="136" text="reddish roofs"/><LANDMARK id="L1271" start="-1" end="-1"/><RELATION id="SR1219" trajector_id="T1271" landmark_id="L1271" spatial_indicator_id="S1271" general_type="" specific_type="" RCC8_value="" FoR=""/></SENTENCE></SCENE>
    <SCENE>
        <DOCNO>annotations/01/1300.eng</DOCNO>
        <IMAGE>images/01/1300.jpg</IMAGE>
        <SENTENCE id="s919" start="29390" end="29514"><TEXT>a greenish yellow house with white ornamental strips , a yellow entrance and a writing Hostal Bonbini on blue background .</TEXT><SPATIALINDICATOR id="S1275" start="102" end="104" text="on"/><TRAJECTOR id="T1275" start="77" end="101" text="a writing Hostal Bonbini"/><TRAJECTOR id="T1276" start="55" end="72" text="a yellow entrance"/><LANDMARK id="L1277" start="105" end="120" text="blue background"/><RELATION id="SR1222" trajector_id="T1275" landmark_id="L1277" spatial_indicator_id="S1275" general_type="" specific_type="" RCC8_value="" FoR=""/><RELATION id="SR1223" trajector_id="T1276" landmark_id="L1277" spatial_indicator_id="S1275" general_type="" specific_type="" RCC8_value="" FoR=""/></SENTENCE><SENTENCE id="s920" start="29514" end="29632"><TEXT>there are eight flags above the entrance , a pavement with a few pedestrians and a parked white car in front of it .</TEXT><SPATIALINDICATOR id="S1279" start="100" end="111" text="in front of"/><TRAJECTOR id="T1279" start="81" end="99" text="a parked white car"/><LANDMARK id="L1279" start="112" end="114" text="it"/><RELATION id="SR1226" trajector_id="T1279" landmark_id="L1279" spatial_indicator_id="S1279" general_type="" specific_type="" RCC8_value="" FoR=""/><SPATIALINDICATOR id="S1280" start="22" end="27" text="above"/><TRAJECTOR id="T1280" start="10" end="21" text="eight flags"/><LANDMARK id="L1280" start="28" end="40" text="the entrance"/><RELATION id="SR1228" trajector_id="T1280" landmark_id="L1280" spatial_indicator_id="S1280" general_type="" specific_type="" RCC8_value="" FoR=""/></SENTENCE></SCENE>
    <SCENE>
        <DOCNO>annotations/01/1301.eng</DOCNO>
        <IMAGE>images/01/1301.jpg</IMAGE>
        <SENTENCE id="s921" start="29632" end="29769"><TEXT>a room with brown walls and lots of cane , a couple of blankets on the ground , and window with blinds made of cane in the background .</TEXT><SPATIALINDICATOR id="S1283" start="64" end="66" text="on"/><TRAJECTOR id="T1283" start="28" end="40" text="lots of cane"/><TRAJECTOR id="T1284" start="43" end="63" text="a couple of blankets"/><LANDMARK id="L1285" start="67" end="77" text="the ground"/><RELATION id="SR1231" trajector_id="T1283" landmark_id="L1285" spatial_indicator_id="S1283" general_type="" specific_type="" RCC8_value="" FoR=""/><RELATION id="SR1232" trajector_id="T1284" landmark_id="L1285" spatial_indicator_id="S1283" general_type="" specific_type="" RCC8_value="" FoR=""/><LANDMARK id="L1286" start="119" end="133" text="the background"/><SPATIALINDICATOR id="S1286" start="116" end="118" text="in"/><TRAJECTOR id="T1286" start="111" end="115" text="cane"/><RELATION id="SR1234" trajector_id="T1286" landmark_id="L1286" spatial_indicator_id="S1286" general_type="" specific_type="" RCC8_value="" FoR=""/></SENTENCE></SCENE>
    <SCENE>
        <DOCNO>annotations/01/1302.eng</DOCNO>
        <IMAGE>images/01/1302.jpg</IMAGE>
        <SENTENCE id="s922" start="29769" end="29848"><TEXT>a room with walls made of wood and also a wooden bed that has not been made .</TEXT></SENTENCE><SENTENCE id="s923" start="29848" end="29884"><TEXT>white bedcover and white pillows .</TEXT></SENTENCE><SENTENCE id="s924" start="29884" end="29951"><TEXT>there is a mosquito net above the bed and a backpack next to it .</TEXT><SPATIALINDICATOR id="S1293" start="24" end="29" text="above"/><TRAJECTOR id="T1293" start="42" end="60" text="a backpack next to"/><TRAJECTOR id="T1294" start="9" end="23" text="a mosquito net"/><LANDMARK id="L1295" start="30" end="37" text="the bed"/><RELATION id="SR1240" trajector_id="T1293" landmark_id="L1295" spatial_indicator_id="S1293" general_type="" specific_type="" RCC8_value="" FoR=""/><RELATION id="SR1241" trajector_id="T1294" landmark_id="L1295" spatial_indicator_id="S1293" general_type="" specific_type="" RCC8_value="" FoR=""/></SENTENCE></SCENE>
    <SCENE>
        <DOCNO>annotations/01/1303.eng</DOCNO>
        <IMAGE>images/01/1303.jpg</IMAGE>
        <SENTENCE id="s925" start="29951" end="30038"><TEXT>two wooden huts on pillars , with a thatched roof and a green corrugated sheet roof .</TEXT><SPATIALINDICATOR id="S1299" start="16" end="18" text="on"/><TRAJECTOR id="T1299" start="0" end="15" text="two wooden huts"/><LANDMARK id="L1299" start="19" end="26" text="pillars"/><RELATION id="SR1244" trajector_id="T1299" landmark_id="L1299" spatial_indicator_id="S1299" general_type="" specific_type="" RCC8_value="" FoR=""/></SENTENCE><SENTENCE id="s926" start="30038" end="30120"><TEXT>dense vegetation , a palm tree , flowers and bushes in front of and below them .</TEXT></SENTENCE></SCENE>
    <SCENE>
        <DOCNO>annotations/01/1304.eng</DOCNO>
        <IMAGE>images/01/1304.jpg</IMAGE>
        <SENTENCE id="s927" start="30120" end="30164"><TEXT>room with yellow walls and two paintings .</TEXT></SENTENCE><SENTENCE id="s928" start="30164" end="30205"><TEXT>a king-sized bed with purple bedcover .</TEXT></SENTENCE><SENTENCE id="s929" start="30205" end="30334"><TEXT>there is a night table on the left and a chair on the right , and a window with white curtains in the background on the right .</TEXT><SPATIALINDICATOR id="S1308" start="95" end="97" text="in"/><TRAJECTOR id="T1308" start="80" end="94" text="white curtains"/><TRAJECTOR id="T1309" start="66" end="74" text="a window"/><LANDMARK id="L1310" start="98" end="112" text="the background"/><RELATION id="SR1250" trajector_id="T1308" landmark_id="L1310" spatial_indicator_id="S1308" general_type="" specific_type="" RCC8_value="" FoR=""/><RELATION id="SR1251" trajector_id="T1309" landmark_id="L1310" spatial_indicator_id="S1308" general_type="" specific_type="" RCC8_value="" FoR=""/><SPATIALINDICATOR id="S1311" start="23" end="34" text="on the left"/><TRAJECTOR id="T1311" start="9" end="22" text="a night table"/><TRAJECTOR id="T1312" start="39" end="46" text="a chair"/><LANDMARK id="L1313" start="-1" end="-1"/><RELATION id="SR1253" trajector_id="T1311" landmark_id="L1313" spatial_indicator_id="S1311" general_type="" specific_type="" RCC8_value="" FoR=""/><RELATION id="SR1254" trajector_id="T1312" landmark_id="L1313" spatial_indicator_id="S1311" general_type="" specific_type="" RCC8_value="" FoR=""/><SPATIALINDICATOR id="S1314" start="47" end="59" text="on the right"/><TRAJECTOR id="T1314" start="39" end="46" text="a chair"/><LANDMARK id="L1314" start="-1" end="-1"/><RELATION id="SR1256" trajector_id="T1314" landmark_id="L1314" spatial_indicator_id="S1314" general_type="" specific_type="" RCC8_value="" FoR=""/><SPATIALINDICATOR id="S1315" start="113" end="125" text="on the right"/><TRAJECTOR id="T1315" start="98" end="112" text="the background"/><LANDMARK id="L1315" start="-1" end="-1"/><RELATION id="SR1258" trajector_id="T1315" landmark_id="L1315" spatial_indicator_id="S1315" general_type="" specific_type="" RCC8_value="" FoR=""/></SENTENCE><SENTENCE id="s930" start="30334" end="30354"><TEXT>grey-blue carpet .</TEXT></SENTENCE></SCENE>
    <SCENE>
        <DOCNO>annotations/01/1307.eng</DOCNO>
        <IMAGE>images/01/1307.jpg</IMAGE>
        <SENTENCE id="s931" start="30354" end="30473"><TEXT>grey and red building with big windows ( on the right ) and closed garage doors ( on the left ) on the ground level .</TEXT><SPATIALINDICATOR id="S1320" start="82" end="93" text="on the left"/><TRAJECTOR id="T1320" start="60" end="79" text="closed garage doors"/><LANDMARK id="L1320" start="-1" end="-1"/><RELATION id="SR1262" trajector_id="T1320" landmark_id="L1320" spatial_indicator_id="S1320" general_type="" specific_type="" RCC8_value="" FoR=""/></SENTENCE><SENTENCE id="s932" start="30473" end="30553"><TEXT>there are ten international flags and the writing Central above the entrance .</TEXT><SPATIALINDICATOR id="S1322" start="58" end="63" text="above"/><TRAJECTOR id="T1322" start="10" end="33" text="ten international flags"/><TRAJECTOR id="T1323" start="38" end="57" text="the writing Central"/><LANDMARK id="L1324" start="64" end="76" text="the entrance"/><RELATION id="SR1265" trajector_id="T1322" landmark_id="L1324" spatial_indicator_id="S1322" general_type="" specific_type="" RCC8_value="" FoR=""/><RELATION id="SR1266" trajector_id="T1323" landmark_id="L1324" spatial_indicator_id="S1322" general_type="" specific_type="" RCC8_value="" FoR=""/></SENTENCE></SCENE>
    <SCENE>
        <DOCNO>annotations/01/1308.eng</DOCNO>
        <IMAGE>images/01/1308.jpg</IMAGE>
        <SENTENCE id="s933" start="30553" end="30592"><TEXT>room with white walls and a picture .</TEXT></SENTENCE><SENTENCE id="s934" start="30592" end="30665"><TEXT>two single beds made of wood with red blankets and light-blue pillows .</TEXT></SENTENCE></SCENE>
    <SCENE>
        <DOCNO>annotations/01/1309.eng</DOCNO>
        <IMAGE>images/01/1309.jpg</IMAGE>
        <SENTENCE id="s935" start="30665" end="30737"><TEXT>a white , two-storey building with the green writing Hostal El Ancla .</TEXT></SENTENCE><SENTENCE id="s936" start="30737" end="30807"><TEXT>arched windows behind an iron fence and an green , arched entrance .</TEXT><SPATIALINDICATOR id="S1334" start="15" end="21" text="behind"/><TRAJECTOR id="T1334" start="0" end="14" text="arched windows"/><LANDMARK id="L1334" start="43" end="66" text="green , arched entrance"/><LANDMARK id="L1335" start="22" end="35" text="an iron fence"/><RELATION id="SR1272" trajector_id="T1334" landmark_id="L1334" spatial_indicator_id="S1334" general_type="" specific_type="" RCC8_value="" FoR=""/><RELATION id="SR1273" trajector_id="T1334" landmark_id="L1335" spatial_indicator_id="S1334" general_type="" specific_type="" RCC8_value="" FoR=""/></SENTENCE><SENTENCE id="s937" start="30807" end="30861"><TEXT>there is a small , grey wall in front of the house .</TEXT><SPATIALINDICATOR id="S1338" start="29" end="40" text="in front of"/><TRAJECTOR id="T1338" start="11" end="28" text="small , grey wall"/><LANDMARK id="L1338" start="41" end="50" text="the house"/><RELATION id="SR1276" trajector_id="T1338" landmark_id="L1338" spatial_indicator_id="S1338" general_type="" specific_type="" RCC8_value="" FoR=""/></SENTENCE></SCENE>
    <SCENE>
        <DOCNO>annotations/01/1310.eng</DOCNO>
        <IMAGE>images/01/1310.jpg</IMAGE>
        <SENTENCE id="s938" start="30861" end="31000"><TEXT>a room with grey walls , two single beds with grey , green and yellow striped bedcover and a night table with a bedside lamp in between .</TEXT></SENTENCE><SENTENCE id="s939" start="31000" end="31059"><TEXT>there is a window with white curtains in the background .</TEXT><SPATIALINDICATOR id="S1343" start="38" end="40" text="in"/><TRAJECTOR id="T1343" start="9" end="17" text="a window"/><LANDMARK id="L1343" start="41" end="55" text="the background"/><RELATION id="SR1280" trajector_id="T1343" landmark_id="L1343" spatial_indicator_id="S1343" general_type="" specific_type="" RCC8_value="" FoR=""/></SENTENCE></SCENE>
    <SCENE>
        <DOCNO>annotations/01/1311.eng</DOCNO>
        <IMAGE>images/01/1311.jpg</IMAGE>
        <SENTENCE id="s940" start="31059" end="31146"><TEXT>a swimming pool in the courtyard of a white building with a lot of trees and plants .</TEXT><SPATIALINDICATOR id="S1347" start="16" end="18" text="in"/><TRAJECTOR id="T1347" start="0" end="15" text="a swimming pool"/><LANDMARK id="L1347" start="19" end="52" text="the courtyard of a white building"/><RELATION id="SR1283" trajector_id="T1347" landmark_id="L1347" spatial_indicator_id="S1347" general_type="" specific_type="" RCC8_value="" FoR=""/></SENTENCE><SENTENCE id="s941" start="31146" end="31242"><TEXT>there are yellow and white canvas chairs , a sunshade and a grey cobblestone around the pool .</TEXT><SPATIALINDICATOR id="S1349" start="77" end="83" text="around"/><TRAJECTOR id="T1349" start="27" end="40" text="canvas chairs"/><TRAJECTOR id="T1350" start="43" end="53" text="a sunshade"/><TRAJECTOR id="T1351" start="58" end="76" text="a grey cobblestone"/><LANDMARK id="L1352" start="84" end="92" text="the pool"/><RELATION id="SR1286" trajector_id="T1349" landmark_id="L1352" spatial_indicator_id="S1349" general_type="" specific_type="" RCC8_value="" FoR=""/><RELATION id="SR1287" trajector_id="T1350" landmark_id="L1352" spatial_indicator_id="S1349" general_type="" specific_type="" RCC8_value="" FoR=""/><RELATION id="SR1288" trajector_id="T1351" landmark_id="L1352" spatial_indicator_id="S1349" general_type="" specific_type="" RCC8_value="" FoR=""/></SENTENCE></SCENE>
    <SCENE>
        <DOCNO>annotations/01/1312.eng</DOCNO>
        <IMAGE>images/01/1312.jpg</IMAGE>
        <SENTENCE id="s942" start="31242" end="31336"><TEXT>a modern room with white walls , a king-sized bed made of wood and gold and blue bed cover .</TEXT></SENTENCE><SENTENCE id="s943" start="31336" end="31407"><TEXT>there is a night table and a window with white curtains on the left .</TEXT><SPATIALINDICATOR id="S1358" start="56" end="67" text="on the left"/><TRAJECTOR id="T1358" start="41" end="55" text="white curtains"/><LANDMARK id="L1358" start="-1" end="-1"/><RELATION id="SR1292" trajector_id="T1358" landmark_id="L1358" spatial_indicator_id="S1358" general_type="" specific_type="" RCC8_value="" FoR=""/></SENTENCE><SENTENCE id="s944" start="31407" end="31458"><TEXT>there are two further windows with yellow glass .</TEXT></SENTENCE></SCENE>
    <SCENE>
        <DOCNO>annotations/01/1313.eng</DOCNO>
        <IMAGE>images/01/1313.jpg</IMAGE>
        <SENTENCE id="s945" start="31458" end="31536"><TEXT>a terrace of a white house with white tables and chairs and blue sunshades .</TEXT></SENTENCE><SENTENCE id="s946" start="31536" end="31614"><TEXT>there is a beach with breaking waves and the setting sun in the background .</TEXT><SPATIALINDICATOR id="S1364" start="57" end="59" text="in"/><TRAJECTOR id="T1364" start="41" end="56" text="the setting sun"/><LANDMARK id="L1364" start="60" end="74" text="the background"/><RELATION id="SR1297" trajector_id="T1364" landmark_id="L1364" spatial_indicator_id="S1364" general_type="" specific_type="" RCC8_value="" FoR=""/></SENTENCE></SCENE>
    <SCENE>
        <DOCNO>annotations/01/1314.eng</DOCNO>
        <IMAGE>images/01/1314.jpg</IMAGE>
        <SENTENCE id="s947" start="31614" end="31760"><TEXT>a white bungalow with a huge , brown hill behind it and trees , a sunshade , plastic chairs , a plastic table and canvas chairs in front of it .</TEXT><SPATIALINDICATOR id="S1368" start="42" end="48" text="behind"/><TRAJECTOR id="T1368" start="24" end="41" text="huge , brown hill"/><LANDMARK id="L1368" start="56" end="61" text="trees"/><LANDMARK id="L1369" start="49" end="51" text="it"/><RELATION id="SR1300" trajector_id="T1368" landmark_id="L1368" spatial_indicator_id="S1368" general_type="" specific_type="" RCC8_value="" FoR=""/><RELATION id="SR1301" trajector_id="T1368" landmark_id="L1369" spatial_indicator_id="S1368" general_type="" specific_type="" RCC8_value="" FoR=""/><SPATIALINDICATOR id="S1371" start="128" end="139" text="in front of"/><TRAJECTOR id="T1371" start="94" end="109" text="a plastic table"/><TRAJECTOR id="T1372" start="114" end="127" text="canvas chairs"/><LANDMARK id="L1373" start="140" end="142" text="it"/><RELATION id="SR1303" trajector_id="T1371" landmark_id="L1373" spatial_indicator_id="S1371" general_type="" specific_type="" RCC8_value="" FoR=""/><RELATION id="SR1304" trajector_id="T1372" landmark_id="L1373" spatial_indicator_id="S1371" general_type="" specific_type="" RCC8_value="" FoR=""/></SENTENCE><SENTENCE id="s948" start="31760" end="31824"><TEXT>in the foreground one can also see a part of a swimming pool .</TEXT></SENTENCE></SCENE>
    <SCENE>
        <DOCNO>annotations/01/1315.eng</DOCNO>
        <IMAGE>images/01/1315.jpg</IMAGE>
        <SENTENCE id="s949" start="31824" end="31851"><TEXT>a room with green walls .</TEXT></SENTENCE><SENTENCE id="s950" start="31851" end="31961"><TEXT>two single beds made of wood with green and blue bedcover and a night table with a bedside lamp in between .</TEXT></SENTENCE><SENTENCE id="s951" start="31961" end="32014"><TEXT>there is a window with white curtains on the left .</TEXT><SPATIALINDICATOR id="S1381" start="38" end="49" text="on the left"/><TRAJECTOR id="T1381" start="9" end="17" text="a window"/><TRAJECTOR id="T1382" start="23" end="37" text="white curtains"/><LANDMARK id="L1383" start="-1" end="-1"/><RELATION id="SR1310" trajector_id="T1381" landmark_id="L1383" spatial_indicator_id="S1381" general_type="" specific_type="" RCC8_value="" FoR=""/><RELATION id="SR1311" trajector_id="T1382" landmark_id="L1383" spatial_indicator_id="S1381" general_type="" specific_type="" RCC8_value="" FoR=""/></SENTENCE></SCENE>
    <SCENE>
        <DOCNO>annotations/01/1316.eng</DOCNO>
        <IMAGE>images/01/1316.jpg</IMAGE>
        <SENTENCE id="s952" start="32014" end="32112"><TEXT>a room with light grey and yellow walls and a king-sized bed made of wood with green bed cover .</TEXT></SENTENCE><SENTENCE id="s953" start="32112" end="32170"><TEXT>there is a night table with a bedside lamp on the left .</TEXT><SPATIALINDICATOR id="S1389" start="43" end="54" text="on the left"/><TRAJECTOR id="T1389" start="28" end="42" text="a bedside lamp"/><TRAJECTOR id="T1390" start="9" end="22" text="a night table"/><LANDMARK id="L1391" start="-1" end="-1"/><RELATION id="SR1315" trajector_id="T1389" landmark_id="L1391" spatial_indicator_id="S1389" general_type="" specific_type="" RCC8_value="" FoR=""/><RELATION id="SR1316" trajector_id="T1390" landmark_id="L1391" spatial_indicator_id="S1389" general_type="" specific_type="" RCC8_value="" FoR=""/></SENTENCE><SENTENCE id="s954" start="32170" end="32209"><TEXT>and there is a painting on the wall .</TEXT><SPATIALINDICATOR id="S1393" start="24" end="26" text="on"/><TRAJECTOR id="T1393" start="13" end="23" text="a painting"/><LANDMARK id="L1393" start="27" end="35" text="the wall"/><RELATION id="SR1319" trajector_id="T1393" landmark_id="L1393" spatial_indicator_id="S1393" general_type="" specific_type="" RCC8_value="" FoR=""/></SENTENCE></SCENE>
    <SCENE>
        <DOCNO>annotations/01/1317.eng</DOCNO>
        <IMAGE>images/01/1317.jpg</IMAGE>
        <SENTENCE id="s955" start="32209" end="32338"><TEXT>a blue building with a thatched roof and a wooden balcony and a hedge , wooden tables and chairs and sunshades in front of it .</TEXT><SPATIALINDICATOR id="S1397" start="111" end="122" text="in front of"/><TRAJECTOR id="T1397" start="101" end="110" text="sunshades"/><TRAJECTOR id="T1398" start="72" end="85" text="wooden tables"/><TRAJECTOR id="T1399" start="90" end="96" text="chairs"/><LANDMARK id="L1400" start="123" end="125" text="it"/><RELATION id="SR1322" trajector_id="T1397" landmark_id="L1400" spatial_indicator_id="S1397" general_type="" specific_type="" RCC8_value="" FoR=""/><RELATION id="SR1323" trajector_id="T1398" landmark_id="L1400" spatial_indicator_id="S1397" general_type="" specific_type="" RCC8_value="" FoR=""/><RELATION id="SR1324" trajector_id="T1399" landmark_id="L1400" spatial_indicator_id="S1397" general_type="" specific_type="" RCC8_value="" FoR=""/></SENTENCE><SENTENCE id="s956" start="32338" end="32391"><TEXT>there are palm trees and a hill in the background .</TEXT><SPATIALINDICATOR id="S1402" start="32" end="34" text="in"/><TRAJECTOR id="T1402" start="25" end="31" text="a hill"/><TRAJECTOR id="T1403" start="10" end="20" text="palm trees"/><LANDMARK id="L1404" start="35" end="49" text="the background"/><RELATION id="SR1327" trajector_id="T1402" landmark_id="L1404" spatial_indicator_id="S1402" general_type="" specific_type="" RCC8_value="" FoR=""/><RELATION id="SR1328" trajector_id="T1403" landmark_id="L1404" spatial_indicator_id="S1402" general_type="" specific_type="" RCC8_value="" FoR=""/></SENTENCE></SCENE>
    <SCENE>
        <DOCNO>annotations/01/1318.eng</DOCNO>
        <IMAGE>images/01/1318.jpg</IMAGE>
        <SENTENCE id="s957" start="32391" end="32474"><TEXT>a room with red walls , two single beds made of iron and red and grey bedcovers .</TEXT></SENTENCE><SENTENCE id="s958" start="32474" end="32599"><TEXT>there is a night table with a bedside lamp in between the beds , and a door to the bathroom in the background on the left .</TEXT><SPATIALINDICATOR id="S1409" start="92" end="94" text="in"/><TRAJECTOR id="T1409" start="79" end="91" text="the bathroom"/><LANDMARK id="L1409" start="95" end="109" text="the background"/><RELATION id="SR1332" trajector_id="T1409" landmark_id="L1409" spatial_indicator_id="S1409" general_type="" specific_type="" RCC8_value="" FoR=""/><SPATIALINDICATOR id="S1410" start="43" end="53" text="in between"/><TRAJECTOR id="T1410" start="9" end="22" text="a night table"/><LANDMARK id="L1410" start="54" end="62" text="the beds"/><RELATION id="SR1334" trajector_id="T1410" landmark_id="L1410" spatial_indicator_id="S1410" general_type="" specific_type="" RCC8_value="" FoR=""/><SPATIALINDICATOR id="S1411" start="110" end="121" text="on the left"/><TRAJECTOR id="T1411" start="95" end="109" text="the background"/><LANDMARK id="L1411" start="-1" end="-1"/><RELATION id="SR1336" trajector_id="T1411" landmark_id="L1411" spatial_indicator_id="S1411" general_type="" specific_type="" RCC8_value="" FoR=""/></SENTENCE></SCENE>
    <SCENE>
        <DOCNO>annotations/01/1319.eng</DOCNO>
        <IMAGE>images/01/1319.jpg</IMAGE>
        <SENTENCE id="s959" start="32599" end="32807"><TEXT>a red building with doors and windows behind bars on the ground level , a white balcony with two balcony doors made of wood and glas and two more windows on the left with the white writing Hostal Colonial .</TEXT><SPATIALINDICATOR id="S1414" start="50" end="52" text="on"/><TRAJECTOR id="T1414" start="45" end="49" text="bars"/><LANDMARK id="L1414" start="53" end="69" text="the ground level"/><RELATION id="SR1339" trajector_id="T1414" landmark_id="L1414" spatial_indicator_id="S1414" general_type="" specific_type="" RCC8_value="" FoR=""/><SPATIALINDICATOR id="S1415" start="38" end="44" text="behind"/><TRAJECTOR id="T1415" start="30" end="37" text="windows"/><LANDMARK id="L1415" start="45" end="49" text="bars"/><RELATION id="SR1341" trajector_id="T1415" landmark_id="L1415" spatial_indicator_id="S1415" general_type="" specific_type="" RCC8_value="" FoR=""/><SPATIALINDICATOR id="S1416" start="154" end="165" text="on the left"/><TRAJECTOR id="T1416" start="137" end="153" text="two more windows"/><TRAJECTOR id="T1417" start="128" end="132" text="glas"/><LANDMARK id="L1418" start="-1" end="-1"/><RELATION id="SR1343" trajector_id="T1416" landmark_id="L1418" spatial_indicator_id="S1416" general_type="" specific_type="" RCC8_value="" FoR=""/><RELATION id="SR1344" trajector_id="T1417" landmark_id="L1418" spatial_indicator_id="S1416" general_type="" specific_type="" RCC8_value="" FoR=""/></SENTENCE></SCENE>
    <SCENE>
        <DOCNO>annotations/01/1320.eng</DOCNO>
        <IMAGE>images/01/1320.jpg</IMAGE>
        <SENTENCE id="s960" start="32807" end="32983"><TEXT>a room with yellowish walls and two single beds made of wood with colourful bedcovers and a night table next to each bed and a phone and light switches between the two beds .</TEXT></SENTENCE><SENTENCE id="s961" start="32983" end="33029"><TEXT>there is a painting above each of the beds .</TEXT><SPATIALINDICATOR id="S1423" start="20" end="25" text="above"/><TRAJECTOR id="T1423" start="9" end="19" text="a painting"/><LANDMARK id="L1423" start="34" end="42" text="the beds"/><RELATION id="SR1348" trajector_id="T1423" landmark_id="L1423" spatial_indicator_id="S1423" general_type="" specific_type="" RCC8_value="" FoR=""/></SENTENCE></SCENE>
    <SCENE>
        <DOCNO>annotations/01/1321.eng</DOCNO>
        <IMAGE>images/01/1321.jpg</IMAGE>
        <SENTENCE id="s962" start="33029" end="33137"><TEXT>a dark blue building with a large glass door as entrance with the reflection of the opposite street side .</TEXT></SENTENCE><SENTENCE id="s963" start="33137" end="33254"><TEXT>there are little cactuses in a small flower pot on the left , and there is another big window on the second floor .</TEXT><SPATIALINDICATOR id="S1428" start="94" end="96" text="on"/><TRAJECTOR id="T1428" start="75" end="93" text="another big window"/><LANDMARK id="L1428" start="97" end="113" text="the second floor"/><RELATION id="SR1352" trajector_id="T1428" landmark_id="L1428" spatial_indicator_id="S1428" general_type="" specific_type="" RCC8_value="" FoR=""/><SPATIALINDICATOR id="S1429" start="26" end="28" text="in"/><TRAJECTOR id="T1429" start="10" end="25" text="little cactuses"/><LANDMARK id="L1429" start="29" end="47" text="a small flower pot"/><RELATION id="SR1354" trajector_id="T1429" landmark_id="L1429" spatial_indicator_id="S1429" general_type="" specific_type="" RCC8_value="" FoR=""/><SPATIALINDICATOR id="S1430" start="48" end="59" text="on the left"/><TRAJECTOR id="T1430" start="29" end="47" text="a small flower pot"/><LANDMARK id="L1430" start="-1" end="-1"/><RELATION id="SR1356" trajector_id="T1430" landmark_id="L1430" spatial_indicator_id="S1430" general_type="" specific_type="" RCC8_value="" FoR=""/></SENTENCE></SCENE>
    <SCENE>
        <DOCNO>annotations/01/1322.eng</DOCNO>
        <IMAGE>images/01/1322.jpg</IMAGE>
        <SENTENCE id="s964" start="33254" end="33311"><TEXT>a room with white walls and a single bed made of wood .</TEXT></SENTENCE><SENTENCE id="s965" start="33311" end="33418"><TEXT>there is a night table and a lamp on the left , and a wooden window with brownish curtains on the right .</TEXT><SPATIALINDICATOR id="S1435" start="34" end="45" text="on the left"/><TRAJECTOR id="T1435" start="27" end="33" text="a lamp"/><TRAJECTOR id="T1436" start="9" end="22" text="a night table"/><LANDMARK id="L1437" start="-1" end="-1"/><RELATION id="SR1360" trajector_id="T1435" landmark_id="L1437" spatial_indicator_id="S1435" general_type="" specific_type="" RCC8_value="" FoR=""/><RELATION id="SR1361" trajector_id="T1436" landmark_id="L1437" spatial_indicator_id="S1435" general_type="" specific_type="" RCC8_value="" FoR=""/><SPATIALINDICATOR id="S1438" start="91" end="103" text="on the right"/><TRAJECTOR id="T1438" start="52" end="67" text="a wooden window"/><TRAJECTOR id="T1439" start="73" end="90" text="brownish curtains"/><LANDMARK id="L1440" start="-1" end="-1"/><RELATION id="SR1363" trajector_id="T1438" landmark_id="L1440" spatial_indicator_id="S1438" general_type="" specific_type="" RCC8_value="" FoR=""/><RELATION id="SR1364" trajector_id="T1439" landmark_id="L1440" spatial_indicator_id="S1438" general_type="" specific_type="" RCC8_value="" FoR=""/></SENTENCE></SCENE>
    <SCENE>
        <DOCNO>annotations/01/1323.eng</DOCNO>
        <IMAGE>images/01/1323.jpg</IMAGE>
        <SENTENCE id="s966" start="33418" end="33474"><TEXT>a brownish red house with a white decorated entrance .</TEXT></SENTENCE><SENTENCE id="s967" start="33474" end="33618"><TEXT>there are lamps and windows with white bars on the ground level , with a man with a ladder , a car , pedestrians and a street in front of it .</TEXT><SPATIALINDICATOR id="S1445" start="126" end="137" text="in front of"/><TRAJECTOR id="T1445" start="117" end="125" text="a street"/><LANDMARK id="L1445" start="138" end="140" text="it"/><RELATION id="SR1368" trajector_id="T1445" landmark_id="L1445" spatial_indicator_id="S1445" general_type="" specific_type="" RCC8_value="" FoR=""/><SPATIALINDICATOR id="S1446" start="44" end="46" text="on"/><TRAJECTOR id="T1446" start="33" end="43" text="white bars"/><TRAJECTOR id="T1447" start="10" end="15" text="lamps"/><TRAJECTOR id="T1448" start="20" end="27" text="windows"/><LANDMARK id="L1449" start="47" end="63" text="the ground level"/><RELATION id="SR1370" trajector_id="T1446" landmark_id="L1449" spatial_indicator_id="S1446" general_type="" specific_type="" RCC8_value="" FoR=""/><RELATION id="SR1371" trajector_id="T1447" landmark_id="L1449" spatial_indicator_id="S1446" general_type="" specific_type="" RCC8_value="" FoR=""/><RELATION id="SR1372" trajector_id="T1448" landmark_id="L1449" spatial_indicator_id="S1446" general_type="" specific_type="" RCC8_value="" FoR=""/></SENTENCE></SCENE>
    <SCENE>
        <DOCNO>annotations/01/1324.eng</DOCNO>
        <IMAGE>images/01/1324.jpg</IMAGE>
        <SENTENCE id="s968" start="33618" end="33705"><TEXT>a room with grey walls and a single bed made of iron with orange and white bedcover .</TEXT></SENTENCE><SENTENCE id="s969" start="33705" end="33754"><TEXT>a night table with a bedside lamp on the left .</TEXT><SPATIALINDICATOR id="S1455" start="34" end="45" text="on the left"/><TRAJECTOR id="T1455" start="19" end="33" text="a bedside lamp"/><TRAJECTOR id="T1456" start="0" end="13" text="a night table"/><LANDMARK id="L1457" start="-1" end="-1"/><RELATION id="SR1376" trajector_id="T1455" landmark_id="L1457" spatial_indicator_id="S1455" general_type="" specific_type="" RCC8_value="" FoR=""/><RELATION id="SR1377" trajector_id="T1456" landmark_id="L1457" spatial_indicator_id="S1455" general_type="" specific_type="" RCC8_value="" FoR=""/></SENTENCE><SENTENCE id="s970" start="33754" end="33800"><TEXT>wooden door in the background on the right .</TEXT><SPATIALINDICATOR id="S1459" start="12" end="14" text="in"/><TRAJECTOR id="T1459" start="0" end="11" text="wooden door"/><LANDMARK id="L1459" start="15" end="29" text="the background"/><RELATION id="SR1380" trajector_id="T1459" landmark_id="L1459" spatial_indicator_id="S1459" general_type="" specific_type="" RCC8_value="" FoR=""/><SPATIALINDICATOR id="S1460" start="30" end="42" text="on the right"/><TRAJECTOR id="T1460" start="15" end="29" text="the background"/><LANDMARK id="L1460" start="-1" end="-1"/><RELATION id="SR1382" trajector_id="T1460" landmark_id="L1460" spatial_indicator_id="S1460" general_type="" specific_type="" RCC8_value="" FoR=""/></SENTENCE></SCENE>
    <SCENE>
        <DOCNO>annotations/01/1325.eng</DOCNO>
        <IMAGE>images/01/1325.jpg</IMAGE>
        <SENTENCE id="s971" start="33800" end="33948"><TEXT>a narrow , two-storey , brownish red building with bars in front of windows and doors on the ground level and a broad window on the second floor .</TEXT><SPATIALINDICATOR id="S1464" start="125" end="127" text="on"/><TRAJECTOR id="T1464" start="110" end="124" text="a broad window"/><LANDMARK id="L1464" start="128" end="144" text="the second floor"/><RELATION id="SR1385" trajector_id="T1464" landmark_id="L1464" spatial_indicator_id="S1464" general_type="" specific_type="" RCC8_value="" FoR=""/><SPATIALINDICATOR id="S1465" start="56" end="67" text="in front of"/><TRAJECTOR id="T1465" start="51" end="55" text="bars"/><TRAJECTOR id="T1466" start="110" end="124" text="a broad window"/><TRAJECTOR id="T1467" start="33" end="45" text="red building"/><LANDMARK id="L1468" start="68" end="75" text="windows"/><LANDMARK id="L1469" start="80" end="85" text="doors"/><RELATION id="SR1387" trajector_id="T1465" landmark_id="L1468" spatial_indicator_id="S1465" general_type="" specific_type="" RCC8_value="" FoR=""/><RELATION id="SR1388" trajector_id="T1465" landmark_id="L1469" spatial_indicator_id="S1465" general_type="" specific_type="" RCC8_value="" FoR=""/><RELATION id="SR1389" trajector_id="T1466" landmark_id="L1468" spatial_indicator_id="S1465" general_type="" specific_type="" RCC8_value="" FoR=""/><RELATION id="SR1390" trajector_id="T1466" landmark_id="L1469" spatial_indicator_id="S1465" general_type="" specific_type="" RCC8_value="" FoR=""/><RELATION id="SR1391" trajector_id="T1467" landmark_id="L1468" spatial_indicator_id="S1465" general_type="" specific_type="" RCC8_value="" FoR=""/><RELATION id="SR1392" trajector_id="T1467" landmark_id="L1469" spatial_indicator_id="S1465" general_type="" specific_type="" RCC8_value="" FoR=""/><SPATIALINDICATOR id="S1471" start="86" end="88" text="on"/><TRAJECTOR id="T1471" start="80" end="85" text="doors"/><LANDMARK id="L1471" start="89" end="105" text="the ground level"/><RELATION id="SR1394" trajector_id="T1471" landmark_id="L1471" spatial_indicator_id="S1471" general_type="" specific_type="" RCC8_value="" FoR=""/></SENTENCE><SENTENCE id="s972" start="33948" end="34055"><TEXT>there is a cab and a man in front of the house , a white wall on the right and a grey house on the left .</TEXT><SPATIALINDICATOR id="S1473" start="25" end="36" text="in front of"/><TRAJECTOR id="T1473" start="19" end="24" text="a man"/><TRAJECTOR id="T1474" start="9" end="14" text="a cab"/><LANDMARK id="L1475" start="37" end="46" text="the house"/><RELATION id="SR1397" trajector_id="T1473" landmark_id="L1475" spatial_indicator_id="S1473" general_type="" specific_type="" RCC8_value="" FoR=""/><RELATION id="SR1398" trajector_id="T1474" landmark_id="L1475" spatial_indicator_id="S1473" general_type="" specific_type="" RCC8_value="" FoR=""/><SPATIALINDICATOR id="S1476" start="92" end="103" text="on the left"/><TRAJECTOR id="T1476" start="79" end="91" text="a grey house"/><LANDMARK id="L1476" start="-1" end="-1"/><RELATION id="SR1400" trajector_id="T1476" landmark_id="L1476" spatial_indicator_id="S1476" general_type="" specific_type="" RCC8_value="" FoR=""/><SPATIALINDICATOR id="S1477" start="62" end="74" text="on the right"/><TRAJECTOR id="T1477" start="49" end="61" text="a white wall"/><LANDMARK id="L1477" start="-1" end="-1"/><RELATION id="SR1402" trajector_id="T1477" landmark_id="L1477" spatial_indicator_id="S1477" general_type="" specific_type="" RCC8_value="" FoR=""/></SENTENCE></SCENE>
    <SCENE>
        <DOCNO>annotations/01/1326.eng</DOCNO>
        <IMAGE>images/01/1326.jpg</IMAGE>
        <SENTENCE id="s973" start="34055" end="34164"><TEXT>a room with grey walls , two single beds made of wood with grey and brown chequered bedcovers and pillows .</TEXT></SENTENCE><SENTENCE id="s974" start="34164" end="34220"><TEXT>night table with a bedside lamp between the two beds .</TEXT><SPATIALINDICATOR id="S1483" start="32" end="39" text="between"/><TRAJECTOR id="T1483" start="0" end="11" text="night table"/><TRAJECTOR id="T1484" start="17" end="31" text="a bedside lamp"/><LANDMARK id="L1485" start="40" end="52" text="the two beds"/><RELATION id="SR1406" trajector_id="T1483" landmark_id="L1485" spatial_indicator_id="S1483" general_type="" specific_type="" RCC8_value="" FoR=""/><RELATION id="SR1407" trajector_id="T1484" landmark_id="L1485" spatial_indicator_id="S1483" general_type="" specific_type="" RCC8_value="" FoR=""/></SENTENCE><SENTENCE id="s975" start="34220" end="34267"><TEXT>window with grey curtains in the background .</TEXT><SPATIALINDICATOR id="S1487" start="26" end="28" text="in"/><TRAJECTOR id="T1487" start="0" end="6" text="window"/><TRAJECTOR id="T1488" start="12" end="25" text="grey curtains"/><LANDMARK id="L1489" start="29" end="43" text="the background"/><RELATION id="SR1410" trajector_id="T1487" landmark_id="L1489" spatial_indicator_id="S1487" general_type="" specific_type="" RCC8_value="" FoR=""/><RELATION id="SR1411" trajector_id="T1488" landmark_id="L1489" spatial_indicator_id="S1487" general_type="" specific_type="" RCC8_value="" FoR=""/></SENTENCE></SCENE>
    <SCENE>
        <DOCNO>annotations/01/1327.eng</DOCNO>
        <IMAGE>images/01/1327.jpg</IMAGE>
        <SENTENCE id="s976" start="34267" end="34443"><TEXT>a terrace with white plastic chairs and white round tables , red flowers on the right , a street behind the terrace and waves of the sea breaking on the beach during sunset .</TEXT><SPATIALINDICATOR id="S1492" start="97" end="103" text="behind"/><TRAJECTOR id="T1492" start="88" end="96" text="a street"/><LANDMARK id="L1492" start="120" end="136" text="waves of the sea"/><LANDMARK id="L1493" start="104" end="115" text="the terrace"/><RELATION id="SR1414" trajector_id="T1492" landmark_id="L1492" spatial_indicator_id="S1492" general_type="" specific_type="" RCC8_value="" FoR=""/><RELATION id="SR1415" trajector_id="T1492" landmark_id="L1493" spatial_indicator_id="S1492" general_type="" specific_type="" RCC8_value="" FoR=""/><SPATIALINDICATOR id="S1495" start="73" end="85" text="on the right"/><TRAJECTOR id="T1495" start="61" end="72" text="red flowers"/><TRAJECTOR id="T1496" start="40" end="58" text="white round tables"/><LANDMARK id="L1497" start="-1" end="-1"/><RELATION id="SR1417" trajector_id="T1495" landmark_id="L1497" spatial_indicator_id="S1495" general_type="" specific_type="" RCC8_value="" FoR=""/><RELATION id="SR1418" trajector_id="T1496" landmark_id="L1497" spatial_indicator_id="S1495" general_type="" specific_type="" RCC8_value="" FoR=""/><LANDMARK id="L1498" start="149" end="158" text="the beach"/><SPATIALINDICATOR id="S1498" start="146" end="148" text="on"/><TRAJECTOR id="T1498" start="120" end="136" text="waves of the sea"/><RELATION id="SR1420" trajector_id="T1498" landmark_id="L1498" spatial_indicator_id="S1498" general_type="" specific_type="" RCC8_value="" FoR=""/></SENTENCE></SCENE>
    <SCENE>
        <DOCNO>annotations/01/1328.eng</DOCNO>
        <IMAGE>images/01/1328.jpg</IMAGE>
        <SENTENCE id="s977" start="34443" end="34512"><TEXT>bulk bed made of wood with a light blue pillow and a grey blanket .</TEXT></SENTENCE></SCENE>
    <SCENE>
        <DOCNO>annotations/01/1330.eng</DOCNO>
        <IMAGE>images/01/1330.jpg</IMAGE>
        <SENTENCE id="s978" start="34512" end="34584"><TEXT>a white bungalow with brown wooden doors and a little porch above it .</TEXT><SPATIALINDICATOR id="S1503" start="60" end="65" text="above"/><TRAJECTOR id="T1503" start="45" end="59" text="a little porch"/><LANDMARK id="L1503" start="66" end="68" text="it"/><RELATION id="SR1425" trajector_id="T1503" landmark_id="L1503" spatial_indicator_id="S1503" general_type="" specific_type="" RCC8_value="" FoR=""/></SENTENCE></SCENE>
    <SCENE>
        <DOCNO>annotations/01/1331.eng</DOCNO>
        <IMAGE>images/01/1331.jpg</IMAGE>
        <SENTENCE id="s979" start="34584" end="34632"><TEXT>room with light green walls and one painting .</TEXT></SENTENCE><SENTENCE id="s980" start="34632" end="34714"><TEXT>two single beds ( one fully visible ) made of wood with red and grey bedcovers .</TEXT></SENTENCE><SENTENCE id="s981" start="34714" end="34770"><TEXT>night table with a bedside lamp between the two beds .</TEXT><SPATIALINDICATOR id="S1510" start="32" end="39" text="between"/><TRAJECTOR id="T1510" start="17" end="31" text="a bedside lamp"/><TRAJECTOR id="T1511" start="0" end="11" text="night table"/><LANDMARK id="L1512" start="40" end="52" text="the two beds"/><RELATION id="SR1430" trajector_id="T1510" landmark_id="L1512" spatial_indicator_id="S1510" general_type="" specific_type="" RCC8_value="" FoR=""/><RELATION id="SR1431" trajector_id="T1511" landmark_id="L1512" spatial_indicator_id="S1510" general_type="" specific_type="" RCC8_value="" FoR=""/></SENTENCE></SCENE>
    <SCENE>
        <DOCNO>annotations/01/1332.eng</DOCNO>
        <IMAGE>images/01/1332.jpg</IMAGE>
        <SENTENCE id="s982" start="34770" end="34795"><TEXT>room with white walls .</TEXT></SENTENCE><SENTENCE id="s983" start="34795" end="34857"><TEXT>two single beds made of wood with green and grey bedcovers .</TEXT></SENTENCE><SENTENCE id="s984" start="34857" end="34923"><TEXT>night table with bedside lamp and a phone between the two beds .</TEXT><SPATIALINDICATOR id="S1519" start="42" end="49" text="between"/><TRAJECTOR id="T1519" start="34" end="41" text="a phone"/><LANDMARK id="L1519" start="50" end="62" text="the two beds"/><RELATION id="SR1436" trajector_id="T1519" landmark_id="L1519" spatial_indicator_id="S1519" general_type="" specific_type="" RCC8_value="" FoR=""/></SENTENCE></SCENE>
    <SCENE>
        <DOCNO>annotations/01/1333.eng</DOCNO>
        <IMAGE>images/01/1333.jpg</IMAGE>
        <SENTENCE id="s985" start="34923" end="35008"><TEXT>a red , two-storey building with large doors and windows and rails in front of it .</TEXT><SPATIALINDICATOR id="S1523" start="67" end="78" text="in front of"/><TRAJECTOR id="T1523" start="49" end="56" text="windows"/><TRAJECTOR id="T1524" start="61" end="66" text="rails"/><LANDMARK id="L1525" start="79" end="81" text="it"/><RELATION id="SR1439" trajector_id="T1523" landmark_id="L1525" spatial_indicator_id="S1523" general_type="" specific_type="" RCC8_value="" FoR=""/><RELATION id="SR1440" trajector_id="T1524" landmark_id="L1525" spatial_indicator_id="S1523" general_type="" specific_type="" RCC8_value="" FoR=""/></SENTENCE><SENTENCE id="s986" start="35008" end="35087"><TEXT>a few people are sitting at the wall , one man is walking next to the rails .</TEXT><LANDMARK id="L1527" start="66" end="75" text="the rails"/><SPATIALINDICATOR id="S1527" start="58" end="65" text="next to"/><TRAJECTOR id="T1527" start="0" end="12" text="a few people"/><RELATION id="SR1443" trajector_id="T1527" landmark_id="L1527" spatial_indicator_id="S1527" general_type="" specific_type="" RCC8_value="" FoR=""/><LANDMARK id="L1528" start="28" end="36" text="the wall"/><SPATIALINDICATOR id="S1528" start="25" end="27" text="at"/><TRAJECTOR id="T1528" start="0" end="12" text="a few people"/><RELATION id="SR1446" trajector_id="T1528" landmark_id="L1528" spatial_indicator_id="S1528" general_type="" specific_type="" RCC8_value="" FoR=""/></SENTENCE></SCENE>
    <SCENE>
        <DOCNO>annotations/01/1334.eng</DOCNO>
        <IMAGE>images/01/1334.jpg</IMAGE>
        <SENTENCE id="s987" start="35087" end="35191"><TEXT>Room with two beds on the right , a table with two chairs on the left and a large window in the back .</TEXT><SPATIALINDICATOR id="S1532" start="58" end="69" text="on the left"/><TRAJECTOR id="T1532" start="74" end="88" text="a large window"/><TRAJECTOR id="T1533" start="34" end="41" text="a table"/><TRAJECTOR id="T1534" start="47" end="57" text="two chairs"/><LANDMARK id="L1535" start="-1" end="-1"/><RELATION id="SR1450" trajector_id="T1532" landmark_id="L1535" spatial_indicator_id="S1532" general_type="" specific_type="" RCC8_value="" FoR=""/><RELATION id="SR1451" trajector_id="T1533" landmark_id="L1535" spatial_indicator_id="S1532" general_type="" specific_type="" RCC8_value="" FoR=""/><RELATION id="SR1452" trajector_id="T1534" landmark_id="L1535" spatial_indicator_id="S1532" general_type="" specific_type="" RCC8_value="" FoR=""/><SPATIALINDICATOR id="S1536" start="19" end="31" text="on the right"/><TRAJECTOR id="T1536" start="0" end="4" text="Room"/><TRAJECTOR id="T1537" start="10" end="18" text="two beds"/><LANDMARK id="L1538" start="-1" end="-1"/><RELATION id="SR1454" trajector_id="T1536" landmark_id="L1538" spatial_indicator_id="S1536" general_type="" specific_type="" RCC8_value="" FoR=""/><RELATION id="SR1455" trajector_id="T1537" landmark_id="L1538" spatial_indicator_id="S1536" general_type="" specific_type="" RCC8_value="" FoR=""/></SENTENCE><SENTENCE id="s988" start="35191" end="35229"><TEXT>there is also a mirror on the left .</TEXT><SPATIALINDICATOR id="S1540" start="23" end="34" text="on the left"/><TRAJECTOR id="T1540" start="14" end="22" text="a mirror"/><LANDMARK id="L1540" start="-1" end="-1"/><RELATION id="SR1458" trajector_id="T1540" landmark_id="L1540" spatial_indicator_id="S1540" general_type="" specific_type="" RCC8_value="" FoR=""/></SENTENCE></SCENE>
    <SCENE>
        <DOCNO>annotations/01/1335.eng</DOCNO>
        <IMAGE>images/01/1335.jpg</IMAGE>
        <SENTENCE id="s989" start="35229" end="35320"><TEXT>Front view of a house made of red bricks , with large wooden windows and white curtains .</TEXT></SENTENCE></SCENE>
    <SCENE>
        <DOCNO>annotations/01/1337.eng</DOCNO>
        <IMAGE>images/01/1337.jpg</IMAGE>
        <SENTENCE id="s990" start="35320" end="35414"><TEXT>a room with a king-sized bed and a night table and a bedside lamp on both sides of the bed .</TEXT><SPATIALINDICATOR id="S1546" start="66" end="68" text="on"/><TRAJECTOR id="T1546" start="51" end="65" text="a bedside lamp"/><TRAJECTOR id="T1547" start="33" end="46" text="a night table"/><LANDMARK id="L1548" start="69" end="90" text="both sides of the bed"/><RELATION id="SR1462" trajector_id="T1546" landmark_id="L1548" spatial_indicator_id="S1546" general_type="" specific_type="" RCC8_value="" FoR=""/><RELATION id="SR1463" trajector_id="T1547" landmark_id="L1548" spatial_indicator_id="S1546" general_type="" specific_type="" RCC8_value="" FoR=""/></SENTENCE><SENTENCE id="s991" start="35414" end="35453"><TEXT>behind it a wall made of red bricks .</TEXT></SENTENCE></SCENE>
    <SCENE>
        <DOCNO>annotations/01/1338.eng</DOCNO>
        <IMAGE>images/01/1338.jpg</IMAGE>
        <SENTENCE id="s992" start="35453" end="35504"><TEXT>The courtyard of a white , three story building .</TEXT></SENTENCE><SENTENCE id="s993" start="35504" end="35555"><TEXT>each level has a large balcony with arched rail .</TEXT></SENTENCE></SCENE>
    <SCENE>
        <DOCNO>annotations/01/1339.eng</DOCNO>
        <IMAGE>images/01/1339.jpg</IMAGE>
        <SENTENCE id="s994" start="35555" end="35669"><TEXT>A room with an unmade bed ( just the mattress ) , a wooden door on the right , a separate bathroom on the left .</TEXT><SPATIALINDICATOR id="S1558" start="99" end="110" text="on the left"/><TRAJECTOR id="T1558" start="79" end="98" text="a separate bathroom"/><LANDMARK id="L1558" start="-1" end="-1"/><RELATION id="SR1469" trajector_id="T1558" landmark_id="L1558" spatial_indicator_id="S1558" general_type="" specific_type="" RCC8_value="" FoR=""/><SPATIALINDICATOR id="S1559" start="64" end="76" text="on the right"/><TRAJECTOR id="T1559" start="50" end="63" text="a wooden door"/><LANDMARK id="L1559" start="-1" end="-1"/><RELATION id="SR1471" trajector_id="T1559" landmark_id="L1559" spatial_indicator_id="S1559" general_type="" specific_type="" RCC8_value="" FoR=""/></SENTENCE><SENTENCE id="s995" start="35669" end="35697"><TEXT>white tiles on the floor .</TEXT><SPATIALINDICATOR id="S1561" start="12" end="14" text="on"/><TRAJECTOR id="T1561" start="0" end="11" text="white tiles"/><LANDMARK id="L1561" start="15" end="24" text="the floor"/><RELATION id="SR1474" trajector_id="T1561" landmark_id="L1561" spatial_indicator_id="S1561" general_type="" specific_type="" RCC8_value="" FoR=""/></SENTENCE><SENTENCE id="s996" start="35697" end="35723"><TEXT>walls look like marmol .</TEXT></SENTENCE></SCENE>
    <SCENE>
        <DOCNO>annotations/01/1340.eng</DOCNO>
        <IMAGE>images/01/1340.jpg</IMAGE>
        <SENTENCE id="s997" start="35723" end="35807"><TEXT>a house made of red bricks , a little veranda with a small garden in front of it .</TEXT><SPATIALINDICATOR id="S1565" start="66" end="77" text="in front of"/><TRAJECTOR id="T1565" start="16" end="26" text="red bricks"/><TRAJECTOR id="T1566" start="29" end="45" text="a little veranda"/><TRAJECTOR id="T1567" start="51" end="65" text="a small garden"/><LANDMARK id="L1568" start="78" end="80" text="it"/><RELATION id="SR1478" trajector_id="T1565" landmark_id="L1568" spatial_indicator_id="S1565" general_type="" specific_type="" RCC8_value="" FoR=""/><RELATION id="SR1479" trajector_id="T1566" landmark_id="L1568" spatial_indicator_id="S1565" general_type="" specific_type="" RCC8_value="" FoR=""/><RELATION id="SR1480" trajector_id="T1567" landmark_id="L1568" spatial_indicator_id="S1565" general_type="" specific_type="" RCC8_value="" FoR=""/></SENTENCE></SCENE>
    <SCENE>
        <DOCNO>annotations/01/1341.eng</DOCNO>
        <IMAGE>images/01/1341.jpg</IMAGE>
        <SENTENCE id="s998" start="35807" end="35835"><TEXT>King-sized bed in a room .</TEXT><SPATIALINDICATOR id="S1575" start="15" end="17" text="in"/><TRAJECTOR id="T1575" start="0" end="14" text="King-sized bed"/><LANDMARK id="L1575" start="18" end="24" text="a room"/><RELATION id="SR1483" trajector_id="T1575" landmark_id="L1575" spatial_indicator_id="S1575" general_type="" specific_type="" RCC8_value="" FoR=""/></SENTENCE><SENTENCE id="s999" start="35835" end="35871"><TEXT>red and white chequered bedcover .</TEXT></SENTENCE><SENTENCE id="s1000" start="35871" end="35912"><TEXT>night tables on both sides of the bed .</TEXT><SPATIALINDICATOR id="S1578" start="13" end="15" text="on"/><TRAJECTOR id="T1578" start="0" end="12" text="night tables"/><LANDMARK id="L1578" start="16" end="37" text="both sides of the bed"/><RELATION id="SR1487" trajector_id="T1578" landmark_id="L1578" spatial_indicator_id="S1578" general_type="" specific_type="" RCC8_value="" FoR=""/></SENTENCE><SENTENCE id="s1001" start="35912" end="35944"><TEXT>walls are made of red bricks .</TEXT></SENTENCE><SENTENCE id="s1002" start="35944" end="35968"><TEXT>painting on the wall .</TEXT><SPATIALINDICATOR id="S1581" start="9" end="11" text="on"/><TRAJECTOR id="T1581" start="0" end="8" text="painting"/><LANDMARK id="L1581" start="12" end="20" text="the wall"/><RELATION id="SR1491" trajector_id="T1581" landmark_id="L1581" spatial_indicator_id="S1581" general_type="" specific_type="" RCC8_value="" FoR=""/></SENTENCE></SCENE>
    <SCENE>
        <DOCNO>annotations/01/1342.eng</DOCNO>
        <IMAGE>images/01/1342.jpg</IMAGE>
        <SENTENCE id="s1003" start="35968" end="36083"><TEXT>a narrow , long courtyard of a brown house with wooden doors , white door frames and many pictures on the walls .</TEXT><SPATIALINDICATOR id="S1585" start="99" end="101" text="on"/><TRAJECTOR id="T1585" start="85" end="98" text="many pictures"/><TRAJECTOR id="T1586" start="63" end="80" text="white door frames"/><LANDMARK id="L1587" start="102" end="111" text="the walls"/><RELATION id="SR1494" trajector_id="T1585" landmark_id="L1587" spatial_indicator_id="S1585" general_type="" specific_type="" RCC8_value="" FoR=""/><RELATION id="SR1495" trajector_id="T1586" landmark_id="L1587" spatial_indicator_id="S1585" general_type="" specific_type="" RCC8_value="" FoR=""/></SENTENCE><SENTENCE id="s1004" start="36083" end="36140"><TEXT>there are many plants , wooden chairs and flower pots .</TEXT></SENTENCE></SCENE>
    <SCENE>
        <DOCNO>annotations/01/1343.eng</DOCNO>
        <IMAGE>images/01/1343.jpg</IMAGE>
        <SENTENCE id="s1005" start="36140" end="36170"><TEXT>room with light grey walls .</TEXT></SENTENCE><SENTENCE id="s1006" start="36170" end="36270"><TEXT>king-sized bed made of wood , blue bedcover with white flowers , blue pillows with white flowers .</TEXT></SENTENCE><SENTENCE id="s1007" start="36270" end="36295"><TEXT>some stuff on the bed .</TEXT><SPATIALINDICATOR id="S1595" start="11" end="13" text="on"/><TRAJECTOR id="T1595" start="0" end="10" text="some stuff"/><LANDMARK id="L1595" start="14" end="21" text="the bed"/><RELATION id="SR1501" trajector_id="T1595" landmark_id="L1595" spatial_indicator_id="S1595" general_type="" specific_type="" RCC8_value="" FoR=""/></SENTENCE></SCENE>
    <SCENE>
        <DOCNO>annotations/01/1344.eng</DOCNO>
        <IMAGE>images/01/1344.jpg</IMAGE>
        <SENTENCE id="s1008" start="36295" end="36458"><TEXT>the courtyard of a white , two-storey building with red and brown rooftiles , a wooden balcony , rails and pillars and with many creeping and ornamental plants .</TEXT></SENTENCE></SCENE>
    <SCENE>
        <DOCNO>annotations/01/1345.eng</DOCNO>
        <IMAGE>images/01/1345.jpg</IMAGE>
        <SENTENCE id="s1009" start="36458" end="36560"><TEXT>a room with green and blue walls , a wooden bed with a wooden night table , a burning bedside lamp .</TEXT></SENTENCE><SENTENCE id="s1010" start="36560" end="36595"><TEXT>green and blue striped bedcover .</TEXT></SENTENCE></SCENE>
    <SCENE>
        <DOCNO>annotations/01/1346.eng</DOCNO>
        <IMAGE>images/01/1346.jpg</IMAGE>
        <SENTENCE id="s1011" start="36595" end="36663"><TEXT>Orange house surrounded by palm trees and bushes next to a river .</TEXT><SPATIALINDICATOR id="S1604" start="49" end="56" text="next to"/><TRAJECTOR id="T1604" start="42" end="48" text="bushes"/><LANDMARK id="L1604" start="57" end="64" text="a river"/><RELATION id="SR1507" trajector_id="T1604" landmark_id="L1604" spatial_indicator_id="S1604" general_type="" specific_type="" RCC8_value="" FoR=""/><LANDMARK id="L1605" start="27" end="37" text="palm trees"/><SPATIALINDICATOR id="S1605" start="24" end="26" text="by"/><TRAJECTOR id="T1605" start="0" end="12" text="Orange house"/><RELATION id="SR1509" trajector_id="T1605" landmark_id="L1605" spatial_indicator_id="S1605" general_type="" specific_type="" RCC8_value="" FoR=""/></SENTENCE></SCENE>
    <SCENE>
        <DOCNO>annotations/01/1347.eng</DOCNO>
        <IMAGE>images/01/1347.jpg</IMAGE>
        <SENTENCE id="s1012" start="36663" end="36785"><TEXT>Room with wooden walls , one wooden bed with two pillows and white and green bedcovers with red and blue flowers on it .</TEXT><SPATIALINDICATOR id="S1608" start="113" end="115" text="on"/><TRAJECTOR id="T1608" start="61" end="86" text="white and green bedcovers"/><TRAJECTOR id="T1609" start="92" end="112" text="red and blue flowers"/><LANDMARK id="L1610" start="116" end="118" text="it"/><RELATION id="SR1513" trajector_id="T1608" landmark_id="L1610" spatial_indicator_id="S1608" general_type="" specific_type="" RCC8_value="" FoR=""/><RELATION id="SR1514" trajector_id="T1609" landmark_id="L1610" spatial_indicator_id="S1608" general_type="" specific_type="" RCC8_value="" FoR=""/></SENTENCE></SCENE>
    <SCENE>
        <DOCNO>annotations/01/1348.eng</DOCNO>
        <IMAGE>images/01/1348.jpg</IMAGE>
        <SENTENCE id="s1013" start="36785" end="36833"><TEXT>Cobbled street , greenish hotel on the right .</TEXT><SPATIALINDICATOR id="S1615" start="32" end="44" text="on the right"/><TRAJECTOR id="T1615" start="0" end="14" text="Cobbled street"/><TRAJECTOR id="T1616" start="17" end="31" text="greenish hotel"/><LANDMARK id="L1617" start="-1" end="-1"/><RELATION id="SR1517" trajector_id="T1615" landmark_id="L1617" spatial_indicator_id="S1615" general_type="" specific_type="" RCC8_value="" FoR=""/><RELATION id="SR1518" trajector_id="T1616" landmark_id="L1617" spatial_indicator_id="S1615" general_type="" specific_type="" RCC8_value="" FoR=""/></SENTENCE><SENTENCE id="s1014" start="36833" end="36865"><TEXT>a few people on the sidewalk .</TEXT><SPATIALINDICATOR id="S1619" start="13" end="15" text="on"/><TRAJECTOR id="T1619" start="0" end="12" text="a few people"/><LANDMARK id="L1619" start="16" end="28" text="the sidewalk"/><RELATION id="SR1521" trajector_id="T1619" landmark_id="L1619" spatial_indicator_id="S1619" general_type="" specific_type="" RCC8_value="" FoR=""/></SENTENCE><SENTENCE id="s1015" start="36865" end="36886"><TEXT>car in the street .</TEXT><SPATIALINDICATOR id="S1621" start="4" end="6" text="in"/><TRAJECTOR id="T1621" start="0" end="3" text="car"/><LANDMARK id="L1621" start="7" end="17" text="the street"/><RELATION id="SR1524" trajector_id="T1621" landmark_id="L1621" spatial_indicator_id="S1621" general_type="" specific_type="" RCC8_value="" FoR=""/></SENTENCE></SCENE>
    <SCENE>
        <DOCNO>annotations/01/1349.eng</DOCNO>
        <IMAGE>images/01/1349.jpg</IMAGE>
        <SENTENCE id="s1016" start="36886" end="36911"><TEXT>Courtyard with bushes .</TEXT></SENTENCE><SENTENCE id="s1017" start="36911" end="36987"><TEXT>buildings with wooden poles and wooden windows are to the left and right .</TEXT></SENTENCE></SCENE>
    <SCENE>
        <DOCNO>annotations/01/1350.eng</DOCNO>
        <IMAGE>images/01/1350.jpg</IMAGE>
        <SENTENCE id="s1018" start="36987" end="37060"><TEXT>a room with one king-sized bed and one single bed , both made of wood .</TEXT></SENTENCE><SENTENCE id="s1019" start="37060" end="37086"><TEXT>night table in between .</TEXT></SENTENCE><SENTENCE id="s1020" start="37086" end="37101"><TEXT>white walls .</TEXT></SENTENCE></SCENE>
    <SCENE>
        <DOCNO>annotations/01/1351.eng</DOCNO>
        <IMAGE>images/01/1351.jpg</IMAGE>
        <SENTENCE id="s1021" start="37101" end="37219"><TEXT>Room with four single beds made of wood ( two of them fully visible ) with light and dark orange striped bedcovers .</TEXT></SENTENCE><SENTENCE id="s1022" start="37219" end="37246"><TEXT>night table with a lamp .</TEXT></SENTENCE></SCENE>
    <SCENE>
        <DOCNO>annotations/01/1352.eng</DOCNO>
        <IMAGE>images/01/1352.jpg</IMAGE>
        <SENTENCE id="s1023" start="37246" end="37328"><TEXT>Two single beds , made of wood , painted white , with red and orange bedcovers .</TEXT></SENTENCE><SENTENCE id="s1024" start="37328" end="37355"><TEXT>white door on the right .</TEXT><SPATIALINDICATOR id="S1642" start="11" end="23" text="on the right"/><TRAJECTOR id="T1642" start="0" end="10" text="white door"/><LANDMARK id="L1642" start="-1" end="-1"/><RELATION id="SR1535" trajector_id="T1642" landmark_id="L1642" spatial_indicator_id="S1642" general_type="" specific_type="" RCC8_value="" FoR=""/></SENTENCE><SENTENCE id="s1025" start="37355" end="37395"><TEXT>window with red curtains on the left .</TEXT><SPATIALINDICATOR id="S1644" start="25" end="36" text="on the left"/><TRAJECTOR id="T1644" start="12" end="24" text="red curtains"/><TRAJECTOR id="T1645" start="0" end="6" text="window"/><LANDMARK id="L1646" start="-1" end="-1"/><RELATION id="SR1538" trajector_id="T1644" landmark_id="L1646" spatial_indicator_id="S1644" general_type="" specific_type="" RCC8_value="" FoR=""/><RELATION id="SR1539" trajector_id="T1645" landmark_id="L1646" spatial_indicator_id="S1644" general_type="" specific_type="" RCC8_value="" FoR=""/></SENTENCE><SENTENCE id="s1026" start="37395" end="37411"><TEXT>burning lamp .</TEXT></SENTENCE></SCENE>
    <SCENE>
        <DOCNO>annotations/01/1353.eng</DOCNO>
        <IMAGE>images/01/1353.jpg</IMAGE>
        <SENTENCE id="s1027" start="37411" end="37443"><TEXT>White , three story building .</TEXT></SENTENCE><SENTENCE id="s1028" start="37443" end="37456"><TEXT>flat roof .</TEXT></SENTENCE><SENTENCE id="s1029" start="37456" end="37483"><TEXT>upper level has balcony .</TEXT></SENTENCE><SENTENCE id="s1030" start="37483" end="37512"><TEXT>wooden roof over entrance .</TEXT><SPATIALINDICATOR id="S1657" start="12" end="16" text="over"/><TRAJECTOR id="T1657" start="0" end="11" text="wooden roof"/><LANDMARK id="L1657" start="17" end="25" text="entrance"/><RELATION id="SR1546" trajector_id="T1657" landmark_id="L1657" spatial_indicator_id="S1657" general_type="" specific_type="" RCC8_value="" FoR=""/></SENTENCE><SENTENCE id="s1031" start="37512" end="37529"><TEXT>large windows .</TEXT></SENTENCE></SCENE>
    <SCENE>
        <DOCNO>annotations/01/1354.eng</DOCNO>
        <IMAGE>images/01/1354.jpg</IMAGE>
        <SENTENCE id="s1032" start="37529" end="37608"><TEXT>Courtyard with a swimming pool , plastic charis and tables and one umbrella .</TEXT></SENTENCE><SENTENCE id="s1033" start="37608" end="37633"><TEXT>palm tree on the left .</TEXT><SPATIALINDICATOR id="S1664" start="10" end="21" text="on the left"/><TRAJECTOR id="T1664" start="0" end="9" text="palm tree"/><LANDMARK id="L1664" start="-1" end="-1"/><RELATION id="SR1551" trajector_id="T1664" landmark_id="L1664" spatial_indicator_id="S1664" general_type="" specific_type="" RCC8_value="" FoR=""/></SENTENCE><SENTENCE id="s1034" start="37633" end="37658"><TEXT>kid in the background .</TEXT><SPATIALINDICATOR id="S1666" start="4" end="6" text="in"/><TRAJECTOR id="T1666" start="0" end="3" text="kid"/><LANDMARK id="L1666" start="7" end="21" text="the background"/><RELATION id="SR1554" trajector_id="T1666" landmark_id="L1666" spatial_indicator_id="S1666" general_type="" specific_type="" RCC8_value="" FoR=""/></SENTENCE></SCENE>
    <SCENE>
        <DOCNO>annotations/01/1355.eng</DOCNO>
        <IMAGE>images/01/1355.jpg</IMAGE>
        <SENTENCE id="s1035" start="37658" end="37742"><TEXT>a grey car in front of a three-storey building with white walls and wide windows .</TEXT><SPATIALINDICATOR id="S1670" start="11" end="22" text="in front of"/><TRAJECTOR id="T1670" start="0" end="10" text="a grey car"/><LANDMARK id="L1670" start="23" end="46" text="a three-storey building"/><RELATION id="SR1557" trajector_id="T1670" landmark_id="L1670" spatial_indicator_id="S1670" general_type="" specific_type="" RCC8_value="" FoR=""/></SENTENCE><SENTENCE id="s1036" start="37742" end="37860"><TEXT>there is a thatched roof above the entrance on the ground floor , and there are a few people in front of the house .</TEXT><SPATIALINDICATOR id="S1672" start="44" end="46" text="on"/><TRAJECTOR id="T1672" start="31" end="43" text="the entrance"/><LANDMARK id="L1672" start="47" end="63" text="the ground floor"/><RELATION id="SR1560" trajector_id="T1672" landmark_id="L1672" spatial_indicator_id="S1672" general_type="" specific_type="" RCC8_value="" FoR=""/><SPATIALINDICATOR id="S1673" start="25" end="30" text="above"/><TRAJECTOR id="T1673" start="9" end="24" text="a thatched roof"/><LANDMARK id="L1673" start="31" end="43" text="the entrance"/><RELATION id="SR1562" trajector_id="T1673" landmark_id="L1673" spatial_indicator_id="S1673" general_type="" specific_type="" RCC8_value="" FoR=""/><SPATIALINDICATOR id="S1674" start="93" end="104" text="in front of"/><TRAJECTOR id="T1674" start="80" end="92" text="a few people"/><LANDMARK id="L1674" start="105" end="114" text="the house"/><RELATION id="SR1564" trajector_id="T1674" landmark_id="L1674" spatial_indicator_id="S1674" general_type="" specific_type="" RCC8_value="" FoR=""/></SENTENCE></SCENE>
    <SCENE>
        <DOCNO>annotations/01/1356.eng</DOCNO>
        <IMAGE>images/01/1356.jpg</IMAGE>
        <SENTENCE id="s1037" start="37860" end="37967"><TEXT>front view of a house with blue window frames , broad windows , trees and benches in front of the house .</TEXT><SPATIALINDICATOR id="S1677" start="82" end="93" text="in front of"/><TRAJECTOR id="T1677" start="64" end="69" text="trees"/><TRAJECTOR id="T1678" start="74" end="81" text="benches"/><TRAJECTOR id="T1679" start="48" end="61" text="broad windows"/><LANDMARK id="L1680" start="94" end="103" text="the house"/><RELATION id="SR1567" trajector_id="T1677" landmark_id="L1680" spatial_indicator_id="S1677" general_type="" specific_type="" RCC8_value="" FoR=""/><RELATION id="SR1568" trajector_id="T1678" landmark_id="L1680" spatial_indicator_id="S1677" general_type="" specific_type="" RCC8_value="" FoR=""/><RELATION id="SR1569" trajector_id="T1679" landmark_id="L1680" spatial_indicator_id="S1677" general_type="" specific_type="" RCC8_value="" FoR=""/></SENTENCE></SCENE>
    <SCENE>
        <DOCNO>annotations/01/1357.eng</DOCNO>
        <IMAGE>images/01/1357.jpg</IMAGE>
        <SENTENCE id="s1038" start="37967" end="38157"><TEXT>a room with walls painted in green and red , a double bed with a light and dark brown striped blanket , a night table with a lamp on the left and a door and two windows in the background .</TEXT><SPATIALINDICATOR id="S1683" start="169" end="171" text="in"/><TRAJECTOR id="T1683" start="146" end="152" text="a door"/><TRAJECTOR id="T1684" start="157" end="168" text="two windows"/><LANDMARK id="L1685" start="172" end="186" text="the background"/><RELATION id="SR1572" trajector_id="T1683" landmark_id="L1685" spatial_indicator_id="S1683" general_type="" specific_type="" RCC8_value="" FoR=""/><RELATION id="SR1573" trajector_id="T1684" landmark_id="L1685" spatial_indicator_id="S1683" general_type="" specific_type="" RCC8_value="" FoR=""/><SPATIALINDICATOR id="S1686" start="130" end="141" text="on the left"/><TRAJECTOR id="T1686" start="146" end="152" text="a door"/><TRAJECTOR id="T1687" start="104" end="117" text="a night table"/><TRAJECTOR id="T1688" start="123" end="129" text="a lamp"/><LANDMARK id="L1689" start="-1" end="-1"/><RELATION id="SR1575" trajector_id="T1686" landmark_id="L1689" spatial_indicator_id="S1686" general_type="" specific_type="" RCC8_value="" FoR=""/><RELATION id="SR1576" trajector_id="T1687" landmark_id="L1689" spatial_indicator_id="S1686" general_type="" specific_type="" RCC8_value="" FoR=""/><RELATION id="SR1577" trajector_id="T1688" landmark_id="L1689" spatial_indicator_id="S1686" general_type="" specific_type="" RCC8_value="" FoR=""/><SPATIALINDICATOR id="S1690" start="26" end="28" text="in"/><TRAJECTOR id="T1690" start="12" end="17" text="walls"/><TRAJECTOR id="T1691" start="0" end="6" text="a room"/></SENTENCE></SCENE>
    <SCENE>
        <DOCNO>annotations/01/1358.eng</DOCNO>
        <IMAGE>images/01/1358.jpg</IMAGE>
        <SENTENCE id="s1039" start="38157" end="38356"><TEXT>a multi-storey frame house on the left , a snowcovered mountain in the background on the right behind a couple of trees , and in the foreground a wall decorated with flowers , a garden and a lawn .</TEXT><SPATIALINDICATOR id="S1695" start="64" end="66" text="in"/><TRAJECTOR id="T1695" start="41" end="63" text="a snowcovered mountain"/><LANDMARK id="L1695" start="67" end="81" text="the background"/><RELATION id="SR1582" trajector_id="T1695" landmark_id="L1695" spatial_indicator_id="S1695" general_type="" specific_type="" RCC8_value="" FoR=""/><SPATIALINDICATOR id="S1696" start="126" end="128" text="in"/><TRAJECTOR id="T1696" start="102" end="119" text="a couple of trees"/><LANDMARK id="L1696" start="129" end="143" text="the foreground"/><RELATION id="SR1584" trajector_id="T1696" landmark_id="L1696" spatial_indicator_id="S1696" general_type="" specific_type="" RCC8_value="" FoR=""/><SPATIALINDICATOR id="S1697" start="27" end="38" text="on the left"/><TRAJECTOR id="T1697" start="0" end="26" text="a multi-storey frame house"/><TRAJECTOR id="T1698" start="41" end="63" text="a snowcovered mountain"/><TRAJECTOR id="T1699" start="129" end="143" text="the foreground"/><LANDMARK id="L1700" start="-1" end="-1"/><RELATION id="SR1586" trajector_id="T1697" landmark_id="L1700" spatial_indicator_id="S1697" general_type="" specific_type="" RCC8_value="" FoR=""/><RELATION id="SR1587" trajector_id="T1698" landmark_id="L1700" spatial_indicator_id="S1697" general_type="" specific_type="" RCC8_value="" FoR=""/><RELATION id="SR1588" trajector_id="T1699" landmark_id="L1700" spatial_indicator_id="S1697" general_type="" specific_type="" RCC8_value="" FoR=""/><SPATIALINDICATOR id="S1701" start="82" end="94" text="on the right"/><TRAJECTOR id="T1701" start="67" end="81" text="the background"/><LANDMARK id="L1701" start="-1" end="-1"/><RELATION id="SR1590" trajector_id="T1701" landmark_id="L1701" spatial_indicator_id="S1701" general_type="" specific_type="" RCC8_value="" FoR=""/></SENTENCE></SCENE>
    <SCENE>
        <DOCNO>annotations/01/1360.eng</DOCNO>
        <IMAGE>images/01/1360.jpg</IMAGE>
        <SENTENCE id="s1040" start="38356" end="38546"><TEXT>a yellow house with a thatched roof on the left , a hut with a thatched roof on the right , and in front of them a footpath to a hot spring pool which is surrounded by stones and flowers .</TEXT><SPATIALINDICATOR id="S1705" start="36" end="47" text="on the left"/><TRAJECTOR id="T1705" start="0" end="14" text="a yellow house"/><TRAJECTOR id="T1706" start="20" end="35" text="a thatched roof"/><LANDMARK id="L1708" start="-1" end="-1"/><RELATION id="SR1593" trajector_id="T1705" landmark_id="L1708" spatial_indicator_id="S1705" general_type="" specific_type="" RCC8_value="" FoR=""/><RELATION id="SR1594" trajector_id="T1706" landmark_id="L1708" spatial_indicator_id="S1705" general_type="" specific_type="" RCC8_value="" FoR=""/><SPATIALINDICATOR id="S1709" start="77" end="89" text="on the right"/><TRAJECTOR id="T1709" start="50" end="55" text="a hut"/><TRAJECTOR id="T1710" start="61" end="76" text="a thatched roof"/><LANDMARK id="L1711" start="-1" end="-1"/><RELATION id="SR1596" trajector_id="T1709" landmark_id="L1711" spatial_indicator_id="S1709" general_type="" specific_type="" RCC8_value="" FoR=""/><RELATION id="SR1597" trajector_id="T1710" landmark_id="L1711" spatial_indicator_id="S1709" general_type="" specific_type="" RCC8_value="" FoR=""/><LANDMARK id="L1712" start="168" end="174" text="stones"/><SPATIALINDICATOR id="S1712" start="165" end="167" text="by"/><TRAJECTOR id="T1712" start="127" end="144" text="a hot spring pool"/><RELATION id="SR1599" trajector_id="T1712" landmark_id="L1712" spatial_indicator_id="S1712" general_type="" specific_type="" RCC8_value="" FoR=""/></SENTENCE><SENTENCE id="s1041" start="38546" end="38587"><TEXT>meadows and forests in the background .</TEXT><SPATIALINDICATOR id="S1714" start="20" end="22" text="in"/><TRAJECTOR id="T1714" start="12" end="19" text="forests"/><TRAJECTOR id="T1715" start="0" end="7" text="meadows"/><LANDMARK id="L1716" start="23" end="37" text="the background"/><RELATION id="SR1603" trajector_id="T1714" landmark_id="L1716" spatial_indicator_id="S1714" general_type="" specific_type="" RCC8_value="" FoR=""/><RELATION id="SR1604" trajector_id="T1715" landmark_id="L1716" spatial_indicator_id="S1714" general_type="" specific_type="" RCC8_value="" FoR=""/></SENTENCE></SCENE>
    <SCENE>
        <DOCNO>annotations/01/1361.eng</DOCNO>
        <IMAGE>images/01/1361.jpg</IMAGE>
        <SENTENCE id="s1042" start="38587" end="38721"><TEXT>a white house with two large windows with wooden frames , two wooden pillars at the terrace with wooden benches and a wooden table .</TEXT><SPATIALINDICATOR id="S1720" start="77" end="79" text="at"/><TRAJECTOR id="T1720" start="58" end="76" text="two wooden pillars"/><LANDMARK id="L1720" start="80" end="91" text="the terrace"/><RELATION id="SR1607" trajector_id="T1720" landmark_id="L1720" spatial_indicator_id="S1720" general_type="" specific_type="" RCC8_value="" FoR=""/></SENTENCE><SENTENCE id="s1043" start="38721" end="38775"><TEXT>there are mountains in the background on the right .</TEXT><SPATIALINDICATOR id="S1722" start="20" end="22" text="in"/><TRAJECTOR id="T1722" start="10" end="19" text="mountains"/><LANDMARK id="L1722" start="23" end="37" text="the background"/><RELATION id="SR1610" trajector_id="T1722" landmark_id="L1722" spatial_indicator_id="S1722" general_type="" specific_type="" RCC8_value="" FoR=""/><SPATIALINDICATOR id="S1723" start="38" end="50" text="on the right"/><TRAJECTOR id="T1723" start="23" end="37" text="the background"/><LANDMARK id="L1723" start="-1" end="-1"/><RELATION id="SR1612" trajector_id="T1723" landmark_id="L1723" spatial_indicator_id="S1723" general_type="" specific_type="" RCC8_value="" FoR=""/></SENTENCE></SCENE>
    <SCENE>
        <DOCNO>annotations/01/1362.eng</DOCNO>
        <IMAGE>images/01/1362.jpg</IMAGE>
        <SENTENCE id="s1044" start="38775" end="38941"><TEXT>a woman in a room with white walls , a bunk bed made of wood on the left , another single bed on the right and a broad window with a wooden frame behind the woman .</TEXT><SPATIALINDICATOR id="S1726" start="8" end="10" text="in"/><TRAJECTOR id="T1726" start="0" end="7" text="a woman"/><LANDMARK id="L1726" start="11" end="17" text="a room"/><RELATION id="SR1615" trajector_id="T1726" landmark_id="L1726" spatial_indicator_id="S1726" general_type="" specific_type="" RCC8_value="" FoR=""/><SPATIALINDICATOR id="S1727" start="146" end="152" text="behind"/><TRAJECTOR id="T1727" start="111" end="125" text="a broad window"/><TRAJECTOR id="T1728" start="131" end="145" text="a wooden frame"/><LANDMARK id="L1729" start="153" end="162" text="the woman"/><RELATION id="SR1617" trajector_id="T1727" landmark_id="L1729" spatial_indicator_id="S1727" general_type="" specific_type="" RCC8_value="" FoR=""/><RELATION id="SR1618" trajector_id="T1728" landmark_id="L1729" spatial_indicator_id="S1727" general_type="" specific_type="" RCC8_value="" FoR=""/><SPATIALINDICATOR id="S1730" start="61" end="72" text="on the left"/><TRAJECTOR id="T1730" start="56" end="60" text="wood"/><LANDMARK id="L1730" start="-1" end="-1"/><RELATION id="SR1620" trajector_id="T1730" landmark_id="L1730" spatial_indicator_id="S1730" general_type="" specific_type="" RCC8_value="" FoR=""/><SPATIALINDICATOR id="S1731" start="94" end="106" text="on the right"/><TRAJECTOR id="T1731" start="75" end="93" text="another single bed"/><TRAJECTOR id="T1732" start="111" end="125" text="a broad window"/><LANDMARK id="L1733" start="-1" end="-1"/><RELATION id="SR1622" trajector_id="T1731" landmark_id="L1733" spatial_indicator_id="S1731" general_type="" specific_type="" RCC8_value="" FoR=""/><RELATION id="SR1623" trajector_id="T1732" landmark_id="L1733" spatial_indicator_id="S1731" general_type="" specific_type="" RCC8_value="" FoR=""/></SENTENCE></SCENE>
    <SCENE>
        <DOCNO>annotations/01/1365.eng</DOCNO>
        <IMAGE>images/01/1365.jpg</IMAGE>
        <SENTENCE id="s1045" start="38941" end="39033"><TEXT>view of a jungle lodge with a thatched roof and a very dense jungle vegetation around it .</TEXT><SPATIALINDICATOR id="S1737" start="79" end="85" text="around"/><TRAJECTOR id="T1737" start="55" end="78" text="dense jungle vegetation"/><TRAJECTOR id="T1738" start="28" end="43" text="a thatched roof"/><LANDMARK id="L1739" start="86" end="88" text="it"/><RELATION id="SR1626" trajector_id="T1737" landmark_id="L1739" spatial_indicator_id="S1737" general_type="" specific_type="" RCC8_value="" FoR=""/><RELATION id="SR1627" trajector_id="T1738" landmark_id="L1739" spatial_indicator_id="S1737" general_type="" specific_type="" RCC8_value="" FoR=""/></SENTENCE><SENTENCE id="s1046" start="39033" end="39065"><TEXT>there are stairs on the left .</TEXT><SPATIALINDICATOR id="S1741" start="17" end="28" text="on the left"/><TRAJECTOR id="T1741" start="10" end="16" text="stairs"/><LANDMARK id="L1741" start="-1" end="-1"/><RELATION id="SR1630" trajector_id="T1741" landmark_id="L1741" spatial_indicator_id="S1741" general_type="" specific_type="" RCC8_value="" FoR=""/></SENTENCE></SCENE>
    <SCENE>
        <DOCNO>annotations/01/1367.eng</DOCNO>
        <IMAGE>images/01/1367.jpg</IMAGE>
        <SENTENCE id="s1047" start="39065" end="39284"><TEXT>two single beds with blue bedcovers , a night table each with lamps on both sides , a picture over each of the beds on the light brown wall , and a very wide window with white curtains in the background on the right .</TEXT><SPATIALINDICATOR id="S1745" start="185" end="187" text="in"/><TRAJECTOR id="T1745" start="146" end="164" text="a very wide window"/><TRAJECTOR id="T1746" start="170" end="184" text="white curtains"/><LANDMARK id="L1747" start="188" end="202" text="the background"/><RELATION id="SR1633" trajector_id="T1745" landmark_id="L1747" spatial_indicator_id="S1745" general_type="" specific_type="" RCC8_value="" FoR=""/><RELATION id="SR1634" trajector_id="T1746" landmark_id="L1747" spatial_indicator_id="S1745" general_type="" specific_type="" RCC8_value="" FoR=""/><SPATIALINDICATOR id="S1748" start="94" end="98" text="over"/><TRAJECTOR id="T1748" start="84" end="93" text="a picture"/><LANDMARK id="L1748" start="107" end="115" text="the beds"/><RELATION id="SR1636" trajector_id="T1748" landmark_id="L1748" spatial_indicator_id="S1748" general_type="" specific_type="" RCC8_value="" FoR=""/><SPATIALINDICATOR id="S1749" start="116" end="118" text="on"/><TRAJECTOR id="T1749" start="107" end="115" text="the beds"/><LANDMARK id="L1749" start="119" end="139" text="the light brown wall"/><RELATION id="SR1638" trajector_id="T1749" landmark_id="L1749" spatial_indicator_id="S1749" general_type="" specific_type="" RCC8_value="" FoR=""/><SPATIALINDICATOR id="S1750" start="68" end="70" text="on"/><TRAJECTOR id="T1750" start="62" end="67" text="lamps"/><LANDMARK id="L1750" start="71" end="81" text="both sides"/><RELATION id="SR1640" trajector_id="T1750" landmark_id="L1750" spatial_indicator_id="S1750" general_type="" specific_type="" RCC8_value="" FoR=""/><SPATIALINDICATOR id="S1751" start="203" end="215" text="on the right"/><TRAJECTOR id="T1751" start="188" end="202" text="the background"/><LANDMARK id="L1751" start="-1" end="-1"/><RELATION id="SR1642" trajector_id="T1751" landmark_id="L1751" spatial_indicator_id="S1751" general_type="" specific_type="" RCC8_value="" FoR=""/></SENTENCE><SENTENCE id="s1048" start="39284" end="39308"><TEXT>wooden parquet floor .</TEXT></SENTENCE></SCENE>
    <SCENE>
        <DOCNO>annotations/01/1368.eng</DOCNO>
        <IMAGE>images/01/1368.jpg</IMAGE>
        <SENTENCE id="s1049" start="39308" end="39394"><TEXT>view of the upper level of a house with a wooden door , window , pillars and rails .</TEXT></SENTENCE><SENTENCE id="s1050" start="39394" end="39509"><TEXT>there are stairs on the left and a very dense vegetation on the right and more houses in the distant background .</TEXT><SPATIALINDICATOR id="S1757" start="86" end="88" text="in"/><TRAJECTOR id="T1757" start="74" end="85" text="more houses"/><LANDMARK id="L1757" start="89" end="111" text="the distant background"/><RELATION id="SR1647" trajector_id="T1757" landmark_id="L1757" spatial_indicator_id="S1757" general_type="" specific_type="" RCC8_value="" FoR=""/><SPATIALINDICATOR id="S1758" start="57" end="69" text="on the right"/><TRAJECTOR id="T1758" start="33" end="56" text="a very dense vegetation"/><LANDMARK id="L1758" start="-1" end="-1"/><RELATION id="SR1649" trajector_id="T1758" landmark_id="L1758" spatial_indicator_id="S1758" general_type="" specific_type="" RCC8_value="" FoR=""/><SPATIALINDICATOR id="S1759" start="17" end="28" text="on the left"/><TRAJECTOR id="T1759" start="10" end="16" text="stairs"/><TRAJECTOR id="T1760" start="33" end="56" text="a very dense vegetation"/><LANDMARK id="L1761" start="-1" end="-1"/><RELATION id="SR1651" trajector_id="T1759" landmark_id="L1761" spatial_indicator_id="S1759" general_type="" specific_type="" RCC8_value="" FoR=""/><RELATION id="SR1652" trajector_id="T1760" landmark_id="L1761" spatial_indicator_id="S1759" general_type="" specific_type="" RCC8_value="" FoR=""/></SENTENCE></SCENE>
    <SCENE>
        <DOCNO>annotations/01/1369.eng</DOCNO>
        <IMAGE>images/01/1369.jpg</IMAGE>
        <SENTENCE id="s1051" start="39509" end="39671"><TEXT>a room with a double bed made of dark wood , a blue and white chequered bedcover , white pillows , a door on the left , a fancy lamp and a fridge on the right .</TEXT><SPATIALINDICATOR id="S1764" start="106" end="117" text="on the left"/><TRAJECTOR id="T1764" start="99" end="105" text="a door"/><LANDMARK id="L1764" start="-1" end="-1"/><RELATION id="SR1655" trajector_id="T1764" landmark_id="L1764" spatial_indicator_id="S1764" general_type="" specific_type="" RCC8_value="" FoR=""/><SPATIALINDICATOR id="S1765" start="146" end="158" text="on the right"/><TRAJECTOR id="T1765" start="137" end="145" text="a fridge"/><TRAJECTOR id="T1766" start="120" end="132" text="a fancy lamp"/><LANDMARK id="L1767" start="-1" end="-1"/><RELATION id="SR1657" trajector_id="T1765" landmark_id="L1767" spatial_indicator_id="S1765" general_type="" specific_type="" RCC8_value="" FoR=""/><RELATION id="SR1658" trajector_id="T1766" landmark_id="L1767" spatial_indicator_id="S1765" general_type="" specific_type="" RCC8_value="" FoR=""/></SENTENCE></SCENE>
    <SCENE>
        <DOCNO>annotations/01/1370.eng</DOCNO>
        <IMAGE>images/01/1370.jpg</IMAGE>
        <SENTENCE id="s1052" start="39671" end="39841"><TEXT>front view of a white building with a street on the left , a wooden fence at the entrance at the front , three big windows and a big door and a little canopy above it .</TEXT><SPATIALINDICATOR id="S1771" start="74" end="76" text="at"/><TRAJECTOR id="T1771" start="59" end="73" text="a wooden fence"/><LANDMARK id="L1771" start="77" end="89" text="the entrance"/><RELATION id="SR1661" trajector_id="T1771" landmark_id="L1771" spatial_indicator_id="S1771" general_type="" specific_type="" RCC8_value="" FoR=""/><SPATIALINDICATOR id="S1772" start="90" end="92" text="at"/><TRAJECTOR id="T1772" start="77" end="89" text="the entrance"/><LANDMARK id="L1772" start="93" end="102" text="the front"/><RELATION id="SR1663" trajector_id="T1772" landmark_id="L1772" spatial_indicator_id="S1772" general_type="" specific_type="" RCC8_value="" FoR=""/><SPATIALINDICATOR id="S1773" start="158" end="163" text="above"/><TRAJECTOR id="T1773" start="105" end="122" text="three big windows"/><TRAJECTOR id="T1774" start="127" end="137" text="a big door"/><TRAJECTOR id="T1775" start="142" end="157" text="a little canopy"/><LANDMARK id="L1776" start="164" end="166" text="it"/><RELATION id="SR1665" trajector_id="T1773" landmark_id="L1776" spatial_indicator_id="S1773" general_type="" specific_type="" RCC8_value="" FoR=""/><RELATION id="SR1666" trajector_id="T1774" landmark_id="L1776" spatial_indicator_id="S1773" general_type="" specific_type="" RCC8_value="" FoR=""/><RELATION id="SR1667" trajector_id="T1775" landmark_id="L1776" spatial_indicator_id="S1773" general_type="" specific_type="" RCC8_value="" FoR=""/><SPATIALINDICATOR id="S1777" start="45" end="56" text="on the left"/><TRAJECTOR id="T1777" start="105" end="122" text="three big windows"/><TRAJECTOR id="T1778" start="127" end="137" text="a big door"/><TRAJECTOR id="T1779" start="36" end="44" text="a street"/><TRAJECTOR id="T1780" start="0" end="30" text="front view of a white building"/><LANDMARK id="L1781" start="-1" end="-1"/><RELATION id="SR1669" trajector_id="T1777" landmark_id="L1781" spatial_indicator_id="S1777" general_type="" specific_type="" RCC8_value="" FoR=""/><RELATION id="SR1670" trajector_id="T1778" landmark_id="L1781" spatial_indicator_id="S1777" general_type="" specific_type="" RCC8_value="" FoR=""/><RELATION id="SR1671" trajector_id="T1779" landmark_id="L1781" spatial_indicator_id="S1777" general_type="" specific_type="" RCC8_value="" FoR=""/><RELATION id="SR1672" trajector_id="T1780" landmark_id="L1781" spatial_indicator_id="S1777" general_type="" specific_type="" RCC8_value="" FoR=""/></SENTENCE><SENTENCE id="s1053" start="39841" end="39903"><TEXT>there are potted plants in front of the house on the right .</TEXT><SPATIALINDICATOR id="S1783" start="24" end="35" text="in front of"/><TRAJECTOR id="T1783" start="10" end="23" text="potted plants"/><LANDMARK id="L1783" start="36" end="45" text="the house"/><RELATION id="SR1675" trajector_id="T1783" landmark_id="L1783" spatial_indicator_id="S1783" general_type="" specific_type="" RCC8_value="" FoR=""/><SPATIALINDICATOR id="S1784" start="46" end="58" text="on the right"/><TRAJECTOR id="T1784" start="36" end="45" text="the house"/><LANDMARK id="L1784" start="-1" end="-1"/><RELATION id="SR1677" trajector_id="T1784" landmark_id="L1784" spatial_indicator_id="S1784" general_type="" specific_type="" RCC8_value="" FoR=""/></SENTENCE></SCENE>
    <SCENE>
        <DOCNO>annotations/01/1371.eng</DOCNO>
        <IMAGE>images/01/1371.jpg</IMAGE>
        <SENTENCE id="s1054" start="39903" end="39982"><TEXT>a double bed made of wood with pink and white striped pillows and bedcovers .</TEXT></SENTENCE><SENTENCE id="s1055" start="39982" end="40027"><TEXT>there is a shelf in the back on the right .</TEXT></SENTENCE><SENTENCE id="s1056" start="40027" end="40042"><TEXT>white walls .</TEXT></SENTENCE></SCENE>
    <SCENE>
        <DOCNO>annotations/01/1374.eng</DOCNO>
        <IMAGE>images/01/1374.jpg</IMAGE>
        <SENTENCE id="s1057" start="40042" end="40125"><TEXT>a room with white walls and an integrated double bed with a dark orange blanket .</TEXT></SENTENCE><SENTENCE id="s1058" start="40125" end="40171"><TEXT>there is a lampe on the wall above the bed .</TEXT><SPATIALINDICATOR id="S1795" start="29" end="34" text="above"/><TRAJECTOR id="T1795" start="20" end="28" text="the wall"/><LANDMARK id="L1795" start="35" end="42" text="the bed"/><RELATION id="SR1684" trajector_id="T1795" landmark_id="L1795" spatial_indicator_id="S1795" general_type="" specific_type="" RCC8_value="" FoR=""/><SPATIALINDICATOR id="S1796" start="17" end="19" text="on"/><TRAJECTOR id="T1796" start="9" end="16" text="a lampe"/><LANDMARK id="L1796" start="20" end="28" text="the wall"/><RELATION id="SR1686" trajector_id="T1796" landmark_id="L1796" spatial_indicator_id="S1796" general_type="" specific_type="" RCC8_value="" FoR=""/></SENTENCE></SCENE>
    <SCENE>
        <DOCNO>annotations/01/1375.eng</DOCNO>
        <IMAGE>images/01/1375.jpg</IMAGE>
        <SENTENCE id="s1059" start="40171" end="40245"><TEXT>front view of a yellow two-storey building with a hedge in front of it .</TEXT><SPATIALINDICATOR id="S1801" start="56" end="67" text="in front of"/><TRAJECTOR id="T1801" start="0" end="42" text="front view of a yellow two-storey building"/><TRAJECTOR id="T1802" start="48" end="55" text="a hedge"/><LANDMARK id="L1803" start="68" end="70" text="it"/><RELATION id="SR1689" trajector_id="T1801" landmark_id="L1803" spatial_indicator_id="S1801" general_type="" specific_type="" RCC8_value="" FoR=""/><RELATION id="SR1690" trajector_id="T1802" landmark_id="L1803" spatial_indicator_id="S1801" general_type="" specific_type="" RCC8_value="" FoR=""/></SENTENCE><SENTENCE id="s1060" start="40245" end="40303"><TEXT>the ground level has several arches with white columns .</TEXT></SENTENCE><SENTENCE id="s1061" start="40303" end="40436"><TEXT>behind it there is a higher white house , more houses in the background on the left , and the writing Hotel Real on the very left .</TEXT><SPATIALINDICATOR id="S1806" start="54" end="56" text="in"/><TRAJECTOR id="T1806" start="19" end="39" text="a higher white house"/><TRAJECTOR id="T1807" start="90" end="112" text="the writing Hotel Real"/><LANDMARK id="L1808" start="57" end="71" text="the background"/><RELATION id="SR1694" trajector_id="T1806" landmark_id="L1808" spatial_indicator_id="S1806" general_type="" specific_type="" RCC8_value="" FoR=""/><RELATION id="SR1695" trajector_id="T1807" landmark_id="L1808" spatial_indicator_id="S1806" general_type="" specific_type="" RCC8_value="" FoR=""/><SPATIALINDICATOR id="S1809" start="72" end="83" text="on the left"/><TRAJECTOR id="T1809" start="57" end="71" text="the background"/><LANDMARK id="L1809" start="-1" end="-1"/><RELATION id="SR1697" trajector_id="T1809" landmark_id="L1809" spatial_indicator_id="S1809" general_type="" specific_type="" RCC8_value="" FoR=""/></SENTENCE></SCENE>
    <SCENE>
        <DOCNO>annotations/01/1376.eng</DOCNO>
        <IMAGE>images/01/1376.jpg</IMAGE>
        <SENTENCE id="s1062" start="40436" end="40549"><TEXT>a room with a double bed , a carpet and a night table on the left , a painting above it and two burning lamps .</TEXT><SPATIALINDICATOR id="S1812" start="79" end="84" text="above"/><TRAJECTOR id="T1812" start="68" end="78" text="a painting"/><LANDMARK id="L1812" start="92" end="109" text="two burning lamps"/><LANDMARK id="L1813" start="85" end="87" text="it"/><RELATION id="SR1700" trajector_id="T1812" landmark_id="L1812" spatial_indicator_id="S1812" general_type="" specific_type="" RCC8_value="" FoR=""/><RELATION id="SR1701" trajector_id="T1812" landmark_id="L1813" spatial_indicator_id="S1812" general_type="" specific_type="" RCC8_value="" FoR=""/><SPATIALINDICATOR id="S1815" start="54" end="65" text="on the left"/><TRAJECTOR id="T1815" start="27" end="35" text="a carpet"/><TRAJECTOR id="T1816" start="40" end="53" text="a night table"/><LANDMARK id="L1817" start="-1" end="-1"/><RELATION id="SR1703" trajector_id="T1815" landmark_id="L1817" spatial_indicator_id="S1815" general_type="" specific_type="" RCC8_value="" FoR=""/><RELATION id="SR1704" trajector_id="T1816" landmark_id="L1817" spatial_indicator_id="S1815" general_type="" specific_type="" RCC8_value="" FoR=""/></SENTENCE></SCENE>
    <SCENE>
        <DOCNO>annotations/01/1377.eng</DOCNO>
        <IMAGE>images/01/1377.jpg</IMAGE>
        <SENTENCE id="s1063" start="40549" end="40695"><TEXT>front view of a light green house with a grey garage on the right , a white car in front of it and a round front with orange ornamental strips .</TEXT><SPATIALINDICATOR id="S1820" start="80" end="91" text="in front of"/><TRAJECTOR id="T1820" start="68" end="79" text="a white car"/><LANDMARK id="L1820" start="92" end="94" text="it"/><RELATION id="SR1707" trajector_id="T1820" landmark_id="L1820" spatial_indicator_id="S1820" general_type="" specific_type="" RCC8_value="" FoR=""/><SPATIALINDICATOR id="S1821" start="53" end="65" text="on the right"/><TRAJECTOR id="T1821" start="99" end="112" text="a round front"/><TRAJECTOR id="T1822" start="39" end="52" text="a grey garage"/><TRAJECTOR id="T1823" start="0" end="33" text="front view of a light green house"/><TRAJECTOR id="T1824" start="68" end="79" text="a white car"/><LANDMARK id="L1825" start="-1" end="-1"/><RELATION id="SR1709" trajector_id="T1821" landmark_id="L1825" spatial_indicator_id="S1821" general_type="" specific_type="" RCC8_value="" FoR=""/><RELATION id="SR1710" trajector_id="T1822" landmark_id="L1825" spatial_indicator_id="S1821" general_type="" specific_type="" RCC8_value="" FoR=""/><RELATION id="SR1711" trajector_id="T1823" landmark_id="L1825" spatial_indicator_id="S1821" general_type="" specific_type="" RCC8_value="" FoR=""/><RELATION id="SR1712" trajector_id="T1824" landmark_id="L1825" spatial_indicator_id="S1821" general_type="" specific_type="" RCC8_value="" FoR=""/></SENTENCE></SCENE>
    <SCENE>
        <DOCNO>annotations/01/1380.eng</DOCNO>
        <IMAGE>images/01/1380.jpg</IMAGE>
        <SENTENCE id="s1064" start="40695" end="40772"><TEXT>cars are parking in front of a dark orange house with small white columns .</TEXT><SPATIALINDICATOR id="S1829" start="17" end="28" text="in front of"/><TRAJECTOR id="T1829" start="9" end="16" text="parking"/><TRAJECTOR id="T1830" start="0" end="4" text="cars"/><LANDMARK id="L1831" start="29" end="48" text="a dark orange house"/><RELATION id="SR1715" trajector_id="T1829" landmark_id="L1831" spatial_indicator_id="S1829" general_type="" specific_type="" RCC8_value="" FoR=""/><RELATION id="SR1716" trajector_id="T1830" landmark_id="L1831" spatial_indicator_id="S1829" general_type="" specific_type="" RCC8_value="" FoR=""/></SENTENCE><SENTENCE id="s1065" start="40772" end="40825"><TEXT>there are three people at the red car on the left .</TEXT><SPATIALINDICATOR id="S1833" start="23" end="25" text="at"/><TRAJECTOR id="T1833" start="10" end="22" text="three people"/><LANDMARK id="L1833" start="26" end="37" text="the red car"/><RELATION id="SR1719" trajector_id="T1833" landmark_id="L1833" spatial_indicator_id="S1833" general_type="" specific_type="" RCC8_value="" FoR=""/><SPATIALINDICATOR id="S1834" start="38" end="49" text="on the left"/><TRAJECTOR id="T1834" start="26" end="37" text="the red car"/><LANDMARK id="L1834" start="-1" end="-1"/><RELATION id="SR1721" trajector_id="T1834" landmark_id="L1834" spatial_indicator_id="S1834" general_type="" specific_type="" RCC8_value="" FoR=""/></SENTENCE></SCENE>
    <SCENE>
        <DOCNO>annotations/01/1381.eng</DOCNO>
        <IMAGE>images/01/1381.jpg</IMAGE>
        <SENTENCE id="s1066" start="40825" end="40973"><TEXT>two single beds made of wood with white bedcovers in a room with a reddish brown wall on the left , a white wall behind the beds and white tiles .</TEXT><SPATIALINDICATOR id="S1837" start="113" end="119" text="behind"/><TRAJECTOR id="T1837" start="100" end="112" text="a white wall"/><LANDMARK id="L1837" start="133" end="144" text="white tiles"/><LANDMARK id="L1838" start="120" end="128" text="the beds"/><RELATION id="SR1724" trajector_id="T1837" landmark_id="L1837" spatial_indicator_id="S1837" general_type="" specific_type="" RCC8_value="" FoR=""/><RELATION id="SR1725" trajector_id="T1837" landmark_id="L1838" spatial_indicator_id="S1837" general_type="" specific_type="" RCC8_value="" FoR=""/><SPATIALINDICATOR id="S1840" start="86" end="97" text="on the left"/><TRAJECTOR id="T1840" start="65" end="85" text="a reddish brown wall"/><LANDMARK id="L1840" start="-1" end="-1"/><RELATION id="SR1727" trajector_id="T1840" landmark_id="L1840" spatial_indicator_id="S1840" general_type="" specific_type="" RCC8_value="" FoR=""/><LANDMARK id="L1841" start="53" end="59" text="a room"/><SPATIALINDICATOR id="S1841" start="50" end="52" text="in"/><TRAJECTOR id="T1841" start="24" end="28" text="wood"/><TRAJECTOR id="T1842" start="34" end="49" text="white bedcovers"/><RELATION id="SR1729" trajector_id="T1841" landmark_id="L1841" spatial_indicator_id="S1841" general_type="" specific_type="" RCC8_value="" FoR=""/><RELATION id="SR1730" trajector_id="T1842" landmark_id="L1841" spatial_indicator_id="S1841" general_type="" specific_type="" RCC8_value="" FoR=""/></SENTENCE></SCENE>
    <SCENE>
        <DOCNO>annotations/01/1382.eng</DOCNO>
        <IMAGE>images/01/1382.jpg</IMAGE>
        <SENTENCE id="s1067" start="40973" end="41180"><TEXT>a white high-rise building with 21 storeys , another three , brown high-rise buildings on the left , a tree and further houses behind it on the right , and a beach and a supporting wall in the foreground .</TEXT><SPATIALINDICATOR id="S1846" start="186" end="188" text="in"/><TRAJECTOR id="T1846" start="156" end="163" text="a beach"/><TRAJECTOR id="T1847" start="168" end="185" text="a supporting wall"/><LANDMARK id="L1848" start="189" end="203" text="the foreground"/><RELATION id="SR1734" trajector_id="T1846" landmark_id="L1848" spatial_indicator_id="S1846" general_type="" specific_type="" RCC8_value="" FoR=""/><RELATION id="SR1735" trajector_id="T1847" landmark_id="L1848" spatial_indicator_id="S1846" general_type="" specific_type="" RCC8_value="" FoR=""/><SPATIALINDICATOR id="S1849" start="127" end="133" text="behind"/><TRAJECTOR id="T1849" start="112" end="126" text="further houses"/><TRAJECTOR id="T1850" start="101" end="107" text="a tree"/><LANDMARK id="L1851" start="134" end="136" text="it"/><RELATION id="SR1737" trajector_id="T1849" landmark_id="L1851" spatial_indicator_id="S1849" general_type="" specific_type="" RCC8_value="" FoR=""/><RELATION id="SR1738" trajector_id="T1850" landmark_id="L1851" spatial_indicator_id="S1849" general_type="" specific_type="" RCC8_value="" FoR=""/><SPATIALINDICATOR id="S1852" start="87" end="98" text="on the left"/><TRAJECTOR id="T1852" start="61" end="86" text="brown high-rise buildings"/><LANDMARK id="L1852" start="-1" end="-1"/><RELATION id="SR1740" trajector_id="T1852" landmark_id="L1852" spatial_indicator_id="S1852" general_type="" specific_type="" RCC8_value="" FoR=""/><SPATIALINDICATOR id="S1853" start="137" end="149" text="on the right"/><TRAJECTOR id="T1853" start="134" end="136" text="it"/><LANDMARK id="L1853" start="-1" end="-1"/><RELATION id="SR1742" trajector_id="T1853" landmark_id="L1853" spatial_indicator_id="S1853" general_type="" specific_type="" RCC8_value="" FoR=""/></SENTENCE></SCENE>
    <SCENE>
        <DOCNO>annotations/01/1383.eng</DOCNO>
        <IMAGE>images/01/1383.jpg</IMAGE>
        <SENTENCE id="s1068" start="41180" end="41402"><TEXT>a room with blue and white walls , two single beds with blue and light brown bedcovers , a night table in between , two paintings above it , a wooden bar in the foreground and a white door in the background on the left .</TEXT><SPATIALINDICATOR id="S1856" start="154" end="156" text="in"/><TRAJECTOR id="T1856" start="176" end="188" text="a white door"/><TRAJECTOR id="T1857" start="141" end="153" text="a wooden bar"/><LANDMARK id="L1858" start="157" end="171" text="the foreground"/><RELATION id="SR1745" trajector_id="T1856" landmark_id="L1858" spatial_indicator_id="S1856" general_type="" specific_type="" RCC8_value="" FoR=""/><RELATION id="SR1746" trajector_id="T1857" landmark_id="L1858" spatial_indicator_id="S1856" general_type="" specific_type="" RCC8_value="" FoR=""/><SPATIALINDICATOR id="S1859" start="189" end="191" text="in"/><TRAJECTOR id="T1859" start="176" end="188" text="a white door"/><LANDMARK id="L1859" start="192" end="206" text="the background"/><RELATION id="SR1748" trajector_id="T1859" landmark_id="L1859" spatial_indicator_id="S1859" general_type="" specific_type="" RCC8_value="" FoR=""/><SPATIALINDICATOR id="S1860" start="103" end="113" text="in between"/><TRAJECTOR id="T1860" start="89" end="102" text="a night table"/><LANDMARK id="L1860" start="116" end="129" text="two paintings"/><RELATION id="SR1750" trajector_id="T1860" landmark_id="L1860" spatial_indicator_id="S1860" general_type="" specific_type="" RCC8_value="" FoR=""/><SPATIALINDICATOR id="S1861" start="130" end="135" text="above"/><TRAJECTOR id="T1861" start="116" end="129" text="two paintings"/><LANDMARK id="L1861" start="136" end="138" text="it"/><RELATION id="SR1752" trajector_id="T1861" landmark_id="L1861" spatial_indicator_id="S1861" general_type="" specific_type="" RCC8_value="" FoR=""/><SPATIALINDICATOR id="S1862" start="207" end="218" text="on the left"/><TRAJECTOR id="T1862" start="192" end="206" text="the background"/><LANDMARK id="L1862" start="-1" end="-1"/><RELATION id="SR1754" trajector_id="T1862" landmark_id="L1862" spatial_indicator_id="S1862" general_type="" specific_type="" RCC8_value="" FoR=""/></SENTENCE></SCENE>
    <SCENE>
        <DOCNO>annotations/01/1384.eng</DOCNO>
        <IMAGE>images/01/1384.jpg</IMAGE>
        <SENTENCE id="s1069" start="41402" end="41520"><TEXT>a slightly underexposed , white bungalow with a high palm tree in front of it and with trees to the left and right .</TEXT><SPATIALINDICATOR id="S1865" start="63" end="74" text="in front of"/><TRAJECTOR id="T1865" start="26" end="40" text="white bungalow"/><TRAJECTOR id="T1866" start="46" end="62" text="a high palm tree"/><LANDMARK id="L1867" start="75" end="77" text="it"/><RELATION id="SR1757" trajector_id="T1865" landmark_id="L1867" spatial_indicator_id="S1865" general_type="" specific_type="" RCC8_value="" FoR=""/><RELATION id="SR1758" trajector_id="T1866" landmark_id="L1867" spatial_indicator_id="S1865" general_type="" specific_type="" RCC8_value="" FoR=""/></SENTENCE></SCENE>
    <SCENE>
        <DOCNO>annotations/01/1385.eng</DOCNO>
        <IMAGE>images/01/1385.jpg</IMAGE>
        <SENTENCE id="s1070" start="41520" end="41660"><TEXT>a double and a single bed with mainly blue and yellow bedcovers in a room with white walls and dark brown ornamental strips made of wood .</TEXT><SPATIALINDICATOR id="S1870" start="64" end="66" text="in"/><TRAJECTOR id="T1870" start="38" end="63" text="blue and yellow bedcovers"/><LANDMARK id="L1870" start="67" end="73" text="a room"/><RELATION id="SR1761" trajector_id="T1870" landmark_id="L1870" spatial_indicator_id="S1870" general_type="" specific_type="" RCC8_value="" FoR=""/></SENTENCE></SCENE>
    <SCENE>
        <DOCNO>annotations/01/1386.eng</DOCNO>
        <IMAGE>images/01/1386.jpg</IMAGE>
        <SENTENCE id="s1071" start="41660" end="41717"><TEXT>corner view of a house with a big writing Hotel Royal .</TEXT></SENTENCE><SENTENCE id="s1072" start="41717" end="41815"><TEXT>there is a travel agency ( VASP ) on the ground level , and there are power lines on the right .</TEXT><SPATIALINDICATOR id="S1875" start="34" end="36" text="on"/><TRAJECTOR id="T1875" start="27" end="31" text="VASP"/><TRAJECTOR id="T1876" start="9" end="24" text="a travel agency"/><LANDMARK id="L1877" start="37" end="53" text="the ground level"/><RELATION id="SR1765" trajector_id="T1875" landmark_id="L1877" spatial_indicator_id="S1875" general_type="" specific_type="" RCC8_value="" FoR=""/><RELATION id="SR1766" trajector_id="T1876" landmark_id="L1877" spatial_indicator_id="S1875" general_type="" specific_type="" RCC8_value="" FoR=""/><SPATIALINDICATOR id="S1878" start="82" end="94" text="on the right"/><TRAJECTOR id="T1878" start="70" end="81" text="power lines"/><LANDMARK id="L1878" start="-1" end="-1"/><RELATION id="SR1768" trajector_id="T1878" landmark_id="L1878" spatial_indicator_id="S1878" general_type="" specific_type="" RCC8_value="" FoR=""/></SENTENCE></SCENE>
    <SCENE>
        <DOCNO>annotations/01/1387.eng</DOCNO>
        <IMAGE>images/01/1387.jpg</IMAGE>
        <SENTENCE id="s1073" start="41815" end="42000"><TEXT>a room with two double beds and a night table with a lamp and a phone in between , a painting above it on the white wall , a light blue ornamental strip and a dark green on the left .</TEXT><SPATIALINDICATOR id="S1881" start="70" end="80" text="in between"/><TRAJECTOR id="T1881" start="62" end="69" text="a phone"/><LANDMARK id="L1881" start="83" end="93" text="a painting"/><RELATION id="SR1771" trajector_id="T1881" landmark_id="L1881" spatial_indicator_id="S1881" general_type="" specific_type="" RCC8_value="" FoR=""/><SPATIALINDICATOR id="S1882" start="94" end="99" text="above"/><TRAJECTOR id="T1882" start="83" end="93" text="a painting"/><LANDMARK id="L1882" start="100" end="102" text="it"/><RELATION id="SR1773" trajector_id="T1882" landmark_id="L1882" spatial_indicator_id="S1882" general_type="" specific_type="" RCC8_value="" FoR=""/><SPATIALINDICATOR id="S1883" start="103" end="105" text="on"/><TRAJECTOR id="T1883" start="100" end="102" text="it"/><LANDMARK id="L1883" start="106" end="120" text="the white wall"/><RELATION id="SR1775" trajector_id="T1883" landmark_id="L1883" spatial_indicator_id="S1883" general_type="" specific_type="" RCC8_value="" FoR=""/><SPATIALINDICATOR id="S1884" start="170" end="181" text="on the left"/><TRAJECTOR id="T1884" start="125" end="152" text="light blue ornamental strip"/><LANDMARK id="L1884" start="-1" end="-1"/><RELATION id="SR1777" trajector_id="T1884" landmark_id="L1884" spatial_indicator_id="S1884" general_type="" specific_type="" RCC8_value="" FoR=""/></SENTENCE></SCENE>
    <SCENE>
        <DOCNO>annotations/01/1388.eng</DOCNO>
        <IMAGE>images/01/1388.jpg</IMAGE>
        <SENTENCE id="s1074" start="42000" end="42093"><TEXT>the courtyard of a white and orange house with orange columns , a spa and a swimming pool .</TEXT></SENTENCE></SCENE>
    <SCENE>
        <DOCNO>annotations/01/1389.eng</DOCNO>
        <IMAGE>images/01/1389.jpg</IMAGE>
        <SENTENCE id="s1075" start="42093" end="42217"><TEXT>a bald room with white walls , two bunk beds made of wood with white bedcovers , towels and pillows ( white and orange ) .</TEXT></SENTENCE></SCENE>
    <SCENE>
        <DOCNO>annotations/01/1392.eng</DOCNO>
        <IMAGE>images/01/1392.jpg</IMAGE>
        <SENTENCE id="s1076" start="42217" end="42331"><TEXT>corner view of a dark yellow , two-storey house with white window and door frams and balconies with iron rails .</TEXT></SENTENCE></SCENE>
    <SCENE>
        <DOCNO>annotations/01/1393.eng</DOCNO>
        <IMAGE>images/01/1393.jpg</IMAGE>
        <SENTENCE id="s1077" start="42331" end="42450"><TEXT>a double bed made of wood with white bedcover and two white pillows in a room with a crate and white walls above it .</TEXT><SPATIALINDICATOR id="S1894" start="68" end="70" text="in"/><TRAJECTOR id="T1894" start="50" end="67" text="two white pillows"/><TRAJECTOR id="T1895" start="31" end="45" text="white bedcover"/><TRAJECTOR id="T1896" start="21" end="25" text="wood"/><LANDMARK id="L1897" start="71" end="77" text="a room"/><RELATION id="SR1783" trajector_id="T1894" landmark_id="L1897" spatial_indicator_id="S1894" general_type="" specific_type="" RCC8_value="" FoR=""/><RELATION id="SR1784" trajector_id="T1895" landmark_id="L1897" spatial_indicator_id="S1894" general_type="" specific_type="" RCC8_value="" FoR=""/><RELATION id="SR1785" trajector_id="T1896" landmark_id="L1897" spatial_indicator_id="S1894" general_type="" specific_type="" RCC8_value="" FoR=""/><SPATIALINDICATOR id="S1898" start="107" end="112" text="above"/><TRAJECTOR id="T1898" start="85" end="106" text="crate and white walls"/><LANDMARK id="L1898" start="113" end="115" text="it"/><RELATION id="SR1787" trajector_id="T1898" landmark_id="L1898" spatial_indicator_id="S1898" general_type="" specific_type="" RCC8_value="" FoR=""/></SENTENCE><SENTENCE id="s1078" start="42450" end="42510"><TEXT>there are red ornaments around the entrance on the right .</TEXT><SPATIALINDICATOR id="S1900" start="24" end="30" text="around"/><TRAJECTOR id="T1900" start="10" end="23" text="red ornaments"/><LANDMARK id="L1900" start="31" end="43" text="the entrance"/><RELATION id="SR1790" trajector_id="T1900" landmark_id="L1900" spatial_indicator_id="S1900" general_type="" specific_type="" RCC8_value="" FoR=""/><SPATIALINDICATOR id="S1901" start="44" end="56" text="on the right"/><TRAJECTOR id="T1901" start="31" end="43" text="the entrance"/><LANDMARK id="L1901" start="-1" end="-1"/><RELATION id="SR1792" trajector_id="T1901" landmark_id="L1901" spatial_indicator_id="S1901" general_type="" specific_type="" RCC8_value="" FoR=""/></SENTENCE></SCENE>
    <SCENE>
        <DOCNO>annotations/01/1394.eng</DOCNO>
        <IMAGE>images/01/1394.jpg</IMAGE>
        <SENTENCE id="s1079" start="42510" end="42615"><TEXT>front view of a dark yellow house with wooden windows , white window frames and an iron entrance gate .</TEXT></SENTENCE></SCENE>
    <SCENE>
        <DOCNO>annotations/01/1395.eng</DOCNO>
        <IMAGE>images/01/1395.jpg</IMAGE>
        <SENTENCE id="s1080" start="42615" end="42811"><TEXT>a room with white walls and an inclined picture , two single beds made of wood on the right , a commode with a TV on the left , and in the background on the right a window with orange curtains .</TEXT><SPATIALINDICATOR id="S1906" start="150" end="162" text="on the right"/><TRAJECTOR id="T1906" start="135" end="149" text="the background"/><LANDMARK id="L1906" start="-1" end="-1"/><RELATION id="SR1796" trajector_id="T1906" landmark_id="L1906" spatial_indicator_id="S1906" general_type="" specific_type="" RCC8_value="" FoR=""/></SENTENCE></SCENE>
    <SCENE>
        <DOCNO>annotations/01/1398.eng</DOCNO>
        <IMAGE>images/01/1398.jpg</IMAGE>
        <SENTENCE id="s1081" start="42811" end="42864"><TEXT>a red car in front of the entrance of a big hotel .</TEXT><SPATIALINDICATOR id="S1910" start="10" end="21" text="in front of"/><TRAJECTOR id="T1910" start="0" end="9" text="a red car"/><LANDMARK id="L1910" start="22" end="49" text="the entrance of a big hotel"/><RELATION id="SR1799" trajector_id="T1910" landmark_id="L1910" spatial_indicator_id="S1910" general_type="" specific_type="" RCC8_value="" FoR=""/></SENTENCE><SENTENCE id="s1082" start="42864" end="42921"><TEXT>a tall high-rise building with a facade made of glass .</TEXT></SENTENCE></SCENE>
    <SCENE>
        <DOCNO>annotations/01/1399.eng</DOCNO>
        <IMAGE>images/01/1399.jpg</IMAGE>
        <SENTENCE id="s1083" start="42921" end="43147"><TEXT>a room with white and grey walls , a large double bed made of wood in the foreground , an armchair , a small table and three more chairs and two lamps behind it , and a window with grey and white curtains in the background .</TEXT><SPATIALINDICATOR id="S1914" start="205" end="207" text="in"/><TRAJECTOR id="T1914" start="181" end="204" text="grey and white curtains"/><TRAJECTOR id="T1915" start="167" end="175" text="a window"/><LANDMARK id="L1916" start="208" end="222" text="the background"/><RELATION id="SR1803" trajector_id="T1914" landmark_id="L1916" spatial_indicator_id="S1914" general_type="" specific_type="" RCC8_value="" FoR=""/><RELATION id="SR1804" trajector_id="T1915" landmark_id="L1916" spatial_indicator_id="S1914" general_type="" specific_type="" RCC8_value="" FoR=""/><SPATIALINDICATOR id="S1917" start="151" end="157" text="behind"/><TRAJECTOR id="T1917" start="119" end="136" text="three more chairs"/><TRAJECTOR id="T1918" start="141" end="150" text="two lamps"/><LANDMARK id="L1919" start="158" end="160" text="it"/><RELATION id="SR1806" trajector_id="T1917" landmark_id="L1919" spatial_indicator_id="S1917" general_type="" specific_type="" RCC8_value="" FoR=""/><RELATION id="SR1807" trajector_id="T1918" landmark_id="L1919" spatial_indicator_id="S1917" general_type="" specific_type="" RCC8_value="" FoR=""/><LANDMARK id="L1920" start="70" end="84" text="the foreground"/><SPATIALINDICATOR id="S1920" start="67" end="69" text="in"/><TRAJECTOR id="T1920" start="62" end="66" text="wood"/><RELATION id="SR1809" trajector_id="T1920" landmark_id="L1920" spatial_indicator_id="S1920" general_type="" specific_type="" RCC8_value="" FoR=""/></SENTENCE></SCENE>
    <SCENE>
        <DOCNO>annotations/01/1400.eng</DOCNO>
        <IMAGE>images/01/1400.jpg</IMAGE>
        <SENTENCE id="s1084" start="43147" end="43248"><TEXT>a grey car is parking in front of a grey house with brown window frames and plants on the balcony .</TEXT><SPATIALINDICATOR id="S1923" start="22" end="33" text="in front of"/><TRAJECTOR id="T1923" start="14" end="21" text="parking"/><TRAJECTOR id="T1924" start="0" end="10" text="a grey car"/><LANDMARK id="L1925" start="34" end="46" text="a grey house"/><RELATION id="SR1813" trajector_id="T1923" landmark_id="L1925" spatial_indicator_id="S1923" general_type="" specific_type="" RCC8_value="" FoR=""/><RELATION id="SR1814" trajector_id="T1924" landmark_id="L1925" spatial_indicator_id="S1923" general_type="" specific_type="" RCC8_value="" FoR=""/><SPATIALINDICATOR id="S1926" start="83" end="85" text="on"/><TRAJECTOR id="T1926" start="76" end="82" text="plants"/><LANDMARK id="L1926" start="86" end="97" text="the balcony"/><RELATION id="SR1816" trajector_id="T1926" landmark_id="L1926" spatial_indicator_id="S1926" general_type="" specific_type="" RCC8_value="" FoR=""/></SENTENCE></SCENE>
    <SCENE>
        <DOCNO>annotations/01/1401.eng</DOCNO>
        <IMAGE>images/01/1401.jpg</IMAGE>
        <SENTENCE id="s1085" start="43248" end="43326"><TEXT>children in a swimming pool in a garden that is surrounded by a green wall .</TEXT><SPATIALINDICATOR id="S1931" start="28" end="30" text="in"/><TRAJECTOR id="T1931" start="12" end="27" text="a swimming pool"/><LANDMARK id="L1931" start="31" end="39" text="a garden"/><RELATION id="SR1819" trajector_id="T1931" landmark_id="L1931" spatial_indicator_id="S1931" general_type="" specific_type="" RCC8_value="" FoR=""/><SPATIALINDICATOR id="S1932" start="9" end="11" text="in"/><TRAJECTOR id="T1932" start="0" end="8" text="children"/><LANDMARK id="L1932" start="12" end="27" text="a swimming pool"/><RELATION id="SR1821" trajector_id="T1932" landmark_id="L1932" spatial_indicator_id="S1932" general_type="" specific_type="" RCC8_value="" FoR=""/><LANDMARK id="L1933" start="62" end="74" text="a green wall"/><SPATIALINDICATOR id="S1933" start="59" end="61" text="by"/><TRAJECTOR id="T1933" start="31" end="39" text="a garden"/><RELATION id="SR1823" trajector_id="T1933" landmark_id="L1933" spatial_indicator_id="S1933" general_type="" specific_type="" RCC8_value="" FoR=""/></SENTENCE><SENTENCE id="s1086" start="43326" end="43443"><TEXT>there are two canvas chairs , white tables and chairs , a clothesline and a sunshade in the shade behind the pool .</TEXT><SPATIALINDICATOR id="S1935" start="98" end="104" text="behind"/><TRAJECTOR id="T1935" start="88" end="97" text="the shade"/><LANDMARK id="L1935" start="105" end="113" text="the pool"/><RELATION id="SR1827" trajector_id="T1935" landmark_id="L1935" spatial_indicator_id="S1935" general_type="" specific_type="" RCC8_value="" FoR=""/></SENTENCE><SENTENCE id="s1087" start="43443" end="43534"><TEXT>there is also the corner of a green house on the left there are trees in the background .</TEXT><SPATIALINDICATOR id="S1937" start="70" end="72" text="in"/><TRAJECTOR id="T1937" start="64" end="69" text="trees"/><LANDMARK id="L1937" start="73" end="87" text="the background"/><RELATION id="SR1830" trajector_id="T1937" landmark_id="L1937" spatial_indicator_id="S1937" general_type="" specific_type="" RCC8_value="" FoR=""/><SPATIALINDICATOR id="S1938" start="42" end="53" text="on the left"/><TRAJECTOR id="T1938" start="14" end="41" text="the corner of a green house"/><LANDMARK id="L1938" start="-1" end="-1"/><RELATION id="SR1832" trajector_id="T1938" landmark_id="L1938" spatial_indicator_id="S1938" general_type="" specific_type="" RCC8_value="" FoR=""/></SENTENCE></SCENE>
    <SCENE>
        <DOCNO>annotations/01/1402.eng</DOCNO>
        <IMAGE>images/01/1402.jpg</IMAGE>
        <SENTENCE id="s1088" start="43534" end="43584"><TEXT>a sailing ship with two masts and struck sails .</TEXT></SENTENCE><SENTENCE id="s1089" start="43584" end="43676"><TEXT>there is a small boat on the left , and a very flat , sparse landscape in the background .</TEXT><SPATIALINDICATOR id="S1943" start="71" end="73" text="in"/><TRAJECTOR id="T1943" start="47" end="70" text="flat , sparse landscape"/><LANDMARK id="L1943" start="74" end="88" text="the background"/><RELATION id="SR1836" trajector_id="T1943" landmark_id="L1943" spatial_indicator_id="S1943" general_type="" specific_type="" RCC8_value="" FoR=""/><SPATIALINDICATOR id="S1944" start="22" end="33" text="on the left"/><TRAJECTOR id="T1944" start="9" end="21" text="a small boat"/><LANDMARK id="L1944" start="-1" end="-1"/><RELATION id="SR1838" trajector_id="T1944" landmark_id="L1944" spatial_indicator_id="S1944" general_type="" specific_type="" RCC8_value="" FoR=""/></SENTENCE></SCENE>
    <SCENE>
        <DOCNO>annotations/01/1403.eng</DOCNO>
        <IMAGE>images/01/1403.jpg</IMAGE>
        <SENTENCE id="s1090" start="43676" end="43905"><TEXT>front view of a house in style of the Alpes: white walls , dark brown window frames made of wood , flower boxes below the windows , a little tower with red rooftiles and two palm trees and three flags in front of the entrance .</TEXT><SPATIALINDICATOR id="S1947" start="22" end="24" text="in"/><TRAJECTOR id="T1947" start="0" end="21" text="front view of a house"/><LANDMARK id="L1947" start="25" end="43" text="style of the Alpes"/><RELATION id="SR1841" trajector_id="T1947" landmark_id="L1947" spatial_indicator_id="S1947" general_type="" specific_type="" RCC8_value="" FoR=""/><SPATIALINDICATOR id="S1948" start="201" end="212" text="in front of"/><TRAJECTOR id="T1948" start="189" end="200" text="three flags"/><TRAJECTOR id="T1949" start="170" end="184" text="two palm trees"/><LANDMARK id="L1950" start="213" end="225" text="the entrance"/><RELATION id="SR1843" trajector_id="T1948" landmark_id="L1950" spatial_indicator_id="S1948" general_type="" specific_type="" RCC8_value="" FoR=""/><RELATION id="SR1844" trajector_id="T1949" landmark_id="L1950" spatial_indicator_id="S1948" general_type="" specific_type="" RCC8_value="" FoR=""/><SPATIALINDICATOR id="S1951" start="112" end="117" text="below"/><TRAJECTOR id="T1951" start="99" end="111" text="flower boxes"/><LANDMARK id="L1951" start="118" end="129" text="the windows"/><RELATION id="SR1846" trajector_id="T1951" landmark_id="L1951" spatial_indicator_id="S1951" general_type="" specific_type="" RCC8_value="" FoR=""/></SENTENCE></SCENE>
    <SCENE>
        <DOCNO>annotations/01/1404.eng</DOCNO>
        <IMAGE>images/01/1404.jpg</IMAGE>
        <SENTENCE id="s1091" start="43905" end="43989"><TEXT>a room with a double bed made of wood , light pink walls , pillows and bedcovers .</TEXT></SENTENCE><SENTENCE id="s1092" start="43989" end="44149"><TEXT>there are night tables on both sides , a phone on the right , two lamps above the beds , a painting on the left and a window with a curtain on the very left .</TEXT><SPATIALINDICATOR id="S1956" start="72" end="77" text="above"/><TRAJECTOR id="T1956" start="62" end="71" text="two lamps"/><LANDMARK id="L1956" start="78" end="86" text="the beds"/><RELATION id="SR1850" trajector_id="T1956" landmark_id="L1956" spatial_indicator_id="S1956" general_type="" specific_type="" RCC8_value="" FoR=""/><SPATIALINDICATOR id="S1957" start="23" end="25" text="on"/><TRAJECTOR id="T1957" start="89" end="99" text="a painting"/><TRAJECTOR id="T1958" start="116" end="124" text="a window"/><TRAJECTOR id="T1959" start="10" end="22" text="night tables"/><LANDMARK id="L1960" start="26" end="36" text="both sides"/><RELATION id="SR1852" trajector_id="T1957" landmark_id="L1960" spatial_indicator_id="S1957" general_type="" specific_type="" RCC8_value="" FoR=""/><RELATION id="SR1853" trajector_id="T1958" landmark_id="L1960" spatial_indicator_id="S1957" general_type="" specific_type="" RCC8_value="" FoR=""/><RELATION id="SR1854" trajector_id="T1959" landmark_id="L1960" spatial_indicator_id="S1957" general_type="" specific_type="" RCC8_value="" FoR=""/><SPATIALINDICATOR id="S1961" start="47" end="59" text="on the right"/><TRAJECTOR id="T1961" start="39" end="46" text="a phone"/><LANDMARK id="L1961" start="-1" end="-1"/><RELATION id="SR1856" trajector_id="T1961" landmark_id="L1961" spatial_indicator_id="S1961" general_type="" specific_type="" RCC8_value="" FoR=""/><SPATIALINDICATOR id="S1962" start="100" end="111" text="on the left"/><TRAJECTOR id="T1962" start="78" end="86" text="the beds"/><TRAJECTOR id="T1963" start="89" end="99" text="a painting"/><LANDMARK id="L1964" start="-1" end="-1"/><RELATION id="SR1858" trajector_id="T1962" landmark_id="L1964" spatial_indicator_id="S1962" general_type="" specific_type="" RCC8_value="" FoR=""/><RELATION id="SR1859" trajector_id="T1963" landmark_id="L1964" spatial_indicator_id="S1962" general_type="" specific_type="" RCC8_value="" FoR=""/></SENTENCE></SCENE>
    <SCENE>
        <DOCNO>annotations/01/1407.eng</DOCNO>
        <IMAGE>images/01/1407.jpg</IMAGE>
        <SENTENCE id="s1093" start="44149" end="44252"><TEXT>a three-storey building made of red bricks , with red doors and a blue jalousie on the ground level .</TEXT></SENTENCE><SENTENCE id="s1094" start="44252" end="44310"><TEXT>the uppermost level is still partly under construction .</TEXT><SPATIALINDICATOR id="S1969" start="36" end="41" text="under"/><TRAJECTOR id="T1969" start="0" end="19" text="the uppermost level"/><LANDMARK id="L1969" start="42" end="54" text="construction"/><RELATION id="SR1863" trajector_id="T1969" landmark_id="L1969" spatial_indicator_id="S1969" general_type="" specific_type="" RCC8_value="" FoR=""/></SENTENCE></SCENE>
    <SCENE>
        <DOCNO>annotations/01/1408.eng</DOCNO>
        <IMAGE>images/01/1408.jpg</IMAGE>
        <SENTENCE id="s1095" start="44310" end="44431"><TEXT>a double bed made of wood with white bedcovers , two pillows and a night table on the left in a room with white walls .</TEXT></SENTENCE></SCENE>
    <SCENE>
        <DOCNO>annotations/01/1409.eng</DOCNO>
        <IMAGE>images/01/1409.jpg</IMAGE>
        <SENTENCE id="s1096" start="44431" end="44509"><TEXT>a three-storey building with white and brown walls and lowered grey blinds .</TEXT></SENTENCE><SENTENCE id="s1097" start="44509" end="44556"><TEXT>the ground level is completely in the shade .</TEXT><SPATIALINDICATOR id="S1976" start="31" end="33" text="in"/><TRAJECTOR id="T1976" start="0" end="16" text="the ground level"/><LANDMARK id="L1976" start="34" end="43" text="the shade"/><RELATION id="SR1868" trajector_id="T1976" landmark_id="L1976" spatial_indicator_id="S1976" general_type="" specific_type="" RCC8_value="" FoR=""/></SENTENCE></SCENE>
    <SCENE>
        <DOCNO>annotations/01/1410.eng</DOCNO>
        <IMAGE>images/01/1410.jpg</IMAGE>
        <SENTENCE id="s1098" start="44556" end="44798"><TEXT>a room with orange walls , a double bed with a light orange bedcover , a night table on both sides of the bed , a phone and a lamp on the left side , two paintings on the wall above the bed , and a window with orange curtains on the right .</TEXT><SPATIALINDICATOR id="S1979" start="176" end="181" text="above"/><TRAJECTOR id="T1979" start="167" end="175" text="the wall"/><LANDMARK id="L1979" start="182" end="189" text="the bed"/><RELATION id="SR1871" trajector_id="T1979" landmark_id="L1979" spatial_indicator_id="S1979" general_type="" specific_type="" RCC8_value="" FoR=""/><SPATIALINDICATOR id="S1980" start="85" end="87" text="on"/><TRAJECTOR id="T1980" start="71" end="84" text="a night table"/><LANDMARK id="L1980" start="88" end="109" text="both sides of the bed"/><RELATION id="SR1873" trajector_id="T1980" landmark_id="L1980" spatial_indicator_id="S1980" general_type="" specific_type="" RCC8_value="" FoR=""/><SPATIALINDICATOR id="S1981" start="164" end="166" text="on"/><TRAJECTOR id="T1981" start="150" end="163" text="two paintings"/><LANDMARK id="L1981" start="167" end="175" text="the wall"/><RELATION id="SR1875" trajector_id="T1981" landmark_id="L1981" spatial_indicator_id="S1981" general_type="" specific_type="" RCC8_value="" FoR=""/><SPATIALINDICATOR id="S1982" start="131" end="142" text="on the left"/><TRAJECTOR id="T1982" start="124" end="130" text="a lamp"/><TRAJECTOR id="T1983" start="112" end="119" text="a phone"/><LANDMARK id="L1984" start="-1" end="-1"/><RELATION id="SR1877" trajector_id="T1982" landmark_id="L1984" spatial_indicator_id="S1982" general_type="" specific_type="" RCC8_value="" FoR=""/><RELATION id="SR1878" trajector_id="T1983" landmark_id="L1984" spatial_indicator_id="S1982" general_type="" specific_type="" RCC8_value="" FoR=""/><SPATIALINDICATOR id="S1985" start="226" end="238" text="on the right"/><TRAJECTOR id="T1985" start="210" end="225" text="orange curtains"/><TRAJECTOR id="T1986" start="196" end="204" text="a window"/><LANDMARK id="L1987" start="-1" end="-1"/><RELATION id="SR1880" trajector_id="T1985" landmark_id="L1987" spatial_indicator_id="S1985" general_type="" specific_type="" RCC8_value="" FoR=""/><RELATION id="SR1881" trajector_id="T1986" landmark_id="L1987" spatial_indicator_id="S1985" general_type="" specific_type="" RCC8_value="" FoR=""/></SENTENCE></SCENE>
    <SCENE>
        <DOCNO>annotations/01/1411.eng</DOCNO>
        <IMAGE>images/01/1411.jpg</IMAGE>
        <SENTENCE id="s1099" start="44798" end="44874"><TEXT>an illuminated multi-storey building with a large entrance at one corner .</TEXT><SPATIALINDICATOR id="S1990" start="59" end="61" text="at"/><TRAJECTOR id="T1990" start="42" end="58" text="a large entrance"/><TRAJECTOR id="T1991" start="0" end="36" text="an illuminated multi-storey building"/><LANDMARK id="L1992" start="62" end="72" text="one corner"/><RELATION id="SR1884" trajector_id="T1990" landmark_id="L1992" spatial_indicator_id="S1990" general_type="" specific_type="" RCC8_value="" FoR=""/><RELATION id="SR1885" trajector_id="T1991" landmark_id="L1992" spatial_indicator_id="S1990" general_type="" specific_type="" RCC8_value="" FoR=""/></SENTENCE></SCENE>
    <SCENE>
        <DOCNO>annotations/01/1412.eng</DOCNO>
        <IMAGE>images/01/1412.jpg</IMAGE>
        <SENTENCE id="s1100" start="44874" end="44995"><TEXT>a room with green walls , two single beds made of wood , a night table with a lamp in between and a painting above it .</TEXT><SPATIALINDICATOR id="S1996" start="83" end="93" text="in between"/><TRAJECTOR id="T1996" start="76" end="82" text="a lamp"/><TRAJECTOR id="T1997" start="50" end="54" text="wood"/><TRAJECTOR id="T1998" start="57" end="70" text="a night table"/><LANDMARK id="L1999" start="98" end="108" text="a painting"/><RELATION id="SR1888" trajector_id="T1996" landmark_id="L1999" spatial_indicator_id="S1996" general_type="" specific_type="" RCC8_value="" FoR=""/><RELATION id="SR1889" trajector_id="T1997" landmark_id="L1999" spatial_indicator_id="S1996" general_type="" specific_type="" RCC8_value="" FoR=""/><RELATION id="SR1890" trajector_id="T1998" landmark_id="L1999" spatial_indicator_id="S1996" general_type="" specific_type="" RCC8_value="" FoR=""/><SPATIALINDICATOR id="S2000" start="109" end="114" text="above"/><TRAJECTOR id="T2000" start="98" end="108" text="a painting"/><LANDMARK id="L2000" start="115" end="117" text="it"/><RELATION id="SR1892" trajector_id="T2000" landmark_id="L2000" spatial_indicator_id="S2000" general_type="" specific_type="" RCC8_value="" FoR=""/></SENTENCE><SENTENCE id="s1101" start="44995" end="45061"><TEXT>there is a window with a green and orange curtain on the right .</TEXT><SPATIALINDICATOR id="S2002" start="50" end="62" text="on the right"/><TRAJECTOR id="T2002" start="25" end="49" text="green and orange curtain"/><LANDMARK id="L2002" start="-1" end="-1"/><RELATION id="SR1895" trajector_id="T2002" landmark_id="L2002" spatial_indicator_id="S2002" general_type="" specific_type="" RCC8_value="" FoR=""/></SENTENCE></SCENE>
    <SCENE>
        <DOCNO>annotations/01/1413.eng</DOCNO>
        <IMAGE>images/01/1413.jpg</IMAGE>
        <SENTENCE id="s1102" start="45061" end="45299"><TEXT>a room with a dark green wall , a double bed made of wood with two yellow pillows and a brown and yellow chequered blanket , two lamps and a painting above the bed , a phone on the right and a window with an orange curtain on the left .</TEXT><SPATIALINDICATOR id="S2005" start="223" end="234" text="on the left"/><TRAJECTOR id="T2005" start="205" end="222" text="an orange curtain"/><TRAJECTOR id="T2006" start="191" end="199" text="a window"/><LANDMARK id="L2007" start="-1" end="-1"/><RELATION id="SR1898" trajector_id="T2005" landmark_id="L2007" spatial_indicator_id="S2005" general_type="" specific_type="" RCC8_value="" FoR=""/><RELATION id="SR1899" trajector_id="T2006" landmark_id="L2007" spatial_indicator_id="S2005" general_type="" specific_type="" RCC8_value="" FoR=""/><SPATIALINDICATOR id="S2008" start="174" end="186" text="on the right"/><TRAJECTOR id="T2008" start="166" end="173" text="a phone"/><TRAJECTOR id="T2009" start="191" end="199" text="a window"/><LANDMARK id="L2010" start="-1" end="-1"/><RELATION id="SR1901" trajector_id="T2008" landmark_id="L2010" spatial_indicator_id="S2008" general_type="" specific_type="" RCC8_value="" FoR=""/><RELATION id="SR1902" trajector_id="T2009" landmark_id="L2010" spatial_indicator_id="S2008" general_type="" specific_type="" RCC8_value="" FoR=""/></SENTENCE></SCENE>
    <SCENE>
        <DOCNO>annotations/01/1414.eng</DOCNO>
        <IMAGE>images/01/1414.jpg</IMAGE>
        <SENTENCE id="s1103" start="45299" end="45343"><TEXT>front view of quite an alternative house .</TEXT></SENTENCE><SENTENCE id="s1104" start="45343" end="45430"><TEXT>the ground level has grey walls , large windows and two flower pots at the entrance .</TEXT><SPATIALINDICATOR id="S2017" start="68" end="70" text="at"/><TRAJECTOR id="T2017" start="34" end="47" text="large windows"/><TRAJECTOR id="T2018" start="21" end="31" text="grey walls"/><TRAJECTOR id="T2019" start="52" end="67" text="two flower pots"/><LANDMARK id="L2020" start="71" end="83" text="the entrance"/><RELATION id="SR1906" trajector_id="T2017" landmark_id="L2020" spatial_indicator_id="S2017" general_type="" specific_type="" RCC8_value="" FoR=""/><RELATION id="SR1907" trajector_id="T2018" landmark_id="L2020" spatial_indicator_id="S2017" general_type="" specific_type="" RCC8_value="" FoR=""/><RELATION id="SR1908" trajector_id="T2019" landmark_id="L2020" spatial_indicator_id="S2017" general_type="" specific_type="" RCC8_value="" FoR=""/></SENTENCE><SENTENCE id="s1105" start="45430" end="45498"><TEXT>there is a painted skyline and the writing Hotel Amalfi above it .</TEXT><SPATIALINDICATOR id="S2022" start="56" end="61" text="above"/><TRAJECTOR id="T2022" start="9" end="26" text="a painted skyline"/><TRAJECTOR id="T2023" start="31" end="55" text="the writing Hotel Amalfi"/><LANDMARK id="L2024" start="62" end="64" text="it"/><RELATION id="SR1911" trajector_id="T2022" landmark_id="L2024" spatial_indicator_id="S2022" general_type="" specific_type="" RCC8_value="" FoR=""/><RELATION id="SR1912" trajector_id="T2023" landmark_id="L2024" spatial_indicator_id="S2022" general_type="" specific_type="" RCC8_value="" FoR=""/></SENTENCE><SENTENCE id="s1106" start="45498" end="45539"><TEXT>the upper level is inclined and white .</TEXT></SENTENCE></SCENE>
    <SCENE>
        <DOCNO>annotations/01/1417.eng</DOCNO>
        <IMAGE>images/01/1417.jpg</IMAGE>
        <SENTENCE id="s1107" start="45539" end="45656"><TEXT>front view of a house with white walls , wooden balconies , blue rails , grey columns and a brown supporting wall .</TEXT></SENTENCE><SENTENCE id="s1108" start="45656" end="45748"><TEXT>there are also an entrance with lots of flowers and two palm trees in front of the house .</TEXT><SPATIALINDICATOR id="S2030" start="67" end="78" text="in front of"/><TRAJECTOR id="T2030" start="52" end="66" text="two palm trees"/><LANDMARK id="L2030" start="79" end="88" text="the house"/><RELATION id="SR1917" trajector_id="T2030" landmark_id="L2030" spatial_indicator_id="S2030" general_type="" specific_type="" RCC8_value="" FoR=""/></SENTENCE></SCENE>
    <SCENE>
        <DOCNO>annotations/01/1419.eng</DOCNO>
        <IMAGE>images/01/1419.jpg</IMAGE>
        <SENTENCE id="s1109" start="45748" end="45886"><TEXT>a room with white walls , a blue and white bunk bed on the right and another single bed in front of a broad window with brown curtains .</TEXT><SPATIALINDICATOR id="S2033" start="88" end="99" text="in front of"/><TRAJECTOR id="T2033" start="69" end="87" text="another single bed"/><LANDMARK id="L2033" start="100" end="114" text="a broad window"/><RELATION id="SR1920" trajector_id="T2033" landmark_id="L2033" spatial_indicator_id="S2033" general_type="" specific_type="" RCC8_value="" FoR=""/><SPATIALINDICATOR id="S2034" start="52" end="64" text="on the right"/><TRAJECTOR id="T2034" start="43" end="51" text="bunk bed"/><LANDMARK id="L2034" start="-1" end="-1"/><RELATION id="SR1922" trajector_id="T2034" landmark_id="L2034" spatial_indicator_id="S2034" general_type="" specific_type="" RCC8_value="" FoR=""/></SENTENCE></SCENE>
    <SCENE>
        <DOCNO>annotations/01/1420.eng</DOCNO>
        <IMAGE>images/01/1420.jpg</IMAGE>
        <SENTENCE id="s1110" start="45886" end="46036"><TEXT>a two-storey terraced house with windows behind bars , a white painted entrance and flower pots on ground level , and a balcony on the upper level .</TEXT><SPATIALINDICATOR id="S2037" start="128" end="130" text="on"/><TRAJECTOR id="T2037" start="118" end="127" text="a balcony"/><LANDMARK id="L2037" start="131" end="146" text="the upper level"/><RELATION id="SR1925" trajector_id="T2037" landmark_id="L2037" spatial_indicator_id="S2037" general_type="" specific_type="" RCC8_value="" FoR=""/><SPATIALINDICATOR id="S2038" start="96" end="98" text="on"/><TRAJECTOR id="T2038" start="84" end="95" text="flower pots"/><TRAJECTOR id="T2039" start="55" end="79" text="a white painted entrance"/><LANDMARK id="L2040" start="99" end="111" text="ground level"/><RELATION id="SR1927" trajector_id="T2038" landmark_id="L2040" spatial_indicator_id="S2038" general_type="" specific_type="" RCC8_value="" FoR=""/><RELATION id="SR1928" trajector_id="T2039" landmark_id="L2040" spatial_indicator_id="S2038" general_type="" specific_type="" RCC8_value="" FoR=""/><SPATIALINDICATOR id="S2041" start="41" end="47" text="behind"/><TRAJECTOR id="T2041" start="33" end="40" text="windows"/><TRAJECTOR id="T2042" start="118" end="127" text="a balcony"/><TRAJECTOR id="T2043" start="0" end="27" text="a two-storey terraced house"/><LANDMARK id="L2044" start="48" end="52" text="bars"/><LANDMARK id="L2045" start="84" end="95" text="flower pots"/><LANDMARK id="L2046" start="55" end="79" text="a white painted entrance"/><RELATION id="SR1930" trajector_id="T2041" landmark_id="L2044" spatial_indicator_id="S2041" general_type="" specific_type="" RCC8_value="" FoR=""/><RELATION id="SR1931" trajector_id="T2041" landmark_id="L2045" spatial_indicator_id="S2041" general_type="" specific_type="" RCC8_value="" FoR=""/><RELATION id="SR1932" trajector_id="T2041" landmark_id="L2046" spatial_indicator_id="S2041" general_type="" specific_type="" RCC8_value="" FoR=""/><RELATION id="SR1933" trajector_id="T2042" landmark_id="L2044" spatial_indicator_id="S2041" general_type="" specific_type="" RCC8_value="" FoR=""/><RELATION id="SR1934" trajector_id="T2042" landmark_id="L2045" spatial_indicator_id="S2041" general_type="" specific_type="" RCC8_value="" FoR=""/><RELATION id="SR1935" trajector_id="T2042" landmark_id="L2046" spatial_indicator_id="S2041" general_type="" specific_type="" RCC8_value="" FoR=""/><RELATION id="SR1936" trajector_id="T2043" landmark_id="L2044" spatial_indicator_id="S2041" general_type="" specific_type="" RCC8_value="" FoR=""/><RELATION id="SR1937" trajector_id="T2043" landmark_id="L2045" spatial_indicator_id="S2041" general_type="" specific_type="" RCC8_value="" FoR=""/><RELATION id="SR1938" trajector_id="T2043" landmark_id="L2046" spatial_indicator_id="S2041" general_type="" specific_type="" RCC8_value="" FoR=""/></SENTENCE></SCENE>
    <SCENE>
        <DOCNO>annotations/01/1421.eng</DOCNO>
        <IMAGE>images/01/1421.jpg</IMAGE>
        <SENTENCE id="s1111" start="46036" end="46107"><TEXT>two single beds made of wood with white bedcovers and white pillows .</TEXT></SENTENCE><SENTENCE id="s1112" start="46107" end="46173"><TEXT>there is a white painted cupboard with hangers and a TV inside .</TEXT></SENTENCE></SCENE>
    <SCENE>
        <DOCNO>annotations/01/1422.eng</DOCNO>
        <IMAGE>images/01/1422.jpg</IMAGE>
        <SENTENCE id="s1113" start="46173" end="46297"><TEXT>a light green three-storey house with white window frames and trees , sunshades and plastic chairs in front of the house .</TEXT><SPATIALINDICATOR id="S2054" start="99" end="110" text="in front of"/><TRAJECTOR id="T2054" start="62" end="67" text="trees"/><TRAJECTOR id="T2055" start="84" end="98" text="plastic chairs"/><TRAJECTOR id="T2056" start="70" end="79" text="sunshades"/><LANDMARK id="L2057" start="111" end="120" text="the house"/><RELATION id="SR1943" trajector_id="T2054" landmark_id="L2057" spatial_indicator_id="S2054" general_type="" specific_type="" RCC8_value="" FoR=""/><RELATION id="SR1944" trajector_id="T2055" landmark_id="L2057" spatial_indicator_id="S2054" general_type="" specific_type="" RCC8_value="" FoR=""/><RELATION id="SR1945" trajector_id="T2056" landmark_id="L2057" spatial_indicator_id="S2054" general_type="" specific_type="" RCC8_value="" FoR=""/></SENTENCE></SCENE>
    <SCENE>
        <DOCNO>annotations/01/1423.eng</DOCNO>
        <IMAGE>images/01/1423.jpg</IMAGE>
        <SENTENCE id="s1114" start="46297" end="46423"><TEXT>a double bed made of wood with a light blue bedcover and light blue and white chequered pillows in a room with white walls .</TEXT></SENTENCE><SENTENCE id="s1115" start="46423" end="46473"><TEXT>there is a small carpet and a door on the left .</TEXT><SPATIALINDICATOR id="S2062" start="35" end="46" text="on the left"/><TRAJECTOR id="T2062" start="28" end="34" text="a door"/><TRAJECTOR id="T2063" start="9" end="23" text="a small carpet"/><LANDMARK id="L2064" start="-1" end="-1"/><RELATION id="SR1949" trajector_id="T2062" landmark_id="L2064" spatial_indicator_id="S2062" general_type="" specific_type="" RCC8_value="" FoR=""/><RELATION id="SR1950" trajector_id="T2063" landmark_id="L2064" spatial_indicator_id="S2062" general_type="" specific_type="" RCC8_value="" FoR=""/></SENTENCE></SCENE>
    <SCENE>
        <DOCNO>annotations/01/1424.eng</DOCNO>
        <IMAGE>images/01/1424.jpg</IMAGE>
        <SENTENCE id="s1116" start="46473" end="46560"><TEXT>a dark orange and grey wall with a potted plant on both sides of the white entrance .</TEXT><SPATIALINDICATOR id="S2068" start="48" end="50" text="on"/><TRAJECTOR id="T2068" start="18" end="27" text="grey wall"/><TRAJECTOR id="T2069" start="0" end="13" text="a dark orange"/><TRAJECTOR id="T2070" start="33" end="47" text="a potted plant"/><LANDMARK id="L2071" start="51" end="83" text="both sides of the white entrance"/><RELATION id="SR1953" trajector_id="T2068" landmark_id="L2071" spatial_indicator_id="S2068" general_type="" specific_type="" RCC8_value="" FoR=""/><RELATION id="SR1954" trajector_id="T2069" landmark_id="L2071" spatial_indicator_id="S2068" general_type="" specific_type="" RCC8_value="" FoR=""/><RELATION id="SR1955" trajector_id="T2070" landmark_id="L2071" spatial_indicator_id="S2068" general_type="" specific_type="" RCC8_value="" FoR=""/></SENTENCE><SENTENCE id="s1117" start="46560" end="46621"><TEXT>there is a large Pousada Girasol sign painted on the wall .</TEXT><LANDMARK id="L2073" start="49" end="57" text="the wall"/><SPATIALINDICATOR id="S2073" start="46" end="48" text="on"/><TRAJECTOR id="T2073" start="11" end="37" text="large Pousada Girasol sign"/><RELATION id="SR1958" trajector_id="T2073" landmark_id="L2073" spatial_indicator_id="S2073" general_type="" specific_type="" RCC8_value="" FoR=""/></SENTENCE></SCENE>
    <SCENE>
        <DOCNO>annotations/01/1425.eng</DOCNO>
        <IMAGE>images/01/1425.jpg</IMAGE>
        <SENTENCE id="s1118" start="46621" end="46743"><TEXT>two single beds made of wood with white bedcovers in a room with white walls and a window with brownish green curtains .</TEXT><LANDMARK id="L2076" start="53" end="59" text="a room"/><SPATIALINDICATOR id="S2076" start="50" end="52" text="in"/><TRAJECTOR id="T2076" start="34" end="49" text="white bedcovers"/><TRAJECTOR id="T2077" start="24" end="28" text="wood"/><RELATION id="SR1962" trajector_id="T2076" landmark_id="L2076" spatial_indicator_id="S2076" general_type="" specific_type="" RCC8_value="" FoR=""/><RELATION id="SR1963" trajector_id="T2077" landmark_id="L2076" spatial_indicator_id="S2076" general_type="" specific_type="" RCC8_value="" FoR=""/></SENTENCE></SCENE>
    <SCENE>
        <DOCNO>annotations/01/1426.eng</DOCNO>
        <IMAGE>images/01/1426.jpg</IMAGE>
        <SENTENCE id="s1119" start="46743" end="46874"><TEXT>front view of a light brown , two-storey building with white window frames , a terrace with sunshades and tables in front of it .</TEXT><SPATIALINDICATOR id="S2082" start="113" end="124" text="in front of"/><TRAJECTOR id="T2082" start="106" end="112" text="tables"/><LANDMARK id="L2082" start="125" end="127" text="it"/><RELATION id="SR1967" trajector_id="T2082" landmark_id="L2082" spatial_indicator_id="S2082" general_type="" specific_type="" RCC8_value="" FoR=""/></SENTENCE><SENTENCE id="s1120" start="46874" end="46944"><TEXT>there is a street in the foreground and a forest in the background .</TEXT><SPATIALINDICATOR id="S2084" start="49" end="51" text="in"/><TRAJECTOR id="T2084" start="40" end="48" text="a forest"/><LANDMARK id="L2084" start="52" end="66" text="the background"/><RELATION id="SR1970" trajector_id="T2084" landmark_id="L2084" spatial_indicator_id="S2084" general_type="" specific_type="" RCC8_value="" FoR=""/><SPATIALINDICATOR id="S2085" start="18" end="20" text="in"/><TRAJECTOR id="T2085" start="9" end="17" text="a street"/><TRAJECTOR id="T2086" start="40" end="48" text="a forest"/><LANDMARK id="L2087" start="21" end="35" text="the foreground"/><RELATION id="SR1972" trajector_id="T2085" landmark_id="L2087" spatial_indicator_id="S2085" general_type="" specific_type="" RCC8_value="" FoR=""/><RELATION id="SR1973" trajector_id="T2086" landmark_id="L2087" spatial_indicator_id="S2085" general_type="" specific_type="" RCC8_value="" FoR=""/></SENTENCE></SCENE>
    <SCENE>
        <DOCNO>annotations/01/1427.eng</DOCNO>
        <IMAGE>images/01/1427.jpg</IMAGE>
        <SENTENCE id="s1121" start="46944" end="47081"><TEXT>a room with white and orange walls , an orange double bed with white bedcovers and a window with dark brown window frames on the left .</TEXT><SPATIALINDICATOR id="S2090" start="122" end="133" text="on the left"/><TRAJECTOR id="T2090" start="83" end="91" text="a window"/><TRAJECTOR id="T2091" start="97" end="121" text="dark brown window frames"/><LANDMARK id="L2092" start="-1" end="-1"/><RELATION id="SR1976" trajector_id="T2090" landmark_id="L2092" spatial_indicator_id="S2090" general_type="" specific_type="" RCC8_value="" FoR=""/><RELATION id="SR1977" trajector_id="T2091" landmark_id="L2092" spatial_indicator_id="S2090" general_type="" specific_type="" RCC8_value="" FoR=""/></SENTENCE></SCENE>
    <SCENE>
        <DOCNO>annotations/01/1503.eng</DOCNO>
        <IMAGE>images/01/1503.jpg</IMAGE>
        <SENTENCE id="s1122" start="47081" end="47194"><TEXT>six children in the forground , more children and also grown-ups in a canteen kind of place in the background .</TEXT><SPATIALINDICATOR id="S2095" start="92" end="94" text="in"/><TRAJECTOR id="T2095" start="68" end="91" text="a canteen kind of place"/><LANDMARK id="L2095" start="95" end="109" text="the background"/><RELATION id="SR1980" trajector_id="T2095" landmark_id="L2095" spatial_indicator_id="S2095" general_type="" specific_type="" RCC8_value="" FoR=""/><SPATIALINDICATOR id="S2096" start="13" end="15" text="in"/><TRAJECTOR id="T2096" start="0" end="12" text="six children"/><LANDMARK id="L2096" start="16" end="29" text="the forground"/><RELATION id="SR1982" trajector_id="T2096" landmark_id="L2096" spatial_indicator_id="S2096" general_type="" specific_type="" RCC8_value="" FoR=""/><SPATIALINDICATOR id="S2097" start="65" end="67" text="in"/><TRAJECTOR id="T2097" start="55" end="64" text="grown-ups"/><LANDMARK id="L2097" start="68" end="91" text="a canteen kind of place"/><RELATION id="SR1984" trajector_id="T2097" landmark_id="L2097" spatial_indicator_id="S2097" general_type="" specific_type="" RCC8_value="" FoR=""/></SENTENCE></SCENE>
    <SCENE>
        <DOCNO>annotations/01/1515.eng</DOCNO>
        <IMAGE>images/01/1515.jpg</IMAGE>
        <SENTENCE id="s1123" start="47194" end="47223"><TEXT>an alligator in the water .</TEXT><SPATIALINDICATOR id="S2100" start="13" end="15" text="in"/><TRAJECTOR id="T2100" start="0" end="12" text="an alligator"/><LANDMARK id="L2100" start="16" end="25" text="the water"/><RELATION id="SR1987" trajector_id="T2100" landmark_id="L2100" spatial_indicator_id="S2100" general_type="" specific_type="" RCC8_value="" FoR=""/></SENTENCE></SCENE>
    <SCENE>
        <DOCNO>annotations/01/1516.eng</DOCNO>
        <IMAGE>images/01/1516.jpg</IMAGE>
        <SENTENCE id="s1124" start="47223" end="47250"><TEXT>a white ship at the sea .</TEXT><SPATIALINDICATOR id="S2104" start="13" end="15" text="at"/><TRAJECTOR id="T2104" start="0" end="12" text="a white ship"/><LANDMARK id="L2104" start="16" end="23" text="the sea"/><RELATION id="SR1990" trajector_id="T2104" landmark_id="L2104" spatial_indicator_id="S2104" general_type="" specific_type="" RCC8_value="" FoR=""/></SENTENCE><SENTENCE id="s1125" start="47250" end="47282"><TEXT>a blue sky in the background .</TEXT><SPATIALINDICATOR id="S2106" start="11" end="13" text="in"/><TRAJECTOR id="T2106" start="0" end="10" text="a blue sky"/><LANDMARK id="L2106" start="14" end="28" text="the background"/><RELATION id="SR1993" trajector_id="T2106" landmark_id="L2106" spatial_indicator_id="S2106" general_type="" specific_type="" RCC8_value="" FoR=""/></SENTENCE></SCENE>
    <SCENE>
        <DOCNO>annotations/01/1522.eng</DOCNO>
        <IMAGE>images/01/1522.jpg</IMAGE>
        <SENTENCE id="s1126" start="47282" end="47367"><TEXT>the end of a glacier , with broken off ice floes that are floating in front of it .</TEXT><LANDMARK id="L2110" start="79" end="81" text="it"/><SPATIALINDICATOR id="S2110" start="67" end="78" text="in front of"/><TRAJECTOR id="T2110" start="28" end="48" text="broken off ice floes"/><RELATION id="SR1996" trajector_id="T2110" landmark_id="L2110" spatial_indicator_id="S2110" general_type="" specific_type="" RCC8_value="" FoR=""/></SENTENCE><SENTENCE id="s1127" start="47367" end="47410"><TEXT>snowcovered mountains in the background .</TEXT><SPATIALINDICATOR id="S2112" start="22" end="24" text="in"/><TRAJECTOR id="T2112" start="0" end="21" text="snowcovered mountains"/><LANDMARK id="L2112" start="25" end="39" text="the background"/><RELATION id="SR2000" trajector_id="T2112" landmark_id="L2112" spatial_indicator_id="S2112" general_type="" specific_type="" RCC8_value="" FoR=""/></SENTENCE></SCENE>
    <SCENE>
        <DOCNO>annotations/01/1531.eng</DOCNO>
        <IMAGE>images/01/1531.jpg</IMAGE>
        <SENTENCE id="s1128" start="47410" end="47482"><TEXT>eight condors in the sky above a brown mountain landscape ( canyon ) .</TEXT><SPATIALINDICATOR id="S2115" start="25" end="30" text="above"/><TRAJECTOR id="T2115" start="17" end="24" text="the sky"/><LANDMARK id="L2115" start="31" end="57" text="a brown mountain landscape"/><RELATION id="SR2003" trajector_id="T2115" landmark_id="L2115" spatial_indicator_id="S2115" general_type="" specific_type="" RCC8_value="" FoR=""/><SPATIALINDICATOR id="S2116" start="14" end="16" text="in"/><TRAJECTOR id="T2116" start="0" end="13" text="eight condors"/><LANDMARK id="L2116" start="17" end="24" text="the sky"/><RELATION id="SR2005" trajector_id="T2116" landmark_id="L2116" spatial_indicator_id="S2116" general_type="" specific_type="" RCC8_value="" FoR=""/></SENTENCE></SCENE>
    <SCENE>
        <DOCNO>annotations/01/1532.eng</DOCNO>
        <IMAGE>images/01/1532.jpg</IMAGE>
        <SENTENCE id="s1129" start="47482" end="47537"><TEXT>a condor with spread wings is sailing over a canyon .</TEXT><LANDMARK id="L2120" start="43" end="51" text="a canyon"/><SPATIALINDICATOR id="S2120" start="38" end="42" text="over"/><TRAJECTOR id="T2120" start="0" end="8" text="a condor"/><RELATION id="SR2008" trajector_id="T2120" landmark_id="L2120" spatial_indicator_id="S2120" general_type="" specific_type="" RCC8_value="" FoR=""/></SENTENCE><SENTENCE id="s1130" start="47537" end="47588"><TEXT>high , bald , brown mountains in the background .</TEXT><SPATIALINDICATOR id="S2122" start="30" end="32" text="in"/><TRAJECTOR id="T2122" start="7" end="29" text="bald , brown mountains"/><LANDMARK id="L2122" start="33" end="47" text="the background"/><RELATION id="SR2012" trajector_id="T2122" landmark_id="L2122" spatial_indicator_id="S2122" general_type="" specific_type="" RCC8_value="" FoR=""/></SENTENCE></SCENE>
    <SCENE>
        <DOCNO>annotations/01/1533.eng</DOCNO>
        <IMAGE>images/01/1533.jpg</IMAGE>
        <SENTENCE id="s1131" start="47588" end="47629"><TEXT>a condor with spread wings in the sky .</TEXT><SPATIALINDICATOR id="S2125" start="27" end="29" text="in"/><TRAJECTOR id="T2125" start="0" end="8" text="a condor"/><TRAJECTOR id="T2126" start="14" end="26" text="spread wings"/><LANDMARK id="L2127" start="30" end="37" text="the sky"/><RELATION id="SR2015" trajector_id="T2125" landmark_id="L2127" spatial_indicator_id="S2125" general_type="" specific_type="" RCC8_value="" FoR=""/><RELATION id="SR2016" trajector_id="T2126" landmark_id="L2127" spatial_indicator_id="S2125" general_type="" specific_type="" RCC8_value="" FoR=""/></SENTENCE></SCENE>
    <SCENE>
        <DOCNO>annotations/01/1542.eng</DOCNO>
        <IMAGE>images/01/1542.jpg</IMAGE>
        <SENTENCE id="s1132" start="47629" end="47830"><TEXT>a large room with a wooden table and chairs on the left , four more chairs and a large painting in the background on the right , and a window with flower pots below it in the background on the left .</TEXT><SPATIALINDICATOR id="S2130" start="159" end="164" text="below"/><TRAJECTOR id="T2130" start="147" end="158" text="flower pots"/><TRAJECTOR id="T2131" start="133" end="141" text="a window"/><LANDMARK id="L2132" start="165" end="167" text="it"/><RELATION id="SR2019" trajector_id="T2130" landmark_id="L2132" spatial_indicator_id="S2130" general_type="" specific_type="" RCC8_value="" FoR=""/><RELATION id="SR2020" trajector_id="T2131" landmark_id="L2132" spatial_indicator_id="S2130" general_type="" specific_type="" RCC8_value="" FoR=""/><SPATIALINDICATOR id="S2133" start="96" end="98" text="in"/><TRAJECTOR id="T2133" start="79" end="95" text="a large painting"/><TRAJECTOR id="T2134" start="58" end="74" text="four more chairs"/><TRAJECTOR id="T2135" start="133" end="141" text="a window"/><LANDMARK id="L2136" start="99" end="113" text="the background"/><RELATION id="SR2022" trajector_id="T2133" landmark_id="L2136" spatial_indicator_id="S2133" general_type="" specific_type="" RCC8_value="" FoR=""/><RELATION id="SR2023" trajector_id="T2134" landmark_id="L2136" spatial_indicator_id="S2133" general_type="" specific_type="" RCC8_value="" FoR=""/><RELATION id="SR2024" trajector_id="T2135" landmark_id="L2136" spatial_indicator_id="S2133" general_type="" specific_type="" RCC8_value="" FoR=""/><SPATIALINDICATOR id="S2137" start="168" end="170" text="in"/><TRAJECTOR id="T2137" start="165" end="167" text="it"/><LANDMARK id="L2137" start="171" end="185" text="the background"/><RELATION id="SR2026" trajector_id="T2137" landmark_id="L2137" spatial_indicator_id="S2137" general_type="" specific_type="" RCC8_value="" FoR=""/><SPATIALINDICATOR id="S2138" start="186" end="197" text="on the left"/><TRAJECTOR id="T2138" start="171" end="185" text="the background"/><LANDMARK id="L2138" start="-1" end="-1"/><RELATION id="SR2028" trajector_id="T2138" landmark_id="L2138" spatial_indicator_id="S2138" general_type="" specific_type="" RCC8_value="" FoR=""/><SPATIALINDICATOR id="S2139" start="114" end="126" text="on the right"/><TRAJECTOR id="T2139" start="99" end="113" text="the background"/><LANDMARK id="L2139" start="-1" end="-1"/><RELATION id="SR2030" trajector_id="T2139" landmark_id="L2139" spatial_indicator_id="S2139" general_type="" specific_type="" RCC8_value="" FoR=""/><SPATIALINDICATOR id="S2140" start="44" end="55" text="on the left"/><TRAJECTOR id="T2140" start="37" end="43" text="chairs"/><LANDMARK id="L2140" start="-1" end="-1"/><RELATION id="SR2032" trajector_id="T2140" landmark_id="L2140" spatial_indicator_id="S2140" general_type="" specific_type="" RCC8_value="" FoR=""/></SENTENCE></SCENE>
    <SCENE>
        <DOCNO>annotations/01/1543.eng</DOCNO>
        <IMAGE>images/01/1543.jpg</IMAGE>
        <SENTENCE id="s1133" start="47830" end="48006"><TEXT>a room with two single beds made of wood with blue bedcovers , a night table with a lamp in between , and a window with white curtains both behind the beds and on the right .</TEXT><SPATIALINDICATOR id="S2143" start="140" end="146" text="behind"/><TRAJECTOR id="T2143" start="120" end="134" text="white curtains"/><TRAJECTOR id="T2144" start="106" end="114" text="a window"/><LANDMARK id="L2145" start="147" end="155" text="the beds"/><RELATION id="SR2035" trajector_id="T2143" landmark_id="L2145" spatial_indicator_id="S2143" general_type="" specific_type="" RCC8_value="" FoR=""/><RELATION id="SR2036" trajector_id="T2144" landmark_id="L2145" spatial_indicator_id="S2143" general_type="" specific_type="" RCC8_value="" FoR=""/><SPATIALINDICATOR id="S2148" start="160" end="172" text="on the right"/><TRAJECTOR id="T2148" start="147" end="155" text="the beds"/><LANDMARK id="L2150" start="-1" end="-1"/><RELATION id="SR2038" trajector_id="T2148" landmark_id="L2150" spatial_indicator_id="S2148" general_type="" specific_type="" RCC8_value="" FoR=""/></SENTENCE></SCENE>
    <SCENE>
        <DOCNO>annotations/01/1546.eng</DOCNO>
        <IMAGE>images/01/1546.jpg</IMAGE>
        <SENTENCE id="s1134" start="48006" end="48091"><TEXT>a white and yellow freighter with a few containers on board , docked in a harbour .</TEXT><SPATIALINDICATOR id="S2154" start="51" end="53" text="on"/><TRAJECTOR id="T2154" start="2" end="28" text="white and yellow freighter"/><TRAJECTOR id="T2155" start="34" end="50" text="a few containers"/><LANDMARK id="L2156" start="54" end="59" text="board"/><RELATION id="SR2041" trajector_id="T2154" landmark_id="L2156" spatial_indicator_id="S2154" general_type="" specific_type="" RCC8_value="" FoR=""/><RELATION id="SR2042" trajector_id="T2155" landmark_id="L2156" spatial_indicator_id="S2154" general_type="" specific_type="" RCC8_value="" FoR=""/><LANDMARK id="L2157" start="72" end="81" text="a harbour"/><SPATIALINDICATOR id="S2157" start="69" end="71" text="in"/><TRAJECTOR id="T2157" start="54" end="59" text="board"/><RELATION id="SR2044" trajector_id="T2157" landmark_id="L2157" spatial_indicator_id="S2157" general_type="" specific_type="" RCC8_value="" FoR=""/></SENTENCE><SENTENCE id="s1135" start="48091" end="48139"><TEXT>there are houses and hills in the background .</TEXT><SPATIALINDICATOR id="S2159" start="27" end="29" text="in"/><TRAJECTOR id="T2159" start="10" end="16" text="houses"/><TRAJECTOR id="T2160" start="21" end="26" text="hills"/><LANDMARK id="L2161" start="30" end="44" text="the background"/><RELATION id="SR2048" trajector_id="T2159" landmark_id="L2161" spatial_indicator_id="S2159" general_type="" specific_type="" RCC8_value="" FoR=""/><RELATION id="SR2049" trajector_id="T2160" landmark_id="L2161" spatial_indicator_id="S2159" general_type="" specific_type="" RCC8_value="" FoR=""/></SENTENCE></SCENE>
    <SCENE>
        <DOCNO>annotations/01/1547.eng</DOCNO>
        <IMAGE>images/01/1547.jpg</IMAGE>
        <SENTENCE id="s1136" start="48139" end="48215"><TEXT>a white and orange freighter on the water in front of a naked , brown hill</TEXT><SPATIALINDICATOR id="S2164" start="29" end="31" text="on"/><TRAJECTOR id="T2164" start="2" end="28" text="white and orange freighter"/><LANDMARK id="L2164" start="32" end="41" text="the water"/><RELATION id="SR2052" trajector_id="T2164" landmark_id="L2164" spatial_indicator_id="S2164" general_type="" specific_type="" RCC8_value="" FoR=""/><SPATIALINDICATOR id="S2165" start="42" end="53" text="in front of"/><TRAJECTOR id="T2165" start="32" end="41" text="the water"/><LANDMARK id="L2165" start="56" end="74" text="naked , brown hill"/><RELATION id="SR2054" trajector_id="T2165" landmark_id="L2165" spatial_indicator_id="S2165" general_type="" specific_type="" RCC8_value="" FoR=""/></SENTENCE></SCENE>
    <SCENE>
        <DOCNO>annotations/01/1550.eng</DOCNO>
        <IMAGE>images/01/1550.jpg</IMAGE>
        <SENTENCE id="s1137" start="48215" end="48257"><TEXT>a large , white catamaran in the water .</TEXT><SPATIALINDICATOR id="S2168" start="26" end="28" text="in"/><TRAJECTOR id="T2168" start="2" end="25" text="large , white catamaran"/><LANDMARK id="L2168" start="29" end="38" text="the water"/><RELATION id="SR2057" trajector_id="T2168" landmark_id="L2168" spatial_indicator_id="S2168" general_type="" specific_type="" RCC8_value="" FoR=""/></SENTENCE></SCENE>
    <SCENE>
        <DOCNO>annotations/01/1551.eng</DOCNO>
        <IMAGE>images/01/1551.jpg</IMAGE>
        <SENTENCE id="s1138" start="48257" end="48352"><TEXT>a ship cabin with a double bed with blue pillows and towels on it and two windows behind it .</TEXT><SPATIALINDICATOR id="S2172" start="60" end="62" text="on"/><TRAJECTOR id="T2172" start="53" end="59" text="towels"/><LANDMARK id="L2172" start="63" end="65" text="it"/><LANDMARK id="L2173" start="70" end="81" text="two windows"/><RELATION id="SR2060" trajector_id="T2172" landmark_id="L2172" spatial_indicator_id="S2172" general_type="" specific_type="" RCC8_value="" FoR=""/><RELATION id="SR2061" trajector_id="T2172" landmark_id="L2173" spatial_indicator_id="S2172" general_type="" specific_type="" RCC8_value="" FoR=""/><SPATIALINDICATOR id="S2175" start="82" end="88" text="behind"/><TRAJECTOR id="T2175" start="70" end="81" text="two windows"/><LANDMARK id="L2175" start="89" end="91" text="it"/><RELATION id="SR2063" trajector_id="T2175" landmark_id="L2175" spatial_indicator_id="S2175" general_type="" specific_type="" RCC8_value="" FoR=""/></SENTENCE><SENTENCE id="s1139" start="48352" end="48369"><TEXT>water outside .</TEXT></SENTENCE></SCENE>
    <SCENE>
        <DOCNO>annotations/01/1558.eng</DOCNO>
        <IMAGE>images/01/1558.jpg</IMAGE>
        <SENTENCE id="s1140" start="48369" end="48514"><TEXT>tourists are standing with their luggages in front of a brown , wooden house with many little towers , niches , windows and vegetation around .</TEXT><LANDMARK id="L2179" start="56" end="76" text="brown , wooden house"/><SPATIALINDICATOR id="S2179" start="42" end="53" text="in front of"/><TRAJECTOR id="T2179" start="27" end="41" text="their luggages"/><RELATION id="SR2067" trajector_id="T2179" landmark_id="L2179" spatial_indicator_id="S2179" general_type="" specific_type="" RCC8_value="" FoR=""/></SENTENCE></SCENE>
    <SCENE>
        <DOCNO>annotations/01/1578.eng</DOCNO>
        <IMAGE>images/01/1578.jpg</IMAGE>
        <SENTENCE id="s1141" start="48514" end="48605"><TEXT>the view of a few lakes surrounded by forests and with many mountains in the background .</TEXT><SPATIALINDICATOR id="S2182" start="70" end="72" text="in"/><TRAJECTOR id="T2182" start="55" end="69" text="many mountains"/><LANDMARK id="L2182" start="73" end="87" text="the background"/><RELATION id="SR2071" trajector_id="T2182" landmark_id="L2182" spatial_indicator_id="S2182" general_type="" specific_type="" RCC8_value="" FoR=""/><LANDMARK id="L2183" start="38" end="45" text="forests"/><SPATIALINDICATOR id="S2183" start="35" end="37" text="by"/><TRAJECTOR id="T2183" start="0" end="23" text="the view of a few lakes"/><TRAJECTOR id="T2184" start="55" end="69" text="many mountains"/><RELATION id="SR2073" trajector_id="T2183" landmark_id="L2183" spatial_indicator_id="S2183" general_type="" specific_type="" RCC8_value="" FoR=""/><RELATION id="SR2074" trajector_id="T2184" landmark_id="L2183" spatial_indicator_id="S2183" general_type="" specific_type="" RCC8_value="" FoR=""/></SENTENCE></SCENE>
    <SCENE>
        <DOCNO>annotations/01/1579.eng</DOCNO>
        <IMAGE>images/01/1579.jpg</IMAGE>
        <SENTENCE id="s1142" start="48605" end="48695"><TEXT>a glacier tongue , bare stone on the right and left of it , and a snowcovered mountain .</TEXT><SPATIALINDICATOR id="S2188" start="30" end="42" text="on the right"/><TRAJECTOR id="T2188" start="64" end="86" text="a snowcovered mountain"/><TRAJECTOR id="T2189" start="0" end="16" text="a glacier tongue"/><TRAJECTOR id="T2190" start="19" end="29" text="bare stone"/><LANDMARK id="L2191" start="-1" end="-1"/><RELATION id="SR2078" trajector_id="T2188" landmark_id="L2191" spatial_indicator_id="S2188" general_type="" specific_type="" RCC8_value="" FoR=""/><RELATION id="SR2079" trajector_id="T2189" landmark_id="L2191" spatial_indicator_id="S2188" general_type="" specific_type="" RCC8_value="" FoR=""/><RELATION id="SR2080" trajector_id="T2190" landmark_id="L2191" spatial_indicator_id="S2188" general_type="" specific_type="" RCC8_value="" FoR=""/></SENTENCE></SCENE>
    <SCENE>
        <DOCNO>annotations/01/1580.eng</DOCNO>
        <IMAGE>images/01/1580.jpg</IMAGE>
        <SENTENCE id="s1143" start="48695" end="48741"><TEXT>the sunset over water , from a ship window .</TEXT><SPATIALINDICATOR id="S2194" start="11" end="15" text="over"/><TRAJECTOR id="T2194" start="0" end="10" text="the sunset"/><LANDMARK id="L2194" start="16" end="21" text="water"/><RELATION id="SR2083" trajector_id="T2194" landmark_id="L2194" spatial_indicator_id="S2194" general_type="" specific_type="" RCC8_value="" FoR=""/></SENTENCE></SCENE>
    <SCENE>
        <DOCNO>annotations/01/1581.eng</DOCNO>
        <IMAGE>images/01/1581.jpg</IMAGE>
        <SENTENCE id="s1144" start="48741" end="48804"><TEXT>A rusty ship wreck with hundreds of birds around in a fjord .</TEXT><SPATIALINDICATOR id="S2198" start="49" end="51" text="in"/><TRAJECTOR id="T2198" start="0" end="18" text="A rusty ship wreck"/><TRAJECTOR id="T2199" start="24" end="41" text="hundreds of birds"/><LANDMARK id="L2200" start="52" end="59" text="a fjord"/><RELATION id="SR2086" trajector_id="T2198" landmark_id="L2200" spatial_indicator_id="S2198" general_type="" specific_type="" RCC8_value="" FoR=""/><RELATION id="SR2087" trajector_id="T2199" landmark_id="L2200" spatial_indicator_id="S2198" general_type="" specific_type="" RCC8_value="" FoR=""/></SENTENCE><SENTENCE id="s1145" start="48804" end="48880"><TEXT>there is a waterfall at the wooden slopes of the fjord in the background .</TEXT><SPATIALINDICATOR id="S2202" start="55" end="57" text="in"/><TRAJECTOR id="T2202" start="24" end="54" text="the wooden slopes of the fjord"/><LANDMARK id="L2202" start="58" end="72" text="the background"/><RELATION id="SR2090" trajector_id="T2202" landmark_id="L2202" spatial_indicator_id="S2202" general_type="" specific_type="" RCC8_value="" FoR=""/><SPATIALINDICATOR id="S2203" start="21" end="23" text="at"/><TRAJECTOR id="T2203" start="9" end="20" text="a waterfall"/><LANDMARK id="L2203" start="24" end="54" text="the wooden slopes of the fjord"/><RELATION id="SR2092" trajector_id="T2203" landmark_id="L2203" spatial_indicator_id="S2203" general_type="" specific_type="" RCC8_value="" FoR=""/></SENTENCE></SCENE>
    <SCENE>
        <DOCNO>annotations/01/1582.eng</DOCNO>
        <IMAGE>images/01/1582.jpg</IMAGE>
        <SENTENCE id="s1146" start="48880" end="48947"><TEXT>A mountain range with three outstanding rock summits at sunrise .</TEXT><SPATIALINDICATOR id="S2206" start="53" end="55" text="at"/><TRAJECTOR id="T2206" start="0" end="16" text="A mountain range"/><TRAJECTOR id="T2207" start="22" end="52" text="three outstanding rock summits"/><LANDMARK id="L2208" start="56" end="63" text="sunrise"/><RELATION id="SR2095" trajector_id="T2206" landmark_id="L2208" spatial_indicator_id="S2206" general_type="" specific_type="" RCC8_value="" FoR=""/><RELATION id="SR2096" trajector_id="T2207" landmark_id="L2208" spatial_indicator_id="S2206" general_type="" specific_type="" RCC8_value="" FoR=""/></SENTENCE></SCENE>
    <SCENE>
        <DOCNO>annotations/01/1583.eng</DOCNO>
        <IMAGE>images/01/1583.jpg</IMAGE>
        <SENTENCE id="s1147" start="48947" end="49051"><TEXT>a frozen lake with some small icebergs and a mountain range with many snow covered summits behind it .</TEXT><LANDMARK id="L2211" start="98" end="100" text="it"/><SPATIALINDICATOR id="S2211" start="91" end="97" text="behind"/><TRAJECTOR id="T2211" start="83" end="90" text="summits"/><RELATION id="SR2099" trajector_id="T2211" landmark_id="L2211" spatial_indicator_id="S2211" general_type="" specific_type="" RCC8_value="" FoR=""/></SENTENCE></SCENE>
    <SCENE>
        <DOCNO>annotations/01/1584.eng</DOCNO>
        <IMAGE>images/01/1584.jpg</IMAGE>
        <SENTENCE id="s1148" start="49051" end="49098"><TEXT>a lake with a couple of mountains behind it .</TEXT><SPATIALINDICATOR id="S2215" start="34" end="40" text="behind"/><TRAJECTOR id="T2215" start="12" end="33" text="a couple of mountains"/><TRAJECTOR id="T2216" start="0" end="6" text="a lake"/><LANDMARK id="L2217" start="41" end="43" text="it"/><RELATION id="SR2103" trajector_id="T2215" landmark_id="L2217" spatial_indicator_id="S2215" general_type="" specific_type="" RCC8_value="" FoR=""/><RELATION id="SR2104" trajector_id="T2216" landmark_id="L2217" spatial_indicator_id="S2215" general_type="" specific_type="" RCC8_value="" FoR=""/></SENTENCE><SENTENCE id="s1149" start="49098" end="49198"><TEXT>there is a snow covered summit on the left , and there are a few steep rugged rocks on the right .</TEXT><SPATIALINDICATOR id="S2219" start="31" end="42" text="on the left"/><TRAJECTOR id="T2219" start="24" end="30" text="summit"/><LANDMARK id="L2219" start="-1" end="-1"/><RELATION id="SR2107" trajector_id="T2219" landmark_id="L2219" spatial_indicator_id="S2219" general_type="" specific_type="" RCC8_value="" FoR=""/><SPATIALINDICATOR id="S2220" start="84" end="96" text="on the right"/><TRAJECTOR id="T2220" start="61" end="83" text="few steep rugged rocks"/><LANDMARK id="L2220" start="-1" end="-1"/><RELATION id="SR2109" trajector_id="T2220" landmark_id="L2220" spatial_indicator_id="S2220" general_type="" specific_type="" RCC8_value="" FoR=""/></SENTENCE></SCENE>
    <SCENE>
        <DOCNO>annotations/01/1585.eng</DOCNO>
        <IMAGE>images/01/1585.jpg</IMAGE>
        <SENTENCE id="s1150" start="49198" end="49267"><TEXT>a gravel road , which goes toward a lake with a slight left curve .</TEXT><LANDMARK id="L2224" start="34" end="40" text="a lake"/><SPATIALINDICATOR id="S2224" start="27" end="33" text="toward"/><TRAJECTOR id="T2224" start="0" end="13" text="a gravel road"/><RELATION id="SR2112" trajector_id="T2224" landmark_id="L2224" spatial_indicator_id="S2224" general_type="" specific_type="" RCC8_value="" FoR=""/></SENTENCE><SENTENCE id="s1151" start="49267" end="49344"><TEXT>there are high , cloud-imposed , snow covered mountains in the background .</TEXT><LANDMARK id="L2226" start="59" end="73" text="the background"/><SPATIALINDICATOR id="S2226" start="56" end="58" text="in"/><TRAJECTOR id="T2226" start="46" end="55" text="mountains"/><RELATION id="SR2116" trajector_id="T2226" landmark_id="L2226" spatial_indicator_id="S2226" general_type="" specific_type="" RCC8_value="" FoR=""/></SENTENCE></SCENE>
    <SCENE>
        <DOCNO>annotations/01/1586.eng</DOCNO>
        <IMAGE>images/01/1586.jpg</IMAGE>
        <SENTENCE id="s1152" start="49344" end="49418"><TEXT>Two poles with a good dozen signposts to different cities of the world .</TEXT></SENTENCE><SENTENCE id="s1153" start="49418" end="49477"><TEXT>there are house of a city and the sea in the background .</TEXT><SPATIALINDICATOR id="S2231" start="38" end="40" text="in"/><TRAJECTOR id="T2231" start="30" end="37" text="the sea"/><TRAJECTOR id="T2232" start="10" end="25" text="house of a city"/><LANDMARK id="L2233" start="41" end="55" text="the background"/><RELATION id="SR2121" trajector_id="T2231" landmark_id="L2233" spatial_indicator_id="S2231" general_type="" specific_type="" RCC8_value="" FoR=""/><RELATION id="SR2122" trajector_id="T2232" landmark_id="L2233" spatial_indicator_id="S2231" general_type="" specific_type="" RCC8_value="" FoR=""/></SENTENCE></SCENE>
    <SCENE>
        <DOCNO>annotations/01/1587.eng</DOCNO>
        <IMAGE>images/01/1587.jpg</IMAGE>
        <SENTENCE id="s1154" start="49477" end="49568"><TEXT>a small , white houses with two columns at the entrance and an angel statue on the roof .</TEXT><SPATIALINDICATOR id="S2237" start="76" end="78" text="on"/><TRAJECTOR id="T2237" start="60" end="75" text="an angel statue"/><LANDMARK id="L2237" start="79" end="87" text="the roof"/><RELATION id="SR2125" trajector_id="T2237" landmark_id="L2237" spatial_indicator_id="S2237" general_type="" specific_type="" RCC8_value="" FoR=""/><SPATIALINDICATOR id="S2238" start="40" end="42" text="at"/><TRAJECTOR id="T2238" start="2" end="22" text="small , white houses"/><TRAJECTOR id="T2239" start="60" end="75" text="an angel statue"/><TRAJECTOR id="T2240" start="28" end="39" text="two columns"/><LANDMARK id="L2241" start="43" end="55" text="the entrance"/><RELATION id="SR2127" trajector_id="T2238" landmark_id="L2241" spatial_indicator_id="S2238" general_type="" specific_type="" RCC8_value="" FoR=""/><RELATION id="SR2128" trajector_id="T2239" landmark_id="L2241" spatial_indicator_id="S2238" general_type="" specific_type="" RCC8_value="" FoR=""/><RELATION id="SR2129" trajector_id="T2240" landmark_id="L2241" spatial_indicator_id="S2238" general_type="" specific_type="" RCC8_value="" FoR=""/></SENTENCE><SENTENCE id="s1155" start="49568" end="49599"><TEXT>there is a man on the right .</TEXT><SPATIALINDICATOR id="S2243" start="15" end="27" text="on the right"/><TRAJECTOR id="T2243" start="9" end="14" text="a man"/><LANDMARK id="L2243" start="-1" end="-1"/><RELATION id="SR2132" trajector_id="T2243" landmark_id="L2243" spatial_indicator_id="S2243" general_type="" specific_type="" RCC8_value="" FoR=""/></SENTENCE></SCENE>
    <SCENE>
        <DOCNO>annotations/01/1588.eng</DOCNO>
        <IMAGE>images/01/1588.jpg</IMAGE>
        <SENTENCE id="s1156" start="49599" end="49641"><TEXT>two penguins are sitting in their nest .</TEXT><LANDMARK id="L2246" start="28" end="38" text="their nest"/><SPATIALINDICATOR id="S2246" start="25" end="27" text="in"/><TRAJECTOR id="T2246" start="0" end="12" text="two penguins"/><RELATION id="SR2135" trajector_id="T2246" landmark_id="L2246" spatial_indicator_id="S2246" general_type="" specific_type="" RCC8_value="" FoR=""/></SENTENCE></SCENE>
    <SCENE>
        <DOCNO>annotations/01/1589.eng</DOCNO>
        <IMAGE>images/01/1589.jpg</IMAGE>
        <SENTENCE id="s1157" start="49641" end="49676"><TEXT>a dead-straight , two lane road .</TEXT></SENTENCE><SENTENCE id="s1158" start="49676" end="49750"><TEXT>a flat grass landscape on both the right and the left side of the road .</TEXT><SPATIALINDICATOR id="S2251" start="23" end="25" text="on"/><TRAJECTOR id="T2251" start="0" end="22" text="a flat grass landscape"/><LANDMARK id="L2251" start="31" end="40" text="the right"/><LANDMARK id="L2252" start="45" end="70" text="the left side of the road"/><RELATION id="SR2140" trajector_id="T2251" landmark_id="L2251" spatial_indicator_id="S2251" general_type="" specific_type="" RCC8_value="" FoR=""/><RELATION id="SR2141" trajector_id="T2251" landmark_id="L2252" spatial_indicator_id="S2251" general_type="" specific_type="" RCC8_value="" FoR=""/></SENTENCE></SCENE>
    <SCENE>
        <DOCNO>annotations/01/1590.eng</DOCNO>
        <IMAGE>images/01/1590.jpg</IMAGE>
        <SENTENCE id="s1159" start="49750" end="49826"><TEXT>two all-terrain vehicles on a muddy road , with the forest on both sides .</TEXT><SPATIALINDICATOR id="S2256" start="59" end="61" text="on"/><TRAJECTOR id="T2256" start="48" end="58" text="the forest"/><LANDMARK id="L2256" start="62" end="72" text="both sides"/><RELATION id="SR2144" trajector_id="T2256" landmark_id="L2256" spatial_indicator_id="S2256" general_type="" specific_type="" RCC8_value="" FoR=""/><SPATIALINDICATOR id="S2257" start="25" end="27" text="on"/><TRAJECTOR id="T2257" start="0" end="24" text="two all-terrain vehicles"/><LANDMARK id="L2257" start="28" end="40" text="a muddy road"/><RELATION id="SR2146" trajector_id="T2257" landmark_id="L2257" spatial_indicator_id="S2257" general_type="" specific_type="" RCC8_value="" FoR=""/></SENTENCE></SCENE>
    <SCENE>
        <DOCNO>annotations/01/1591.eng</DOCNO>
        <IMAGE>images/01/1591.jpg</IMAGE>
        <SENTENCE id="s1160" start="49826" end="49870"><TEXT>sea lions and comorants on a rock island .</TEXT><SPATIALINDICATOR id="S2261" start="24" end="26" text="on"/><TRAJECTOR id="T2261" start="0" end="9" text="sea lions"/><TRAJECTOR id="T2262" start="14" end="23" text="comorants"/><LANDMARK id="L2263" start="27" end="40" text="a rock island"/><RELATION id="SR2149" trajector_id="T2261" landmark_id="L2263" spatial_indicator_id="S2261" general_type="" specific_type="" RCC8_value="" FoR=""/><RELATION id="SR2150" trajector_id="T2262" landmark_id="L2263" spatial_indicator_id="S2261" general_type="" specific_type="" RCC8_value="" FoR=""/></SENTENCE><SENTENCE id="s1161" start="49870" end="49915"><TEXT>there are big mountains in the background .</TEXT><SPATIALINDICATOR id="S2265" start="24" end="26" text="in"/><TRAJECTOR id="T2265" start="10" end="23" text="big mountains"/><LANDMARK id="L2265" start="27" end="41" text="the background"/><RELATION id="SR2153" trajector_id="T2265" landmark_id="L2265" spatial_indicator_id="S2265" general_type="" specific_type="" RCC8_value="" FoR=""/></SENTENCE></SCENE>
    <SCENE>
        <DOCNO>annotations/01/1596.eng</DOCNO>
        <IMAGE>images/01/1596.jpg</IMAGE>
        <SENTENCE id="s1162" start="49915" end="49932"><TEXT>Myrtle forest .</TEXT></SENTENCE></SCENE>
    <SCENE>
        <DOCNO>annotations/01/1608.eng</DOCNO>
        <IMAGE>images/01/1608.jpg</IMAGE>
        <SENTENCE id="s1163" start="49932" end="49983"><TEXT>children sitting around two white , round desks .</TEXT><LANDMARK id="L2270" start="28" end="47" text="white , round desks"/><SPATIALINDICATOR id="S2270" start="17" end="23" text="around"/><TRAJECTOR id="T2270" start="0" end="8" text="children"/><RELATION id="SR2157" trajector_id="T2270" landmark_id="L2270" spatial_indicator_id="S2270" general_type="" specific_type="" RCC8_value="" FoR=""/></SENTENCE></SCENE>
    <SCENE>
        <DOCNO>annotations/01/1653.eng</DOCNO>
        <IMAGE>images/01/1653.jpg</IMAGE>
        <SENTENCE id="s1164" start="49983" end="50025"><TEXT>a photo of eleven dark-haired children .</TEXT></SENTENCE></SCENE>
    <SCENE>
        <DOCNO>annotations/01/1657.eng</DOCNO>
        <IMAGE>images/01/1657.jpg</IMAGE>
        <SENTENCE id="s1165" start="50025" end="50134"><TEXT>a tourist is distributing tangerines to the children that are sitting around a round table in a classroom .</TEXT><SPATIALINDICATOR id="S2275" start="91" end="93" text="in"/><TRAJECTOR id="T2275" start="77" end="90" text="a round table"/><LANDMARK id="L2275" start="94" end="105" text="a classroom"/><RELATION id="SR2162" trajector_id="T2275" landmark_id="L2275" spatial_indicator_id="S2275" general_type="" specific_type="" RCC8_value="" FoR=""/><LANDMARK id="L2276" start="77" end="90" text="a round table"/><SPATIALINDICATOR id="S2276" start="70" end="76" text="around"/><TRAJECTOR id="T2276" start="0" end="9" text="a tourist"/><RELATION id="SR2164" trajector_id="T2276" landmark_id="L2276" spatial_indicator_id="S2276" general_type="" specific_type="" RCC8_value="" FoR=""/></SENTENCE></SCENE>
    <SCENE>
        <DOCNO>annotations/01/1690.eng</DOCNO>
        <IMAGE>images/01/1690.jpg</IMAGE>
        <SENTENCE id="s1166" start="50134" end="50195"><TEXT>the head of a turtle with an open mouth and a leaf inside .</TEXT></SENTENCE></SCENE>
    <SCENE>
        <DOCNO>annotations/01/1692.eng</DOCNO>
        <IMAGE>images/01/1692.jpg</IMAGE>
        <SENTENCE id="s1167" start="50195" end="50283"><TEXT>a white sailing ship with two masts and four hoisted sails and a few people on board .</TEXT><SPATIALINDICATOR id="S2281" start="76" end="78" text="on"/><TRAJECTOR id="T2281" start="63" end="75" text="a few people"/><TRAJECTOR id="T2282" start="40" end="58" text="four hoisted sails"/><LANDMARK id="L2283" start="79" end="84" text="board"/><RELATION id="SR2169" trajector_id="T2281" landmark_id="L2283" spatial_indicator_id="S2281" general_type="" specific_type="" RCC8_value="" FoR=""/><RELATION id="SR2170" trajector_id="T2282" landmark_id="L2283" spatial_indicator_id="S2281" general_type="" specific_type="" RCC8_value="" FoR=""/></SENTENCE></SCENE>
    <SCENE>
        <DOCNO>annotations/01/1703.eng</DOCNO>
        <IMAGE>images/01/1703.jpg</IMAGE>
        <SENTENCE id="s1168" start="50283" end="50357"><TEXT>a dozen mangos , coca tea and a bottle of Pisco Sour on a wooden table .</TEXT><SPATIALINDICATOR id="S2286" start="53" end="55" text="on"/><TRAJECTOR id="T2286" start="0" end="14" text="a dozen mangos"/><TRAJECTOR id="T2287" start="30" end="52" text="a bottle of Pisco Sour"/><TRAJECTOR id="T2288" start="30" end="52" text="a bottle of Pisco Sour"/><TRAJECTOR id="T2289" start="17" end="25" text="coca tea"/><LANDMARK id="L2290" start="56" end="70" text="a wooden table"/><RELATION id="SR2173" trajector_id="T2286" landmark_id="L2290" spatial_indicator_id="S2286" general_type="" specific_type="" RCC8_value="" FoR=""/><RELATION id="SR2174" trajector_id="T2287" landmark_id="L2290" spatial_indicator_id="S2286" general_type="" specific_type="" RCC8_value="" FoR=""/><RELATION id="SR2175" trajector_id="T2288" landmark_id="L2290" spatial_indicator_id="S2286" general_type="" specific_type="" RCC8_value="" FoR=""/><RELATION id="SR2176" trajector_id="T2289" landmark_id="L2290" spatial_indicator_id="S2286" general_type="" specific_type="" RCC8_value="" FoR=""/></SENTENCE></SCENE>
    <SCENE>
        <DOCNO>annotations/01/1708.eng</DOCNO>
        <IMAGE>images/01/1708.jpg</IMAGE>
        <SENTENCE id="s1169" start="50357" end="50425"><TEXT>a white catamaran with one mast and two yellow kayaks on the sea .</TEXT><SPATIALINDICATOR id="S2293" start="54" end="56" text="on"/><TRAJECTOR id="T2293" start="36" end="53" text="two yellow kayaks"/><LANDMARK id="L2293" start="57" end="64" text="the sea"/><RELATION id="SR2179" trajector_id="T2293" landmark_id="L2293" spatial_indicator_id="S2293" general_type="" specific_type="" RCC8_value="" FoR=""/></SENTENCE></SCENE>
    <SCENE>
        <DOCNO>annotations/01/1709.eng</DOCNO>
        <IMAGE>images/01/1709.jpg</IMAGE>
        <SENTENCE id="s1170" start="50425" end="50518"><TEXT>an all-terrain vehicle with a blue luggage bag on the roof during a trip on a gravel road .</TEXT><SPATIALINDICATOR id="S2297" start="73" end="75" text="on"/><TRAJECTOR id="T2297" start="66" end="72" text="a trip"/><LANDMARK id="L2297" start="76" end="89" text="a gravel road"/><RELATION id="SR2182" trajector_id="T2297" landmark_id="L2297" spatial_indicator_id="S2297" general_type="" specific_type="" RCC8_value="" FoR=""/><SPATIALINDICATOR id="S2298" start="47" end="49" text="on"/><TRAJECTOR id="T2298" start="28" end="46" text="a blue luggage bag"/><TRAJECTOR id="T2299" start="0" end="22" text="an all-terrain vehicle"/><LANDMARK id="L2300" start="50" end="58" text="the roof"/><RELATION id="SR2184" trajector_id="T2298" landmark_id="L2300" spatial_indicator_id="S2298" general_type="" specific_type="" RCC8_value="" FoR=""/><RELATION id="SR2185" trajector_id="T2299" landmark_id="L2300" spatial_indicator_id="S2298" general_type="" specific_type="" RCC8_value="" FoR=""/></SENTENCE><SENTENCE id="s1171" start="50518" end="50586"><TEXT>there are alpacas on a brown grass area , crossed by many creeks .</TEXT><SPATIALINDICATOR id="S2302" start="18" end="20" text="on"/><TRAJECTOR id="T2302" start="10" end="17" text="alpacas"/><LANDMARK id="L2302" start="21" end="39" text="a brown grass area"/><RELATION id="SR2188" trajector_id="T2302" landmark_id="L2302" spatial_indicator_id="S2302" general_type="" specific_type="" RCC8_value="" FoR=""/><LANDMARK id="L2303" start="53" end="64" text="many creeks"/><SPATIALINDICATOR id="S2303" start="50" end="52" text="by"/><TRAJECTOR id="T2303" start="21" end="39" text="a brown grass area"/><TRAJECTOR id="T2304" start="10" end="17" text="alpacas"/><RELATION id="SR2190" trajector_id="T2303" landmark_id="L2303" spatial_indicator_id="S2303" general_type="" specific_type="" RCC8_value="" FoR=""/><RELATION id="SR2191" trajector_id="T2304" landmark_id="L2303" spatial_indicator_id="S2303" general_type="" specific_type="" RCC8_value="" FoR=""/></SENTENCE></SCENE>
    <SCENE>
        <DOCNO>annotations/01/1714.eng</DOCNO>
        <IMAGE>images/01/1714.jpg</IMAGE>
        <SENTENCE id="s1172" start="50586" end="50680"><TEXT>a square with a statue in the centre and lots people , birds , trees and a fence around it .</TEXT><SPATIALINDICATOR id="S2309" start="23" end="25" text="in"/><TRAJECTOR id="T2309" start="41" end="52" text="lots people"/><TRAJECTOR id="T2310" start="0" end="8" text="a square"/><TRAJECTOR id="T2311" start="14" end="22" text="a statue"/><LANDMARK id="L2312" start="26" end="36" text="the centre"/><RELATION id="SR2195" trajector_id="T2309" landmark_id="L2312" spatial_indicator_id="S2309" general_type="" specific_type="" RCC8_value="" FoR=""/><RELATION id="SR2196" trajector_id="T2310" landmark_id="L2312" spatial_indicator_id="S2309" general_type="" specific_type="" RCC8_value="" FoR=""/><RELATION id="SR2197" trajector_id="T2311" landmark_id="L2312" spatial_indicator_id="S2309" general_type="" specific_type="" RCC8_value="" FoR=""/></SENTENCE><SENTENCE id="s1173" start="50680" end="50762"><TEXT>there is a large building with many windows and columns and a cupola behind it .</TEXT><SPATIALINDICATOR id="S2314" start="69" end="75" text="behind"/><TRAJECTOR id="T2314" start="60" end="68" text="a cupola"/><TRAJECTOR id="T2315" start="48" end="55" text="columns"/><LANDMARK id="L2316" start="76" end="78" text="it"/><RELATION id="SR2200" trajector_id="T2314" landmark_id="L2316" spatial_indicator_id="S2314" general_type="" specific_type="" RCC8_value="" FoR=""/><RELATION id="SR2201" trajector_id="T2315" landmark_id="L2316" spatial_indicator_id="S2314" general_type="" specific_type="" RCC8_value="" FoR=""/></SENTENCE></SCENE>
    <SCENE>
        <DOCNO>annotations/01/1715.eng</DOCNO>
        <IMAGE>images/01/1715.jpg</IMAGE>
        <SENTENCE id="s1174" start="50762" end="50815"><TEXT>a salt lake with the reflection of sky and clouds .</TEXT></SENTENCE></SCENE>
    <SCENE>
        <DOCNO>annotations/01/1716.eng</DOCNO>
        <IMAGE>images/01/1716.jpg</IMAGE>
        <SENTENCE id="s1175" start="50815" end="50858"><TEXT>four persons with a jeep on a salt lake .</TEXT><SPATIALINDICATOR id="S2322" start="25" end="27" text="on"/><TRAJECTOR id="T2322" start="0" end="12" text="four persons"/><TRAJECTOR id="T2323" start="18" end="24" text="a jeep"/><LANDMARK id="L2324" start="28" end="39" text="a salt lake"/><RELATION id="SR2205" trajector_id="T2322" landmark_id="L2324" spatial_indicator_id="S2322" general_type="" specific_type="" RCC8_value="" FoR=""/><RELATION id="SR2206" trajector_id="T2323" landmark_id="L2324" spatial_indicator_id="S2322" general_type="" specific_type="" RCC8_value="" FoR=""/></SENTENCE><SENTENCE id="s1176" start="50858" end="50981"><TEXT>there is a little pile of salt in the foreground on the right , and a few flat mountains in the background on the right .</TEXT><SPATIALINDICATOR id="S2326" start="89" end="91" text="in"/><TRAJECTOR id="T2326" start="68" end="88" text="a few flat mountains"/><LANDMARK id="L2326" start="92" end="106" text="the background"/><RELATION id="SR2209" trajector_id="T2326" landmark_id="L2326" spatial_indicator_id="S2326" general_type="" specific_type="" RCC8_value="" FoR=""/><SPATIALINDICATOR id="S2327" start="31" end="33" text="in"/><TRAJECTOR id="T2327" start="9" end="30" text="a little pile of salt"/><LANDMARK id="L2327" start="34" end="48" text="the foreground"/><RELATION id="SR2211" trajector_id="T2327" landmark_id="L2327" spatial_indicator_id="S2327" general_type="" specific_type="" RCC8_value="" FoR=""/><SPATIALINDICATOR id="S2328" start="49" end="61" text="on the right"/><TRAJECTOR id="T2328" start="34" end="48" text="the foreground"/><LANDMARK id="L2328" start="-1" end="-1"/><RELATION id="SR2213" trajector_id="T2328" landmark_id="L2328" spatial_indicator_id="S2328" general_type="" specific_type="" RCC8_value="" FoR=""/><SPATIALINDICATOR id="S2329" start="107" end="119" text="on the right"/><TRAJECTOR id="T2329" start="92" end="106" text="the background"/><LANDMARK id="L2329" start="-1" end="-1"/><RELATION id="SR2215" trajector_id="T2329" landmark_id="L2329" spatial_indicator_id="S2329" general_type="" specific_type="" RCC8_value="" FoR=""/></SENTENCE></SCENE>
    <SCENE>
        <DOCNO>annotations/01/1717.eng</DOCNO>
        <IMAGE>images/01/1717.jpg</IMAGE>
        <SENTENCE id="s1177" start="50981" end="51058"><TEXT>a rock with a very narrow bottom part in the middle of a red sandy desert .</TEXT><SPATIALINDICATOR id="S2332" start="38" end="54" text="in the middle of"/><TRAJECTOR id="T2332" start="19" end="37" text="narrow bottom part"/><LANDMARK id="L2332" start="55" end="73" text="a red sandy desert"/><RELATION id="SR2218" trajector_id="T2332" landmark_id="L2332" spatial_indicator_id="S2332" general_type="" specific_type="" RCC8_value="" FoR=""/></SENTENCE></SCENE>
    <SCENE>
        <DOCNO>annotations/01/1719.eng</DOCNO>
        <IMAGE>images/01/1719.jpg</IMAGE>
        <SENTENCE id="s1178" start="51058" end="51154"><TEXT>a statue of a rider on a base of bricks , surrounded by a blooming bush and a few palm trees .</TEXT><SPATIALINDICATOR id="S2336" start="20" end="22" text="on"/><TRAJECTOR id="T2336" start="0" end="19" text="a statue of a rider"/><LANDMARK id="L2336" start="23" end="39" text="a base of bricks"/><RELATION id="SR2221" trajector_id="T2336" landmark_id="L2336" spatial_indicator_id="S2336" general_type="" specific_type="" RCC8_value="" FoR=""/><LANDMARK id="L2337" start="56" end="71" text="a blooming bush"/><SPATIALINDICATOR id="S2337" start="53" end="55" text="by"/><TRAJECTOR id="T2337" start="23" end="39" text="a base of bricks"/><RELATION id="SR2223" trajector_id="T2337" landmark_id="L2337" spatial_indicator_id="S2337" general_type="" specific_type="" RCC8_value="" FoR=""/></SENTENCE><SENTENCE id="s1179" start="51154" end="51206"><TEXT>there is a huge glass building in the background .</TEXT><SPATIALINDICATOR id="S2339" start="31" end="33" text="in"/><TRAJECTOR id="T2339" start="9" end="30" text="a huge glass building"/><LANDMARK id="L2339" start="34" end="48" text="the background"/><RELATION id="SR2227" trajector_id="T2339" landmark_id="L2339" spatial_indicator_id="S2339" general_type="" specific_type="" RCC8_value="" FoR=""/></SENTENCE></SCENE>
    <SCENE>
        <DOCNO>annotations/01/1720.eng</DOCNO>
        <IMAGE>images/01/1720.jpg</IMAGE>
        <SENTENCE id="s1180" start="51206" end="51276"><TEXT>the bizare landscape of the Isla del Pescado with all the cactuses .</TEXT></SENTENCE></SCENE>
    <SCENE>
        <DOCNO>annotations/01/1721.eng</DOCNO>
        <IMAGE>images/01/1721.jpg</IMAGE>
        <SENTENCE id="s1181" start="51276" end="51357"><TEXT>a man and a woman are bathing in the hot , steaming springs on a flat plateau .</TEXT><SPATIALINDICATOR id="S2344" start="60" end="62" text="on"/><TRAJECTOR id="T2344" start="52" end="59" text="springs"/><LANDMARK id="L2344" start="63" end="77" text="a flat plateau"/><RELATION id="SR2231" trajector_id="T2344" landmark_id="L2344" spatial_indicator_id="S2344" general_type="" specific_type="" RCC8_value="" FoR=""/></SENTENCE></SCENE>
    <SCENE>
        <DOCNO>annotations/01/1722.eng</DOCNO>
        <IMAGE>images/01/1722.jpg</IMAGE>
        <SENTENCE id="s1182" start="51357" end="51401"><TEXT>a desert landscape with steaming geysers .</TEXT></SENTENCE><SENTENCE id="s1183" start="51401" end="51448"><TEXT>there are three people close to the geysers .</TEXT></SENTENCE></SCENE>
    <SCENE>
        <DOCNO>annotations/01/1724.eng</DOCNO>
        <IMAGE>images/01/1724.jpg</IMAGE>
        <SENTENCE id="s1184" start="51448" end="51558"><TEXT>the view of a large city in a basin with mountains in the background , one of them with snow at the summit .</TEXT><SPATIALINDICATOR id="S2351" start="25" end="27" text="in"/><TRAJECTOR id="T2351" start="0" end="24" text="the view of a large city"/><LANDMARK id="L2351" start="28" end="35" text="a basin"/><RELATION id="SR2236" trajector_id="T2351" landmark_id="L2351" spatial_indicator_id="S2351" general_type="" specific_type="" RCC8_value="" FoR=""/><SPATIALINDICATOR id="S2352" start="93" end="95" text="at"/><TRAJECTOR id="T2352" start="88" end="92" text="snow"/><LANDMARK id="L2352" start="96" end="106" text="the summit"/><RELATION id="SR2238" trajector_id="T2352" landmark_id="L2352" spatial_indicator_id="S2352" general_type="" specific_type="" RCC8_value="" FoR=""/><SPATIALINDICATOR id="S2353" start="51" end="53" text="in"/><TRAJECTOR id="T2353" start="41" end="50" text="mountains"/><LANDMARK id="L2353" start="54" end="68" text="the background"/><RELATION id="SR2240" trajector_id="T2353" landmark_id="L2353" spatial_indicator_id="S2353" general_type="" specific_type="" RCC8_value="" FoR=""/></SENTENCE></SCENE>
    <SCENE>
        <DOCNO>annotations/01/1725.eng</DOCNO>
        <IMAGE>images/01/1725.jpg</IMAGE>
        <SENTENCE id="s1185" start="51558" end="51649"><TEXT>tourists are kneeing at a lookout and are taking pictures of a city in a basin at night .</TEXT><SPATIALINDICATOR id="S2357" start="79" end="81" text="at"/><TRAJECTOR id="T2357" start="71" end="78" text="a basin"/><LANDMARK id="L2357" start="82" end="87" text="night"/><RELATION id="SR2243" trajector_id="T2357" landmark_id="L2357" spatial_indicator_id="S2357" general_type="" specific_type="" RCC8_value="" FoR=""/><LANDMARK id="L2358" start="24" end="33" text="a lookout"/><SPATIALINDICATOR id="S2358" start="21" end="23" text="at"/><TRAJECTOR id="T2358" start="0" end="8" text="tourists"/><RELATION id="SR2246" trajector_id="T2358" landmark_id="L2358" spatial_indicator_id="S2358" general_type="" specific_type="" RCC8_value="" FoR=""/><LANDMARK id="L2359" start="71" end="78" text="a basin"/><SPATIALINDICATOR id="S2359" start="68" end="70" text="in"/><TRAJECTOR id="T2359" start="49" end="67" text="pictures of a city"/><RELATION id="SR2249" trajector_id="T2359" landmark_id="L2359" spatial_indicator_id="S2359" general_type="" specific_type="" RCC8_value="" FoR=""/></SENTENCE><SENTENCE id="s1186" start="51649" end="51682"><TEXT>there is one summit with snow .</TEXT></SENTENCE></SCENE>
    <SCENE>
        <DOCNO>annotations/01/1726.eng</DOCNO>
        <IMAGE>images/01/1726.jpg</IMAGE>
        <SENTENCE id="s1187" start="51682" end="51703"><TEXT>a city in a basin .</TEXT><SPATIALINDICATOR id="S2364" start="7" end="9" text="in"/><TRAJECTOR id="T2364" start="0" end="6" text="a city"/><LANDMARK id="L2364" start="10" end="17" text="a basin"/><RELATION id="SR2254" trajector_id="T2364" landmark_id="L2364" spatial_indicator_id="S2364" general_type="" specific_type="" RCC8_value="" FoR=""/></SENTENCE><SENTENCE id="s1188" start="51703" end="51867"><TEXT>there are housed made of red bricks and corrugated sheet roofs in the foreground , high-rise buildings in the centre and snowcovered mountains in the background .</TEXT><SPATIALINDICATOR id="S2366" start="143" end="145" text="in"/><TRAJECTOR id="T2366" start="110" end="142" text="centre and snowcovered mountains"/><LANDMARK id="L2366" start="146" end="160" text="the background"/><RELATION id="SR2257" trajector_id="T2366" landmark_id="L2366" spatial_indicator_id="S2366" general_type="" specific_type="" RCC8_value="" FoR=""/><SPATIALINDICATOR id="S2367" start="63" end="65" text="in"/><TRAJECTOR id="T2367" start="40" end="62" text="corrugated sheet roofs"/><TRAJECTOR id="T2368" start="25" end="35" text="red bricks"/><LANDMARK id="L2369" start="66" end="80" text="the foreground"/><RELATION id="SR2259" trajector_id="T2367" landmark_id="L2369" spatial_indicator_id="S2367" general_type="" specific_type="" RCC8_value="" FoR=""/><RELATION id="SR2260" trajector_id="T2368" landmark_id="L2369" spatial_indicator_id="S2367" general_type="" specific_type="" RCC8_value="" FoR=""/><SPATIALINDICATOR id="S2370" start="103" end="105" text="in"/><TRAJECTOR id="T2370" start="83" end="102" text="high-rise buildings"/><LANDMARK id="L2370" start="110" end="142" text="centre and snowcovered mountains"/><RELATION id="SR2262" trajector_id="T2370" landmark_id="L2370" spatial_indicator_id="S2370" general_type="" specific_type="" RCC8_value="" FoR=""/></SENTENCE></SCENE>
    <SCENE>
        <DOCNO>annotations/01/1729.eng</DOCNO>
        <IMAGE>images/01/1729.jpg</IMAGE>
        <SENTENCE id="s1189" start="51867" end="51892"><TEXT>five people on a boat .</TEXT><SPATIALINDICATOR id="S2374" start="12" end="14" text="on"/><TRAJECTOR id="T2374" start="0" end="11" text="five people"/><LANDMARK id="L2374" start="15" end="21" text="a boat"/><RELATION id="SR2265" trajector_id="T2374" landmark_id="L2374" spatial_indicator_id="S2374" general_type="" specific_type="" RCC8_value="" FoR=""/></SENTENCE><SENTENCE id="s1190" start="51892" end="51933"><TEXT>a hill in the background on the right .</TEXT><SPATIALINDICATOR id="S2376" start="7" end="9" text="in"/><TRAJECTOR id="T2376" start="0" end="6" text="a hill"/><LANDMARK id="L2376" start="10" end="24" text="the background"/><RELATION id="SR2268" trajector_id="T2376" landmark_id="L2376" spatial_indicator_id="S2376" general_type="" specific_type="" RCC8_value="" FoR=""/><SPATIALINDICATOR id="S2377" start="25" end="37" text="on the right"/><TRAJECTOR id="T2377" start="10" end="24" text="the background"/><LANDMARK id="L2377" start="-1" end="-1"/><RELATION id="SR2270" trajector_id="T2377" landmark_id="L2377" spatial_indicator_id="S2377" general_type="" specific_type="" RCC8_value="" FoR=""/></SENTENCE></SCENE>
    <SCENE>
        <DOCNO>annotations/01/1730.eng</DOCNO>
        <IMAGE>images/01/1730.jpg</IMAGE>
        <SENTENCE id="s1191" start="51933" end="52000"><TEXT>eight grown-ups are posing in front of a green and white church .</TEXT></SENTENCE></SCENE>
    <SCENE>
        <DOCNO>annotations/01/1731.eng</DOCNO>
        <IMAGE>images/01/1731.jpg</IMAGE>
        <SENTENCE id="s1192" start="52000" end="52088"><TEXT>Cactuses on a rocky slope in the foreground and a flat salt desert in the background .</TEXT><SPATIALINDICATOR id="S2382" start="26" end="28" text="in"/><TRAJECTOR id="T2382" start="12" end="25" text="a rocky slope"/><TRAJECTOR id="T2383" start="48" end="66" text="a flat salt desert"/><LANDMARK id="L2384" start="29" end="43" text="the foreground"/><RELATION id="SR2274" trajector_id="T2382" landmark_id="L2384" spatial_indicator_id="S2382" general_type="" specific_type="" RCC8_value="" FoR=""/><RELATION id="SR2275" trajector_id="T2383" landmark_id="L2384" spatial_indicator_id="S2382" general_type="" specific_type="" RCC8_value="" FoR=""/><SPATIALINDICATOR id="S2385" start="67" end="69" text="in"/><TRAJECTOR id="T2385" start="48" end="66" text="a flat salt desert"/><LANDMARK id="L2385" start="70" end="84" text="the background"/><RELATION id="SR2277" trajector_id="T2385" landmark_id="L2385" spatial_indicator_id="S2385" general_type="" specific_type="" RCC8_value="" FoR=""/><SPATIALINDICATOR id="S2386" start="9" end="11" text="on"/><TRAJECTOR id="T2386" start="0" end="8" text="Cactuses"/><LANDMARK id="L2386" start="12" end="25" text="a rocky slope"/><LANDMARK id="L2387" start="48" end="66" text="a flat salt desert"/><RELATION id="SR2279" trajector_id="T2386" landmark_id="L2386" spatial_indicator_id="S2386" general_type="" specific_type="" RCC8_value="" FoR=""/><RELATION id="SR2280" trajector_id="T2386" landmark_id="L2387" spatial_indicator_id="S2386" general_type="" specific_type="" RCC8_value="" FoR=""/></SENTENCE></SCENE>
    <SCENE>
        <DOCNO>annotations/01/1732.eng</DOCNO>
        <IMAGE>images/01/1732.jpg</IMAGE>
        <SENTENCE id="s1193" start="52088" end="52150"><TEXT>Five persons are posing in front of an all-terrain vehicle .</TEXT></SENTENCE><SENTENCE id="s1194" start="52150" end="52211"><TEXT>there is a lagoon behind it and a mountain at the horizon .</TEXT><SPATIALINDICATOR id="S2393" start="43" end="45" text="at"/><TRAJECTOR id="T2393" start="32" end="42" text="a mountain"/><LANDMARK id="L2393" start="46" end="57" text="the horizon"/><RELATION id="SR2284" trajector_id="T2393" landmark_id="L2393" spatial_indicator_id="S2393" general_type="" specific_type="" RCC8_value="" FoR=""/><SPATIALINDICATOR id="S2394" start="18" end="24" text="behind"/><TRAJECTOR id="T2394" start="9" end="17" text="a lagoon"/><TRAJECTOR id="T2395" start="32" end="42" text="a mountain"/><LANDMARK id="L2396" start="25" end="27" text="it"/><RELATION id="SR2286" trajector_id="T2394" landmark_id="L2396" spatial_indicator_id="S2394" general_type="" specific_type="" RCC8_value="" FoR=""/><RELATION id="SR2287" trajector_id="T2395" landmark_id="L2396" spatial_indicator_id="S2394" general_type="" specific_type="" RCC8_value="" FoR=""/></SENTENCE></SCENE>
    <SCENE>
        <DOCNO>annotations/01/1734.eng</DOCNO>
        <IMAGE>images/01/1734.jpg</IMAGE>
        <SENTENCE id="s1195" start="52211" end="52286"><TEXT>two underexposed cactuses , behind them a salt lake and the setting sun .</TEXT><SPATIALINDICATOR id="S2399" start="28" end="34" text="behind"/><TRAJECTOR id="T2399" start="0" end="25" text="two underexposed cactuses"/><LANDMARK id="L2399" start="35" end="39" text="them"/><RELATION id="SR2290" trajector_id="T2399" landmark_id="L2399" spatial_indicator_id="S2399" general_type="" specific_type="" RCC8_value="" FoR=""/></SENTENCE></SCENE>
    <SCENE>
        <DOCNO>annotations/01/1735.eng</DOCNO>
        <IMAGE>images/01/1735.jpg</IMAGE>
        <SENTENCE id="s1196" start="52286" end="52374"><TEXT>Cactuses on a rocky slope in the foreground and a flat salt desert in the background .</TEXT><SPATIALINDICATOR id="S2402" start="26" end="28" text="in"/><TRAJECTOR id="T2402" start="48" end="66" text="a flat salt desert"/><TRAJECTOR id="T2403" start="12" end="25" text="a rocky slope"/><LANDMARK id="L2404" start="29" end="43" text="the foreground"/><RELATION id="SR2293" trajector_id="T2402" landmark_id="L2404" spatial_indicator_id="S2402" general_type="" specific_type="" RCC8_value="" FoR=""/><RELATION id="SR2294" trajector_id="T2403" landmark_id="L2404" spatial_indicator_id="S2402" general_type="" specific_type="" RCC8_value="" FoR=""/><SPATIALINDICATOR id="S2405" start="67" end="69" text="in"/><TRAJECTOR id="T2405" start="48" end="66" text="a flat salt desert"/><LANDMARK id="L2405" start="70" end="84" text="the background"/><RELATION id="SR2296" trajector_id="T2405" landmark_id="L2405" spatial_indicator_id="S2405" general_type="" specific_type="" RCC8_value="" FoR=""/><SPATIALINDICATOR id="S2406" start="9" end="11" text="on"/><TRAJECTOR id="T2406" start="0" end="8" text="Cactuses"/><LANDMARK id="L2406" start="48" end="66" text="a flat salt desert"/><LANDMARK id="L2407" start="12" end="25" text="a rocky slope"/><RELATION id="SR2298" trajector_id="T2406" landmark_id="L2406" spatial_indicator_id="S2406" general_type="" specific_type="" RCC8_value="" FoR=""/><RELATION id="SR2299" trajector_id="T2406" landmark_id="L2407" spatial_indicator_id="S2406" general_type="" specific_type="" RCC8_value="" FoR=""/></SENTENCE></SCENE>
    <SCENE>
        <DOCNO>annotations/01/1737.eng</DOCNO>
        <IMAGE>images/01/1737.jpg</IMAGE>
        <SENTENCE id="s1197" start="52374" end="52501"><TEXT>a group picture of seven grown-ups next to two large cactuses on a rock island , with a white salt desert in the background .</TEXT><SPATIALINDICATOR id="S2411" start="106" end="108" text="in"/><TRAJECTOR id="T2411" start="86" end="105" text="a white salt desert"/><LANDMARK id="L2411" start="109" end="123" text="the background"/><RELATION id="SR2302" trajector_id="T2411" landmark_id="L2411" spatial_indicator_id="S2411" general_type="" specific_type="" RCC8_value="" FoR=""/><SPATIALINDICATOR id="S2412" start="35" end="42" text="next to"/><TRAJECTOR id="T2412" start="0" end="34" text="a group picture of seven grown-ups"/><LANDMARK id="L2412" start="43" end="61" text="two large cactuses"/><RELATION id="SR2304" trajector_id="T2412" landmark_id="L2412" spatial_indicator_id="S2412" general_type="" specific_type="" RCC8_value="" FoR=""/><SPATIALINDICATOR id="S2413" start="62" end="64" text="on"/><TRAJECTOR id="T2413" start="43" end="61" text="two large cactuses"/><LANDMARK id="L2413" start="65" end="78" text="a rock island"/><RELATION id="SR2306" trajector_id="T2413" landmark_id="L2413" spatial_indicator_id="S2413" general_type="" specific_type="" RCC8_value="" FoR=""/></SENTENCE></SCENE>
    <SCENE>
        <DOCNO>annotations/01/1739.eng</DOCNO>
        <IMAGE>images/01/1739.jpg</IMAGE>
        <SENTENCE id="s1198" start="52501" end="52546"><TEXT>four tourists are standing in hot springs .</TEXT><LANDMARK id="L2417" start="30" end="41" text="hot springs"/><SPATIALINDICATOR id="S2417" start="27" end="29" text="in"/><TRAJECTOR id="T2417" start="0" end="13" text="four tourists"/><RELATION id="SR2309" trajector_id="T2417" landmark_id="L2417" spatial_indicator_id="S2417" general_type="" specific_type="" RCC8_value="" FoR=""/></SENTENCE><SENTENCE id="s1199" start="52546" end="52622"><TEXT>there is a flat desert landscape with more hot springs in the background .</TEXT><SPATIALINDICATOR id="S2419" start="55" end="57" text="in"/><TRAJECTOR id="T2419" start="43" end="54" text="hot springs"/><LANDMARK id="L2419" start="58" end="72" text="the background"/><RELATION id="SR2313" trajector_id="T2419" landmark_id="L2419" spatial_indicator_id="S2419" general_type="" specific_type="" RCC8_value="" FoR=""/></SENTENCE></SCENE>
    <SCENE>
        <DOCNO>annotations/01/1740.eng</DOCNO>
        <IMAGE>images/01/1740.jpg</IMAGE>
        <SENTENCE id="s1200" start="52622" end="52655"><TEXT>Cactuses on a very rocky hill .</TEXT><SPATIALINDICATOR id="S2422" start="9" end="11" text="on"/><TRAJECTOR id="T2422" start="0" end="8" text="Cactuses"/><LANDMARK id="L2422" start="12" end="29" text="a very rocky hill"/><RELATION id="SR2316" trajector_id="T2422" landmark_id="L2422" spatial_indicator_id="S2422" general_type="" specific_type="" RCC8_value="" FoR=""/></SENTENCE></SCENE>
    <SCENE>
        <DOCNO>annotations/01/1741.eng</DOCNO>
        <IMAGE>images/01/1741.jpg</IMAGE>
        <SENTENCE id="s1201" start="52655" end="52715"><TEXT>a jeep is driving on a gravel road in a dry stone desert .</TEXT><SPATIALINDICATOR id="S2426" start="35" end="37" text="in"/><TRAJECTOR id="T2426" start="21" end="34" text="a gravel road"/><LANDMARK id="L2426" start="38" end="56" text="a dry stone desert"/><RELATION id="SR2319" trajector_id="T2426" landmark_id="L2426" spatial_indicator_id="S2426" general_type="" specific_type="" RCC8_value="" FoR=""/><LANDMARK id="L2427" start="21" end="34" text="a gravel road"/><SPATIALINDICATOR id="S2427" start="18" end="20" text="on"/><TRAJECTOR id="T2427" start="0" end="6" text="a jeep"/><RELATION id="SR2321" trajector_id="T2427" landmark_id="L2427" spatial_indicator_id="S2427" general_type="" specific_type="" RCC8_value="" FoR=""/></SENTENCE><SENTENCE id="s1202" start="52715" end="52796"><TEXT>there is a slope of black stones on the right and a dust cloud behind the car .</TEXT><SPATIALINDICATOR id="S2429" start="63" end="69" text="behind"/><TRAJECTOR id="T2429" start="50" end="62" text="a dust cloud"/><LANDMARK id="L2429" start="70" end="77" text="the car"/><RELATION id="SR2325" trajector_id="T2429" landmark_id="L2429" spatial_indicator_id="S2429" general_type="" specific_type="" RCC8_value="" FoR=""/><SPATIALINDICATOR id="S2430" start="33" end="45" text="on the right"/><TRAJECTOR id="T2430" start="9" end="32" text="a slope of black stones"/><LANDMARK id="L2430" start="-1" end="-1"/><RELATION id="SR2327" trajector_id="T2430" landmark_id="L2430" spatial_indicator_id="S2430" general_type="" specific_type="" RCC8_value="" FoR=""/></SENTENCE></SCENE>
    <SCENE>
        <DOCNO>annotations/01/1742.eng</DOCNO>
        <IMAGE>images/01/1742.jpg</IMAGE>
        <SENTENCE id="s1203" start="52796" end="52884"><TEXT>two llamas in front of a salt lagoon , with snow covered mountains in the background .</TEXT><SPATIALINDICATOR id="S2433" start="11" end="22" text="in front of"/><TRAJECTOR id="T2433" start="0" end="10" text="two llamas"/><LANDMARK id="L2433" start="23" end="36" text="a salt lagoon"/><RELATION id="SR2330" trajector_id="T2433" landmark_id="L2433" spatial_indicator_id="S2433" general_type="" specific_type="" RCC8_value="" FoR=""/><LANDMARK id="L2434" start="70" end="84" text="the background"/><SPATIALINDICATOR id="S2434" start="67" end="69" text="in"/><TRAJECTOR id="T2434" start="57" end="66" text="mountains"/><RELATION id="SR2332" trajector_id="T2434" landmark_id="L2434" spatial_indicator_id="S2434" general_type="" specific_type="" RCC8_value="" FoR=""/></SENTENCE></SCENE>
    <SCENE>
        <DOCNO>annotations/01/1744.eng</DOCNO>
        <IMAGE>images/01/1744.jpg</IMAGE>
        <SENTENCE id="s1204" start="52884" end="52944"><TEXT>Hot springs in the middle in a flat dry desert landscape .</TEXT><SPATIALINDICATOR id="S2439" start="26" end="28" text="in"/><TRAJECTOR id="T2439" start="15" end="25" text="the middle"/><LANDMARK id="L2439" start="31" end="56" text="flat dry desert landscape"/><RELATION id="SR2336" trajector_id="T2439" landmark_id="L2439" spatial_indicator_id="S2439" general_type="" specific_type="" RCC8_value="" FoR=""/><SPATIALINDICATOR id="S2440" start="12" end="14" text="in"/><TRAJECTOR id="T2440" start="0" end="11" text="Hot springs"/><LANDMARK id="L2440" start="15" end="25" text="the middle"/><RELATION id="SR2338" trajector_id="T2440" landmark_id="L2440" spatial_indicator_id="S2440" general_type="" specific_type="" RCC8_value="" FoR=""/></SENTENCE><SENTENCE id="s1205" start="52944" end="52989"><TEXT>a man in a natural pool in the foreground .</TEXT><SPATIALINDICATOR id="S2442" start="6" end="8" text="in"/><TRAJECTOR id="T2442" start="0" end="5" text="a man"/><LANDMARK id="L2442" start="9" end="23" text="a natural pool"/><RELATION id="SR2341" trajector_id="T2442" landmark_id="L2442" spatial_indicator_id="S2442" general_type="" specific_type="" RCC8_value="" FoR=""/><SPATIALINDICATOR id="S2443" start="24" end="26" text="in"/><TRAJECTOR id="T2443" start="9" end="23" text="a natural pool"/><LANDMARK id="L2443" start="27" end="41" text="the foreground"/><RELATION id="SR2343" trajector_id="T2443" landmark_id="L2443" spatial_indicator_id="S2443" general_type="" specific_type="" RCC8_value="" FoR=""/></SENTENCE><SENTENCE id="s1206" start="52989" end="53027"><TEXT>a mountain range in the background .</TEXT><SPATIALINDICATOR id="S2445" start="17" end="19" text="in"/><TRAJECTOR id="T2445" start="0" end="16" text="a mountain range"/><LANDMARK id="L2445" start="20" end="34" text="the background"/><RELATION id="SR2346" trajector_id="T2445" landmark_id="L2445" spatial_indicator_id="S2445" general_type="" specific_type="" RCC8_value="" FoR=""/></SENTENCE></SCENE>
    <SCENE>
        <DOCNO>annotations/01/1745.eng</DOCNO>
        <IMAGE>images/01/1745.jpg</IMAGE>
        <SENTENCE id="s1207" start="53027" end="53075"><TEXT>a lake with a snow covered volcano behind it .</TEXT><LANDMARK id="L2448" start="42" end="44" text="it"/><SPATIALINDICATOR id="S2448" start="35" end="41" text="behind"/><TRAJECTOR id="T2448" start="27" end="34" text="volcano"/><RELATION id="SR2349" trajector_id="T2448" landmark_id="L2448" spatial_indicator_id="S2448" general_type="" specific_type="" RCC8_value="" FoR=""/></SENTENCE></SCENE>
    <SCENE>
        <DOCNO>annotations/01/1746.eng</DOCNO>
        <IMAGE>images/01/1746.jpg</IMAGE>
        <SENTENCE id="s1208" start="53075" end="53184"><TEXT>two children on a bench , the one on the left with a pink hood , the on on the right wearing a brown vest .</TEXT><SPATIALINDICATOR id="S2451" start="13" end="15" text="on"/><TRAJECTOR id="T2451" start="0" end="12" text="two children"/><LANDMARK id="L2451" start="16" end="23" text="a bench"/><RELATION id="SR2353" trajector_id="T2451" landmark_id="L2451" spatial_indicator_id="S2451" general_type="" specific_type="" RCC8_value="" FoR=""/><SPATIALINDICATOR id="S2452" start="34" end="45" text="on the left"/><TRAJECTOR id="T2452" start="16" end="23" text="a bench"/><LANDMARK id="L2452" start="-1" end="-1"/><RELATION id="SR2355" trajector_id="T2452" landmark_id="L2452" spatial_indicator_id="S2452" general_type="" specific_type="" RCC8_value="" FoR=""/></SENTENCE></SCENE>
    <SCENE>
        <DOCNO>annotations/01/1747.eng</DOCNO>
        <IMAGE>images/01/1747.jpg</IMAGE>
        <SENTENCE id="s1209" start="53184" end="53244"><TEXT>locals are sitting on the street and are receiving bread .</TEXT><LANDMARK id="L2455" start="22" end="32" text="the street"/><SPATIALINDICATOR id="S2455" start="19" end="21" text="on"/><TRAJECTOR id="T2455" start="0" end="6" text="locals"/><RELATION id="SR2358" trajector_id="T2455" landmark_id="L2455" spatial_indicator_id="S2455" general_type="" specific_type="" RCC8_value="" FoR=""/></SENTENCE></SCENE>
    <SCENE>
        <DOCNO>annotations/01/1749.eng</DOCNO>
        <IMAGE>images/01/1749.jpg</IMAGE>
        <SENTENCE id="s1210" start="53244" end="53310"><TEXT>a woman is feeding a man , another man is sitting next to them .</TEXT><LANDMARK id="L2459" start="58" end="62" text="them"/><SPATIALINDICATOR id="S2459" start="50" end="57" text="next to"/><TRAJECTOR id="T2459" start="0" end="7" text="a woman"/><RELATION id="SR2362" trajector_id="T2459" landmark_id="L2459" spatial_indicator_id="S2459" general_type="" specific_type="" RCC8_value="" FoR=""/></SENTENCE><SENTENCE id="s1211" start="53310" end="53365"><TEXT>there are pallets and a grey wall in the background .</TEXT><SPATIALINDICATOR id="S2461" start="34" end="36" text="in"/><TRAJECTOR id="T2461" start="22" end="33" text="a grey wall"/><TRAJECTOR id="T2462" start="10" end="17" text="pallets"/><LANDMARK id="L2463" start="37" end="51" text="the background"/><RELATION id="SR2366" trajector_id="T2461" landmark_id="L2463" spatial_indicator_id="S2461" general_type="" specific_type="" RCC8_value="" FoR=""/><RELATION id="SR2367" trajector_id="T2462" landmark_id="L2463" spatial_indicator_id="S2461" general_type="" specific_type="" RCC8_value="" FoR=""/></SENTENCE></SCENE>
    <SCENE>
        <DOCNO>annotations/01/1751.eng</DOCNO>
        <IMAGE>images/01/1751.jpg</IMAGE>
        <SENTENCE id="s1212" start="53365" end="53418"><TEXT>a tourist with three children in front of a fence .</TEXT><SPATIALINDICATOR id="S2467" start="30" end="41" text="in front of"/><TRAJECTOR id="T2467" start="15" end="29" text="three children"/><TRAJECTOR id="T2468" start="0" end="9" text="a tourist"/><LANDMARK id="L2469" start="42" end="49" text="a fence"/><RELATION id="SR2370" trajector_id="T2467" landmark_id="L2469" spatial_indicator_id="S2467" general_type="" specific_type="" RCC8_value="" FoR=""/><RELATION id="SR2371" trajector_id="T2468" landmark_id="L2469" spatial_indicator_id="S2467" general_type="" specific_type="" RCC8_value="" FoR=""/></SENTENCE><SENTENCE id="s1213" start="53418" end="53549"><TEXT>one child is carrying shoe-cleaning equipment , the one on the left is holding a cup , the other one is hanging on to the fence .</TEXT></SENTENCE></SCENE>
</SpRL>
